{
  "syntax_ok": true,
  "syntax_error": null,
  "line_count": 96,
  "function_count": 14,
  "class_count": 1,
  "avg_function_length": 4.071428571428571,
  "max_function_length": 9,
  "todo_count": 0,
  "complexity": 4,
  "linters": {
    "pylint": {
      "available": true,
      "issue_count": 5,
      "exit_code": 2,
      "output": "************* Module attempt_1.test_src\nattempt_1.test_src.py:4:0: E0401: Unable to import 'django.http' (import-error)\nattempt_1.test_src.py:5:0: E0401: Unable to import 'django.test' (import-error)\nattempt_1.test_src.py:6:0: E0401: Unable to import 'django.utils.http' (import-error)\nattempt_1.test_src.py:7:0: E0401: Unable to import 'django.utils.translation' (import-error)\nattempt_1.test_src.py:9:0: E0401: Unable to import 'django.views.static' (import-error)\n"
    },
    "mypy": {
      "available": true,
      "issue_count": 20,
      "exit_code": 1,
      "output": "attempt_1.test_src.py:4: error: Cannot find implementation or library stub for module named \"django.http\"\nattempt_1.test_src.py:5: error: Cannot find implementation or library stub for module named \"django.test\"\nattempt_1.test_src.py:6: error: Cannot find implementation or library stub for module named \"django.utils.http\"\nattempt_1.test_src.py:6: note: See https://mypy.readthedocs.io/en/stable/running_mypy.html#missing-imports\nattempt_1.test_src.py:7: error: Cannot find implementation or library stub for module named \"django.utils.translation\"\nattempt_1.test_src.py:9: error: Cannot find implementation or library stub for module named \"django.views.static\"\nattempt_1.test_src.py:11: error: Class cannot subclass \"SimpleTestCase\" (has type \"Any\")\nattempt_1.test_src.py:13: error: Function is missing a return type annotation\nattempt_1.test_src.py:13: note: Use \"-> None\" if function does not return a value\nattempt_1.test_src.py:24: error: Function is missing a return type annotation\nattempt_1.test_src.py:24: note: Use \"-> None\" if function does not return a value\nattempt_1.test_src.py:27: error: Function is missing a return type annotation\nattempt_1.test_src.py:27: note: Use \"-> None\" if function does not return a value\nattempt_1.test_src.py:34: error: Function is missing a return type annotation\nattempt_1.test_src.py:34: note: Use \"-> None\" if function does not return a value\nattempt_1.test_src.py:38: error: Function is missing a return type annotation\nattempt_1.test_src.py:38: note: Use \"-> None\" if function does not return a value\nattempt_1.test_src.py:43: error: Function is missing a return type annotation\nattempt_1.test_src.py:43: note: Use \"-> None\" if function does not return a value\nattempt_1.test_src.py:47: error: Function is missing a return type annotation\nattempt_1.test_src.py:47: note: Use \"-> None\" if function does not return a value\nattempt_1.test_src.py:57: error: Function is missing a return type annotation\nattempt_1.test_src.py:57: note: Use \"-> None\" if function does not return a value\nattempt_1.test_src.py:62: error: Function is missing a return type annotation\nattempt_1.test_src.py:62: note: Use \"-> None\" if function does not return a value\nattempt_1.test_src.py:68: error: Function is missing a return type annotation\nattempt_1.test_src.py:68: note: Use \"-> None\" if function does not return a value\nattempt_1.test_src.py:74: error: Function is missing a return type annotation\nattempt_1.test_src.py:74: note: Use \"-> None\" if function does not return a value\nattempt_1.test_src.py:82: error: Function is missing a return type annotation\nattempt_1.test_src.py:82: note: Use \"-> None\" if function does not return a value\nattempt_1.test_src.py:90: error: Function is missing a return type annotation\nattempt_1.test_src.py:90: note: Use \"-> None\" if function does not return a value\nattempt_1.test_src.py:94: error: Function is missing a return type annotation\nattempt_1.test_src.py:94: note: Use \"-> None\" if function does not return a value\nFound 20 errors in 1 file (checked 1 source file)\n"
    }
  }
}