{
  "code_file": "django/views/static.py",
  "coverage": 50.79365079365079,
  "coverageDetails": {},
  "executionTime": 0.0,
  "exitCode": -1,
  "instance_id": "django__django-15498",
  "log_path": "/Users/deepaksaipendyala/Documents/Fall25/GAI4SE/Project.nosync/CSC591-GenerativeAIforSE_TestgenEval-runner-rewrite/src/runner/results/068788ae-98cc-4483-a54c-2d4fb3d4cbec/django__django/4.1/logs/django__django-15498-90.custom-runner.full.eval.log",
  "mutation_num": 69.0,
  "mutation_score": 39.13,
  "mutation_uncertainty": 0.0,
  "repoPath": "/dev/null",
  "status": "success",
  "stderr": "",
  "stdout": "[django__django__4.1] [django__django-15498] Task Metadata:\n\t- Instance ID: django__django-15498\n\t- Testbed: django__django__4.1\n\t- Evaluation Model: custom-runner\n\t- Python version: Python 3.9.19\n \n[django__django__4.1] [django__django-15498] Command: git config --global --add safe.directory /opt/django__django \n[django__django__4.1] [django__django-15498] Subprocess args: {\"cwd\": \"/opt/django__django\", \"check\": true, \"shell\": false, \"universal_newlines\": true, \"stdout\": -1, \"stderr\": -2} \n[django__django__4.1] [django__django-15498] Std. Output:\n \n[django__django__4.1] [django__django-15498] Return Code: 0 \n[django__django__4.1] [django__django-15498] Command: git -c advice.detachedHead=false checkout d90e34c61b27fba2527834806639eebbcfab9631 \n[django__django__4.1] [django__django-15498] Subprocess args: {\"cwd\": \"/opt/django__django\", \"check\": true, \"shell\": false, \"universal_newlines\": true, \"stdout\": -1, \"stderr\": -2} \n[django__django__4.1] [django__django-15498] Std. Output:\nPrevious HEAD position was 647480166b Refs #33685 -- Doc'd that using PostgreSQL's service names for testing purposes is not supported.\nHEAD is now at d90e34c61b Fixed #33561 -- Allowed synchronization of user attributes in RemoteUserBackend.\n \n[django__django__4.1] [django__django-15498] Return Code: 0 \n[django__django__4.1] [django__django-15498] Command: git diff > /opt/temp_django__django-15498_gold_init.patch \n[django__django__4.1] [django__django-15498] Subprocess args: {\"cwd\": \"/opt/django__django\", \"check\": true, \"shell\": true, \"universal_newlines\": true, \"stdout\": -1, \"stderr\": -2} \n[django__django__4.1] [django__django-15498] Std. Output:\n \n[django__django__4.1] [django__django-15498] Return Code: 0 \n[django__django__4.1] [django__django-15498] Command: git apply -v /opt/temp_django__django-15498_gold.patch \n[django__django__4.1] [django__django-15498] Subprocess args: {\"cwd\": \"/opt/django__django\", \"check\": false, \"shell\": false, \"universal_newlines\": true, \"stdout\": -1, \"stderr\": -2} \n[django__django__4.1] [django__django-15498] Std. Output:\nChecking patch django/views/static.py...\nApplied patch django/views/static.py cleanly.\n \n[django__django__4.1] [django__django-15498] Return Code: 0 \n[django__django__4.1] [django__django-15498] Apply patch successful (gold) \n>>>>> Applied Patch (gold)\n[django__django__4.1] [django__django-15498] Command: git diff > /opt/temp_django__django-15498_test_init.patch \n[django__django__4.1] [django__django-15498] Subprocess args: {\"cwd\": \"/opt/django__django\", \"check\": true, \"shell\": true, \"universal_newlines\": true, \"stdout\": -1, \"stderr\": -2} \n[django__django__4.1] [django__django-15498] Std. Output:\n \n[django__django__4.1] [django__django-15498] Return Code: 0 \n[django__django__4.1] [django__django-15498] Command: git restore tests/view_tests/tests/test_static.py \n[django__django__4.1] [django__django-15498] Subprocess args: {\"cwd\": \"/opt/django__django\", \"check\": true, \"shell\": false, \"universal_newlines\": true, \"stdout\": -1, \"stderr\": -2} \n[django__django__4.1] [django__django-15498] Std. Output:\n \n[django__django__4.1] [django__django-15498] Return Code: 0 \n[django__django__4.1] [django__django-15498] Command: git apply -v /opt/temp_django__django-15498_test.patch \n[django__django__4.1] [django__django-15498] Subprocess args: {\"cwd\": \"/opt/django__django\", \"check\": false, \"shell\": false, \"universal_newlines\": true, \"stdout\": -1, \"stderr\": -2} \n[django__django__4.1] [django__django-15498] Std. Output:\nChecking patch tests/view_tests/tests/test_static.py...\nApplied patch tests/view_tests/tests/test_static.py cleanly.\n \n[django__django__4.1] [django__django-15498] Return Code: 0 \n[django__django__4.1] [django__django-15498] Apply patch successful (test) \n>>>>> Applied Patch (test)\n[django__django__4.1] [django__django-15498] Command: coverage run ./tests/runtests.py --verbosity 2 view_tests.tests.test_static \n[django__django__4.1] [django__django-15498] Subprocess args: {\"cwd\": \"/opt/django__django\", \"check\": false, \"shell\": false, \"universal_newlines\": true, \"stdout\": -1, \"stderr\": -2, \"timeout\": 300} \n[django__django__4.1] [django__django-15498] Std. Output:\ntest_serve_valid_file (view_tests.tests.test_static.StaticFileServeTests) ... ERROR\n\n======================================================================\nERROR: test_serve_valid_file (view_tests.tests.test_static.StaticFileServeTests)\n----------------------------------------------------------------------\nTraceback (most recent call last):\n  File \"/opt/django__django/tests/view_tests/tests/test_static.py\", line 30, in test_serve_valid_file\n    response = serve(None, \"test_file.txt\", document_root=self.document_root)\n  File \"/opt/django__django/django/views/static.py\", line 45, in serve\n    request.META.get(\"HTTP_IF_MODIFIED_SINCE\"), statobj.st_mtime, statobj.st_size\nAttributeError: 'NoneType' object has no attribute 'META'\n\n----------------------------------------------------------------------\nRan 1 test in 0.001s\n\nFAILED (errors=1)\nTesting against Django installed in '/opt/django__django/django' with up to 10 processes\nImporting application view_tests\nFound 1 test(s).\nSkipping setup of unused database(s): default, other.\nSystem check identified no issues (0 silenced).\n \n[django__django__4.1] [django__django-15498] Return Code: 1 \n[django__django__4.1] [django__django-15498] TestsTime: 1.363293170928955 \n[django__django__4.1] [django__django-15498] Test script run successful \n[django__django__4.1] [django__django-15498] Removing coverage \n[django__django__4.1] [django__django-15498] Command: coverage run ./tests/runtests.py --verbosity 2 view_tests.tests.test_static \n[django__django__4.1] [django__django-15498] Subprocess args: {\"cwd\": \"/opt/django__django\", \"check\": false, \"shell\": false, \"universal_newlines\": true, \"stdout\": -1, \"stderr\": -2, \"timeout\": 300} \n[django__django__4.1] [django__django-15498] Std. Output:\ntest_serve_missing_file (view_tests.tests.test_static.StaticFileServeTests) ... ok\n\n----------------------------------------------------------------------\nRan 1 test in 0.001s\n\nOK\nTesting against Django installed in '/opt/django__django/django' with up to 10 processes\nImporting application view_tests\nFound 1 test(s).\nSkipping setup of unused database(s): default, other.\nSystem check identified no issues (0 silenced).\n \n[django__django__4.1] [django__django-15498] Return Code: 0 \n[django__django__4.1] [django__django-15498] TestsTime: 1.008772850036621 \n[django__django__4.1] [django__django-15498] Test script run successful \n[django__django__4.1] [django__django-15498] Removing coverage \n[django__django__4.1] [django__django-15498] Command: coverage run ./tests/runtests.py --verbosity 2 view_tests.tests.test_static \n[django__django__4.1] [django__django-15498] Subprocess args: {\"cwd\": \"/opt/django__django\", \"check\": false, \"shell\": false, \"universal_newlines\": true, \"stdout\": -1, \"stderr\": -2, \"timeout\": 300} \n[django__django__4.1] [django__django-15498] Std. Output:\ntest_serve_directory_with_show_indexes (view_tests.tests.test_static.StaticFileServeTests) ... ok\n\n----------------------------------------------------------------------\nRan 1 test in 0.008s\n\nOK\nTesting against Django installed in '/opt/django__django/django' with up to 10 processes\nImporting application view_tests\nFound 1 test(s).\nSkipping setup of unused database(s): default, other.\nSystem check identified no issues (0 silenced).\n \n[django__django__4.1] [django__django-15498] Return Code: 0 \n[django__django__4.1] [django__django-15498] TestsTime: 1.00730299949646 \n[django__django__4.1] [django__django-15498] Test script run successful \n[django__django__4.1] [django__django-15498] Removing coverage \n[django__django__4.1] [django__django-15498] Command: coverage run ./tests/runtests.py --verbosity 2 view_tests.tests.test_static \n[django__django__4.1] [django__django-15498] Subprocess args: {\"cwd\": \"/opt/django__django\", \"check\": false, \"shell\": false, \"universal_newlines\": true, \"stdout\": -1, \"stderr\": -2, \"timeout\": 300} \n[django__django__4.1] [django__django-15498] Std. Output:\ntest_serve_directory_without_show_indexes (view_tests.tests.test_static.StaticFileServeTests) ... ok\n\n----------------------------------------------------------------------\nRan 1 test in 0.001s\n\nOK\nTesting against Django installed in '/opt/django__django/django' with up to 10 processes\nImporting application view_tests\nFound 1 test(s).\nSkipping setup of unused database(s): default, other.\nSystem check identified no issues (0 silenced).\n \n[django__django__4.1] [django__django-15498] Return Code: 0 \n[django__django__4.1] [django__django-15498] TestsTime: 1.5530116558074951 \n[django__django__4.1] [django__django-15498] Test script run successful \n[django__django__4.1] [django__django-15498] Removing coverage \n[django__django__4.1] [django__django-15498] Command: coverage run ./tests/runtests.py --verbosity 2 view_tests.tests.test_static \n[django__django__4.1] [django__django-15498] Subprocess args: {\"cwd\": \"/opt/django__django\", \"check\": false, \"shell\": false, \"universal_newlines\": true, \"stdout\": -1, \"stderr\": -2, \"timeout\": 300} \n[django__django__4.1] [django__django-15498] Std. Output:\ntest_serve_if_modified_since (view_tests.tests.test_static.StaticFileServeTests) ... ERROR\n\n======================================================================\nERROR: test_serve_if_modified_since (view_tests.tests.test_static.StaticFileServeTests)\n----------------------------------------------------------------------\nTraceback (most recent call last):\n  File \"/opt/django__django/tests/view_tests/tests/test_static.py\", line 31, in test_serve_if_modified_since\n    response = serve(None, \"test_file.txt\", document_root=self.document_root)\n  File \"/opt/django__django/django/views/static.py\", line 45, in serve\n    request.META.get(\"HTTP_IF_MODIFIED_SINCE\"), statobj.st_mtime, statobj.st_size\nAttributeError: 'NoneType' object has no attribute 'META'\n\n----------------------------------------------------------------------\nRan 1 test in 0.002s\n\nFAILED (errors=1)\nTesting against Django installed in '/opt/django__django/django' with up to 10 processes\nImporting application view_tests\nFound 1 test(s).\nSkipping setup of unused database(s): default, other.\nSystem check identified no issues (0 silenced).\n \n[django__django__4.1] [django__django-15498] Return Code: 1 \n[django__django__4.1] [django__django-15498] TestsTime: 1.0254395008087158 \n[django__django__4.1] [django__django-15498] Test script run successful \n[django__django__4.1] [django__django-15498] Removing coverage \n[django__django__4.1] [django__django-15498] Command: coverage run ./tests/runtests.py --verbosity 2 view_tests.tests.test_static \n[django__django__4.1] [django__django-15498] Subprocess args: {\"cwd\": \"/opt/django__django\", \"check\": false, \"shell\": false, \"universal_newlines\": true, \"stdout\": -1, \"stderr\": -2, \"timeout\": 300} \n[django__django__4.1] [django__django-15498] Std. Output:\ntest_directory_index (view_tests.tests.test_static.StaticFileServeTests) ... ok\n\n----------------------------------------------------------------------\nRan 1 test in 0.005s\n\nOK\nTesting against Django installed in '/opt/django__django/django' with up to 10 processes\nImporting application view_tests\nFound 1 test(s).\nSkipping setup of unused database(s): default, other.\nSystem check identified no issues (0 silenced).\n \n[django__django__4.1] [django__django-15498] Return Code: 0 \n[django__django__4.1] [django__django-15498] TestsTime: 1.0233564376831055 \n[django__django__4.1] [django__django-15498] Test script run successful \n[django__django__4.1] [django__django-15498] Removing coverage \n[django__django__4.1] [django__django-15498] Command: coverage run ./tests/runtests.py --verbosity 2 view_tests.tests.test_static \n[django__django__4.1] [django__django-15498] Subprocess args: {\"cwd\": \"/opt/django__django\", \"check\": false, \"shell\": false, \"universal_newlines\": true, \"stdout\": -1, \"stderr\": -2, \"timeout\": 300} \n[django__django__4.1] [django__django-15498] Std. Output:\ntest_directory_index_template_not_exist (view_tests.tests.test_static.StaticFileServeTests) ... ok\n\n----------------------------------------------------------------------\nRan 1 test in 0.005s\n\nOK\nTesting against Django installed in '/opt/django__django/django' with up to 10 processes\nImporting application view_tests\nFound 1 test(s).\nSkipping setup of unused database(s): default, other.\nSystem check identified no issues (0 silenced).\n \n[django__django__4.1] [django__django-15498] Return Code: 0 \n[django__django__4.1] [django__django-15498] TestsTime: 1.0067598819732666 \n[django__django__4.1] [django__django-15498] Test script run successful \n[django__django__4.1] [django__django-15498] Removing coverage \n[django__django__4.1] [django__django-15498] Command: coverage run ./tests/runtests.py --verbosity 2 view_tests.tests.test_static \n[django__django__4.1] [django__django-15498] Subprocess args: {\"cwd\": \"/opt/django__django\", \"check\": false, \"shell\": false, \"universal_newlines\": true, \"stdout\": -1, \"stderr\": -2, \"timeout\": 300} \n[django__django__4.1] [django__django-15498] Std. Output:\ntest_was_modified_since (view_tests.tests.test_static.StaticFileServeTests) ... FAIL\n\n======================================================================\nFAIL: test_was_modified_since (view_tests.tests.test_static.StaticFileServeTests)\n----------------------------------------------------------------------\nTraceback (most recent call last):\n  File \"/opt/django__django/tests/view_tests/tests/test_static.py\", line 31, in test_was_modified_since\n    self.assertTrue(was_modified_since(\"Wed, 21 Oct 2015 07:28:00 GMT\", 0, 0))\nAssertionError: False is not true\n\n----------------------------------------------------------------------\nRan 1 test in 0.002s\n\nFAILED (failures=1)\nTesting against Django installed in '/opt/django__django/django' with up to 10 processes\nImporting application view_tests\nFound 1 test(s).\nSkipping setup of unused database(s): default, other.\nSystem check identified no issues (0 silenced).\n \n[django__django__4.1] [django__django-15498] Return Code: 1 \n[django__django__4.1] [django__django-15498] TestsTime: 1.0261485576629639 \n[django__django__4.1] [django__django-15498] Test script run successful \n[django__django__4.1] [django__django-15498] Removing coverage \n[django__django__4.1] [django__django-15498] Command: coverage run ./tests/runtests.py --verbosity 2 view_tests.tests.test_static \n[django__django__4.1] [django__django-15498] Subprocess args: {\"cwd\": \"/opt/django__django\", \"check\": false, \"shell\": false, \"universal_newlines\": true, \"stdout\": -1, \"stderr\": -2, \"timeout\": 300} \n[django__django__4.1] [django__django-15498] Std. Output:\ntest_serve_empty_file (view_tests.tests.test_static.StaticFileServeTests) ... ERROR\n\n======================================================================\nERROR: test_serve_empty_file (view_tests.tests.test_static.StaticFileServeTests)\n----------------------------------------------------------------------\nTraceback (most recent call last):\n  File \"/opt/django__django/tests/view_tests/tests/test_static.py\", line 32, in test_serve_empty_file\n    response = serve(None, \"empty_file.txt\", document_root=self.document_root)\n  File \"/opt/django__django/django/views/static.py\", line 45, in serve\n    request.META.get(\"HTTP_IF_MODIFIED_SINCE\"), statobj.st_mtime, statobj.st_size\nAttributeError: 'NoneType' object has no attribute 'META'\n\n----------------------------------------------------------------------\nRan 1 test in 0.001s\n\nFAILED (errors=1)\nTesting against Django installed in '/opt/django__django/django' with up to 10 processes\nImporting application view_tests\nFound 1 test(s).\nSkipping setup of unused database(s): default, other.\nSystem check identified no issues (0 silenced).\n \n[django__django__4.1] [django__django-15498] Return Code: 1 \n[django__django__4.1] [django__django-15498] TestsTime: 1.0609996318817139 \n[django__django__4.1] [django__django-15498] Test script run successful \n[django__django__4.1] [django__django-15498] Removing coverage \n[django__django__4.1] [django__django-15498] Command: coverage run ./tests/runtests.py --verbosity 2 view_tests.tests.test_static \n[django__django__4.1] [django__django-15498] Subprocess args: {\"cwd\": \"/opt/django__django\", \"check\": false, \"shell\": false, \"universal_newlines\": true, \"stdout\": -1, \"stderr\": -2, \"timeout\": 300} \n[django__django__4.1] [django__django-15498] Std. Output:\ntest_serve_invalid_file_type (view_tests.tests.test_static.StaticFileServeTests) ... ERROR\n\n======================================================================\nERROR: test_serve_invalid_file_type (view_tests.tests.test_static.StaticFileServeTests)\n----------------------------------------------------------------------\nTraceback (most recent call last):\n  File \"/opt/django__django/tests/view_tests/tests/test_static.py\", line 32, in test_serve_invalid_file_type\n    response = serve(None, \"invalid_file.xyz\", document_root=self.document_root)\n  File \"/opt/django__django/django/views/static.py\", line 45, in serve\n    request.META.get(\"HTTP_IF_MODIFIED_SINCE\"), statobj.st_mtime, statobj.st_size\nAttributeError: 'NoneType' object has no attribute 'META'\n\n----------------------------------------------------------------------\nRan 1 test in 0.001s\n\nFAILED (errors=1)\nTesting against Django installed in '/opt/django__django/django' with up to 10 processes\nImporting application view_tests\nFound 1 test(s).\nSkipping setup of unused database(s): default, other.\nSystem check identified no issues (0 silenced).\n \n[django__django__4.1] [django__django-15498] Return Code: 1 \n[django__django__4.1] [django__django-15498] TestsTime: 1.0068635940551758 \n[django__django__4.1] [django__django-15498] Test script run successful \n[django__django__4.1] [django__django-15498] Removing coverage \n[django__django__4.1] [django__django-15498] Command: coverage run ./tests/runtests.py --verbosity 2 view_tests.tests.test_static \n[django__django__4.1] [django__django-15498] Subprocess args: {\"cwd\": \"/opt/django__django\", \"check\": false, \"shell\": false, \"universal_newlines\": true, \"stdout\": -1, \"stderr\": -2, \"timeout\": 300} \n[django__django__4.1] [django__django-15498] Std. Output:\ntest_serve_none_file (view_tests.tests.test_static.StaticFileServeTests) ... ERROR\n\n======================================================================\nERROR: test_serve_none_file (view_tests.tests.test_static.StaticFileServeTests)\n----------------------------------------------------------------------\nTraceback (most recent call last):\n  File \"/opt/django__django/tests/view_tests/tests/test_static.py\", line 31, in test_serve_none_file\n    serve(None, None, document_root=self.document_root)\n  File \"/opt/django__django/django/views/static.py\", line 34, in serve\n    path = posixpath.normpath(path).lstrip(\"/\")\n  File \"/opt/pyenv/versions/3.9.19/lib/python3.9/posixpath.py\", line 336, in normpath\n    path = os.fspath(path)\nTypeError: expected str, bytes or os.PathLike object, not NoneType\n\n----------------------------------------------------------------------\nRan 1 test in 0.002s\n\nFAILED (errors=1)\nTesting against Django installed in '/opt/django__django/django' with up to 10 processes\nImporting application view_tests\nFound 1 test(s).\nSkipping setup of unused database(s): default, other.\nSystem check identified no issues (0 silenced).\n \n[django__django__4.1] [django__django-15498] Return Code: 1 \n[django__django__4.1] [django__django-15498] TestsTime: 1.0123507976531982 \n[django__django__4.1] [django__django-15498] Test script run successful \n[django__django__4.1] [django__django-15498] Removing coverage \n[django__django__4.1] [django__django-15498] Command: coverage run ./tests/runtests.py --verbosity 2 view_tests.tests.test_static \n[django__django__4.1] [django__django-15498] Subprocess args: {\"cwd\": \"/opt/django__django\", \"check\": false, \"shell\": false, \"universal_newlines\": true, \"stdout\": -1, \"stderr\": -2, \"timeout\": 300} \n[django__django__4.1] [django__django-15498] Std. Output:\ntest_was_modified_since_invalid_date (view_tests.tests.test_static.StaticFileServeTests) ... FAIL\n\n======================================================================\nFAIL: test_was_modified_since_invalid_date (view_tests.tests.test_static.StaticFileServeTests)\n----------------------------------------------------------------------\nTraceback (most recent call last):\n  File \"/opt/django__django/tests/view_tests/tests/test_static.py\", line 31, in test_was_modified_since_invalid_date\n    was_modified_since(\"invalid_date\", 0, 0)\nAssertionError: ValueError not raised\n\n----------------------------------------------------------------------\nRan 1 test in 0.003s\n\nFAILED (failures=1)\nTesting against Django installed in '/opt/django__django/django' with up to 10 processes\nImporting application view_tests\nFound 1 test(s).\nSkipping setup of unused database(s): default, other.\nSystem check identified no issues (0 silenced).\n \n[django__django__4.1] [django__django-15498] Return Code: 1 \n[django__django__4.1] [django__django-15498] TestsTime: 1.0189051628112793 \n[django__django__4.1] [django__django-15498] Test script run successful \n[django__django__4.1] [django__django-15498] Removing coverage \n[django__django__4.1] [django__django-15498] >>>>> Tests configfull pred\n \n[django__django__4.1] [django__django-15498] Test Script:  coverage run ./tests/runtests.py --verbosity 2 view_tests.tests.test_static;\n \n[django__django__4.1] [django__django-15498] Command: coverage run ./tests/runtests.py --verbosity 2 view_tests.tests.test_static \n[django__django__4.1] [django__django-15498] Subprocess args: {\"cwd\": \"/opt/django__django\", \"check\": false, \"shell\": false, \"universal_newlines\": true, \"stdout\": -1, \"stderr\": -2, \"timeout\": 300} \n[django__django__4.1] [django__django-15498] Std. Output:\ntest_directory_index (view_tests.tests.test_static.StaticFileServeTests) ... ok\ntest_directory_index_template_not_exist (view_tests.tests.test_static.StaticFileServeTests) ... ok\ntest_serve_directory_with_show_indexes (view_tests.tests.test_static.StaticFileServeTests) ... ok\ntest_serve_directory_without_show_indexes (view_tests.tests.test_static.StaticFileServeTests) ... ok\ntest_serve_missing_file (view_tests.tests.test_static.StaticFileServeTests) ... ok\n\n----------------------------------------------------------------------\nRan 5 tests in 0.009s\n\nOK\nTesting against Django installed in '/opt/django__django/django' with up to 10 processes\nImporting application view_tests\nFound 5 test(s).\nSkipping setup of unused database(s): default, other.\nSystem check identified no issues (0 silenced).\n \n[django__django__4.1] [django__django-15498] Return Code: 0 \n[django__django__4.1] [django__django-15498] TestsTime: 1.0158395767211914 \n[django__django__4.1] [django__django-15498] \n>>>>> All Tests Passed\n \n[django__django__4.1] [django__django-15498] Current Working Directory: /opt/django__django \n[django__django__4.1] [django__django-15498] Command: coverage json -o coverage.json \n[django__django__4.1] [django__django-15498] Subprocess args: {\"cwd\": \"/opt/django__django\", \"check\": false, \"shell\": false, \"universal_newlines\": true, \"stdout\": -1, \"stderr\": -2} \n[django__django__4.1] [django__django-15498] Std. Output:\nWrote JSON report to coverage.json\n \n[django__django__4.1] [django__django-15498] Return Code: 0 \n[django__django__4.1] [django__django-15498] \nCoverageLOG: 50.79365079365079%\n \n[django__django__4.1] [django__django-15498] Running mutation testing \n[django__django__4.1] [django__django-15498] Command: cosmic-ray init mutation.toml mutation.sqlite \n[django__django__4.1] [django__django-15498] Subprocess args: {\"cwd\": \"/opt/django__django\", \"check\": false, \"shell\": false, \"universal_newlines\": true, \"stdout\": -1, \"stderr\": -2, \"timeout\": 300} \n[django__django__4.1] [django__django-15498] Std. Output:\n \n[django__django__4.1] [django__django-15498] Return Code: 0 \n[django__django__4.1] [django__django-15498] Command: cosmic-ray exec mutation.toml mutation.sqlite \n[django__django__4.1] [django__django-15498] Subprocess args: {\"cwd\": \"/opt/django__django\", \"check\": false, \"shell\": false, \"universal_newlines\": true, \"stdout\": -1, \"stderr\": -2, \"timeout\": 3600} \n[django__django__4.1] [django__django-15498] Std. Output:\n \n[django__django__4.1] [django__django-15498] Return Code: 0 \n[django__django__4.1] [django__django-15498] Command: cr-rate mutation.sqlite --estimate --confidence 95.0 \n[django__django__4.1] [django__django-15498] Subprocess args: {\"cwd\": \"/opt/django__django\", \"check\": false, \"shell\": false, \"universal_newlines\": true, \"stdout\": -1, \"stderr\": -2} \n[django__django__4.1] [django__django-15498] Std. Output:\n60.87 60.87 60.87\n \n[django__django__4.1] [django__django-15498] Return Code: 0 \n[django__django__4.1] [django__django-15498] Command: cr-report mutation.sqlite \n[django__django__4.1] [django__django-15498] Subprocess args: {\"cwd\": \"/opt/django__django\", \"check\": false, \"shell\": false, \"universal_newlines\": true, \"stdout\": -1, \"stderr\": -2} \n[django__django__4.1] [django__django-15498] Std. Output:\n[job-id] e03e8353b3134b7f8475d113dbb52be7\ndjango/views/static.py core/ReplaceBinaryOperator_Add_Sub 0\nworker outcome: normal, test outcome: killed\n[job-id] 0f2a4a3f16034e758007abe161e4902f\ndjango/views/static.py core/ReplaceBinaryOperator_Add_Mul 0\nworker outcome: normal, test outcome: killed\n[job-id] cec5a6da555b4efe8a4d9f42a79b7d4c\ndjango/views/static.py core/ReplaceBinaryOperator_Add_Div 0\nworker outcome: normal, test outcome: killed\n[job-id] e5467bf6a0fa4429a7d82276cccd7719\ndjango/views/static.py core/ReplaceBinaryOperator_Add_FloorDiv 0\nworker outcome: normal, test outcome: killed\n[job-id] ca8e719224d4415eb3d2f28f9d7f0ecc\ndjango/views/static.py core/ReplaceBinaryOperator_Add_Mod 0\nworker outcome: normal, test outcome: killed\n[job-id] c29b00efa1e6414fa339a7af791f9eba\ndjango/views/static.py core/ReplaceBinaryOperator_Add_Pow 0\nworker outcome: normal, test outcome: killed\n[job-id] 83b48ac9ac8d4660ad2626080eb82809\ndjango/views/static.py core/ReplaceBinaryOperator_Add_RShift 0\nworker outcome: normal, test outcome: killed\n[job-id] 98e61198ab8f4e06a645f19e9a236303\ndjango/views/static.py core/ReplaceBinaryOperator_Add_LShift 0\nworker outcome: normal, test outcome: killed\n[job-id] 85e53ccc28154615af023bf7b6f2d62d\ndjango/views/static.py core/ReplaceBinaryOperator_Add_BitOr 0\nworker outcome: normal, test outcome: killed\n[job-id] 3fbba96760304cbbbfaf4f3fa6cdc5cc\ndjango/views/static.py core/ReplaceBinaryOperator_Add_BitAnd 0\nworker outcome: normal, test outcome: killed\n[job-id] 5c4f9cdcc90742e98cf751d72c72d6f5\ndjango/views/static.py core/ReplaceBinaryOperator_Add_BitXor 0\nworker outcome: normal, test outcome: killed\n[job-id] 85a6b26ca8584281be7b7f6cbcba8c74\ndjango/views/static.py core/ReplaceBinaryOperator_Mod_Add 0\nworker outcome: normal, test outcome: killed\n[job-id] d63e8763206c457eb687d19c3a4776e7\ndjango/views/static.py core/ReplaceBinaryOperator_Mod_Sub 0\nworker outcome: normal, test outcome: killed\n[job-id] 13ef8bddcb744745a39787b27ee95ad0\ndjango/views/static.py core/ReplaceBinaryOperator_Mod_Mul 0\nworker outcome: normal, test outcome: killed\n[job-id] 3ba04e1d0b6648728780c48e871442f6\ndjango/views/static.py core/ReplaceBinaryOperator_Mod_Div 0\nworker outcome: normal, test outcome: killed\n[job-id] c3ee93ace76c40348760e4b3ced1706f\ndjango/views/static.py core/ReplaceBinaryOperator_Mod_FloorDiv 0\nworker outcome: normal, test outcome: killed\n[job-id] 25338dcbd46c441c8685e81d2f8a18cb\ndjango/views/static.py core/ReplaceBinaryOperator_Mod_Pow 0\nworker outcome: normal, test outcome: killed\n[job-id] 644b8a0e4d124ce1a3c38fc45a432008\ndjango/views/static.py core/ReplaceBinaryOperator_Mod_RShift 0\nworker outcome: normal, test outcome: killed\n[job-id] 408023b80ec54552bde03e0552410189\ndjango/views/static.py core/ReplaceBinaryOperator_Mod_LShift 0\nworker outcome: normal, test outcome: killed\n[job-id] 413f5c7623ee46eaaebd33834291b39d\ndjango/views/static.py core/ReplaceBinaryOperator_Mod_BitOr 0\nworker outcome: normal, test outcome: killed\n[job-id] af2aa589499a4764848a26b2d78ed96f\ndjango/views/static.py core/ReplaceBinaryOperator_Mod_BitAnd 0\nworker outcome: normal, test outcome: killed\n[job-id] 31127937e6d74ffe9da2bfae9c535158\ndjango/views/static.py core/ReplaceBinaryOperator_Mod_BitXor 0\nworker outcome: normal, test outcome: killed\n[job-id] fdfe5dc3db2c471e8f6665e88812f4ad\ndjango/views/static.py core/ReplaceComparisonOperator_NotEq_Eq 0\nworker outcome: normal, test outcome: survived\n[job-id] e661ad0d1e1b4d7a90fc368ad641f161\ndjango/views/static.py core/ReplaceComparisonOperator_NotEq_Lt 0\nworker outcome: normal, test outcome: survived\n[job-id] c2652438f50c4eee8dd36218c621d474\ndjango/views/static.py core/ReplaceComparisonOperator_NotEq_LtE 0\nworker outcome: normal, test outcome: survived\n[job-id] d7101cc974404feebd63621f45bbb8a2\ndjango/views/static.py core/ReplaceComparisonOperator_NotEq_Gt 0\nworker outcome: normal, test outcome: survived\n[job-id] c9224b6a061c4746b1c0d55a635ba3c7\ndjango/views/static.py core/ReplaceComparisonOperator_NotEq_GtE 0\nworker outcome: normal, test outcome: survived\n[job-id] 6a3f732b0fb74e0987ac941acc2136a1\ndjango/views/static.py core/ReplaceComparisonOperator_NotEq_Is 0\nworker outcome: normal, test outcome: survived\n[job-id] 2b826a95e80d49e993db948bf0216231\ndjango/views/static.py core/ReplaceComparisonOperator_NotEq_IsNot 0\nworker outcome: normal, test outcome: survived\n[job-id] fbf91940bc064101a91e0f68ee2306b0\ndjango/views/static.py core/ReplaceComparisonOperator_Gt_Eq 0\nworker outcome: normal, test outcome: survived\n[job-id] 4132ef10d48c44e1bf529ebe92207a4a\ndjango/views/static.py core/ReplaceComparisonOperator_Gt_NotEq 0\nworker outcome: normal, test outcome: survived\n[job-id] b762a5ec178648b1889a4f0940da0f35\ndjango/views/static.py core/ReplaceComparisonOperator_Gt_Lt 0\nworker outcome: normal, test outcome: survived\n[job-id] 7823efd1b8d84628a70649ca0ef7a852\ndjango/views/static.py core/ReplaceComparisonOperator_Gt_LtE 0\nworker outcome: normal, test outcome: survived\n[job-id] 9f4dc5402cb449dbb1c0dd2b92a628c2\ndjango/views/static.py core/ReplaceComparisonOperator_Gt_GtE 0\nworker outcome: normal, test outcome: survived\n[job-id] 0ea797c42f3043b6ab7381ebb356f06d\ndjango/views/static.py core/ReplaceComparisonOperator_Gt_Is 0\nworker outcome: normal, test outcome: survived\n[job-id] 3e1a536b10b94d00aa681820495a4498\ndjango/views/static.py core/ReplaceComparisonOperator_Gt_IsNot 0\nworker outcome: normal, test outcome: survived\n[job-id] a723081105dd428a841a8a0070bd5df8\ndjango/views/static.py core/ReplaceComparisonOperator_Is_IsNot 0\nworker outcome: normal, test outcome: survived\n[job-id] 81a67af65078435c80a2c1fbf9e7589a\ndjango/views/static.py core/ReplaceComparisonOperator_Is_IsNot 1\nworker outcome: normal, test outcome: survived\n[job-id] 80210a9e7ca34c019c33da8c6583bfbe\ndjango/views/static.py core/ReplaceUnaryOperator_Delete_Not 0\nworker outcome: normal, test outcome: killed\n[job-id] 2f07169731664a908fcb7167e213a9d1\ndjango/views/static.py core/ReplaceUnaryOperator_Delete_Not 1\nworker outcome: normal, test outcome: survived\n[job-id] 5c96c819d4474420aa40e9391f3b12d0\ndjango/views/static.py core/ReplaceUnaryOperator_Delete_Not 2\nworker outcome: normal, test outcome: survived\n[job-id] 86b9d40e12604f32887d7e846c843f60\ndjango/views/static.py core/AddNot 0\nworker outcome: normal, test outcome: killed\n[job-id] d6d27a6b076e4859bcfd48c5b58c0796\ndjango/views/static.py core/AddNot 1\nworker outcome: normal, test outcome: killed\n[job-id] 652fd9d1a8724cd2b93f9b83cf9d4fd0\ndjango/views/static.py core/AddNot 2\nworker outcome: normal, test outcome: killed\n[job-id] 76f63ef51ab14bdd85ae4e50a9fc53e7\ndjango/views/static.py core/AddNot 3\nworker outcome: normal, test outcome: survived\n[job-id] b165859a52c14f22b430e8be1fa2dd65\ndjango/views/static.py core/AddNot 4\nworker outcome: normal, test outcome: survived\n[job-id] 3481bfbb45b04462953bff03e11b650a\ndjango/views/static.py core/AddNot 5\nworker outcome: normal, test outcome: survived\n[job-id] f15bc62313e5410d980428ea535958b9\ndjango/views/static.py core/AddNot 6\nworker outcome: normal, test outcome: survived\n[job-id] b3b9494a3c4d468ba3d03476ccdcd4ec\ndjango/views/static.py core/AddNot 7\nworker outcome: normal, test outcome: survived\n[job-id] edf77c24dc324072916f70047ef4fd49\ndjango/views/static.py core/AddNot 8\nworker outcome: normal, test outcome: survived\n[job-id] 6375d0bf193c4a2e8ecab50eeb0e2e1c\ndjango/views/static.py core/AddNot 9\nworker outcome: normal, test outcome: survived\n[job-id] 795cd938fc3240429c9181f5b288bafe\ndjango/views/static.py core/AddNot 10\nworker outcome: normal, test outcome: survived\n[job-id] 6b1f27b9498f4bd5b9f201841dfc28d3\ndjango/views/static.py core/ReplaceTrueWithFalse 0\nworker outcome: normal, test outcome: survived\n[job-id] 278f6c45206d486089d78a8f91e16db9\ndjango/views/static.py core/ReplaceFalseWithTrue 0\nworker outcome: normal, test outcome: survived\n[job-id] 12c26663de0a4c8fb376da516bde6a6c\ndjango/views/static.py core/ReplaceFalseWithTrue 1\nworker outcome: normal, test outcome: survived\n[job-id] 4775edc6f7ff4ef69146df45dadcb37e\ndjango/views/static.py core/ReplaceAndWithOr 0\nworker outcome: normal, test outcome: survived\n[job-id] b2e1daaf440042c19d23c3ecb34ec3c5\ndjango/views/static.py core/ReplaceOrWithAnd 0\nworker outcome: normal, test outcome: survived\n[job-id] 8a4770c68d7743ae80f158788ef105fc\ndjango/views/static.py core/ExceptionReplacer 0\nworker outcome: normal, test outcome: killed\n[job-id] 593a4ddd84c14bfeae7c718b59665de6\ndjango/views/static.py core/ExceptionReplacer 1\nworker outcome: normal, test outcome: survived\n[job-id] 36404363729d4105bf36c9fbc4612ba9\ndjango/views/static.py core/ExceptionReplacer 2\nworker outcome: normal, test outcome: survived\n[job-id] 92dd7da564a14a469f0480381bd0f3f5\ndjango/views/static.py core/NumberReplacer 0\nworker outcome: normal, test outcome: survived\n[job-id] ad2fbcc6af684e328d4cfd33a41afcc5\ndjango/views/static.py core/NumberReplacer 1\nworker outcome: normal, test outcome: survived\n[job-id] 705247a755f145cc9cf134a997a2ff99\ndjango/views/static.py core/NumberReplacer 2\nworker outcome: normal, test outcome: survived\n[job-id] 6a21aa782ab4444f8db265f5ea25c99d\ndjango/views/static.py core/NumberReplacer 3\nworker outcome: normal, test outcome: survived\n[job-id] e8b273fc7f2447c6a37b5c88d9e1fa1a\ndjango/views/static.py core/NumberReplacer 4\nworker outcome: normal, test outcome: survived\n[job-id] 678f39873dd545748694d4ed782d0332\ndjango/views/static.py core/NumberReplacer 5\nworker outcome: normal, test outcome: survived\n[job-id] 65fb80ebbf7749a9b7f06a424ff9f3b7\ndjango/views/static.py core/NumberReplacer 6\nworker outcome: normal, test outcome: survived\n[job-id] f3448dc0976c491f8e9aed16fb02c7ae\ndjango/views/static.py core/NumberReplacer 7\nworker outcome: normal, test outcome: survived\n[job-id] 168e40d848c94e3484001765edad9fa2\ndjango/views/static.py core/ZeroIterationForLoop 0\nworker outcome: normal, test outcome: survived\ntotal jobs: 69\ncomplete: 69 (100.00%)\nsurviving mutants: 42 (60.87%)\n \n[django__django__4.1] [django__django-15498] Return Code: 0 \n[django__django__4.1] [django__django-15498] \nMutationNum: 69 \n[django__django__4.1] [django__django-15498] \nMutationLOG: 39.13% \n[django__django__4.1] [django__django-15498] \nMutationUncertainty: 0.0 \n[django__django__4.1] [django__django-15498] Test script run successful \n[django__django__4.1] [django__django-15498] Removing coverage \n[django__django__4.1] [django__django-15498] >>>>> Unfiltered Tests Failed \n",
  "success": true,
  "task_id": "django__django-15498-90",
  "test_error": "Success"
}