{
  "syntax_ok": true,
  "syntax_error": null,
  "line_count": 71,
  "function_count": 10,
  "class_count": 1,
  "avg_function_length": 4.0,
  "max_function_length": 8,
  "todo_count": 0,
  "complexity": 2,
  "linters": {
    "pylint": {
      "available": true,
      "issue_count": 5,
      "exit_code": 2,
      "output": "************* Module attempt_0.test_src\nattempt_0.test_src.py:4:0: E0401: Unable to import 'django.http' (import-error)\nattempt_0.test_src.py:5:0: E0401: Unable to import 'django.test' (import-error)\nattempt_0.test_src.py:6:0: E0401: Unable to import 'django.utils.http' (import-error)\nattempt_0.test_src.py:7:0: E0401: Unable to import 'django.utils.translation' (import-error)\nattempt_0.test_src.py:9:0: E0401: Unable to import 'django.views.static' (import-error)\n"
    },
    "mypy": {
      "available": true,
      "issue_count": 16,
      "exit_code": 1,
      "output": "attempt_0.test_src.py:4: error: Cannot find implementation or library stub for module named \"django.http\"\nattempt_0.test_src.py:5: error: Cannot find implementation or library stub for module named \"django.test\"\nattempt_0.test_src.py:6: error: Cannot find implementation or library stub for module named \"django.utils.http\"\nattempt_0.test_src.py:6: note: See https://mypy.readthedocs.io/en/stable/running_mypy.html#missing-imports\nattempt_0.test_src.py:7: error: Cannot find implementation or library stub for module named \"django.utils.translation\"\nattempt_0.test_src.py:9: error: Cannot find implementation or library stub for module named \"django.views.static\"\nattempt_0.test_src.py:11: error: Class cannot subclass \"SimpleTestCase\" (has type \"Any\")\nattempt_0.test_src.py:13: error: Function is missing a return type annotation\nattempt_0.test_src.py:13: note: Use \"-> None\" if function does not return a value\nattempt_0.test_src.py:23: error: Function is missing a return type annotation\nattempt_0.test_src.py:23: note: Use \"-> None\" if function does not return a value\nattempt_0.test_src.py:26: error: Function is missing a return type annotation\nattempt_0.test_src.py:26: note: Use \"-> None\" if function does not return a value\nattempt_0.test_src.py:33: error: Function is missing a return type annotation\nattempt_0.test_src.py:33: note: Use \"-> None\" if function does not return a value\nattempt_0.test_src.py:37: error: Function is missing a return type annotation\nattempt_0.test_src.py:37: note: Use \"-> None\" if function does not return a value\nattempt_0.test_src.py:42: error: Function is missing a return type annotation\nattempt_0.test_src.py:42: note: Use \"-> None\" if function does not return a value\nattempt_0.test_src.py:46: error: Function is missing a return type annotation\nattempt_0.test_src.py:46: note: Use \"-> None\" if function does not return a value\nattempt_0.test_src.py:56: error: Function is missing a return type annotation\nattempt_0.test_src.py:56: note: Use \"-> None\" if function does not return a value\nattempt_0.test_src.py:61: error: Function is missing a return type annotation\nattempt_0.test_src.py:61: note: Use \"-> None\" if function does not return a value\nattempt_0.test_src.py:67: error: Function is missing a return type annotation\nattempt_0.test_src.py:67: note: Use \"-> None\" if function does not return a value\nFound 16 errors in 1 file (checked 1 source file)\n"
    }
  }
}