{
  "code_file": "django/views/static.py",
  "coverage": 87.3015873015873,
  "coverageDetails": {},
  "executionTime": 0.0,
  "exitCode": -1,
  "instance_id": "django__django-15498",
  "log_path": "/Users/deepaksaipendyala/Documents/Fall25/GAI4SE/Project.nosync/CSC591-GenerativeAIforSE_TestgenEval-runner-rewrite/src/runner/results/2a503700-b7f7-4489-9173-b460f48f0217/django__django/4.1/logs/django__django-15498-90.custom-runner.full.eval.log",
  "mutation_num": 69.0,
  "mutation_score": 71.01,
  "mutation_uncertainty": 0.0,
  "repoPath": "/dev/null",
  "status": "success",
  "stderr": "",
  "stdout": "[django__django__4.1] [django__django-15498] Task Metadata:\n\t- Instance ID: django__django-15498\n\t- Testbed: django__django__4.1\n\t- Evaluation Model: custom-runner\n\t- Python version: Python 3.9.19\n \n[django__django__4.1] [django__django-15498] Command: git config --global --add safe.directory /opt/django__django \n[django__django__4.1] [django__django-15498] Subprocess args: {\"cwd\": \"/opt/django__django\", \"check\": true, \"shell\": false, \"universal_newlines\": true, \"stdout\": -1, \"stderr\": -2} \n[django__django__4.1] [django__django-15498] Std. Output:\n \n[django__django__4.1] [django__django-15498] Return Code: 0 \n[django__django__4.1] [django__django-15498] Command: git -c advice.detachedHead=false checkout d90e34c61b27fba2527834806639eebbcfab9631 \n[django__django__4.1] [django__django-15498] Subprocess args: {\"cwd\": \"/opt/django__django\", \"check\": true, \"shell\": false, \"universal_newlines\": true, \"stdout\": -1, \"stderr\": -2} \n[django__django__4.1] [django__django-15498] Std. Output:\nPrevious HEAD position was 647480166b Refs #33685 -- Doc'd that using PostgreSQL's service names for testing purposes is not supported.\nHEAD is now at d90e34c61b Fixed #33561 -- Allowed synchronization of user attributes in RemoteUserBackend.\n \n[django__django__4.1] [django__django-15498] Return Code: 0 \n[django__django__4.1] [django__django-15498] Command: git diff > /opt/temp_django__django-15498_gold_init.patch \n[django__django__4.1] [django__django-15498] Subprocess args: {\"cwd\": \"/opt/django__django\", \"check\": true, \"shell\": true, \"universal_newlines\": true, \"stdout\": -1, \"stderr\": -2} \n[django__django__4.1] [django__django-15498] Std. Output:\n \n[django__django__4.1] [django__django-15498] Return Code: 0 \n[django__django__4.1] [django__django-15498] Command: git apply -v /opt/temp_django__django-15498_gold.patch \n[django__django__4.1] [django__django-15498] Subprocess args: {\"cwd\": \"/opt/django__django\", \"check\": false, \"shell\": false, \"universal_newlines\": true, \"stdout\": -1, \"stderr\": -2} \n[django__django__4.1] [django__django-15498] Std. Output:\nChecking patch django/views/static.py...\nApplied patch django/views/static.py cleanly.\n \n[django__django__4.1] [django__django-15498] Return Code: 0 \n[django__django__4.1] [django__django-15498] Apply patch successful (gold) \n>>>>> Applied Patch (gold)\n[django__django__4.1] [django__django-15498] Command: git diff > /opt/temp_django__django-15498_test_init.patch \n[django__django__4.1] [django__django-15498] Subprocess args: {\"cwd\": \"/opt/django__django\", \"check\": true, \"shell\": true, \"universal_newlines\": true, \"stdout\": -1, \"stderr\": -2} \n[django__django__4.1] [django__django-15498] Std. Output:\n \n[django__django__4.1] [django__django-15498] Return Code: 0 \n[django__django__4.1] [django__django-15498] Command: git restore tests/view_tests/tests/test_static.py \n[django__django__4.1] [django__django-15498] Subprocess args: {\"cwd\": \"/opt/django__django\", \"check\": true, \"shell\": false, \"universal_newlines\": true, \"stdout\": -1, \"stderr\": -2} \n[django__django__4.1] [django__django-15498] Std. Output:\n \n[django__django__4.1] [django__django-15498] Return Code: 0 \n[django__django__4.1] [django__django-15498] Command: git apply -v /opt/temp_django__django-15498_test.patch \n[django__django__4.1] [django__django-15498] Subprocess args: {\"cwd\": \"/opt/django__django\", \"check\": false, \"shell\": false, \"universal_newlines\": true, \"stdout\": -1, \"stderr\": -2} \n[django__django__4.1] [django__django-15498] Std. Output:\nChecking patch tests/view_tests/tests/test_static.py...\nApplied patch tests/view_tests/tests/test_static.py cleanly.\n \n[django__django__4.1] [django__django-15498] Return Code: 0 \n[django__django__4.1] [django__django-15498] Apply patch successful (test) \n>>>>> Applied Patch (test)\n[django__django__4.1] [django__django-15498] Command: coverage run ./tests/runtests.py --verbosity 2 view_tests.tests.test_static \n[django__django__4.1] [django__django-15498] Subprocess args: {\"cwd\": \"/opt/django__django\", \"check\": false, \"shell\": false, \"universal_newlines\": true, \"stdout\": -1, \"stderr\": -2, \"timeout\": 300} \n[django__django__4.1] [django__django-15498] Std. Output:\ntest_serve_valid_file (view_tests.tests.test_static.StaticFileServeTests) ... ERROR\n\n======================================================================\nERROR: test_serve_valid_file (view_tests.tests.test_static.StaticFileServeTests)\n----------------------------------------------------------------------\nTraceback (most recent call last):\n  File \"/opt/django__django/tests/view_tests/tests/test_static.py\", line 36, in test_serve_valid_file\n    self.assertEqual(response.content, b\"This is a test file.\")\n  File \"/opt/django__django/django/http/response.py\", line 455, in content\n    raise AttributeError(\nAttributeError: This FileResponse instance has no `content` attribute. Use `streaming_content` instead.\n\n----------------------------------------------------------------------\nRan 1 test in 0.007s\n\nFAILED (errors=1)\nTesting against Django installed in '/opt/django__django/django' with up to 10 processes\nImporting application view_tests\nFound 1 test(s).\nSkipping setup of unused database(s): default, other.\nSystem check identified no issues (0 silenced).\nException ignored in: <_io.FileIO name='/tmp/django_yctskqkc/tmp8p1ru9zg/test_file.txt' mode='rb' closefd=True>\nResourceWarning: unclosed file <_io.FileIO name='/tmp/django_yctskqkc/tmp8p1ru9zg/test_file.txt' mode='rb' closefd=True>\n \n[django__django__4.1] [django__django-15498] Return Code: 1 \n[django__django__4.1] [django__django-15498] TestsTime: 1.764275074005127 \n[django__django__4.1] [django__django-15498] Test script run successful \n[django__django__4.1] [django__django-15498] Removing coverage \n[django__django__4.1] [django__django-15498] Command: coverage run ./tests/runtests.py --verbosity 2 view_tests.tests.test_static \n[django__django__4.1] [django__django-15498] Subprocess args: {\"cwd\": \"/opt/django__django\", \"check\": false, \"shell\": false, \"universal_newlines\": true, \"stdout\": -1, \"stderr\": -2, \"timeout\": 300} \n[django__django__4.1] [django__django-15498] Std. Output:\ntest_serve_missing_file (view_tests.tests.test_static.StaticFileServeTests) ... ok\n\n----------------------------------------------------------------------\nRan 1 test in 0.002s\n\nOK\nTesting against Django installed in '/opt/django__django/django' with up to 10 processes\nImporting application view_tests\nFound 1 test(s).\nSkipping setup of unused database(s): default, other.\nSystem check identified no issues (0 silenced).\n \n[django__django__4.1] [django__django-15498] Return Code: 0 \n[django__django__4.1] [django__django-15498] TestsTime: 1.1824016571044922 \n[django__django__4.1] [django__django-15498] Test script run successful \n[django__django__4.1] [django__django-15498] Removing coverage \n[django__django__4.1] [django__django-15498] Command: coverage run ./tests/runtests.py --verbosity 2 view_tests.tests.test_static \n[django__django__4.1] [django__django-15498] Subprocess args: {\"cwd\": \"/opt/django__django\", \"check\": false, \"shell\": false, \"universal_newlines\": true, \"stdout\": -1, \"stderr\": -2, \"timeout\": 300} \n[django__django__4.1] [django__django-15498] Std. Output:\ntest_serve_directory_with_show_indexes (view_tests.tests.test_static.StaticFileServeTests) ... ok\n\n----------------------------------------------------------------------\nRan 1 test in 0.009s\n\nOK\nTesting against Django installed in '/opt/django__django/django' with up to 10 processes\nImporting application view_tests\nFound 1 test(s).\nSkipping setup of unused database(s): default, other.\nSystem check identified no issues (0 silenced).\n \n[django__django__4.1] [django__django-15498] Return Code: 0 \n[django__django__4.1] [django__django-15498] TestsTime: 1.1930005550384521 \n[django__django__4.1] [django__django-15498] Test script run successful \n[django__django__4.1] [django__django-15498] Removing coverage \n[django__django__4.1] [django__django-15498] Command: coverage run ./tests/runtests.py --verbosity 2 view_tests.tests.test_static \n[django__django__4.1] [django__django-15498] Subprocess args: {\"cwd\": \"/opt/django__django\", \"check\": false, \"shell\": false, \"universal_newlines\": true, \"stdout\": -1, \"stderr\": -2, \"timeout\": 300} \n[django__django__4.1] [django__django-15498] Std. Output:\ntest_serve_directory_without_show_indexes (view_tests.tests.test_static.StaticFileServeTests) ... ok\n\n----------------------------------------------------------------------\nRan 1 test in 0.002s\n\nOK\nTesting against Django installed in '/opt/django__django/django' with up to 10 processes\nImporting application view_tests\nFound 1 test(s).\nSkipping setup of unused database(s): default, other.\nSystem check identified no issues (0 silenced).\n \n[django__django__4.1] [django__django-15498] Return Code: 0 \n[django__django__4.1] [django__django-15498] TestsTime: 1.275193214416504 \n[django__django__4.1] [django__django-15498] Test script run successful \n[django__django__4.1] [django__django-15498] Removing coverage \n[django__django__4.1] [django__django-15498] Command: coverage run ./tests/runtests.py --verbosity 2 view_tests.tests.test_static \n[django__django__4.1] [django__django-15498] Subprocess args: {\"cwd\": \"/opt/django__django\", \"check\": false, \"shell\": false, \"universal_newlines\": true, \"stdout\": -1, \"stderr\": -2, \"timeout\": 300} \n[django__django__4.1] [django__django-15498] Std. Output:\ntest_serve_file_with_if_modified_since (view_tests.tests.test_static.StaticFileServeTests) ... ok\n\n----------------------------------------------------------------------\nRan 1 test in 0.003s\n\nOK\nTesting against Django installed in '/opt/django__django/django' with up to 10 processes\nImporting application view_tests\nFound 1 test(s).\nSkipping setup of unused database(s): default, other.\nSystem check identified no issues (0 silenced).\n \n[django__django__4.1] [django__django-15498] Return Code: 0 \n[django__django__4.1] [django__django-15498] TestsTime: 1.2338757514953613 \n[django__django__4.1] [django__django-15498] Test script run successful \n[django__django__4.1] [django__django-15498] Removing coverage \n[django__django__4.1] [django__django-15498] Command: coverage run ./tests/runtests.py --verbosity 2 view_tests.tests.test_static \n[django__django__4.1] [django__django-15498] Subprocess args: {\"cwd\": \"/opt/django__django\", \"check\": false, \"shell\": false, \"universal_newlines\": true, \"stdout\": -1, \"stderr\": -2, \"timeout\": 300} \n[django__django__4.1] [django__django-15498] Std. Output:\ntest_directory_index (view_tests.tests.test_static.StaticFileServeTests) ... FAIL\n\n======================================================================\nFAIL: test_directory_index (view_tests.tests.test_static.StaticFileServeTests)\n----------------------------------------------------------------------\nTraceback (most recent call last):\n  File \"/opt/django__django/tests/view_tests/tests/test_static.py\", line 32, in test_directory_index\n    self.assertIn(b'test_file.txt', response.content)\nAssertionError: b'test_file.txt' not found in b'\\n\\n<!DOCTYPE html>\\n<html lang=\"en\">\\n  <head>\\n    <meta http-equiv=\"Content-type\" content=\"text/html; charset=utf-8\">\\n    <meta http-equiv=\"Content-Language\" content=\"en-us\">\\n    <meta name=\"robots\" content=\"NONE,NOARCHIVE\">\\n    <title>Index of test_dir/</title>\\n  </head>\\n  <body>\\n    <h1>Index of test_dir/</h1>\\n    <ul>\\n      \\n      <li><a href=\"../\">../</a></li>\\n      \\n      \\n    </ul>\\n  </body>\\n</html>\\n'\n\n----------------------------------------------------------------------\nRan 1 test in 0.007s\n\nFAILED (failures=1)\nTesting against Django installed in '/opt/django__django/django' with up to 10 processes\nImporting application view_tests\nFound 1 test(s).\nSkipping setup of unused database(s): default, other.\nSystem check identified no issues (0 silenced).\n \n[django__django__4.1] [django__django-15498] Return Code: 1 \n[django__django__4.1] [django__django-15498] TestsTime: 1.2498514652252197 \n[django__django__4.1] [django__django-15498] Test script run successful \n[django__django__4.1] [django__django-15498] Removing coverage \n[django__django__4.1] [django__django-15498] Command: coverage run ./tests/runtests.py --verbosity 2 view_tests.tests.test_static \n[django__django__4.1] [django__django-15498] Subprocess args: {\"cwd\": \"/opt/django__django\", \"check\": false, \"shell\": false, \"universal_newlines\": true, \"stdout\": -1, \"stderr\": -2, \"timeout\": 300} \n[django__django__4.1] [django__django-15498] Std. Output:\ntest_was_modified_since_true (view_tests.tests.test_static.StaticFileServeTests) ... ok\n\n----------------------------------------------------------------------\nRan 1 test in 0.002s\n\nOK\nTesting against Django installed in '/opt/django__django/django' with up to 10 processes\nImporting application view_tests\nFound 1 test(s).\nSkipping setup of unused database(s): default, other.\nSystem check identified no issues (0 silenced).\n \n[django__django__4.1] [django__django-15498] Return Code: 0 \n[django__django__4.1] [django__django-15498] TestsTime: 1.1326665878295898 \n[django__django__4.1] [django__django-15498] Test script run successful \n[django__django__4.1] [django__django-15498] Removing coverage \n[django__django__4.1] [django__django-15498] Command: coverage run ./tests/runtests.py --verbosity 2 view_tests.tests.test_static \n[django__django__4.1] [django__django-15498] Subprocess args: {\"cwd\": \"/opt/django__django\", \"check\": false, \"shell\": false, \"universal_newlines\": true, \"stdout\": -1, \"stderr\": -2, \"timeout\": 300} \n[django__django__4.1] [django__django-15498] Std. Output:\ntest_was_modified_since_false (view_tests.tests.test_static.StaticFileServeTests) ... ok\n\n----------------------------------------------------------------------\nRan 1 test in 0.003s\n\nOK\nTesting against Django installed in '/opt/django__django/django' with up to 10 processes\nImporting application view_tests\nFound 1 test(s).\nSkipping setup of unused database(s): default, other.\nSystem check identified no issues (0 silenced).\n \n[django__django__4.1] [django__django-15498] Return Code: 0 \n[django__django__4.1] [django__django-15498] TestsTime: 1.1351571083068848 \n[django__django__4.1] [django__django-15498] Test script run successful \n[django__django__4.1] [django__django-15498] Removing coverage \n[django__django__4.1] [django__django-15498] Command: coverage run ./tests/runtests.py --verbosity 2 view_tests.tests.test_static \n[django__django__4.1] [django__django-15498] Subprocess args: {\"cwd\": \"/opt/django__django\", \"check\": false, \"shell\": false, \"universal_newlines\": true, \"stdout\": -1, \"stderr\": -2, \"timeout\": 300} \n[django__django__4.1] [django__django-15498] Std. Output:\ntest_was_modified_since_invalid_header (view_tests.tests.test_static.StaticFileServeTests) ... ok\n\n----------------------------------------------------------------------\nRan 1 test in 0.003s\n\nOK\nTesting against Django installed in '/opt/django__django/django' with up to 10 processes\nImporting application view_tests\nFound 1 test(s).\nSkipping setup of unused database(s): default, other.\nSystem check identified no issues (0 silenced).\n \n[django__django__4.1] [django__django-15498] Return Code: 0 \n[django__django__4.1] [django__django-15498] TestsTime: 1.17307710647583 \n[django__django__4.1] [django__django-15498] Test script run successful \n[django__django__4.1] [django__django-15498] Removing coverage \n[django__django__4.1] [django__django-15498] Command: coverage run ./tests/runtests.py --verbosity 2 view_tests.tests.test_static \n[django__django__4.1] [django__django-15498] Subprocess args: {\"cwd\": \"/opt/django__django\", \"check\": false, \"shell\": false, \"universal_newlines\": true, \"stdout\": -1, \"stderr\": -2, \"timeout\": 300} \n[django__django__4.1] [django__django-15498] Std. Output:\ntest_was_modified_since_no_header (view_tests.tests.test_static.StaticFileServeTests) ... ok\n\n----------------------------------------------------------------------\nRan 1 test in 0.001s\n\nOK\nTesting against Django installed in '/opt/django__django/django' with up to 10 processes\nImporting application view_tests\nFound 1 test(s).\nSkipping setup of unused database(s): default, other.\nSystem check identified no issues (0 silenced).\n \n[django__django__4.1] [django__django-15498] Return Code: 0 \n[django__django__4.1] [django__django-15498] TestsTime: 1.210874080657959 \n[django__django__4.1] [django__django-15498] Test script run successful \n[django__django__4.1] [django__django-15498] Removing coverage \n[django__django__4.1] [django__django-15498] Command: coverage run ./tests/runtests.py --verbosity 2 view_tests.tests.test_static \n[django__django__4.1] [django__django-15498] Subprocess args: {\"cwd\": \"/opt/django__django\", \"check\": false, \"shell\": false, \"universal_newlines\": true, \"stdout\": -1, \"stderr\": -2, \"timeout\": 300} \n[django__django__4.1] [django__django-15498] Std. Output:\ntest_serve_file_with_empty_if_modified_since (view_tests.tests.test_static.StaticFileServeTests) ... ok\n\n----------------------------------------------------------------------\nRan 1 test in 0.006s\n\nOK\nTesting against Django installed in '/opt/django__django/django' with up to 10 processes\nImporting application view_tests\nFound 1 test(s).\nSkipping setup of unused database(s): default, other.\nSystem check identified no issues (0 silenced).\nException ignored in: <_io.FileIO name='/tmp/django_7t_1p3eb/tmp5ic6kw3x/test_file.txt' mode='rb' closefd=True>\nResourceWarning: unclosed file <_io.FileIO name='/tmp/django_7t_1p3eb/tmp5ic6kw3x/test_file.txt' mode='rb' closefd=True>\n \n[django__django__4.1] [django__django-15498] Return Code: 0 \n[django__django__4.1] [django__django-15498] TestsTime: 1.1633388996124268 \n[django__django__4.1] [django__django-15498] Test script run successful \n[django__django__4.1] [django__django-15498] Removing coverage \n[django__django__4.1] [django__django-15498] Command: coverage run ./tests/runtests.py --verbosity 2 view_tests.tests.test_static \n[django__django__4.1] [django__django-15498] Subprocess args: {\"cwd\": \"/opt/django__django\", \"check\": false, \"shell\": false, \"universal_newlines\": true, \"stdout\": -1, \"stderr\": -2, \"timeout\": 300} \n[django__django__4.1] [django__django-15498] Std. Output:\ntest_serve_directory_with_no_files (view_tests.tests.test_static.StaticFileServeTests) ... FAIL\n\n======================================================================\nFAIL: test_serve_directory_with_no_files (view_tests.tests.test_static.StaticFileServeTests)\n----------------------------------------------------------------------\nTraceback (most recent call last):\n  File \"/opt/django__django/tests/view_tests/tests/test_static.py\", line 35, in test_serve_directory_with_no_files\n    self.assertIn(b'No files found', response.content)\nAssertionError: b'No files found' not found in b'\\n\\n<!DOCTYPE html>\\n<html lang=\"en\">\\n  <head>\\n    <meta http-equiv=\"Content-type\" content=\"text/html; charset=utf-8\">\\n    <meta http-equiv=\"Content-Language\" content=\"en-us\">\\n    <meta name=\"robots\" content=\"NONE,NOARCHIVE\">\\n    <title>Index of empty_dir/</title>\\n  </head>\\n  <body>\\n    <h1>Index of empty_dir/</h1>\\n    <ul>\\n      \\n      <li><a href=\"../\">../</a></li>\\n      \\n      \\n    </ul>\\n  </body>\\n</html>\\n'\n\n----------------------------------------------------------------------\nRan 1 test in 0.006s\n\nFAILED (failures=1)\nTesting against Django installed in '/opt/django__django/django' with up to 10 processes\nImporting application view_tests\nFound 1 test(s).\nSkipping setup of unused database(s): default, other.\nSystem check identified no issues (0 silenced).\n \n[django__django__4.1] [django__django-15498] Return Code: 1 \n[django__django__4.1] [django__django-15498] TestsTime: 1.1623737812042236 \n[django__django__4.1] [django__django-15498] Test script run successful \n[django__django__4.1] [django__django-15498] Removing coverage \n[django__django__4.1] [django__django-15498] Command: coverage run ./tests/runtests.py --verbosity 2 view_tests.tests.test_static \n[django__django__4.1] [django__django-15498] Subprocess args: {\"cwd\": \"/opt/django__django\", \"check\": false, \"shell\": false, \"universal_newlines\": true, \"stdout\": -1, \"stderr\": -2, \"timeout\": 300} \n[django__django__4.1] [django__django-15498] Std. Output:\ntest_serve_file_with_invalid_path (view_tests.tests.test_static.StaticFileServeTests) ... ERROR\n\n======================================================================\nERROR: test_serve_file_with_invalid_path (view_tests.tests.test_static.StaticFileServeTests)\n----------------------------------------------------------------------\nTraceback (most recent call last):\n  File \"/opt/django__django/tests/view_tests/tests/test_static.py\", line 31, in test_serve_file_with_invalid_path\n    serve(request, \"../test_file.txt\", document_root=self.document_root)\n  File \"/opt/django__django/django/views/static.py\", line 35, in serve\n    fullpath = Path(safe_join(document_root, path))\n  File \"/opt/django__django/django/utils/_os.py\", line 31, in safe_join\n    raise SuspiciousFileOperation(\ndjango.core.exceptions.SuspiciousFileOperation: The joined path (/tmp/django_gcrlro12/test_file.txt) is located outside of the base path component (/tmp/django_gcrlro12/tmp5k4igkb6)\n\n----------------------------------------------------------------------\nRan 1 test in 0.002s\n\nFAILED (errors=1)\nTesting against Django installed in '/opt/django__django/django' with up to 10 processes\nImporting application view_tests\nFound 1 test(s).\nSkipping setup of unused database(s): default, other.\nSystem check identified no issues (0 silenced).\n \n[django__django__4.1] [django__django-15498] Return Code: 1 \n[django__django__4.1] [django__django-15498] TestsTime: 1.1350681781768799 \n[django__django__4.1] [django__django-15498] Test script run successful \n[django__django__4.1] [django__django-15498] Removing coverage \n[django__django__4.1] [django__django-15498] Command: coverage run ./tests/runtests.py --verbosity 2 view_tests.tests.test_static \n[django__django__4.1] [django__django-15498] Subprocess args: {\"cwd\": \"/opt/django__django\", \"check\": false, \"shell\": false, \"universal_newlines\": true, \"stdout\": -1, \"stderr\": -2, \"timeout\": 300} \n[django__django__4.1] [django__django-15498] Std. Output:\ntest_directory_index_with_no_template (view_tests.tests.test_static.StaticFileServeTests) ... ok\n\n----------------------------------------------------------------------\nRan 1 test in 0.006s\n\nOK\nTesting against Django installed in '/opt/django__django/django' with up to 10 processes\nImporting application view_tests\nFound 1 test(s).\nSkipping setup of unused database(s): default, other.\nSystem check identified no issues (0 silenced).\n \n[django__django__4.1] [django__django-15498] Return Code: 0 \n[django__django__4.1] [django__django-15498] TestsTime: 1.183253526687622 \n[django__django__4.1] [django__django-15498] Test script run successful \n[django__django__4.1] [django__django-15498] Removing coverage \n[django__django__4.1] [django__django-15498] Command: coverage run ./tests/runtests.py --verbosity 2 view_tests.tests.test_static \n[django__django__4.1] [django__django-15498] Subprocess args: {\"cwd\": \"/opt/django__django\", \"check\": false, \"shell\": false, \"universal_newlines\": true, \"stdout\": -1, \"stderr\": -2, \"timeout\": 300} \n[django__django__4.1] [django__django-15498] Std. Output:\ntest_serve_file_with_non_ascii_characters (view_tests.tests.test_static.StaticFileServeTests) ... ERROR\n\n======================================================================\nERROR: test_serve_file_with_non_ascii_characters (view_tests.tests.test_static.StaticFileServeTests)\n----------------------------------------------------------------------\nTraceback (most recent call last):\n  File \"/opt/django__django/tests/view_tests/tests/test_static.py\", line 35, in test_serve_file_with_non_ascii_characters\n    self.assertEqual(response.content, b\"This file has non-ASCII character.\")\n  File \"/opt/django__django/django/http/response.py\", line 455, in content\n    raise AttributeError(\nAttributeError: This FileResponse instance has no `content` attribute. Use `streaming_content` instead.\n\n----------------------------------------------------------------------\nRan 1 test in 0.006s\n\nFAILED (errors=1)\nTesting against Django installed in '/opt/django__django/django' with up to 10 processes\nImporting application view_tests\nFound 1 test(s).\nSkipping setup of unused database(s): default, other.\nSystem check identified no issues (0 silenced).\nException ignored in: <_io.FileIO name='/tmp/django_o0n1gbq_/tmpgumlu0y3/test_file_\u00f1.txt' mode='rb' closefd=True>\nResourceWarning: unclosed file <_io.FileIO name='/tmp/django_o0n1gbq_/tmpgumlu0y3/test_file_\u00f1.txt' mode='rb' closefd=True>\n \n[django__django__4.1] [django__django-15498] Return Code: 1 \n[django__django__4.1] [django__django-15498] TestsTime: 1.2618350982666016 \n[django__django__4.1] [django__django-15498] Test script run successful \n[django__django__4.1] [django__django-15498] Removing coverage \n[django__django__4.1] [django__django-15498] Command: coverage run ./tests/runtests.py --verbosity 2 view_tests.tests.test_static \n[django__django__4.1] [django__django-15498] Subprocess args: {\"cwd\": \"/opt/django__django\", \"check\": false, \"shell\": false, \"universal_newlines\": true, \"stdout\": -1, \"stderr\": -2, \"timeout\": 300} \n[django__django__4.1] [django__django-15498] Std. Output:\ntest_serve_directory_with_special_characters (view_tests.tests.test_static.StaticFileServeTests) ... ok\n\n----------------------------------------------------------------------\nRan 1 test in 0.007s\n\nOK\nTesting against Django installed in '/opt/django__django/django' with up to 10 processes\nImporting application view_tests\nFound 1 test(s).\nSkipping setup of unused database(s): default, other.\nSystem check identified no issues (0 silenced).\n \n[django__django__4.1] [django__django-15498] Return Code: 0 \n[django__django__4.1] [django__django-15498] TestsTime: 1.1913347244262695 \n[django__django__4.1] [django__django-15498] Test script run successful \n[django__django__4.1] [django__django-15498] Removing coverage \n[django__django__4.1] [django__django-15498] Command: coverage run ./tests/runtests.py --verbosity 2 view_tests.tests.test_static \n[django__django__4.1] [django__django-15498] Subprocess args: {\"cwd\": \"/opt/django__django\", \"check\": false, \"shell\": false, \"universal_newlines\": true, \"stdout\": -1, \"stderr\": -2, \"timeout\": 300} \n[django__django__4.1] [django__django-15498] Std. Output:\ntest_serve_file_with_large_size (view_tests.tests.test_static.StaticFileServeTests) ... ok\n\n----------------------------------------------------------------------\nRan 1 test in 0.009s\n\nOK\nTesting against Django installed in '/opt/django__django/django' with up to 10 processes\nImporting application view_tests\nFound 1 test(s).\nSkipping setup of unused database(s): default, other.\nSystem check identified no issues (0 silenced).\nException ignored in: <_io.FileIO name='/tmp/django_7i4nfriy/tmpk47oho4x/large_file.txt' mode='rb' closefd=True>\nResourceWarning: unclosed file <_io.FileIO name='/tmp/django_7i4nfriy/tmpk47oho4x/large_file.txt' mode='rb' closefd=True>\n \n[django__django__4.1] [django__django-15498] Return Code: 0 \n[django__django__4.1] [django__django-15498] TestsTime: 1.8200840950012207 \n[django__django__4.1] [django__django-15498] Test script run successful \n[django__django__4.1] [django__django-15498] Removing coverage \n[django__django__4.1] [django__django-15498] Command: coverage run ./tests/runtests.py --verbosity 2 view_tests.tests.test_static \n[django__django__4.1] [django__django-15498] Subprocess args: {\"cwd\": \"/opt/django__django\", \"check\": false, \"shell\": false, \"universal_newlines\": true, \"stdout\": -1, \"stderr\": -2, \"timeout\": 300} \n[django__django__4.1] [django__django-15498] Std. Output:\ntest_serve_file_with_invalid_method (view_tests.tests.test_static.StaticFileServeTests) ... FAIL\n\n======================================================================\nFAIL: test_serve_file_with_invalid_method (view_tests.tests.test_static.StaticFileServeTests)\n----------------------------------------------------------------------\nTraceback (most recent call last):\n  File \"/opt/django__django/tests/view_tests/tests/test_static.py\", line 31, in test_serve_file_with_invalid_method\n    serve(request, \"test_file.txt\", document_root=self.document_root)\nAssertionError: Http404 not raised\n\n----------------------------------------------------------------------\nRan 1 test in 0.006s\n\nFAILED (failures=1)\nTesting against Django installed in '/opt/django__django/django' with up to 10 processes\nImporting application view_tests\nFound 1 test(s).\nSkipping setup of unused database(s): default, other.\nSystem check identified no issues (0 silenced).\nException ignored in: <_io.FileIO name='/tmp/django_v4kmnea3/tmpdf0j2e43/test_file.txt' mode='rb' closefd=True>\nResourceWarning: unclosed file <_io.FileIO name='/tmp/django_v4kmnea3/tmpdf0j2e43/test_file.txt' mode='rb' closefd=True>\n \n[django__django__4.1] [django__django-15498] Return Code: 1 \n[django__django__4.1] [django__django-15498] TestsTime: 1.4278690814971924 \n[django__django__4.1] [django__django-15498] Test script run successful \n[django__django__4.1] [django__django-15498] Removing coverage \n[django__django__4.1] [django__django-15498] Command: coverage run ./tests/runtests.py --verbosity 2 view_tests.tests.test_static \n[django__django__4.1] [django__django-15498] Subprocess args: {\"cwd\": \"/opt/django__django\", \"check\": false, \"shell\": false, \"universal_newlines\": true, \"stdout\": -1, \"stderr\": -2, \"timeout\": 300} \n[django__django__4.1] [django__django-15498] Std. Output:\ntest_directory_index_with_multiple_files (view_tests.tests.test_static.StaticFileServeTests) ... FAIL\n\n======================================================================\nFAIL: test_directory_index_with_multiple_files (view_tests.tests.test_static.StaticFileServeTests)\n----------------------------------------------------------------------\nTraceback (most recent call last):\n  File \"/opt/django__django/tests/view_tests/tests/test_static.py\", line 33, in test_directory_index_with_multiple_files\n    self.assertIn(b'test_file.txt', response.content)\nAssertionError: b'test_file.txt' not found in b'\\n\\n<!DOCTYPE html>\\n<html lang=\"en\">\\n  <head>\\n    <meta http-equiv=\"Content-type\" content=\"text/html; charset=utf-8\">\\n    <meta http-equiv=\"Content-Language\" content=\"en-us\">\\n    <meta name=\"robots\" content=\"NONE,NOARCHIVE\">\\n    <title>Index of test_dir/</title>\\n  </head>\\n  <body>\\n    <h1>Index of test_dir/</h1>\\n    <ul>\\n      \\n      <li><a href=\"../\">../</a></li>\\n      \\n      \\n    </ul>\\n  </body>\\n</html>\\n'\n\n----------------------------------------------------------------------\nRan 1 test in 0.007s\n\nFAILED (failures=1)\nTesting against Django installed in '/opt/django__django/django' with up to 10 processes\nImporting application view_tests\nFound 1 test(s).\nSkipping setup of unused database(s): default, other.\nSystem check identified no issues (0 silenced).\n \n[django__django__4.1] [django__django-15498] Return Code: 1 \n[django__django__4.1] [django__django-15498] TestsTime: 1.2449638843536377 \n[django__django__4.1] [django__django-15498] Test script run successful \n[django__django__4.1] [django__django-15498] Removing coverage \n[django__django__4.1] [django__django-15498] >>>>> Tests configfull pred\n \n[django__django__4.1] [django__django-15498] Test Script:  coverage run ./tests/runtests.py --verbosity 2 view_tests.tests.test_static;\n \n[django__django__4.1] [django__django-15498] Command: coverage run ./tests/runtests.py --verbosity 2 view_tests.tests.test_static \n[django__django__4.1] [django__django-15498] Subprocess args: {\"cwd\": \"/opt/django__django\", \"check\": false, \"shell\": false, \"universal_newlines\": true, \"stdout\": -1, \"stderr\": -2, \"timeout\": 300} \n[django__django__4.1] [django__django-15498] Std. Output:\ntest_directory_index_with_no_template (view_tests.tests.test_static.StaticFileServeTests) ... ok\ntest_serve_directory_with_show_indexes (view_tests.tests.test_static.StaticFileServeTests) ... ok\ntest_serve_directory_with_special_characters (view_tests.tests.test_static.StaticFileServeTests) ... ok\ntest_serve_directory_without_show_indexes (view_tests.tests.test_static.StaticFileServeTests) ... ok\ntest_serve_file_with_empty_if_modified_since (view_tests.tests.test_static.StaticFileServeTests) ... ok\ntest_serve_file_with_if_modified_since (view_tests.tests.test_static.StaticFileServeTests) ... ok\ntest_serve_file_with_large_size (view_tests.tests.test_static.StaticFileServeTests) ... ok\ntest_serve_missing_file (view_tests.tests.test_static.StaticFileServeTests) ... ok\ntest_was_modified_since_false (view_tests.tests.test_static.StaticFileServeTests) ... ok\ntest_was_modified_since_invalid_header (view_tests.tests.test_static.StaticFileServeTests) ... ok\ntest_was_modified_since_no_header (view_tests.tests.test_static.StaticFileServeTests) ... ok\ntest_was_modified_since_true (view_tests.tests.test_static.StaticFileServeTests) ... ok\n\n----------------------------------------------------------------------\nRan 12 tests in 0.025s\n\nOK\nTesting against Django installed in '/opt/django__django/django' with up to 10 processes\nImporting application view_tests\nFound 12 test(s).\nSkipping setup of unused database(s): default, other.\nSystem check identified no issues (0 silenced).\nException ignored in: <_io.FileIO name='/tmp/django_x2vujthm/tmpu_ma5o_i/test_file.txt' mode='rb' closefd=True>\nResourceWarning: unclosed file <_io.FileIO name='/tmp/django_x2vujthm/tmpu_ma5o_i/test_file.txt' mode='rb' closefd=True>\nException ignored in: <_io.FileIO name='/tmp/django_x2vujthm/tmppddj_9oo/large_file.txt' mode='rb' closefd=True>\nResourceWarning: unclosed file <_io.FileIO name='/tmp/django_x2vujthm/tmppddj_9oo/large_file.txt' mode='rb' closefd=True>\n \n[django__django__4.1] [django__django-15498] Return Code: 0 \n[django__django__4.1] [django__django-15498] TestsTime: 1.4751718044281006 \n[django__django__4.1] [django__django-15498] \n>>>>> All Tests Passed\n \n[django__django__4.1] [django__django-15498] Current Working Directory: /opt/django__django \n[django__django__4.1] [django__django-15498] Command: coverage json -o coverage.json \n[django__django__4.1] [django__django-15498] Subprocess args: {\"cwd\": \"/opt/django__django\", \"check\": false, \"shell\": false, \"universal_newlines\": true, \"stdout\": -1, \"stderr\": -2} \n[django__django__4.1] [django__django-15498] Std. Output:\nWrote JSON report to coverage.json\n \n[django__django__4.1] [django__django-15498] Return Code: 0 \n[django__django__4.1] [django__django-15498] \nCoverageLOG: 87.3015873015873%\n \n[django__django__4.1] [django__django-15498] Running mutation testing \n[django__django__4.1] [django__django-15498] Command: cosmic-ray init mutation.toml mutation.sqlite \n[django__django__4.1] [django__django-15498] Subprocess args: {\"cwd\": \"/opt/django__django\", \"check\": false, \"shell\": false, \"universal_newlines\": true, \"stdout\": -1, \"stderr\": -2, \"timeout\": 300} \n[django__django__4.1] [django__django-15498] Std. Output:\n \n[django__django__4.1] [django__django-15498] Return Code: 0 \n[django__django__4.1] [django__django-15498] Command: cosmic-ray exec mutation.toml mutation.sqlite \n[django__django__4.1] [django__django-15498] Subprocess args: {\"cwd\": \"/opt/django__django\", \"check\": false, \"shell\": false, \"universal_newlines\": true, \"stdout\": -1, \"stderr\": -2, \"timeout\": 3600} \n[django__django__4.1] [django__django-15498] Std. Output:\n \n[django__django__4.1] [django__django-15498] Return Code: 0 \n[django__django__4.1] [django__django-15498] Command: cr-rate mutation.sqlite --estimate --confidence 95.0 \n[django__django__4.1] [django__django-15498] Subprocess args: {\"cwd\": \"/opt/django__django\", \"check\": false, \"shell\": false, \"universal_newlines\": true, \"stdout\": -1, \"stderr\": -2} \n[django__django__4.1] [django__django-15498] Std. Output:\n28.99 28.99 28.99\n \n[django__django__4.1] [django__django-15498] Return Code: 0 \n[django__django__4.1] [django__django-15498] Command: cr-report mutation.sqlite \n[django__django__4.1] [django__django-15498] Subprocess args: {\"cwd\": \"/opt/django__django\", \"check\": false, \"shell\": false, \"universal_newlines\": true, \"stdout\": -1, \"stderr\": -2} \n[django__django__4.1] [django__django-15498] Std. Output:\n[job-id] a0ccdc3274284320b90aa5302bbc52e7\ndjango/views/static.py core/ReplaceBinaryOperator_Add_Sub 0\nworker outcome: normal, test outcome: killed\n[job-id] 482325edb7794415bced59ec46f53bad\ndjango/views/static.py core/ReplaceBinaryOperator_Add_Mul 0\nworker outcome: normal, test outcome: killed\n[job-id] de39f4fe7e8244e097f1bc13b22a4392\ndjango/views/static.py core/ReplaceBinaryOperator_Add_Div 0\nworker outcome: normal, test outcome: killed\n[job-id] 740a8bcb1f5a4da8ab4b911558ba161d\ndjango/views/static.py core/ReplaceBinaryOperator_Add_FloorDiv 0\nworker outcome: normal, test outcome: killed\n[job-id] ce04330164b246ed96e3f9d90c22abc6\ndjango/views/static.py core/ReplaceBinaryOperator_Add_Mod 0\nworker outcome: normal, test outcome: killed\n[job-id] b6b09f70486f4995bcac361ba28092cf\ndjango/views/static.py core/ReplaceBinaryOperator_Add_Pow 0\nworker outcome: normal, test outcome: killed\n[job-id] edc76289b8ae4707913361a540ec3507\ndjango/views/static.py core/ReplaceBinaryOperator_Add_RShift 0\nworker outcome: normal, test outcome: killed\n[job-id] 616a012f875849c18fa316108a392591\ndjango/views/static.py core/ReplaceBinaryOperator_Add_LShift 0\nworker outcome: normal, test outcome: killed\n[job-id] 0b92cfe447514022911cce8639dc3fe3\ndjango/views/static.py core/ReplaceBinaryOperator_Add_BitOr 0\nworker outcome: normal, test outcome: killed\n[job-id] 1cc3f74640404fef8badede180a7b1f0\ndjango/views/static.py core/ReplaceBinaryOperator_Add_BitAnd 0\nworker outcome: normal, test outcome: killed\n[job-id] be55570f9ce34c71bcb63d1607c3e43a\ndjango/views/static.py core/ReplaceBinaryOperator_Add_BitXor 0\nworker outcome: normal, test outcome: killed\n[job-id] de70e4495c9141a7876ecff87c45c022\ndjango/views/static.py core/ReplaceBinaryOperator_Mod_Add 0\nworker outcome: normal, test outcome: killed\n[job-id] 08b799da04f84e1faf3beb6388430c9f\ndjango/views/static.py core/ReplaceBinaryOperator_Mod_Sub 0\nworker outcome: normal, test outcome: killed\n[job-id] 5af5fb4210bf4752922915eaf543a948\ndjango/views/static.py core/ReplaceBinaryOperator_Mod_Mul 0\nworker outcome: normal, test outcome: killed\n[job-id] 6cb2f26a33b848f1b9050fae94f03c2f\ndjango/views/static.py core/ReplaceBinaryOperator_Mod_Div 0\nworker outcome: normal, test outcome: killed\n[job-id] fd5bff5a534d40c6ad8c5851502bf128\ndjango/views/static.py core/ReplaceBinaryOperator_Mod_FloorDiv 0\nworker outcome: normal, test outcome: killed\n[job-id] 53a953b3c62f47c2ad1ce340c20d41d3\ndjango/views/static.py core/ReplaceBinaryOperator_Mod_Pow 0\nworker outcome: normal, test outcome: killed\n[job-id] c3a79325ef50430aa890a67138c3fc6b\ndjango/views/static.py core/ReplaceBinaryOperator_Mod_RShift 0\nworker outcome: normal, test outcome: killed\n[job-id] e89ed8c7b10543f59ee45e428a8fa40e\ndjango/views/static.py core/ReplaceBinaryOperator_Mod_LShift 0\nworker outcome: normal, test outcome: killed\n[job-id] 611f3069b0be4f44a89090d769daeaa1\ndjango/views/static.py core/ReplaceBinaryOperator_Mod_BitOr 0\nworker outcome: normal, test outcome: killed\n[job-id] cf1f807e51e24ba08cfca32358050f8d\ndjango/views/static.py core/ReplaceBinaryOperator_Mod_BitAnd 0\nworker outcome: normal, test outcome: killed\n[job-id] 70baa171dd394187bf44721c73e121be\ndjango/views/static.py core/ReplaceBinaryOperator_Mod_BitXor 0\nworker outcome: normal, test outcome: killed\n[job-id] 68e108fc17494ffc9a18bc02c5e86af0\ndjango/views/static.py core/ReplaceComparisonOperator_NotEq_Eq 0\nworker outcome: normal, test outcome: survived\n[job-id] a21c0f25aebb483fb175dc959d5890ee\ndjango/views/static.py core/ReplaceComparisonOperator_NotEq_Lt 0\nworker outcome: normal, test outcome: survived\n[job-id] b2f01934693a4d3f9ccee64b96b14d22\ndjango/views/static.py core/ReplaceComparisonOperator_NotEq_LtE 0\nworker outcome: normal, test outcome: survived\n[job-id] eea2e4c2cfb3465db7562d327836d168\ndjango/views/static.py core/ReplaceComparisonOperator_NotEq_Gt 0\nworker outcome: normal, test outcome: survived\n[job-id] 1d6b1a74e62a4bfe8291aede1a46bf7d\ndjango/views/static.py core/ReplaceComparisonOperator_NotEq_GtE 0\nworker outcome: normal, test outcome: survived\n[job-id] d1fae831b78f454db97d361486b2c435\ndjango/views/static.py core/ReplaceComparisonOperator_NotEq_Is 0\nworker outcome: normal, test outcome: survived\n[job-id] f7194ac8913c40b187c1ae7daf03631a\ndjango/views/static.py core/ReplaceComparisonOperator_NotEq_IsNot 0\nworker outcome: normal, test outcome: survived\n[job-id] 816cc9f1fce54cae884b2c2d433ed0d5\ndjango/views/static.py core/ReplaceComparisonOperator_Gt_Eq 0\nworker outcome: normal, test outcome: killed\n[job-id] 0894f3b30f9f48c4a610cc9eebef39b7\ndjango/views/static.py core/ReplaceComparisonOperator_Gt_NotEq 0\nworker outcome: normal, test outcome: killed\n[job-id] e9c4de8fb86643e3bf17495861a7459f\ndjango/views/static.py core/ReplaceComparisonOperator_Gt_Lt 0\nworker outcome: normal, test outcome: killed\n[job-id] 72dce588588148ef9e37abbb32e116f9\ndjango/views/static.py core/ReplaceComparisonOperator_Gt_LtE 0\nworker outcome: normal, test outcome: killed\n[job-id] 14db4c7bb19d4ecca026bb6ae8bdadd4\ndjango/views/static.py core/ReplaceComparisonOperator_Gt_GtE 0\nworker outcome: normal, test outcome: killed\n[job-id] b011e08b9b564fb5b10fa07f0fe79dea\ndjango/views/static.py core/ReplaceComparisonOperator_Gt_Is 0\nworker outcome: normal, test outcome: killed\n[job-id] 61e91eca765242a4bf62ccd5c272d1ad\ndjango/views/static.py core/ReplaceComparisonOperator_Gt_IsNot 0\nworker outcome: normal, test outcome: killed\n[job-id] f3c875f4e6244d848f21fd0c4b96518f\ndjango/views/static.py core/ReplaceComparisonOperator_Is_IsNot 0\nworker outcome: normal, test outcome: killed\n[job-id] e153fd1d69754ccab1e4bd1ac5a31c45\ndjango/views/static.py core/ReplaceComparisonOperator_Is_IsNot 1\nworker outcome: normal, test outcome: killed\n[job-id] dff09fec83f04a9aaebf73c1354997d0\ndjango/views/static.py core/ReplaceUnaryOperator_Delete_Not 0\nworker outcome: normal, test outcome: killed\n[job-id] 271bc4287b6b4e7ebf9a119eab34fd60\ndjango/views/static.py core/ReplaceUnaryOperator_Delete_Not 1\nworker outcome: normal, test outcome: killed\n[job-id] 9325285ca05b4b4788696fada9968ac5\ndjango/views/static.py core/ReplaceUnaryOperator_Delete_Not 2\nworker outcome: normal, test outcome: survived\n[job-id] 6c536fa6c0a7455cae76499107420f18\ndjango/views/static.py core/AddNot 0\nworker outcome: normal, test outcome: killed\n[job-id] e5b205c2ca5c4fba8815cdbc9817073b\ndjango/views/static.py core/AddNot 1\nworker outcome: normal, test outcome: killed\n[job-id] 35f541c584584cf38c6c30ce04131fa1\ndjango/views/static.py core/AddNot 2\nworker outcome: normal, test outcome: killed\n[job-id] 20ce89462d96400f954a0dc240a31003\ndjango/views/static.py core/AddNot 3\nworker outcome: normal, test outcome: killed\n[job-id] d7bd7392d07247c6a0ca06b70830e7ec\ndjango/views/static.py core/AddNot 4\nworker outcome: normal, test outcome: survived\n[job-id] 1652e8ea087747d0b90f6f174c73797d\ndjango/views/static.py core/AddNot 5\nworker outcome: normal, test outcome: survived\n[job-id] 4f8b934fc18942d98d632993daae3b71\ndjango/views/static.py core/AddNot 6\nworker outcome: normal, test outcome: survived\n[job-id] 1e62dd0a26c94e7f939672302e087f0d\ndjango/views/static.py core/AddNot 7\nworker outcome: normal, test outcome: killed\n[job-id] bdbf02d10db540bab49d0a3f8c9b57be\ndjango/views/static.py core/AddNot 8\nworker outcome: normal, test outcome: killed\n[job-id] 4563692db93d41b2b646c40f086fdb02\ndjango/views/static.py core/AddNot 9\nworker outcome: normal, test outcome: killed\n[job-id] 723d30d30b3143f789cd4207f1c5b650\ndjango/views/static.py core/AddNot 10\nworker outcome: normal, test outcome: killed\n[job-id] e5c3727a27ce45a0806de5d9b8c61734\ndjango/views/static.py core/ReplaceTrueWithFalse 0\nworker outcome: normal, test outcome: killed\n[job-id] eb59b0020e884925814d7bb3e76e398e\ndjango/views/static.py core/ReplaceFalseWithTrue 0\nworker outcome: normal, test outcome: survived\n[job-id] baf6024794614924955c2d5315157497\ndjango/views/static.py core/ReplaceFalseWithTrue 1\nworker outcome: normal, test outcome: killed\n[job-id] 7aa05812b3bb4ae7afbcd2a951ca25b6\ndjango/views/static.py core/ReplaceAndWithOr 0\nworker outcome: normal, test outcome: killed\n[job-id] 0da2ebd6f1244597b60ba5c4b0855c79\ndjango/views/static.py core/ReplaceOrWithAnd 0\nworker outcome: normal, test outcome: survived\n[job-id] 94b13b4155d34994b9dc1ac4447589d7\ndjango/views/static.py core/ExceptionReplacer 0\nworker outcome: normal, test outcome: killed\n[job-id] de78a14190c94b14ad607bc903f6f458\ndjango/views/static.py core/ExceptionReplacer 1\nworker outcome: normal, test outcome: killed\n[job-id] 2d4403a44f2d4802822b0859833b10af\ndjango/views/static.py core/ExceptionReplacer 2\nworker outcome: normal, test outcome: killed\n[job-id] ccec3e1bff954fff9a98de1473f92753\ndjango/views/static.py core/NumberReplacer 0\nworker outcome: normal, test outcome: survived\n[job-id] 0f3177dc87b64c26a282aff27d911f9a\ndjango/views/static.py core/NumberReplacer 1\nworker outcome: normal, test outcome: survived\n[job-id] 04742e7fc8164ec99d5b6a9da19fecc3\ndjango/views/static.py core/NumberReplacer 2\nworker outcome: normal, test outcome: survived\n[job-id] 4491d4d625ca4264a0e963beab1246cb\ndjango/views/static.py core/NumberReplacer 3\nworker outcome: normal, test outcome: survived\n[job-id] 53a22be7426f497ea8fec71b1a36f4e5\ndjango/views/static.py core/NumberReplacer 4\nworker outcome: normal, test outcome: killed\n[job-id] 62642a3d0ebb442588294c9607690aad\ndjango/views/static.py core/NumberReplacer 5\nworker outcome: normal, test outcome: survived\n[job-id] da5f47aeaaff4bb48ad0494da65700b4\ndjango/views/static.py core/NumberReplacer 6\nworker outcome: normal, test outcome: killed\n[job-id] f3cbe37a466146d7aa5d9b0afb310868\ndjango/views/static.py core/NumberReplacer 7\nworker outcome: normal, test outcome: survived\n[job-id] f27be8029eb841669933e780d7ba306a\ndjango/views/static.py core/ZeroIterationForLoop 0\nworker outcome: normal, test outcome: survived\ntotal jobs: 69\ncomplete: 69 (100.00%)\nsurviving mutants: 20 (28.99%)\n \n[django__django__4.1] [django__django-15498] Return Code: 0 \n[django__django__4.1] [django__django-15498] \nMutationNum: 69 \n[django__django__4.1] [django__django-15498] \nMutationLOG: 71.01% \n[django__django__4.1] [django__django-15498] \nMutationUncertainty: 0.0 \n[django__django__4.1] [django__django-15498] Test script run successful \n[django__django__4.1] [django__django-15498] Removing coverage \n[django__django__4.1] [django__django-15498] >>>>> Unfiltered Tests Failed \n",
  "success": true,
  "task_id": "django__django-15498-90",
  "test_error": "Success"
}