{
  "code_file": "django/views/static.py",
  "coverage": 77.77777777777777,
  "coverageDetails": {},
  "executionTime": 0.0,
  "exitCode": -1,
  "instance_id": "django__django-15498",
  "log_path": "/Users/deepaksaipendyala/Documents/Fall25/GAI4SE/Project.nosync/CSC591-GenerativeAIforSE_TestgenEval-runner-rewrite/src/runner/results/8b0d4719-152e-4f42-bce4-c78af693a609/django__django/4.1/logs/django__django-15498-90.custom-runner.full.eval.log",
  "mutation_num": 69.0,
  "mutation_score": 65.22,
  "mutation_uncertainty": 0.0,
  "repoPath": "/dev/null",
  "status": "success",
  "stderr": "",
  "stdout": "[django__django__4.1] [django__django-15498] Task Metadata:\n\t- Instance ID: django__django-15498\n\t- Testbed: django__django__4.1\n\t- Evaluation Model: custom-runner\n\t- Python version: Python 3.9.19\n \n[django__django__4.1] [django__django-15498] Command: git config --global --add safe.directory /opt/django__django \n[django__django__4.1] [django__django-15498] Subprocess args: {\"cwd\": \"/opt/django__django\", \"check\": true, \"shell\": false, \"universal_newlines\": true, \"stdout\": -1, \"stderr\": -2} \n[django__django__4.1] [django__django-15498] Std. Output:\n \n[django__django__4.1] [django__django-15498] Return Code: 0 \n[django__django__4.1] [django__django-15498] Command: git -c advice.detachedHead=false checkout d90e34c61b27fba2527834806639eebbcfab9631 \n[django__django__4.1] [django__django-15498] Subprocess args: {\"cwd\": \"/opt/django__django\", \"check\": true, \"shell\": false, \"universal_newlines\": true, \"stdout\": -1, \"stderr\": -2} \n[django__django__4.1] [django__django-15498] Std. Output:\nPrevious HEAD position was 647480166b Refs #33685 -- Doc'd that using PostgreSQL's service names for testing purposes is not supported.\nHEAD is now at d90e34c61b Fixed #33561 -- Allowed synchronization of user attributes in RemoteUserBackend.\n \n[django__django__4.1] [django__django-15498] Return Code: 0 \n[django__django__4.1] [django__django-15498] Command: git diff > /opt/temp_django__django-15498_gold_init.patch \n[django__django__4.1] [django__django-15498] Subprocess args: {\"cwd\": \"/opt/django__django\", \"check\": true, \"shell\": true, \"universal_newlines\": true, \"stdout\": -1, \"stderr\": -2} \n[django__django__4.1] [django__django-15498] Std. Output:\n \n[django__django__4.1] [django__django-15498] Return Code: 0 \n[django__django__4.1] [django__django-15498] Command: git apply -v /opt/temp_django__django-15498_gold.patch \n[django__django__4.1] [django__django-15498] Subprocess args: {\"cwd\": \"/opt/django__django\", \"check\": false, \"shell\": false, \"universal_newlines\": true, \"stdout\": -1, \"stderr\": -2} \n[django__django__4.1] [django__django-15498] Std. Output:\nChecking patch django/views/static.py...\nApplied patch django/views/static.py cleanly.\n \n[django__django__4.1] [django__django-15498] Return Code: 0 \n[django__django__4.1] [django__django-15498] Apply patch successful (gold) \n>>>>> Applied Patch (gold)\n[django__django__4.1] [django__django-15498] Command: git diff > /opt/temp_django__django-15498_test_init.patch \n[django__django__4.1] [django__django-15498] Subprocess args: {\"cwd\": \"/opt/django__django\", \"check\": true, \"shell\": true, \"universal_newlines\": true, \"stdout\": -1, \"stderr\": -2} \n[django__django__4.1] [django__django-15498] Std. Output:\n \n[django__django__4.1] [django__django-15498] Return Code: 0 \n[django__django__4.1] [django__django-15498] Command: git restore tests/view_tests/tests/test_static.py \n[django__django__4.1] [django__django-15498] Subprocess args: {\"cwd\": \"/opt/django__django\", \"check\": true, \"shell\": false, \"universal_newlines\": true, \"stdout\": -1, \"stderr\": -2} \n[django__django__4.1] [django__django-15498] Std. Output:\n \n[django__django__4.1] [django__django-15498] Return Code: 0 \n[django__django__4.1] [django__django-15498] Command: git apply -v /opt/temp_django__django-15498_test.patch \n[django__django__4.1] [django__django-15498] Subprocess args: {\"cwd\": \"/opt/django__django\", \"check\": false, \"shell\": false, \"universal_newlines\": true, \"stdout\": -1, \"stderr\": -2} \n[django__django__4.1] [django__django-15498] Std. Output:\nChecking patch tests/view_tests/tests/test_static.py...\nApplied patch tests/view_tests/tests/test_static.py cleanly.\n \n[django__django__4.1] [django__django-15498] Return Code: 0 \n[django__django__4.1] [django__django-15498] Apply patch successful (test) \n>>>>> Applied Patch (test)\n[django__django__4.1] [django__django-15498] Command: coverage run ./tests/runtests.py --verbosity 2 view_tests.tests.test_static \n[django__django__4.1] [django__django-15498] Subprocess args: {\"cwd\": \"/opt/django__django\", \"check\": false, \"shell\": false, \"universal_newlines\": true, \"stdout\": -1, \"stderr\": -2, \"timeout\": 300} \n[django__django__4.1] [django__django-15498] Std. Output:\ntest_serve_valid_file (view_tests.tests.test_static.StaticFileServeTests) ... ERROR\n\n======================================================================\nERROR: test_serve_valid_file (view_tests.tests.test_static.StaticFileServeTests)\n----------------------------------------------------------------------\nTraceback (most recent call last):\n  File \"/opt/django__django/tests/view_tests/tests/test_static.py\", line 26, in test_serve_valid_file\n    response = serve(None, \"test_file.txt\", document_root=self.document_root)\n  File \"/opt/django__django/django/views/static.py\", line 45, in serve\n    request.META.get(\"HTTP_IF_MODIFIED_SINCE\"), statobj.st_mtime, statobj.st_size\nAttributeError: 'NoneType' object has no attribute 'META'\n\n----------------------------------------------------------------------\nRan 1 test in 0.003s\n\nFAILED (errors=1)\nTesting against Django installed in '/opt/django__django/django' with up to 10 processes\nImporting application view_tests\nFound 1 test(s).\nSkipping setup of unused database(s): default, other.\nSystem check identified no issues (0 silenced).\n \n[django__django__4.1] [django__django-15498] Return Code: 1 \n[django__django__4.1] [django__django-15498] TestsTime: 2.983161449432373 \n[django__django__4.1] [django__django-15498] Test script run successful \n[django__django__4.1] [django__django-15498] Removing coverage \n[django__django__4.1] [django__django-15498] Command: coverage run ./tests/runtests.py --verbosity 2 view_tests.tests.test_static \n[django__django__4.1] [django__django-15498] Subprocess args: {\"cwd\": \"/opt/django__django\", \"check\": false, \"shell\": false, \"universal_newlines\": true, \"stdout\": -1, \"stderr\": -2, \"timeout\": 300} \n[django__django__4.1] [django__django-15498] Std. Output:\ntest_serve_missing_file (view_tests.tests.test_static.StaticFileServeTests) ... ok\n\n----------------------------------------------------------------------\nRan 1 test in 0.003s\n\nOK\nTesting against Django installed in '/opt/django__django/django' with up to 10 processes\nImporting application view_tests\nFound 1 test(s).\nSkipping setup of unused database(s): default, other.\nSystem check identified no issues (0 silenced).\n \n[django__django__4.1] [django__django-15498] Return Code: 0 \n[django__django__4.1] [django__django-15498] TestsTime: 2.376030683517456 \n[django__django__4.1] [django__django-15498] Test script run successful \n[django__django__4.1] [django__django-15498] Removing coverage \n[django__django__4.1] [django__django-15498] Command: coverage run ./tests/runtests.py --verbosity 2 view_tests.tests.test_static \n[django__django__4.1] [django__django-15498] Subprocess args: {\"cwd\": \"/opt/django__django\", \"check\": false, \"shell\": false, \"universal_newlines\": true, \"stdout\": -1, \"stderr\": -2, \"timeout\": 300} \n[django__django__4.1] [django__django-15498] Std. Output:\ntest_serve_directory_with_show_indexes (view_tests.tests.test_static.StaticFileServeTests) ... FAIL\n\n======================================================================\nFAIL: test_serve_directory_with_show_indexes (view_tests.tests.test_static.StaticFileServeTests)\n----------------------------------------------------------------------\nTraceback (most recent call last):\n  File \"/opt/django__django/tests/view_tests/tests/test_static.py\", line 28, in test_serve_directory_with_show_indexes\n    self.assertIn(\"<h1>Index of test_dir</h1>\", response.content.decode())\nAssertionError: '<h1>Index of test_dir</h1>' not found in '\\n\\n<!DOCTYPE html>\\n<html lang=\"en\">\\n  <head>\\n    <meta http-equiv=\"Content-type\" content=\"text/html; charset=utf-8\">\\n    <meta http-equiv=\"Content-Language\" content=\"en-us\">\\n    <meta name=\"robots\" content=\"NONE,NOARCHIVE\">\\n    <title>Index of test_dir/</title>\\n  </head>\\n  <body>\\n    <h1>Index of test_dir/</h1>\\n    <ul>\\n      \\n      <li><a href=\"../\">../</a></li>\\n      \\n      \\n      <li><a href=\"index.html\">index.html</a></li>\\n      \\n    </ul>\\n  </body>\\n</html>\\n'\n\n----------------------------------------------------------------------\nRan 1 test in 0.017s\n\nFAILED (failures=1)\nTesting against Django installed in '/opt/django__django/django' with up to 10 processes\nImporting application view_tests\nFound 1 test(s).\nSkipping setup of unused database(s): default, other.\nSystem check identified no issues (0 silenced).\n \n[django__django__4.1] [django__django-15498] Return Code: 1 \n[django__django__4.1] [django__django-15498] TestsTime: 2.180849552154541 \n[django__django__4.1] [django__django-15498] Test script run successful \n[django__django__4.1] [django__django-15498] Removing coverage \n[django__django__4.1] [django__django-15498] Command: coverage run ./tests/runtests.py --verbosity 2 view_tests.tests.test_static \n[django__django__4.1] [django__django-15498] Subprocess args: {\"cwd\": \"/opt/django__django\", \"check\": false, \"shell\": false, \"universal_newlines\": true, \"stdout\": -1, \"stderr\": -2, \"timeout\": 300} \n[django__django__4.1] [django__django-15498] Std. Output:\ntest_serve_directory_without_show_indexes (view_tests.tests.test_static.StaticFileServeTests) ... ok\n\n----------------------------------------------------------------------\nRan 1 test in 0.002s\n\nOK\nTesting against Django installed in '/opt/django__django/django' with up to 10 processes\nImporting application view_tests\nFound 1 test(s).\nSkipping setup of unused database(s): default, other.\nSystem check identified no issues (0 silenced).\n \n[django__django__4.1] [django__django-15498] Return Code: 0 \n[django__django__4.1] [django__django-15498] TestsTime: 2.219799041748047 \n[django__django__4.1] [django__django-15498] Test script run successful \n[django__django__4.1] [django__django-15498] Removing coverage \n[django__django__4.1] [django__django-15498] Command: coverage run ./tests/runtests.py --verbosity 2 view_tests.tests.test_static \n[django__django__4.1] [django__django-15498] Subprocess args: {\"cwd\": \"/opt/django__django\", \"check\": false, \"shell\": false, \"universal_newlines\": true, \"stdout\": -1, \"stderr\": -2, \"timeout\": 300} \n[django__django__4.1] [django__django-15498] Std. Output:\ntest_serve_directory_index_template (view_tests.tests.test_static.StaticFileServeTests) ... ok\n\n----------------------------------------------------------------------\nRan 1 test in 0.011s\n\nOK\nTesting against Django installed in '/opt/django__django/django' with up to 10 processes\nImporting application view_tests\nFound 1 test(s).\nSkipping setup of unused database(s): default, other.\nSystem check identified no issues (0 silenced).\n \n[django__django__4.1] [django__django-15498] Return Code: 0 \n[django__django__4.1] [django__django-15498] TestsTime: 2.2030463218688965 \n[django__django__4.1] [django__django-15498] Test script run successful \n[django__django__4.1] [django__django-15498] Removing coverage \n[django__django__4.1] [django__django-15498] Command: coverage run ./tests/runtests.py --verbosity 2 view_tests.tests.test_static \n[django__django__4.1] [django__django-15498] Subprocess args: {\"cwd\": \"/opt/django__django\", \"check\": false, \"shell\": false, \"universal_newlines\": true, \"stdout\": -1, \"stderr\": -2, \"timeout\": 300} \n[django__django__4.1] [django__django-15498] Std. Output:\ntest_serve_directory_index_template_no_template (view_tests.tests.test_static.StaticFileServeTests) ... ERROR\n\n======================================================================\nERROR: test_serve_directory_index_template_no_template (view_tests.tests.test_static.StaticFileServeTests)\n----------------------------------------------------------------------\nTraceback (most recent call last):\n  File \"/opt/django__django/tests/view_tests/tests/test_static.py\", line 26, in test_serve_directory_index_template_no_template\n    response = directory_index(\"nonexistent_dir\", Path(self.document_root / \"nonexistent_dir\"))\n  File \"/opt/django__django/django/views/static.py\", line 99, in directory_index\n    for f in fullpath.iterdir():\n  File \"/opt/pyenv/versions/3.9.19/lib/python3.9/pathlib.py\", line 1160, in iterdir\n    for name in self._accessor.listdir(self):\nFileNotFoundError: [Errno 2] No such file or directory: '/tmp/django_y8175p_h/tmpw6dlkdl0/nonexistent_dir'\n\n----------------------------------------------------------------------\nRan 1 test in 0.012s\n\nFAILED (errors=1)\nTesting against Django installed in '/opt/django__django/django' with up to 10 processes\nImporting application view_tests\nFound 1 test(s).\nSkipping setup of unused database(s): default, other.\nSystem check identified no issues (0 silenced).\n \n[django__django__4.1] [django__django-15498] Return Code: 1 \n[django__django__4.1] [django__django-15498] TestsTime: 2.206209182739258 \n[django__django__4.1] [django__django-15498] Test script run successful \n[django__django__4.1] [django__django-15498] Removing coverage \n[django__django__4.1] [django__django-15498] Command: coverage run ./tests/runtests.py --verbosity 2 view_tests.tests.test_static \n[django__django__4.1] [django__django-15498] Subprocess args: {\"cwd\": \"/opt/django__django\", \"check\": false, \"shell\": false, \"universal_newlines\": true, \"stdout\": -1, \"stderr\": -2, \"timeout\": 300} \n[django__django__4.1] [django__django-15498] Std. Output:\ntest_was_modified_since (view_tests.tests.test_static.StaticFileServeTests) ... FAIL\n\n======================================================================\nFAIL: test_was_modified_since (view_tests.tests.test_static.StaticFileServeTests)\n----------------------------------------------------------------------\nTraceback (most recent call last):\n  File \"/opt/django__django/tests/view_tests/tests/test_static.py\", line 29, in test_was_modified_since\n    self.assertFalse(was_modified_since(header, mtime, size))\nAssertionError: True is not false\n\n----------------------------------------------------------------------\nRan 1 test in 0.004s\n\nFAILED (failures=1)\nTesting against Django installed in '/opt/django__django/django' with up to 10 processes\nImporting application view_tests\nFound 1 test(s).\nSkipping setup of unused database(s): default, other.\nSystem check identified no issues (0 silenced).\n \n[django__django__4.1] [django__django-15498] Return Code: 1 \n[django__django__4.1] [django__django-15498] TestsTime: 2.211519241333008 \n[django__django__4.1] [django__django-15498] Test script run successful \n[django__django__4.1] [django__django-15498] Removing coverage \n[django__django__4.1] [django__django-15498] Command: coverage run ./tests/runtests.py --verbosity 2 view_tests.tests.test_static \n[django__django__4.1] [django__django-15498] Subprocess args: {\"cwd\": \"/opt/django__django\", \"check\": false, \"shell\": false, \"universal_newlines\": true, \"stdout\": -1, \"stderr\": -2, \"timeout\": 300} \n[django__django__4.1] [django__django-15498] Std. Output:\ntest_was_modified_since_not_modified (view_tests.tests.test_static.StaticFileServeTests) ... ok\n\n----------------------------------------------------------------------\nRan 1 test in 0.004s\n\nOK\nTesting against Django installed in '/opt/django__django/django' with up to 10 processes\nImporting application view_tests\nFound 1 test(s).\nSkipping setup of unused database(s): default, other.\nSystem check identified no issues (0 silenced).\n \n[django__django__4.1] [django__django-15498] Return Code: 0 \n[django__django__4.1] [django__django-15498] TestsTime: 2.181861400604248 \n[django__django__4.1] [django__django-15498] Test script run successful \n[django__django__4.1] [django__django-15498] Removing coverage \n[django__django__4.1] [django__django-15498] Command: coverage run ./tests/runtests.py --verbosity 2 view_tests.tests.test_static \n[django__django__4.1] [django__django-15498] Subprocess args: {\"cwd\": \"/opt/django__django\", \"check\": false, \"shell\": false, \"universal_newlines\": true, \"stdout\": -1, \"stderr\": -2, \"timeout\": 300} \n[django__django__4.1] [django__django-15498] Std. Output:\ntest_was_modified_since_invalid_header (view_tests.tests.test_static.StaticFileServeTests) ... ok\n\n----------------------------------------------------------------------\nRan 1 test in 0.005s\n\nOK\nTesting against Django installed in '/opt/django__django/django' with up to 10 processes\nImporting application view_tests\nFound 1 test(s).\nSkipping setup of unused database(s): default, other.\nSystem check identified no issues (0 silenced).\n \n[django__django__4.1] [django__django-15498] Return Code: 0 \n[django__django__4.1] [django__django-15498] TestsTime: 2.2270045280456543 \n[django__django__4.1] [django__django-15498] Test script run successful \n[django__django__4.1] [django__django-15498] Removing coverage \n[django__django__4.1] [django__django-15498] Command: coverage run ./tests/runtests.py --verbosity 2 view_tests.tests.test_static \n[django__django__4.1] [django__django-15498] Subprocess args: {\"cwd\": \"/opt/django__django\", \"check\": false, \"shell\": false, \"universal_newlines\": true, \"stdout\": -1, \"stderr\": -2, \"timeout\": 300} \n[django__django__4.1] [django__django-15498] Std. Output:\ntest_was_modified_since_no_header (view_tests.tests.test_static.StaticFileServeTests) ... ok\n\n----------------------------------------------------------------------\nRan 1 test in 0.002s\n\nOK\nTesting against Django installed in '/opt/django__django/django' with up to 10 processes\nImporting application view_tests\nFound 1 test(s).\nSkipping setup of unused database(s): default, other.\nSystem check identified no issues (0 silenced).\n \n[django__django__4.1] [django__django-15498] Return Code: 0 \n[django__django__4.1] [django__django-15498] TestsTime: 2.1658151149749756 \n[django__django__4.1] [django__django-15498] Test script run successful \n[django__django__4.1] [django__django-15498] Removing coverage \n[django__django__4.1] [django__django-15498] Command: coverage run ./tests/runtests.py --verbosity 2 view_tests.tests.test_static \n[django__django__4.1] [django__django-15498] Subprocess args: {\"cwd\": \"/opt/django__django\", \"check\": false, \"shell\": false, \"universal_newlines\": true, \"stdout\": -1, \"stderr\": -2, \"timeout\": 300} \n[django__django__4.1] [django__django-15498] Std. Output:\ntest_was_modified_since_empty_header (view_tests.tests.test_static.StaticFileServeTests) ... ok\n\n----------------------------------------------------------------------\nRan 1 test in 0.002s\n\nOK\nTesting against Django installed in '/opt/django__django/django' with up to 10 processes\nImporting application view_tests\nFound 1 test(s).\nSkipping setup of unused database(s): default, other.\nSystem check identified no issues (0 silenced).\n \n[django__django__4.1] [django__django-15498] Return Code: 0 \n[django__django__4.1] [django__django-15498] TestsTime: 2.778942823410034 \n[django__django__4.1] [django__django-15498] Test script run successful \n[django__django__4.1] [django__django-15498] Removing coverage \n[django__django__4.1] [django__django-15498] Command: coverage run ./tests/runtests.py --verbosity 2 view_tests.tests.test_static \n[django__django__4.1] [django__django-15498] Subprocess args: {\"cwd\": \"/opt/django__django\", \"check\": false, \"shell\": false, \"universal_newlines\": true, \"stdout\": -1, \"stderr\": -2, \"timeout\": 300} \n[django__django__4.1] [django__django-15498] Std. Output:\ntest_was_modified_since_header_with_extra_info (view_tests.tests.test_static.StaticFileServeTests) ... FAIL\n\n======================================================================\nFAIL: test_was_modified_since_header_with_extra_info (view_tests.tests.test_static.StaticFileServeTests)\n----------------------------------------------------------------------\nTraceback (most recent call last):\n  File \"/opt/django__django/tests/view_tests/tests/test_static.py\", line 29, in test_was_modified_since_header_with_extra_info\n    self.assertFalse(was_modified_since(header, mtime, size))\nAssertionError: True is not false\n\n----------------------------------------------------------------------\nRan 1 test in 0.003s\n\nFAILED (failures=1)\nTesting against Django installed in '/opt/django__django/django' with up to 10 processes\nImporting application view_tests\nFound 1 test(s).\nSkipping setup of unused database(s): default, other.\nSystem check identified no issues (0 silenced).\n \n[django__django__4.1] [django__django-15498] Return Code: 1 \n[django__django__4.1] [django__django-15498] TestsTime: 2.2320101261138916 \n[django__django__4.1] [django__django-15498] Test script run successful \n[django__django__4.1] [django__django-15498] Removing coverage \n[django__django__4.1] [django__django-15498] Command: coverage run ./tests/runtests.py --verbosity 2 view_tests.tests.test_static \n[django__django__4.1] [django__django-15498] Subprocess args: {\"cwd\": \"/opt/django__django\", \"check\": false, \"shell\": false, \"universal_newlines\": true, \"stdout\": -1, \"stderr\": -2, \"timeout\": 300} \n[django__django__4.1] [django__django-15498] Std. Output:\ntest_was_modified_since_header_with_different_length (view_tests.tests.test_static.StaticFileServeTests) ... ok\n\n----------------------------------------------------------------------\nRan 1 test in 0.004s\n\nOK\nTesting against Django installed in '/opt/django__django/django' with up to 10 processes\nImporting application view_tests\nFound 1 test(s).\nSkipping setup of unused database(s): default, other.\nSystem check identified no issues (0 silenced).\n \n[django__django__4.1] [django__django-15498] Return Code: 0 \n[django__django__4.1] [django__django-15498] TestsTime: 2.235714912414551 \n[django__django__4.1] [django__django-15498] Test script run successful \n[django__django__4.1] [django__django-15498] Removing coverage \n[django__django__4.1] [django__django-15498] >>>>> Tests configfull pred\n \n[django__django__4.1] [django__django-15498] Test Script:  coverage run ./tests/runtests.py --verbosity 2 view_tests.tests.test_static;\n \n[django__django__4.1] [django__django-15498] Command: coverage run ./tests/runtests.py --verbosity 2 view_tests.tests.test_static \n[django__django__4.1] [django__django-15498] Subprocess args: {\"cwd\": \"/opt/django__django\", \"check\": false, \"shell\": false, \"universal_newlines\": true, \"stdout\": -1, \"stderr\": -2, \"timeout\": 300} \n[django__django__4.1] [django__django-15498] Std. Output:\ntest_serve_directory_index_template (view_tests.tests.test_static.StaticFileServeTests) ... ok\ntest_serve_directory_without_show_indexes (view_tests.tests.test_static.StaticFileServeTests) ... ok\ntest_serve_missing_file (view_tests.tests.test_static.StaticFileServeTests) ... ok\ntest_was_modified_since_empty_header (view_tests.tests.test_static.StaticFileServeTests) ... ok\ntest_was_modified_since_header_with_different_length (view_tests.tests.test_static.StaticFileServeTests) ... ok\ntest_was_modified_since_invalid_header (view_tests.tests.test_static.StaticFileServeTests) ... ok\ntest_was_modified_since_no_header (view_tests.tests.test_static.StaticFileServeTests) ... ok\ntest_was_modified_since_not_modified (view_tests.tests.test_static.StaticFileServeTests) ... ok\n\n----------------------------------------------------------------------\nRan 8 tests in 0.020s\n\nOK\nTesting against Django installed in '/opt/django__django/django' with up to 10 processes\nImporting application view_tests\nFound 8 test(s).\nSkipping setup of unused database(s): default, other.\nSystem check identified no issues (0 silenced).\n \n[django__django__4.1] [django__django-15498] Return Code: 0 \n[django__django__4.1] [django__django-15498] TestsTime: 2.225576400756836 \n[django__django__4.1] [django__django-15498] \n>>>>> All Tests Passed\n \n[django__django__4.1] [django__django-15498] Current Working Directory: /opt/django__django \n[django__django__4.1] [django__django-15498] Command: coverage json -o coverage.json \n[django__django__4.1] [django__django-15498] Subprocess args: {\"cwd\": \"/opt/django__django\", \"check\": false, \"shell\": false, \"universal_newlines\": true, \"stdout\": -1, \"stderr\": -2} \n[django__django__4.1] [django__django-15498] Std. Output:\nWrote JSON report to coverage.json\n \n[django__django__4.1] [django__django-15498] Return Code: 0 \n[django__django__4.1] [django__django-15498] \nCoverageLOG: 77.77777777777777%\n \n[django__django__4.1] [django__django-15498] Running mutation testing \n[django__django__4.1] [django__django-15498] Command: cosmic-ray init mutation.toml mutation.sqlite \n[django__django__4.1] [django__django-15498] Subprocess args: {\"cwd\": \"/opt/django__django\", \"check\": false, \"shell\": false, \"universal_newlines\": true, \"stdout\": -1, \"stderr\": -2, \"timeout\": 300} \n[django__django__4.1] [django__django-15498] Std. Output:\n \n[django__django__4.1] [django__django-15498] Return Code: 0 \n[django__django__4.1] [django__django-15498] Command: cosmic-ray exec mutation.toml mutation.sqlite \n[django__django__4.1] [django__django-15498] Subprocess args: {\"cwd\": \"/opt/django__django\", \"check\": false, \"shell\": false, \"universal_newlines\": true, \"stdout\": -1, \"stderr\": -2, \"timeout\": 3600} \n[django__django__4.1] [django__django-15498] Std. Output:\n \n[django__django__4.1] [django__django-15498] Return Code: 0 \n[django__django__4.1] [django__django-15498] Command: cr-rate mutation.sqlite --estimate --confidence 95.0 \n[django__django__4.1] [django__django-15498] Subprocess args: {\"cwd\": \"/opt/django__django\", \"check\": false, \"shell\": false, \"universal_newlines\": true, \"stdout\": -1, \"stderr\": -2} \n[django__django__4.1] [django__django-15498] Std. Output:\n34.78 34.78 34.78\n \n[django__django__4.1] [django__django-15498] Return Code: 0 \n[django__django__4.1] [django__django-15498] Command: cr-report mutation.sqlite \n[django__django__4.1] [django__django-15498] Subprocess args: {\"cwd\": \"/opt/django__django\", \"check\": false, \"shell\": false, \"universal_newlines\": true, \"stdout\": -1, \"stderr\": -2} \n[django__django__4.1] [django__django-15498] Std. Output:\n[job-id] f1c334c4dce144f6921846e58d19c367\ndjango/views/static.py core/ReplaceBinaryOperator_Add_Sub 0\nworker outcome: normal, test outcome: killed\n[job-id] ed0997108ff5444381676abc76490a6d\ndjango/views/static.py core/ReplaceBinaryOperator_Add_Mul 0\nworker outcome: normal, test outcome: killed\n[job-id] ed23e39e45ff4673804f437ed3d6812e\ndjango/views/static.py core/ReplaceBinaryOperator_Add_Div 0\nworker outcome: normal, test outcome: killed\n[job-id] 0ada1c0cba9d48ba9f375248b131b8b7\ndjango/views/static.py core/ReplaceBinaryOperator_Add_FloorDiv 0\nworker outcome: normal, test outcome: killed\n[job-id] afe0d01e056147679a7e7e46ae7796ff\ndjango/views/static.py core/ReplaceBinaryOperator_Add_Mod 0\nworker outcome: normal, test outcome: killed\n[job-id] 06721e2770d44537889bcc305ab0e4a7\ndjango/views/static.py core/ReplaceBinaryOperator_Add_Pow 0\nworker outcome: normal, test outcome: killed\n[job-id] 82a4507bfa3743048db8e126fafb75f1\ndjango/views/static.py core/ReplaceBinaryOperator_Add_RShift 0\nworker outcome: normal, test outcome: killed\n[job-id] 97ee6cbe04cf4e09be1b6679cdbdedae\ndjango/views/static.py core/ReplaceBinaryOperator_Add_LShift 0\nworker outcome: normal, test outcome: killed\n[job-id] 76820ee349074b5c95fa9618f9eaf2d1\ndjango/views/static.py core/ReplaceBinaryOperator_Add_BitOr 0\nworker outcome: normal, test outcome: killed\n[job-id] 8b1a00384c124a0392a7c9981297aaeb\ndjango/views/static.py core/ReplaceBinaryOperator_Add_BitAnd 0\nworker outcome: normal, test outcome: killed\n[job-id] 675b59bed0504d609a76341931a01182\ndjango/views/static.py core/ReplaceBinaryOperator_Add_BitXor 0\nworker outcome: normal, test outcome: killed\n[job-id] b6331b884fbe46e0b1d32097da7051bc\ndjango/views/static.py core/ReplaceBinaryOperator_Mod_Add 0\nworker outcome: normal, test outcome: killed\n[job-id] f9d646c863cf4976afb91cfc19d7f519\ndjango/views/static.py core/ReplaceBinaryOperator_Mod_Sub 0\nworker outcome: normal, test outcome: killed\n[job-id] 8bbb828f5349466497609677680ad5bd\ndjango/views/static.py core/ReplaceBinaryOperator_Mod_Mul 0\nworker outcome: normal, test outcome: killed\n[job-id] 0ffdd28e2596433581153cceb6be2809\ndjango/views/static.py core/ReplaceBinaryOperator_Mod_Div 0\nworker outcome: normal, test outcome: killed\n[job-id] 3ca80a6acad54dcc895c16dd130148bb\ndjango/views/static.py core/ReplaceBinaryOperator_Mod_FloorDiv 0\nworker outcome: normal, test outcome: killed\n[job-id] e91a8b48ff7a4562b59391c98bedecdb\ndjango/views/static.py core/ReplaceBinaryOperator_Mod_Pow 0\nworker outcome: normal, test outcome: killed\n[job-id] f7ecf688c9c046e4a4debf3ab0f98f2f\ndjango/views/static.py core/ReplaceBinaryOperator_Mod_RShift 0\nworker outcome: normal, test outcome: killed\n[job-id] c82c6fc7952f4150b4813fdb4bc22abb\ndjango/views/static.py core/ReplaceBinaryOperator_Mod_LShift 0\nworker outcome: normal, test outcome: killed\n[job-id] 3e010854ebce43dda58d1848ef691b1b\ndjango/views/static.py core/ReplaceBinaryOperator_Mod_BitOr 0\nworker outcome: normal, test outcome: killed\n[job-id] eb2cf0b3f939462b8746296318c7e550\ndjango/views/static.py core/ReplaceBinaryOperator_Mod_BitAnd 0\nworker outcome: normal, test outcome: killed\n[job-id] 3d30f120ecc148019bd03c35ff2bed08\ndjango/views/static.py core/ReplaceBinaryOperator_Mod_BitXor 0\nworker outcome: normal, test outcome: killed\n[job-id] 9bacd2bb2f724a2d9f3d2cdfa44a6a0d\ndjango/views/static.py core/ReplaceComparisonOperator_NotEq_Eq 0\nworker outcome: normal, test outcome: survived\n[job-id] c408dd63c9b34706999ca4c31902611a\ndjango/views/static.py core/ReplaceComparisonOperator_NotEq_Lt 0\nworker outcome: normal, test outcome: survived\n[job-id] db7d47ebda2d418daa870ecbd93d1ce0\ndjango/views/static.py core/ReplaceComparisonOperator_NotEq_LtE 0\nworker outcome: normal, test outcome: survived\n[job-id] aa306edb6a4c4bfda25a35b8e17384b1\ndjango/views/static.py core/ReplaceComparisonOperator_NotEq_Gt 0\nworker outcome: normal, test outcome: survived\n[job-id] f5bd39834a344e7ca4c96a768951fcd4\ndjango/views/static.py core/ReplaceComparisonOperator_NotEq_GtE 0\nworker outcome: normal, test outcome: survived\n[job-id] 2aa04dae139a4e3dbd069171c6c46b40\ndjango/views/static.py core/ReplaceComparisonOperator_NotEq_Is 0\nworker outcome: normal, test outcome: survived\n[job-id] 70355b62548142c19040b2a804fde4ec\ndjango/views/static.py core/ReplaceComparisonOperator_NotEq_IsNot 0\nworker outcome: normal, test outcome: survived\n[job-id] f51a8e06961647a0bb49a2ef23ec0f99\ndjango/views/static.py core/ReplaceComparisonOperator_Gt_Eq 0\nworker outcome: normal, test outcome: killed\n[job-id] 9baf6dc2a56a47738b3835670d28a1b9\ndjango/views/static.py core/ReplaceComparisonOperator_Gt_NotEq 0\nworker outcome: normal, test outcome: survived\n[job-id] 12198bde79f54f5192e2b79858df1d07\ndjango/views/static.py core/ReplaceComparisonOperator_Gt_Lt 0\nworker outcome: normal, test outcome: killed\n[job-id] 845550a0ffd949c0b62365a6846dd274\ndjango/views/static.py core/ReplaceComparisonOperator_Gt_LtE 0\nworker outcome: normal, test outcome: killed\n[job-id] aa655b30496945ce9af61b144b1537e7\ndjango/views/static.py core/ReplaceComparisonOperator_Gt_GtE 0\nworker outcome: normal, test outcome: survived\n[job-id] ffd1c743bdfa462fab8b17504832cadc\ndjango/views/static.py core/ReplaceComparisonOperator_Gt_Is 0\nworker outcome: normal, test outcome: killed\n[job-id] 562b905bad18436eacf686d6480e3c72\ndjango/views/static.py core/ReplaceComparisonOperator_Gt_IsNot 0\nworker outcome: normal, test outcome: survived\n[job-id] 13b1c5ef5fca4512ac5180652492f4ad\ndjango/views/static.py core/ReplaceComparisonOperator_Is_IsNot 0\nworker outcome: normal, test outcome: killed\n[job-id] 8b2df2f7e8a34cb3a8a303b33125cff3\ndjango/views/static.py core/ReplaceComparisonOperator_Is_IsNot 1\nworker outcome: normal, test outcome: killed\n[job-id] a25009369ea74b18b430651fdbd642c7\ndjango/views/static.py core/ReplaceUnaryOperator_Delete_Not 0\nworker outcome: normal, test outcome: killed\n[job-id] 0e1a43d6f19242d8ab2839356adc31aa\ndjango/views/static.py core/ReplaceUnaryOperator_Delete_Not 1\nworker outcome: normal, test outcome: survived\n[job-id] 4dcea8b87ee049819c827bbbc70ca8c1\ndjango/views/static.py core/ReplaceUnaryOperator_Delete_Not 2\nworker outcome: normal, test outcome: killed\n[job-id] 340ff222bad5469cb75e99f4a625b4d1\ndjango/views/static.py core/AddNot 0\nworker outcome: normal, test outcome: killed\n[job-id] 3e6bf71aae514571b25f0d163c37d75c\ndjango/views/static.py core/AddNot 1\nworker outcome: normal, test outcome: killed\n[job-id] 76a650d41a4f40a2848c5af824bf9d8c\ndjango/views/static.py core/AddNot 2\nworker outcome: normal, test outcome: killed\n[job-id] 6c87bc373b24422abba2fa820556adee\ndjango/views/static.py core/AddNot 3\nworker outcome: normal, test outcome: survived\n[job-id] 096cf52d0ac8484caa081254b1f3bcf6\ndjango/views/static.py core/AddNot 4\nworker outcome: normal, test outcome: survived\n[job-id] 97d583c6bb2f4d40bae27dd494419c36\ndjango/views/static.py core/AddNot 5\nworker outcome: normal, test outcome: killed\n[job-id] f986244750ba4d8690f5af816abac9db\ndjango/views/static.py core/AddNot 6\nworker outcome: normal, test outcome: killed\n[job-id] 32d0cf51c90d496ab1c8fc373392105e\ndjango/views/static.py core/AddNot 7\nworker outcome: normal, test outcome: killed\n[job-id] c286f74370b441c7875ed30cbeb1d5ff\ndjango/views/static.py core/AddNot 8\nworker outcome: normal, test outcome: killed\n[job-id] def9272e73bf4c6499f1a0273d6ab55c\ndjango/views/static.py core/AddNot 9\nworker outcome: normal, test outcome: survived\n[job-id] 41f11cb61d0e4ab2a29e5bbb9a838085\ndjango/views/static.py core/AddNot 10\nworker outcome: normal, test outcome: killed\n[job-id] 7f8848d23bae4f51b4b40323a2d7b0bf\ndjango/views/static.py core/ReplaceTrueWithFalse 0\nworker outcome: normal, test outcome: killed\n[job-id] 827418b3654f4da191858a0e19208ea3\ndjango/views/static.py core/ReplaceFalseWithTrue 0\nworker outcome: normal, test outcome: survived\n[job-id] cce6c5bbebdf4c8c90491d9305c5e030\ndjango/views/static.py core/ReplaceFalseWithTrue 1\nworker outcome: normal, test outcome: survived\n[job-id] 0eafb40a1c9e4ba190104f16daa01aa3\ndjango/views/static.py core/ReplaceAndWithOr 0\nworker outcome: normal, test outcome: survived\n[job-id] f7a1056b96c6441db8a986db454d5840\ndjango/views/static.py core/ReplaceOrWithAnd 0\nworker outcome: normal, test outcome: survived\n[job-id] 0985b35601794f149c07abbfb58c4ea5\ndjango/views/static.py core/ExceptionReplacer 0\nworker outcome: normal, test outcome: killed\n[job-id] fe776c5afc4c4ce9a77fff9543508d3b\ndjango/views/static.py core/ExceptionReplacer 1\nworker outcome: normal, test outcome: killed\n[job-id] e3d87c8eb56d4044aefb9a5db8b6368b\ndjango/views/static.py core/ExceptionReplacer 2\nworker outcome: normal, test outcome: killed\n[job-id] acd6e96a31594ac0b80eadec535a4273\ndjango/views/static.py core/NumberReplacer 0\nworker outcome: normal, test outcome: survived\n[job-id] dc1e106aa57d42da9e219649120b4418\ndjango/views/static.py core/NumberReplacer 1\nworker outcome: normal, test outcome: survived\n[job-id] 3fd5f85c0406492da14c11cacc0da2c1\ndjango/views/static.py core/NumberReplacer 2\nworker outcome: normal, test outcome: survived\n[job-id] 178ad06e12dd4680991cd7a4f1ac3b73\ndjango/views/static.py core/NumberReplacer 3\nworker outcome: normal, test outcome: survived\n[job-id] 3232dce4ebd24d3682bb17d78bf4f616\ndjango/views/static.py core/NumberReplacer 4\nworker outcome: normal, test outcome: killed\n[job-id] ab3f87e5f2ea44daaa82d74dd2c10924\ndjango/views/static.py core/NumberReplacer 5\nworker outcome: normal, test outcome: survived\n[job-id] 07ad1f515e574b79b349cd38714903a8\ndjango/views/static.py core/NumberReplacer 6\nworker outcome: normal, test outcome: killed\n[job-id] 17c488de283c4a7ebcbbd485576a2fab\ndjango/views/static.py core/NumberReplacer 7\nworker outcome: normal, test outcome: survived\n[job-id] a7aea2d01716426c8d7435312687a6c9\ndjango/views/static.py core/ZeroIterationForLoop 0\nworker outcome: normal, test outcome: killed\ntotal jobs: 69\ncomplete: 69 (100.00%)\nsurviving mutants: 24 (34.78%)\n \n[django__django__4.1] [django__django-15498] Return Code: 0 \n[django__django__4.1] [django__django-15498] \nMutationNum: 69 \n[django__django__4.1] [django__django-15498] \nMutationLOG: 65.22% \n[django__django__4.1] [django__django-15498] \nMutationUncertainty: 0.0 \n[django__django__4.1] [django__django-15498] Test script run successful \n[django__django__4.1] [django__django-15498] Removing coverage \n[django__django__4.1] [django__django-15498] >>>>> Unfiltered Tests Failed \n",
  "success": true,
  "task_id": "django__django-15498-90",
  "test_error": "Success"
}