{
  "code_file": "django/views/static.py",
  "coverage": 77.77777777777777,
  "coverageDetails": {},
  "executionTime": 0.0,
  "exitCode": -1,
  "instance_id": "django__django-15498",
  "log_path": "/Users/deepaksaipendyala/Documents/Fall25/GAI4SE/Project.nosync/CSC591-GenerativeAIforSE_TestgenEval-runner-rewrite/src/runner/results/e3bd9653-19e1-4ae9-92fa-b1c96739a861/django__django/4.1/logs/django__django-15498-90.custom-runner.full.eval.log",
  "mutation_num": 69.0,
  "mutation_score": 65.22,
  "mutation_uncertainty": 0.0,
  "repoPath": "/dev/null",
  "status": "success",
  "stderr": "",
  "stdout": "[django__django__4.1] [django__django-15498] Task Metadata:\n\t- Instance ID: django__django-15498\n\t- Testbed: django__django__4.1\n\t- Evaluation Model: custom-runner\n\t- Python version: Python 3.9.19\n \n[django__django__4.1] [django__django-15498] Command: git config --global --add safe.directory /opt/django__django \n[django__django__4.1] [django__django-15498] Subprocess args: {\"cwd\": \"/opt/django__django\", \"check\": true, \"shell\": false, \"universal_newlines\": true, \"stdout\": -1, \"stderr\": -2} \n[django__django__4.1] [django__django-15498] Std. Output:\n \n[django__django__4.1] [django__django-15498] Return Code: 0 \n[django__django__4.1] [django__django-15498] Command: git -c advice.detachedHead=false checkout d90e34c61b27fba2527834806639eebbcfab9631 \n[django__django__4.1] [django__django-15498] Subprocess args: {\"cwd\": \"/opt/django__django\", \"check\": true, \"shell\": false, \"universal_newlines\": true, \"stdout\": -1, \"stderr\": -2} \n[django__django__4.1] [django__django-15498] Std. Output:\nPrevious HEAD position was 647480166b Refs #33685 -- Doc'd that using PostgreSQL's service names for testing purposes is not supported.\nHEAD is now at d90e34c61b Fixed #33561 -- Allowed synchronization of user attributes in RemoteUserBackend.\n \n[django__django__4.1] [django__django-15498] Return Code: 0 \n[django__django__4.1] [django__django-15498] Command: git diff > /opt/temp_django__django-15498_gold_init.patch \n[django__django__4.1] [django__django-15498] Subprocess args: {\"cwd\": \"/opt/django__django\", \"check\": true, \"shell\": true, \"universal_newlines\": true, \"stdout\": -1, \"stderr\": -2} \n[django__django__4.1] [django__django-15498] Std. Output:\n \n[django__django__4.1] [django__django-15498] Return Code: 0 \n[django__django__4.1] [django__django-15498] Command: git apply -v /opt/temp_django__django-15498_gold.patch \n[django__django__4.1] [django__django-15498] Subprocess args: {\"cwd\": \"/opt/django__django\", \"check\": false, \"shell\": false, \"universal_newlines\": true, \"stdout\": -1, \"stderr\": -2} \n[django__django__4.1] [django__django-15498] Std. Output:\nChecking patch django/views/static.py...\nApplied patch django/views/static.py cleanly.\n \n[django__django__4.1] [django__django-15498] Return Code: 0 \n[django__django__4.1] [django__django-15498] Apply patch successful (gold) \n>>>>> Applied Patch (gold)\n[django__django__4.1] [django__django-15498] Command: git diff > /opt/temp_django__django-15498_test_init.patch \n[django__django__4.1] [django__django-15498] Subprocess args: {\"cwd\": \"/opt/django__django\", \"check\": true, \"shell\": true, \"universal_newlines\": true, \"stdout\": -1, \"stderr\": -2} \n[django__django__4.1] [django__django-15498] Std. Output:\n \n[django__django__4.1] [django__django-15498] Return Code: 0 \n[django__django__4.1] [django__django-15498] Command: git restore tests/view_tests/tests/test_static.py \n[django__django__4.1] [django__django-15498] Subprocess args: {\"cwd\": \"/opt/django__django\", \"check\": true, \"shell\": false, \"universal_newlines\": true, \"stdout\": -1, \"stderr\": -2} \n[django__django__4.1] [django__django-15498] Std. Output:\n \n[django__django__4.1] [django__django-15498] Return Code: 0 \n[django__django__4.1] [django__django-15498] Command: git apply -v /opt/temp_django__django-15498_test.patch \n[django__django__4.1] [django__django-15498] Subprocess args: {\"cwd\": \"/opt/django__django\", \"check\": false, \"shell\": false, \"universal_newlines\": true, \"stdout\": -1, \"stderr\": -2} \n[django__django__4.1] [django__django-15498] Std. Output:\nChecking patch tests/view_tests/tests/test_static.py...\nApplied patch tests/view_tests/tests/test_static.py cleanly.\n \n[django__django__4.1] [django__django-15498] Return Code: 0 \n[django__django__4.1] [django__django-15498] Apply patch successful (test) \n>>>>> Applied Patch (test)\n[django__django__4.1] [django__django-15498] Command: coverage run ./tests/runtests.py --verbosity 2 view_tests.tests.test_static \n[django__django__4.1] [django__django-15498] Subprocess args: {\"cwd\": \"/opt/django__django\", \"check\": false, \"shell\": false, \"universal_newlines\": true, \"stdout\": -1, \"stderr\": -2, \"timeout\": 300} \n[django__django__4.1] [django__django-15498] Std. Output:\ntest_serve_valid_file (view_tests.tests.test_static.StaticFileServeTests) ... ERROR\n\n======================================================================\nERROR: test_serve_valid_file (view_tests.tests.test_static.StaticFileServeTests)\n----------------------------------------------------------------------\nTraceback (most recent call last):\n  File \"/opt/django__django/tests/view_tests/tests/test_static.py\", line 26, in test_serve_valid_file\n    response = serve(None, \"test_file.txt\", document_root=self.document_root)\n  File \"/opt/django__django/django/views/static.py\", line 45, in serve\n    request.META.get(\"HTTP_IF_MODIFIED_SINCE\"), statobj.st_mtime, statobj.st_size\nAttributeError: 'NoneType' object has no attribute 'META'\n\n----------------------------------------------------------------------\nRan 1 test in 0.003s\n\nFAILED (errors=1)\nTesting against Django installed in '/opt/django__django/django' with up to 10 processes\nImporting application view_tests\nFound 1 test(s).\nSkipping setup of unused database(s): default, other.\nSystem check identified no issues (0 silenced).\n \n[django__django__4.1] [django__django-15498] Return Code: 1 \n[django__django__4.1] [django__django-15498] TestsTime: 2.995147705078125 \n[django__django__4.1] [django__django-15498] Test script run successful \n[django__django__4.1] [django__django-15498] Removing coverage \n[django__django__4.1] [django__django-15498] Command: coverage run ./tests/runtests.py --verbosity 2 view_tests.tests.test_static \n[django__django__4.1] [django__django-15498] Subprocess args: {\"cwd\": \"/opt/django__django\", \"check\": false, \"shell\": false, \"universal_newlines\": true, \"stdout\": -1, \"stderr\": -2, \"timeout\": 300} \n[django__django__4.1] [django__django-15498] Std. Output:\ntest_serve_missing_file (view_tests.tests.test_static.StaticFileServeTests) ... ok\n\n----------------------------------------------------------------------\nRan 1 test in 0.004s\n\nOK\nTesting against Django installed in '/opt/django__django/django' with up to 10 processes\nImporting application view_tests\nFound 1 test(s).\nSkipping setup of unused database(s): default, other.\nSystem check identified no issues (0 silenced).\n \n[django__django__4.1] [django__django-15498] Return Code: 0 \n[django__django__4.1] [django__django-15498] TestsTime: 2.3828017711639404 \n[django__django__4.1] [django__django-15498] Test script run successful \n[django__django__4.1] [django__django-15498] Removing coverage \n[django__django__4.1] [django__django-15498] Command: coverage run ./tests/runtests.py --verbosity 2 view_tests.tests.test_static \n[django__django__4.1] [django__django-15498] Subprocess args: {\"cwd\": \"/opt/django__django\", \"check\": false, \"shell\": false, \"universal_newlines\": true, \"stdout\": -1, \"stderr\": -2, \"timeout\": 300} \n[django__django__4.1] [django__django-15498] Std. Output:\ntest_serve_directory_with_show_indexes (view_tests.tests.test_static.StaticFileServeTests) ... FAIL\n\n======================================================================\nFAIL: test_serve_directory_with_show_indexes (view_tests.tests.test_static.StaticFileServeTests)\n----------------------------------------------------------------------\nTraceback (most recent call last):\n  File \"/opt/django__django/tests/view_tests/tests/test_static.py\", line 28, in test_serve_directory_with_show_indexes\n    self.assertIn(\"<h1>Index of test_dir</h1>\", response.content.decode())\nAssertionError: '<h1>Index of test_dir</h1>' not found in '\\n\\n<!DOCTYPE html>\\n<html lang=\"en\">\\n  <head>\\n    <meta http-equiv=\"Content-type\" content=\"text/html; charset=utf-8\">\\n    <meta http-equiv=\"Content-Language\" content=\"en-us\">\\n    <meta name=\"robots\" content=\"NONE,NOARCHIVE\">\\n    <title>Index of test_dir/</title>\\n  </head>\\n  <body>\\n    <h1>Index of test_dir/</h1>\\n    <ul>\\n      \\n      <li><a href=\"../\">../</a></li>\\n      \\n      \\n      <li><a href=\"index.html\">index.html</a></li>\\n      \\n    </ul>\\n  </body>\\n</html>\\n'\n\n----------------------------------------------------------------------\nRan 1 test in 0.017s\n\nFAILED (failures=1)\nTesting against Django installed in '/opt/django__django/django' with up to 10 processes\nImporting application view_tests\nFound 1 test(s).\nSkipping setup of unused database(s): default, other.\nSystem check identified no issues (0 silenced).\n \n[django__django__4.1] [django__django-15498] Return Code: 1 \n[django__django__4.1] [django__django-15498] TestsTime: 2.3647916316986084 \n[django__django__4.1] [django__django-15498] Test script run successful \n[django__django__4.1] [django__django-15498] Removing coverage \n[django__django__4.1] [django__django-15498] Command: coverage run ./tests/runtests.py --verbosity 2 view_tests.tests.test_static \n[django__django__4.1] [django__django-15498] Subprocess args: {\"cwd\": \"/opt/django__django\", \"check\": false, \"shell\": false, \"universal_newlines\": true, \"stdout\": -1, \"stderr\": -2, \"timeout\": 300} \n[django__django__4.1] [django__django-15498] Std. Output:\ntest_serve_directory_without_show_indexes (view_tests.tests.test_static.StaticFileServeTests) ... ok\n\n----------------------------------------------------------------------\nRan 1 test in 0.002s\n\nOK\nTesting against Django installed in '/opt/django__django/django' with up to 10 processes\nImporting application view_tests\nFound 1 test(s).\nSkipping setup of unused database(s): default, other.\nSystem check identified no issues (0 silenced).\n \n[django__django__4.1] [django__django-15498] Return Code: 0 \n[django__django__4.1] [django__django-15498] TestsTime: 2.279219150543213 \n[django__django__4.1] [django__django-15498] Test script run successful \n[django__django__4.1] [django__django-15498] Removing coverage \n[django__django__4.1] [django__django-15498] Command: coverage run ./tests/runtests.py --verbosity 2 view_tests.tests.test_static \n[django__django__4.1] [django__django-15498] Subprocess args: {\"cwd\": \"/opt/django__django\", \"check\": false, \"shell\": false, \"universal_newlines\": true, \"stdout\": -1, \"stderr\": -2, \"timeout\": 300} \n[django__django__4.1] [django__django-15498] Std. Output:\ntest_serve_directory_index_template (view_tests.tests.test_static.StaticFileServeTests) ... ok\n\n----------------------------------------------------------------------\nRan 1 test in 0.011s\n\nOK\nTesting against Django installed in '/opt/django__django/django' with up to 10 processes\nImporting application view_tests\nFound 1 test(s).\nSkipping setup of unused database(s): default, other.\nSystem check identified no issues (0 silenced).\n \n[django__django__4.1] [django__django-15498] Return Code: 0 \n[django__django__4.1] [django__django-15498] TestsTime: 2.2166011333465576 \n[django__django__4.1] [django__django-15498] Test script run successful \n[django__django__4.1] [django__django-15498] Removing coverage \n[django__django__4.1] [django__django-15498] Command: coverage run ./tests/runtests.py --verbosity 2 view_tests.tests.test_static \n[django__django__4.1] [django__django-15498] Subprocess args: {\"cwd\": \"/opt/django__django\", \"check\": false, \"shell\": false, \"universal_newlines\": true, \"stdout\": -1, \"stderr\": -2, \"timeout\": 300} \n[django__django__4.1] [django__django-15498] Std. Output:\ntest_serve_directory_index_template_no_template (view_tests.tests.test_static.StaticFileServeTests) ... ERROR\n\n======================================================================\nERROR: test_serve_directory_index_template_no_template (view_tests.tests.test_static.StaticFileServeTests)\n----------------------------------------------------------------------\nTraceback (most recent call last):\n  File \"/opt/django__django/tests/view_tests/tests/test_static.py\", line 26, in test_serve_directory_index_template_no_template\n    response = directory_index(\"nonexistent_dir\", Path(self.document_root / \"nonexistent_dir\"))\n  File \"/opt/django__django/django/views/static.py\", line 99, in directory_index\n    for f in fullpath.iterdir():\n  File \"/opt/pyenv/versions/3.9.19/lib/python3.9/pathlib.py\", line 1160, in iterdir\n    for name in self._accessor.listdir(self):\nFileNotFoundError: [Errno 2] No such file or directory: '/tmp/django_dylq62mz/tmp4ejbdw0a/nonexistent_dir'\n\n----------------------------------------------------------------------\nRan 1 test in 0.011s\n\nFAILED (errors=1)\nTesting against Django installed in '/opt/django__django/django' with up to 10 processes\nImporting application view_tests\nFound 1 test(s).\nSkipping setup of unused database(s): default, other.\nSystem check identified no issues (0 silenced).\n \n[django__django__4.1] [django__django-15498] Return Code: 1 \n[django__django__4.1] [django__django-15498] TestsTime: 2.2163984775543213 \n[django__django__4.1] [django__django-15498] Test script run successful \n[django__django__4.1] [django__django-15498] Removing coverage \n[django__django__4.1] [django__django-15498] Command: coverage run ./tests/runtests.py --verbosity 2 view_tests.tests.test_static \n[django__django__4.1] [django__django-15498] Subprocess args: {\"cwd\": \"/opt/django__django\", \"check\": false, \"shell\": false, \"universal_newlines\": true, \"stdout\": -1, \"stderr\": -2, \"timeout\": 300} \n[django__django__4.1] [django__django-15498] Std. Output:\ntest_was_modified_since (view_tests.tests.test_static.StaticFileServeTests) ... FAIL\n\n======================================================================\nFAIL: test_was_modified_since (view_tests.tests.test_static.StaticFileServeTests)\n----------------------------------------------------------------------\nTraceback (most recent call last):\n  File \"/opt/django__django/tests/view_tests/tests/test_static.py\", line 29, in test_was_modified_since\n    self.assertFalse(was_modified_since(header, mtime, size))\nAssertionError: True is not false\n\n----------------------------------------------------------------------\nRan 1 test in 0.005s\n\nFAILED (failures=1)\nTesting against Django installed in '/opt/django__django/django' with up to 10 processes\nImporting application view_tests\nFound 1 test(s).\nSkipping setup of unused database(s): default, other.\nSystem check identified no issues (0 silenced).\n \n[django__django__4.1] [django__django-15498] Return Code: 1 \n[django__django__4.1] [django__django-15498] TestsTime: 2.2610466480255127 \n[django__django__4.1] [django__django-15498] Test script run successful \n[django__django__4.1] [django__django-15498] Removing coverage \n[django__django__4.1] [django__django-15498] Command: coverage run ./tests/runtests.py --verbosity 2 view_tests.tests.test_static \n[django__django__4.1] [django__django-15498] Subprocess args: {\"cwd\": \"/opt/django__django\", \"check\": false, \"shell\": false, \"universal_newlines\": true, \"stdout\": -1, \"stderr\": -2, \"timeout\": 300} \n[django__django__4.1] [django__django-15498] Std. Output:\ntest_was_modified_since_not_modified (view_tests.tests.test_static.StaticFileServeTests) ... ok\n\n----------------------------------------------------------------------\nRan 1 test in 0.004s\n\nOK\nTesting against Django installed in '/opt/django__django/django' with up to 10 processes\nImporting application view_tests\nFound 1 test(s).\nSkipping setup of unused database(s): default, other.\nSystem check identified no issues (0 silenced).\n \n[django__django__4.1] [django__django-15498] Return Code: 0 \n[django__django__4.1] [django__django-15498] TestsTime: 2.171215534210205 \n[django__django__4.1] [django__django-15498] Test script run successful \n[django__django__4.1] [django__django-15498] Removing coverage \n[django__django__4.1] [django__django-15498] Command: coverage run ./tests/runtests.py --verbosity 2 view_tests.tests.test_static \n[django__django__4.1] [django__django-15498] Subprocess args: {\"cwd\": \"/opt/django__django\", \"check\": false, \"shell\": false, \"universal_newlines\": true, \"stdout\": -1, \"stderr\": -2, \"timeout\": 300} \n[django__django__4.1] [django__django-15498] Std. Output:\ntest_was_modified_since_invalid_header (view_tests.tests.test_static.StaticFileServeTests) ... ok\n\n----------------------------------------------------------------------\nRan 1 test in 0.005s\n\nOK\nTesting against Django installed in '/opt/django__django/django' with up to 10 processes\nImporting application view_tests\nFound 1 test(s).\nSkipping setup of unused database(s): default, other.\nSystem check identified no issues (0 silenced).\n \n[django__django__4.1] [django__django-15498] Return Code: 0 \n[django__django__4.1] [django__django-15498] TestsTime: 2.1854941844940186 \n[django__django__4.1] [django__django-15498] Test script run successful \n[django__django__4.1] [django__django-15498] Removing coverage \n[django__django__4.1] [django__django-15498] Command: coverage run ./tests/runtests.py --verbosity 2 view_tests.tests.test_static \n[django__django__4.1] [django__django-15498] Subprocess args: {\"cwd\": \"/opt/django__django\", \"check\": false, \"shell\": false, \"universal_newlines\": true, \"stdout\": -1, \"stderr\": -2, \"timeout\": 300} \n[django__django__4.1] [django__django-15498] Std. Output:\ntest_was_modified_since_no_header (view_tests.tests.test_static.StaticFileServeTests) ... ok\n\n----------------------------------------------------------------------\nRan 1 test in 0.002s\n\nOK\nTesting against Django installed in '/opt/django__django/django' with up to 10 processes\nImporting application view_tests\nFound 1 test(s).\nSkipping setup of unused database(s): default, other.\nSystem check identified no issues (0 silenced).\n \n[django__django__4.1] [django__django-15498] Return Code: 0 \n[django__django__4.1] [django__django-15498] TestsTime: 2.1651813983917236 \n[django__django__4.1] [django__django-15498] Test script run successful \n[django__django__4.1] [django__django-15498] Removing coverage \n[django__django__4.1] [django__django-15498] Command: coverage run ./tests/runtests.py --verbosity 2 view_tests.tests.test_static \n[django__django__4.1] [django__django-15498] Subprocess args: {\"cwd\": \"/opt/django__django\", \"check\": false, \"shell\": false, \"universal_newlines\": true, \"stdout\": -1, \"stderr\": -2, \"timeout\": 300} \n[django__django__4.1] [django__django-15498] Std. Output:\ntest_was_modified_since_empty_header (view_tests.tests.test_static.StaticFileServeTests) ... ok\n\n----------------------------------------------------------------------\nRan 1 test in 0.002s\n\nOK\nTesting against Django installed in '/opt/django__django/django' with up to 10 processes\nImporting application view_tests\nFound 1 test(s).\nSkipping setup of unused database(s): default, other.\nSystem check identified no issues (0 silenced).\n \n[django__django__4.1] [django__django-15498] Return Code: 0 \n[django__django__4.1] [django__django-15498] TestsTime: 2.19372296333313 \n[django__django__4.1] [django__django-15498] Test script run successful \n[django__django__4.1] [django__django-15498] Removing coverage \n[django__django__4.1] [django__django-15498] Command: coverage run ./tests/runtests.py --verbosity 2 view_tests.tests.test_static \n[django__django__4.1] [django__django-15498] Subprocess args: {\"cwd\": \"/opt/django__django\", \"check\": false, \"shell\": false, \"universal_newlines\": true, \"stdout\": -1, \"stderr\": -2, \"timeout\": 300} \n[django__django__4.1] [django__django-15498] Std. Output:\ntest_was_modified_since_header_with_extra_info (view_tests.tests.test_static.StaticFileServeTests) ... FAIL\n\n======================================================================\nFAIL: test_was_modified_since_header_with_extra_info (view_tests.tests.test_static.StaticFileServeTests)\n----------------------------------------------------------------------\nTraceback (most recent call last):\n  File \"/opt/django__django/tests/view_tests/tests/test_static.py\", line 29, in test_was_modified_since_header_with_extra_info\n    self.assertFalse(was_modified_since(header, mtime, size))\nAssertionError: True is not false\n\n----------------------------------------------------------------------\nRan 1 test in 0.003s\n\nFAILED (failures=1)\nTesting against Django installed in '/opt/django__django/django' with up to 10 processes\nImporting application view_tests\nFound 1 test(s).\nSkipping setup of unused database(s): default, other.\nSystem check identified no issues (0 silenced).\n \n[django__django__4.1] [django__django-15498] Return Code: 1 \n[django__django__4.1] [django__django-15498] TestsTime: 2.498760223388672 \n[django__django__4.1] [django__django-15498] Test script run successful \n[django__django__4.1] [django__django-15498] Removing coverage \n[django__django__4.1] [django__django-15498] Command: coverage run ./tests/runtests.py --verbosity 2 view_tests.tests.test_static \n[django__django__4.1] [django__django-15498] Subprocess args: {\"cwd\": \"/opt/django__django\", \"check\": false, \"shell\": false, \"universal_newlines\": true, \"stdout\": -1, \"stderr\": -2, \"timeout\": 300} \n[django__django__4.1] [django__django-15498] Std. Output:\ntest_was_modified_since_header_with_different_length (view_tests.tests.test_static.StaticFileServeTests) ... ok\n\n----------------------------------------------------------------------\nRan 1 test in 0.004s\n\nOK\nTesting against Django installed in '/opt/django__django/django' with up to 10 processes\nImporting application view_tests\nFound 1 test(s).\nSkipping setup of unused database(s): default, other.\nSystem check identified no issues (0 silenced).\n \n[django__django__4.1] [django__django-15498] Return Code: 0 \n[django__django__4.1] [django__django-15498] TestsTime: 2.3334224224090576 \n[django__django__4.1] [django__django-15498] Test script run successful \n[django__django__4.1] [django__django-15498] Removing coverage \n[django__django__4.1] [django__django-15498] Command: coverage run ./tests/runtests.py --verbosity 2 view_tests.tests.test_static \n[django__django__4.1] [django__django-15498] Subprocess args: {\"cwd\": \"/opt/django__django\", \"check\": false, \"shell\": false, \"universal_newlines\": true, \"stdout\": -1, \"stderr\": -2, \"timeout\": 300} \n[django__django__4.1] [django__django-15498] Std. Output:\ntest_was_modified_since_header_with_same_length (view_tests.tests.test_static.StaticFileServeTests) ... FAIL\n\n======================================================================\nFAIL: test_was_modified_since_header_with_same_length (view_tests.tests.test_static.StaticFileServeTests)\n----------------------------------------------------------------------\nTraceback (most recent call last):\n  File \"/opt/django__django/tests/view_tests/tests/test_static.py\", line 29, in test_was_modified_since_header_with_same_length\n    self.assertFalse(was_modified_since(header, mtime, size))\nAssertionError: True is not false\n\n----------------------------------------------------------------------\nRan 1 test in 0.004s\n\nFAILED (failures=1)\nTesting against Django installed in '/opt/django__django/django' with up to 10 processes\nImporting application view_tests\nFound 1 test(s).\nSkipping setup of unused database(s): default, other.\nSystem check identified no issues (0 silenced).\n \n[django__django__4.1] [django__django-15498] Return Code: 1 \n[django__django__4.1] [django__django-15498] TestsTime: 2.258812427520752 \n[django__django__4.1] [django__django-15498] Test script run successful \n[django__django__4.1] [django__django-15498] Removing coverage \n[django__django__4.1] [django__django-15498] >>>>> Tests configfull pred\n \n[django__django__4.1] [django__django-15498] Test Script:  coverage run ./tests/runtests.py --verbosity 2 view_tests.tests.test_static;\n \n[django__django__4.1] [django__django-15498] Command: coverage run ./tests/runtests.py --verbosity 2 view_tests.tests.test_static \n[django__django__4.1] [django__django-15498] Subprocess args: {\"cwd\": \"/opt/django__django\", \"check\": false, \"shell\": false, \"universal_newlines\": true, \"stdout\": -1, \"stderr\": -2, \"timeout\": 300} \n[django__django__4.1] [django__django-15498] Std. Output:\ntest_serve_directory_index_template (view_tests.tests.test_static.StaticFileServeTests) ... ok\ntest_serve_directory_without_show_indexes (view_tests.tests.test_static.StaticFileServeTests) ... ok\ntest_serve_missing_file (view_tests.tests.test_static.StaticFileServeTests) ... ok\ntest_was_modified_since_empty_header (view_tests.tests.test_static.StaticFileServeTests) ... ok\ntest_was_modified_since_header_with_different_length (view_tests.tests.test_static.StaticFileServeTests) ... ok\ntest_was_modified_since_invalid_header (view_tests.tests.test_static.StaticFileServeTests) ... ok\ntest_was_modified_since_no_header (view_tests.tests.test_static.StaticFileServeTests) ... ok\ntest_was_modified_since_not_modified (view_tests.tests.test_static.StaticFileServeTests) ... ok\n\n----------------------------------------------------------------------\nRan 8 tests in 0.022s\n\nOK\nTesting against Django installed in '/opt/django__django/django' with up to 10 processes\nImporting application view_tests\nFound 8 test(s).\nSkipping setup of unused database(s): default, other.\nSystem check identified no issues (0 silenced).\n \n[django__django__4.1] [django__django-15498] Return Code: 0 \n[django__django__4.1] [django__django-15498] TestsTime: 2.6050913333892822 \n[django__django__4.1] [django__django-15498] \n>>>>> All Tests Passed\n \n[django__django__4.1] [django__django-15498] Current Working Directory: /opt/django__django \n[django__django__4.1] [django__django-15498] Command: coverage json -o coverage.json \n[django__django__4.1] [django__django-15498] Subprocess args: {\"cwd\": \"/opt/django__django\", \"check\": false, \"shell\": false, \"universal_newlines\": true, \"stdout\": -1, \"stderr\": -2} \n[django__django__4.1] [django__django-15498] Std. Output:\nWrote JSON report to coverage.json\n \n[django__django__4.1] [django__django-15498] Return Code: 0 \n[django__django__4.1] [django__django-15498] \nCoverageLOG: 77.77777777777777%\n \n[django__django__4.1] [django__django-15498] Running mutation testing \n[django__django__4.1] [django__django-15498] Command: cosmic-ray init mutation.toml mutation.sqlite \n[django__django__4.1] [django__django-15498] Subprocess args: {\"cwd\": \"/opt/django__django\", \"check\": false, \"shell\": false, \"universal_newlines\": true, \"stdout\": -1, \"stderr\": -2, \"timeout\": 300} \n[django__django__4.1] [django__django-15498] Std. Output:\n \n[django__django__4.1] [django__django-15498] Return Code: 0 \n[django__django__4.1] [django__django-15498] Command: cosmic-ray exec mutation.toml mutation.sqlite \n[django__django__4.1] [django__django-15498] Subprocess args: {\"cwd\": \"/opt/django__django\", \"check\": false, \"shell\": false, \"universal_newlines\": true, \"stdout\": -1, \"stderr\": -2, \"timeout\": 3600} \n[django__django__4.1] [django__django-15498] Std. Output:\n \n[django__django__4.1] [django__django-15498] Return Code: 0 \n[django__django__4.1] [django__django-15498] Command: cr-rate mutation.sqlite --estimate --confidence 95.0 \n[django__django__4.1] [django__django-15498] Subprocess args: {\"cwd\": \"/opt/django__django\", \"check\": false, \"shell\": false, \"universal_newlines\": true, \"stdout\": -1, \"stderr\": -2} \n[django__django__4.1] [django__django-15498] Std. Output:\n34.78 34.78 34.78\n \n[django__django__4.1] [django__django-15498] Return Code: 0 \n[django__django__4.1] [django__django-15498] Command: cr-report mutation.sqlite \n[django__django__4.1] [django__django-15498] Subprocess args: {\"cwd\": \"/opt/django__django\", \"check\": false, \"shell\": false, \"universal_newlines\": true, \"stdout\": -1, \"stderr\": -2} \n[django__django__4.1] [django__django-15498] Std. Output:\n[job-id] 912ba74f11f44097880f10cd065acb44\ndjango/views/static.py core/ReplaceBinaryOperator_Add_Sub 0\nworker outcome: normal, test outcome: killed\n[job-id] e83abb8784c1414584f3b55ca16a3cc6\ndjango/views/static.py core/ReplaceBinaryOperator_Add_Mul 0\nworker outcome: normal, test outcome: killed\n[job-id] 112e3afadf5f46f8aa58864b68bcd2b9\ndjango/views/static.py core/ReplaceBinaryOperator_Add_Div 0\nworker outcome: normal, test outcome: killed\n[job-id] 2eadf430eb344b81b931cfcc1927cb19\ndjango/views/static.py core/ReplaceBinaryOperator_Add_FloorDiv 0\nworker outcome: normal, test outcome: killed\n[job-id] 3ab24664d74a47e3b339c314a234643b\ndjango/views/static.py core/ReplaceBinaryOperator_Add_Mod 0\nworker outcome: normal, test outcome: killed\n[job-id] d1c88fa0d9804bf09bc8e546c9b0ea9b\ndjango/views/static.py core/ReplaceBinaryOperator_Add_Pow 0\nworker outcome: normal, test outcome: killed\n[job-id] 4300c69d90414d1fb47e209e885f5649\ndjango/views/static.py core/ReplaceBinaryOperator_Add_RShift 0\nworker outcome: normal, test outcome: killed\n[job-id] faa069513e02418da2f7383a83aef0b1\ndjango/views/static.py core/ReplaceBinaryOperator_Add_LShift 0\nworker outcome: normal, test outcome: killed\n[job-id] 151cde228997437cb0473c3ed81f24ec\ndjango/views/static.py core/ReplaceBinaryOperator_Add_BitOr 0\nworker outcome: normal, test outcome: killed\n[job-id] acf89749eeb34a73abf3dff0665682a3\ndjango/views/static.py core/ReplaceBinaryOperator_Add_BitAnd 0\nworker outcome: normal, test outcome: killed\n[job-id] 8f1ec09f337248ab95cafdd6e11ae7bc\ndjango/views/static.py core/ReplaceBinaryOperator_Add_BitXor 0\nworker outcome: normal, test outcome: killed\n[job-id] 44165f2ce0f344439edd76da6c198188\ndjango/views/static.py core/ReplaceBinaryOperator_Mod_Add 0\nworker outcome: normal, test outcome: killed\n[job-id] 81c6a2e122a547b598a2bd539b6f4fb6\ndjango/views/static.py core/ReplaceBinaryOperator_Mod_Sub 0\nworker outcome: normal, test outcome: killed\n[job-id] 9f48258608824223abfaabc3ee40172d\ndjango/views/static.py core/ReplaceBinaryOperator_Mod_Mul 0\nworker outcome: normal, test outcome: killed\n[job-id] 27b70116268c4d85959d52bfcb78e773\ndjango/views/static.py core/ReplaceBinaryOperator_Mod_Div 0\nworker outcome: normal, test outcome: killed\n[job-id] 9ba4b1f6b6b24436b87df8f693a9cb7d\ndjango/views/static.py core/ReplaceBinaryOperator_Mod_FloorDiv 0\nworker outcome: normal, test outcome: killed\n[job-id] 88c8a3f8ed0549c4854e10814efd62e6\ndjango/views/static.py core/ReplaceBinaryOperator_Mod_Pow 0\nworker outcome: normal, test outcome: killed\n[job-id] 4d2bdc4b5f6043cebe58feba6b860d07\ndjango/views/static.py core/ReplaceBinaryOperator_Mod_RShift 0\nworker outcome: normal, test outcome: killed\n[job-id] e1fa014ed008474eabcec611d8d8ea11\ndjango/views/static.py core/ReplaceBinaryOperator_Mod_LShift 0\nworker outcome: normal, test outcome: killed\n[job-id] 56a3fb2435ff4d46bfb2a67d42b528d6\ndjango/views/static.py core/ReplaceBinaryOperator_Mod_BitOr 0\nworker outcome: normal, test outcome: killed\n[job-id] d628d15b424d4233b1f4e7dc9df6a50a\ndjango/views/static.py core/ReplaceBinaryOperator_Mod_BitAnd 0\nworker outcome: normal, test outcome: killed\n[job-id] 0635ea8e6e1d4fa6aca7992de78da4a4\ndjango/views/static.py core/ReplaceBinaryOperator_Mod_BitXor 0\nworker outcome: normal, test outcome: killed\n[job-id] 94c7dfb0907a4c948d18d31d7f67b950\ndjango/views/static.py core/ReplaceComparisonOperator_NotEq_Eq 0\nworker outcome: normal, test outcome: survived\n[job-id] 0c4a2ee1f97e4515be12e8e7287677fd\ndjango/views/static.py core/ReplaceComparisonOperator_NotEq_Lt 0\nworker outcome: normal, test outcome: survived\n[job-id] 543ac7fa2e5741178ec97013519f98c9\ndjango/views/static.py core/ReplaceComparisonOperator_NotEq_LtE 0\nworker outcome: normal, test outcome: survived\n[job-id] eb0055827a0146f68b7cad965f21d8fb\ndjango/views/static.py core/ReplaceComparisonOperator_NotEq_Gt 0\nworker outcome: normal, test outcome: survived\n[job-id] f0c54ee9acee4603a16b5ad127aafe8d\ndjango/views/static.py core/ReplaceComparisonOperator_NotEq_GtE 0\nworker outcome: normal, test outcome: survived\n[job-id] a8a4f3af79f4478ca1ba0ca4adbbc2f6\ndjango/views/static.py core/ReplaceComparisonOperator_NotEq_Is 0\nworker outcome: normal, test outcome: survived\n[job-id] 3d24ee3f628145148cad7372634ba120\ndjango/views/static.py core/ReplaceComparisonOperator_NotEq_IsNot 0\nworker outcome: normal, test outcome: survived\n[job-id] 25099ea811cb46ea8d3a3a05db4d9aaf\ndjango/views/static.py core/ReplaceComparisonOperator_Gt_Eq 0\nworker outcome: normal, test outcome: killed\n[job-id] 7259b501169340b4a0bb4a73077d67b0\ndjango/views/static.py core/ReplaceComparisonOperator_Gt_NotEq 0\nworker outcome: normal, test outcome: survived\n[job-id] 18969ad83e1f4be3b7401f8128c6aa10\ndjango/views/static.py core/ReplaceComparisonOperator_Gt_Lt 0\nworker outcome: normal, test outcome: killed\n[job-id] 8da5c3a0041d4ac68031552a7b2c8176\ndjango/views/static.py core/ReplaceComparisonOperator_Gt_LtE 0\nworker outcome: normal, test outcome: killed\n[job-id] 56f5e69e65b143efbc0704d4463f7823\ndjango/views/static.py core/ReplaceComparisonOperator_Gt_GtE 0\nworker outcome: normal, test outcome: survived\n[job-id] 50ad78aa6b2046d3bdabea203e711b27\ndjango/views/static.py core/ReplaceComparisonOperator_Gt_Is 0\nworker outcome: normal, test outcome: killed\n[job-id] 85d5b7402f2e48e6af84626f294d0271\ndjango/views/static.py core/ReplaceComparisonOperator_Gt_IsNot 0\nworker outcome: normal, test outcome: survived\n[job-id] 5f1d56399e8b490abccf2a807ec267ea\ndjango/views/static.py core/ReplaceComparisonOperator_Is_IsNot 0\nworker outcome: normal, test outcome: killed\n[job-id] 9c0cf4751aef4a92952d3798c079ee2d\ndjango/views/static.py core/ReplaceComparisonOperator_Is_IsNot 1\nworker outcome: normal, test outcome: killed\n[job-id] ff409a5a30144b438083b52c074f0741\ndjango/views/static.py core/ReplaceUnaryOperator_Delete_Not 0\nworker outcome: normal, test outcome: killed\n[job-id] 47c661de6c4e4564a3608a1452175d17\ndjango/views/static.py core/ReplaceUnaryOperator_Delete_Not 1\nworker outcome: normal, test outcome: survived\n[job-id] e1580c1ed4d747cb87c0d3ec5fe0a7a7\ndjango/views/static.py core/ReplaceUnaryOperator_Delete_Not 2\nworker outcome: normal, test outcome: killed\n[job-id] 7c0b3fe811bf47b2b0894b6685a78fe6\ndjango/views/static.py core/AddNot 0\nworker outcome: normal, test outcome: killed\n[job-id] fe10956378cf413a9002b4e5652b2753\ndjango/views/static.py core/AddNot 1\nworker outcome: normal, test outcome: killed\n[job-id] 243f69c3ff7d48cf9cdb33f7d8588112\ndjango/views/static.py core/AddNot 2\nworker outcome: normal, test outcome: killed\n[job-id] c07e1145d9a34eaca153875774a18586\ndjango/views/static.py core/AddNot 3\nworker outcome: normal, test outcome: survived\n[job-id] d8dcac449dde486d8f68ac5883e5a8d5\ndjango/views/static.py core/AddNot 4\nworker outcome: normal, test outcome: survived\n[job-id] 8dce9b97a0f14ad0a3058eed94b0c51d\ndjango/views/static.py core/AddNot 5\nworker outcome: normal, test outcome: killed\n[job-id] eb09b74e50a64bbab7262a3ea7fdc28d\ndjango/views/static.py core/AddNot 6\nworker outcome: normal, test outcome: killed\n[job-id] bb23e47ccbe648768a4a482fd11be827\ndjango/views/static.py core/AddNot 7\nworker outcome: normal, test outcome: killed\n[job-id] 122138e7724f4d78986117c633b9aed3\ndjango/views/static.py core/AddNot 8\nworker outcome: normal, test outcome: killed\n[job-id] d8de8fd441be4247bebb583ef86cc1c1\ndjango/views/static.py core/AddNot 9\nworker outcome: normal, test outcome: survived\n[job-id] e816e6bfdea14513a960fbb175958dbf\ndjango/views/static.py core/AddNot 10\nworker outcome: normal, test outcome: killed\n[job-id] c32e881b02704441a247b1138406d726\ndjango/views/static.py core/ReplaceTrueWithFalse 0\nworker outcome: normal, test outcome: killed\n[job-id] 490f2a3a820043dfbf61f208f95f434d\ndjango/views/static.py core/ReplaceFalseWithTrue 0\nworker outcome: normal, test outcome: survived\n[job-id] 018486ba66f045228fd00057d4e67ac5\ndjango/views/static.py core/ReplaceFalseWithTrue 1\nworker outcome: normal, test outcome: survived\n[job-id] 8e6af0dd677e42898473fba1915eb808\ndjango/views/static.py core/ReplaceAndWithOr 0\nworker outcome: normal, test outcome: survived\n[job-id] ab6c30c46ec142f1991594881a326a02\ndjango/views/static.py core/ReplaceOrWithAnd 0\nworker outcome: normal, test outcome: survived\n[job-id] a3643b6fe1574e5c97779df6a0b55e11\ndjango/views/static.py core/ExceptionReplacer 0\nworker outcome: normal, test outcome: killed\n[job-id] 4194ff7064b646979b3da8cb11992874\ndjango/views/static.py core/ExceptionReplacer 1\nworker outcome: normal, test outcome: killed\n[job-id] 579424b32c91496fb793f5c423c05060\ndjango/views/static.py core/ExceptionReplacer 2\nworker outcome: normal, test outcome: killed\n[job-id] e4eb0c50220648ab8d6e9cb05b266fde\ndjango/views/static.py core/NumberReplacer 0\nworker outcome: normal, test outcome: survived\n[job-id] 88565dbd6354401f923ebae83912791c\ndjango/views/static.py core/NumberReplacer 1\nworker outcome: normal, test outcome: survived\n[job-id] e61fb2d568f146649228507f261aacee\ndjango/views/static.py core/NumberReplacer 2\nworker outcome: normal, test outcome: survived\n[job-id] ed04769584a24c46abc4ba148e7da9dd\ndjango/views/static.py core/NumberReplacer 3\nworker outcome: normal, test outcome: survived\n[job-id] b81e75a36add4ebaa73ac2022c313ddc\ndjango/views/static.py core/NumberReplacer 4\nworker outcome: normal, test outcome: killed\n[job-id] 42b9e9e6d8f741b9beb19bfc1040b34f\ndjango/views/static.py core/NumberReplacer 5\nworker outcome: normal, test outcome: survived\n[job-id] 6e3a918f05504a689b8a6105b2a4d4eb\ndjango/views/static.py core/NumberReplacer 6\nworker outcome: normal, test outcome: killed\n[job-id] 9b2d62259d624d35bcf88b91537aa116\ndjango/views/static.py core/NumberReplacer 7\nworker outcome: normal, test outcome: survived\n[job-id] f3f3cdf5db644382b504fb0107481530\ndjango/views/static.py core/ZeroIterationForLoop 0\nworker outcome: normal, test outcome: killed\ntotal jobs: 69\ncomplete: 69 (100.00%)\nsurviving mutants: 24 (34.78%)\n \n[django__django__4.1] [django__django-15498] Return Code: 0 \n[django__django__4.1] [django__django-15498] \nMutationNum: 69 \n[django__django__4.1] [django__django-15498] \nMutationLOG: 65.22% \n[django__django__4.1] [django__django-15498] \nMutationUncertainty: 0.0 \n[django__django__4.1] [django__django-15498] Test script run successful \n[django__django__4.1] [django__django-15498] Removing coverage \n[django__django__4.1] [django__django-15498] >>>>> Unfiltered Tests Failed \n",
  "success": true,
  "task_id": "django__django-15498-90",
  "test_error": "Success"
}