{
  "code_file": "django/db/models/lookups.py",
  "coverage": 44.817927170868344,
  "coverageDetails": {},
  "executionTime": 0.0,
  "exitCode": -1,
  "instance_id": "django__django-11797",
  "log_path": "/Users/deepaksaipendyala/Documents/Fall25/GAI4SE/Project.nosync/CSC591-GenerativeAIforSE_TestgenEval-runner-rewrite/src/runner/results/64e9e17a-289e-4d04-80a6-a4ebc89fce0e/django__django/3.1/logs/django__django-11797-30.custom-runner.full.eval.log",
  "mutation_num": 367.0,
  "mutation_score": 2.180000000000007,
  "mutation_uncertainty": 0.0,
  "repoPath": "/dev/null",
  "status": "success",
  "stderr": "",
  "stdout": "[django__django__3.1] [django__django-11797] Task Metadata:\n\t- Instance ID: django__django-11797\n\t- Testbed: django__django__3.1\n\t- Evaluation Model: custom-runner\n\t- Python version: Python 3.6.15\n \n[django__django__3.1] [django__django-11797] Command: git config --global --add safe.directory /opt/django__django \n[django__django__3.1] [django__django-11797] Subprocess args: {\"cwd\": \"/opt/django__django\", \"check\": true, \"shell\": false, \"universal_newlines\": true, \"stdout\": -1, \"stderr\": -2} \n[django__django__3.1] [django__django-11797] Std. Output:\n \n[django__django__3.1] [django__django-11797] Return Code: 0 \n[django__django__3.1] [django__django-11797] Command: git -c advice.detachedHead=false checkout 3346b78a8a872286a245d1e77ef4718fc5e6be1a \n[django__django__3.1] [django__django-11797] Subprocess args: {\"cwd\": \"/opt/django__django\", \"check\": true, \"shell\": false, \"universal_newlines\": true, \"stdout\": -1, \"stderr\": -2} \n[django__django__3.1] [django__django-11797] Std. Output:\nPrevious HEAD position was 0668164b4a Fixed E128, E741 flake8 warnings.\nHEAD is now at 3346b78a8a Fixed #30786 -- Used CONVERT_TZ to check if the time zone definitions are installed on MySQL.\n \n[django__django__3.1] [django__django-11797] Return Code: 0 \n[django__django__3.1] [django__django-11797] Command: git diff > /opt/temp_django__django-11797_gold_init.patch \n[django__django__3.1] [django__django-11797] Subprocess args: {\"cwd\": \"/opt/django__django\", \"check\": true, \"shell\": true, \"universal_newlines\": true, \"stdout\": -1, \"stderr\": -2} \n[django__django__3.1] [django__django-11797] Std. Output:\n \n[django__django__3.1] [django__django-11797] Return Code: 0 \n[django__django__3.1] [django__django-11797] Command: git apply -v /opt/temp_django__django-11797_gold.patch \n[django__django__3.1] [django__django-11797] Subprocess args: {\"cwd\": \"/opt/django__django\", \"check\": false, \"shell\": false, \"universal_newlines\": true, \"stdout\": -1, \"stderr\": -2} \n[django__django__3.1] [django__django-11797] Std. Output:\nChecking patch django/db/models/lookups.py...\nApplied patch django/db/models/lookups.py cleanly.\n \n[django__django__3.1] [django__django-11797] Return Code: 0 \n[django__django__3.1] [django__django-11797] Apply patch successful (gold) \n>>>>> Applied Patch (gold)\n[django__django__3.1] [django__django-11797] Command: git diff > /opt/temp_django__django-11797_test_init.patch \n[django__django__3.1] [django__django-11797] Subprocess args: {\"cwd\": \"/opt/django__django\", \"check\": true, \"shell\": true, \"universal_newlines\": true, \"stdout\": -1, \"stderr\": -2} \n[django__django__3.1] [django__django-11797] Std. Output:\n \n[django__django__3.1] [django__django-11797] Return Code: 0 \n[django__django__3.1] [django__django-11797] Command: git restore tests/lookup/tests.py \n[django__django__3.1] [django__django-11797] Subprocess args: {\"cwd\": \"/opt/django__django\", \"check\": true, \"shell\": false, \"universal_newlines\": true, \"stdout\": -1, \"stderr\": -2} \n[django__django__3.1] [django__django-11797] Std. Output:\n \n[django__django__3.1] [django__django-11797] Return Code: 0 \n[django__django__3.1] [django__django-11797] Command: git apply -v /opt/temp_django__django-11797_test.patch \n[django__django__3.1] [django__django-11797] Subprocess args: {\"cwd\": \"/opt/django__django\", \"check\": false, \"shell\": false, \"universal_newlines\": true, \"stdout\": -1, \"stderr\": -2} \n[django__django__3.1] [django__django-11797] Std. Output:\nChecking patch tests/lookup/tests.py...\nApplied patch tests/lookup/tests.py cleanly.\n \n[django__django__3.1] [django__django-11797] Return Code: 0 \n[django__django__3.1] [django__django-11797] Apply patch successful (test) \n>>>>> Applied Patch (test)\n[django__django__3.1] [django__django-11797] Command: coverage run ./tests/runtests.py --verbosity 2 lookup.tests \n[django__django__3.1] [django__django-11797] Subprocess args: {\"cwd\": \"/opt/django__django\", \"check\": false, \"shell\": false, \"universal_newlines\": true, \"stdout\": -1, \"stderr\": -2, \"timeout\": 300} \n[django__django__3.1] [django__django-11797] Std. Output:\ntest_exact_lookup (lookup.tests.LookupTests) ... ERROR\n\n======================================================================\nERROR: test_exact_lookup (lookup.tests.LookupTests)\n----------------------------------------------------------------------\nTraceback (most recent call last):\n  File \"/opt/django__django/tests/lookup/tests.py\", line 26, in test_exact_lookup\n    sql, params = lookup.as_sql(None, None)\n  File \"/opt/django__django/django/db/models/lookups.py\", line 176, in as_sql\n    lhs_sql, params = self.process_lhs(compiler, connection)\n  File \"/opt/django__django/django/db/models/lookups.py\", line 167, in process_lhs\n    lhs_sql, params = super().process_lhs(compiler, connection, lhs)\n  File \"/opt/django__django/django/db/models/lookups.py\", line 82, in process_lhs\n    return compiler.compile(lhs)\nAttributeError: 'NoneType' object has no attribute 'compile'\n\n----------------------------------------------------------------------\nRan 1 test in 0.001s\n\nFAILED (errors=1)\nTesting against Django installed in '/opt/django__django/django' with up to 10 processes\nImporting application lookup\nSkipping setup of unused database(s): default, other.\nSystem check identified no issues (0 silenced).\n \n[django__django__3.1] [django__django-11797] Return Code: 1 \n[django__django__3.1] [django__django-11797] TestsTime: 1.499751091003418 \n[django__django__3.1] [django__django-11797] Test script run successful \n[django__django__3.1] [django__django-11797] Removing coverage \n[django__django__3.1] [django__django-11797] Command: coverage run ./tests/runtests.py --verbosity 2 lookup.tests \n[django__django__3.1] [django__django-11797] Subprocess args: {\"cwd\": \"/opt/django__django\", \"check\": false, \"shell\": false, \"universal_newlines\": true, \"stdout\": -1, \"stderr\": -2, \"timeout\": 300} \n[django__django__3.1] [django__django-11797] Std. Output:\ntest_iexact_lookup (lookup.tests.LookupTests) ... ERROR\n\n======================================================================\nERROR: test_iexact_lookup (lookup.tests.LookupTests)\n----------------------------------------------------------------------\nTraceback (most recent call last):\n  File \"/opt/django__django/tests/lookup/tests.py\", line 26, in test_iexact_lookup\n    sql, params = lookup.as_sql(None, None)\n  File \"/opt/django__django/django/db/models/lookups.py\", line 176, in as_sql\n    lhs_sql, params = self.process_lhs(compiler, connection)\n  File \"/opt/django__django/django/db/models/lookups.py\", line 167, in process_lhs\n    lhs_sql, params = super().process_lhs(compiler, connection, lhs)\n  File \"/opt/django__django/django/db/models/lookups.py\", line 82, in process_lhs\n    return compiler.compile(lhs)\nAttributeError: 'NoneType' object has no attribute 'compile'\n\n----------------------------------------------------------------------\nRan 1 test in 0.002s\n\nFAILED (errors=1)\nTesting against Django installed in '/opt/django__django/django' with up to 10 processes\nImporting application lookup\nSkipping setup of unused database(s): default, other.\nSystem check identified no issues (0 silenced).\n \n[django__django__3.1] [django__django-11797] Return Code: 1 \n[django__django__3.1] [django__django-11797] TestsTime: 1.8795130252838135 \n[django__django__3.1] [django__django-11797] Test script run successful \n[django__django__3.1] [django__django-11797] Removing coverage \n[django__django__3.1] [django__django-11797] Command: coverage run ./tests/runtests.py --verbosity 2 lookup.tests \n[django__django__3.1] [django__django-11797] Subprocess args: {\"cwd\": \"/opt/django__django\", \"check\": false, \"shell\": false, \"universal_newlines\": true, \"stdout\": -1, \"stderr\": -2, \"timeout\": 300} \n[django__django__3.1] [django__django-11797] Std. Output:\ntest_greater_than_lookup (lookup.tests.LookupTests) ... ERROR\n\n======================================================================\nERROR: test_greater_than_lookup (lookup.tests.LookupTests)\n----------------------------------------------------------------------\nTraceback (most recent call last):\n  File \"/opt/django__django/tests/lookup/tests.py\", line 26, in test_greater_than_lookup\n    sql, params = lookup.as_sql(None, None)\n  File \"/opt/django__django/django/db/models/lookups.py\", line 176, in as_sql\n    lhs_sql, params = self.process_lhs(compiler, connection)\n  File \"/opt/django__django/django/db/models/lookups.py\", line 167, in process_lhs\n    lhs_sql, params = super().process_lhs(compiler, connection, lhs)\n  File \"/opt/django__django/django/db/models/lookups.py\", line 82, in process_lhs\n    return compiler.compile(lhs)\nAttributeError: 'NoneType' object has no attribute 'compile'\n\n----------------------------------------------------------------------\nRan 1 test in 0.001s\n\nFAILED (errors=1)\nTesting against Django installed in '/opt/django__django/django' with up to 10 processes\nImporting application lookup\nSkipping setup of unused database(s): default, other.\nSystem check identified no issues (0 silenced).\n \n[django__django__3.1] [django__django-11797] Return Code: 1 \n[django__django__3.1] [django__django-11797] TestsTime: 1.1717631816864014 \n[django__django__3.1] [django__django-11797] Test script run successful \n[django__django__3.1] [django__django-11797] Removing coverage \n[django__django__3.1] [django__django-11797] Command: coverage run ./tests/runtests.py --verbosity 2 lookup.tests \n[django__django__3.1] [django__django-11797] Subprocess args: {\"cwd\": \"/opt/django__django\", \"check\": false, \"shell\": false, \"universal_newlines\": true, \"stdout\": -1, \"stderr\": -2, \"timeout\": 300} \n[django__django__3.1] [django__django-11797] Std. Output:\ntest_greater_than_or_equal_lookup (lookup.tests.LookupTests) ... ERROR\n\n======================================================================\nERROR: test_greater_than_or_equal_lookup (lookup.tests.LookupTests)\n----------------------------------------------------------------------\nTraceback (most recent call last):\n  File \"/opt/django__django/tests/lookup/tests.py\", line 26, in test_greater_than_or_equal_lookup\n    sql, params = lookup.as_sql(None, None)\n  File \"/opt/django__django/django/db/models/lookups.py\", line 176, in as_sql\n    lhs_sql, params = self.process_lhs(compiler, connection)\n  File \"/opt/django__django/django/db/models/lookups.py\", line 167, in process_lhs\n    lhs_sql, params = super().process_lhs(compiler, connection, lhs)\n  File \"/opt/django__django/django/db/models/lookups.py\", line 82, in process_lhs\n    return compiler.compile(lhs)\nAttributeError: 'NoneType' object has no attribute 'compile'\n\n----------------------------------------------------------------------\nRan 1 test in 0.001s\n\nFAILED (errors=1)\nTesting against Django installed in '/opt/django__django/django' with up to 10 processes\nImporting application lookup\nSkipping setup of unused database(s): default, other.\nSystem check identified no issues (0 silenced).\n \n[django__django__3.1] [django__django-11797] Return Code: 1 \n[django__django__3.1] [django__django-11797] TestsTime: 1.1356492042541504 \n[django__django__3.1] [django__django-11797] Test script run successful \n[django__django__3.1] [django__django-11797] Removing coverage \n[django__django__3.1] [django__django-11797] Command: coverage run ./tests/runtests.py --verbosity 2 lookup.tests \n[django__django__3.1] [django__django-11797] Subprocess args: {\"cwd\": \"/opt/django__django\", \"check\": false, \"shell\": false, \"universal_newlines\": true, \"stdout\": -1, \"stderr\": -2, \"timeout\": 300} \n[django__django__3.1] [django__django-11797] Std. Output:\ntest_less_than_lookup (lookup.tests.LookupTests) ... ERROR\n\n======================================================================\nERROR: test_less_than_lookup (lookup.tests.LookupTests)\n----------------------------------------------------------------------\nTraceback (most recent call last):\n  File \"/opt/django__django/tests/lookup/tests.py\", line 26, in test_less_than_lookup\n    sql, params = lookup.as_sql(None, None)\n  File \"/opt/django__django/django/db/models/lookups.py\", line 176, in as_sql\n    lhs_sql, params = self.process_lhs(compiler, connection)\n  File \"/opt/django__django/django/db/models/lookups.py\", line 167, in process_lhs\n    lhs_sql, params = super().process_lhs(compiler, connection, lhs)\n  File \"/opt/django__django/django/db/models/lookups.py\", line 82, in process_lhs\n    return compiler.compile(lhs)\nAttributeError: 'NoneType' object has no attribute 'compile'\n\n----------------------------------------------------------------------\nRan 1 test in 0.001s\n\nFAILED (errors=1)\nTesting against Django installed in '/opt/django__django/django' with up to 10 processes\nImporting application lookup\nSkipping setup of unused database(s): default, other.\nSystem check identified no issues (0 silenced).\n \n[django__django__3.1] [django__django-11797] Return Code: 1 \n[django__django__3.1] [django__django-11797] TestsTime: 1.109985113143921 \n[django__django__3.1] [django__django-11797] Test script run successful \n[django__django__3.1] [django__django-11797] Removing coverage \n[django__django__3.1] [django__django-11797] Command: coverage run ./tests/runtests.py --verbosity 2 lookup.tests \n[django__django__3.1] [django__django-11797] Subprocess args: {\"cwd\": \"/opt/django__django\", \"check\": false, \"shell\": false, \"universal_newlines\": true, \"stdout\": -1, \"stderr\": -2, \"timeout\": 300} \n[django__django__3.1] [django__django-11797] Std. Output:\ntest_less_than_or_equal_lookup (lookup.tests.LookupTests) ... ERROR\n\n======================================================================\nERROR: test_less_than_or_equal_lookup (lookup.tests.LookupTests)\n----------------------------------------------------------------------\nTraceback (most recent call last):\n  File \"/opt/django__django/tests/lookup/tests.py\", line 26, in test_less_than_or_equal_lookup\n    sql, params = lookup.as_sql(None, None)\n  File \"/opt/django__django/django/db/models/lookups.py\", line 176, in as_sql\n    lhs_sql, params = self.process_lhs(compiler, connection)\n  File \"/opt/django__django/django/db/models/lookups.py\", line 167, in process_lhs\n    lhs_sql, params = super().process_lhs(compiler, connection, lhs)\n  File \"/opt/django__django/django/db/models/lookups.py\", line 82, in process_lhs\n    return compiler.compile(lhs)\nAttributeError: 'NoneType' object has no attribute 'compile'\n\n----------------------------------------------------------------------\nRan 1 test in 0.001s\n\nFAILED (errors=1)\nTesting against Django installed in '/opt/django__django/django' with up to 10 processes\nImporting application lookup\nSkipping setup of unused database(s): default, other.\nSystem check identified no issues (0 silenced).\n \n[django__django__3.1] [django__django-11797] Return Code: 1 \n[django__django__3.1] [django__django-11797] TestsTime: 1.2742409706115723 \n[django__django__3.1] [django__django-11797] Test script run successful \n[django__django__3.1] [django__django-11797] Removing coverage \n[django__django__3.1] [django__django-11797] Command: coverage run ./tests/runtests.py --verbosity 2 lookup.tests \n[django__django__3.1] [django__django-11797] Subprocess args: {\"cwd\": \"/opt/django__django\", \"check\": false, \"shell\": false, \"universal_newlines\": true, \"stdout\": -1, \"stderr\": -2, \"timeout\": 300} \n[django__django__3.1] [django__django-11797] Std. Output:\ntest_in_lookup_with_empty_rhs (lookup.tests.LookupTests) ... ok\n\n----------------------------------------------------------------------\nRan 1 test in 0.000s\n\nOK\nTesting against Django installed in '/opt/django__django/django' with up to 10 processes\nImporting application lookup\nSkipping setup of unused database(s): default, other.\nSystem check identified no issues (0 silenced).\n \n[django__django__3.1] [django__django-11797] Return Code: 0 \n[django__django__3.1] [django__django-11797] TestsTime: 1.1024353504180908 \n[django__django__3.1] [django__django-11797] Test script run successful \n[django__django__3.1] [django__django-11797] Removing coverage \n[django__django__3.1] [django__django-11797] Command: coverage run ./tests/runtests.py --verbosity 2 lookup.tests \n[django__django__3.1] [django__django-11797] Subprocess args: {\"cwd\": \"/opt/django__django\", \"check\": false, \"shell\": false, \"universal_newlines\": true, \"stdout\": -1, \"stderr\": -2, \"timeout\": 300} \n[django__django__3.1] [django__django-11797] Std. Output:\ntest_in_lookup_with_valid_rhs (lookup.tests.LookupTests) ... ERROR\n\n======================================================================\nERROR: test_in_lookup_with_valid_rhs (lookup.tests.LookupTests)\n----------------------------------------------------------------------\nTraceback (most recent call last):\n  File \"/opt/django__django/tests/lookup/tests.py\", line 23, in test_in_lookup_with_valid_rhs\n    lookup = In(self.lhs, [1, 2, 3])\n  File \"/opt/django__django/django/db/models/lookups.py\", line 22, in __init__\n    self.rhs = self.get_prep_lookup()\n  File \"/opt/django__django/django/db/models/lookups.py\", line 222, in get_prep_lookup\n    elif self.prepare_rhs and hasattr(self.lhs.output_field, 'get_prep_value'):\nAttributeError: 'IntegerField' object has no attribute 'output_field'\n\n----------------------------------------------------------------------\nRan 1 test in 0.001s\n\nFAILED (errors=1)\nTesting against Django installed in '/opt/django__django/django' with up to 10 processes\nImporting application lookup\nSkipping setup of unused database(s): default, other.\nSystem check identified no issues (0 silenced).\n \n[django__django__3.1] [django__django-11797] Return Code: 1 \n[django__django__3.1] [django__django-11797] TestsTime: 1.0993618965148926 \n[django__django__3.1] [django__django-11797] Test script run successful \n[django__django__3.1] [django__django-11797] Removing coverage \n[django__django__3.1] [django__django-11797] Command: coverage run ./tests/runtests.py --verbosity 2 lookup.tests \n[django__django__3.1] [django__django-11797] Subprocess args: {\"cwd\": \"/opt/django__django\", \"check\": false, \"shell\": false, \"universal_newlines\": true, \"stdout\": -1, \"stderr\": -2, \"timeout\": 300} \n[django__django__3.1] [django__django-11797] Std. Output:\ntest_contains_lookup (lookup.tests.LookupTests) ... ERROR\n\n======================================================================\nERROR: test_contains_lookup (lookup.tests.LookupTests)\n----------------------------------------------------------------------\nTraceback (most recent call last):\n  File \"/opt/django__django/tests/lookup/tests.py\", line 24, in test_contains_lookup\n    sql, params = lookup.as_sql(None, None)\n  File \"/opt/django__django/django/db/models/lookups.py\", line 176, in as_sql\n    lhs_sql, params = self.process_lhs(compiler, connection)\n  File \"/opt/django__django/django/db/models/lookups.py\", line 167, in process_lhs\n    lhs_sql, params = super().process_lhs(compiler, connection, lhs)\n  File \"/opt/django__django/django/db/models/lookups.py\", line 82, in process_lhs\n    return compiler.compile(lhs)\nAttributeError: 'NoneType' object has no attribute 'compile'\n\n----------------------------------------------------------------------\nRan 1 test in 0.001s\n\nFAILED (errors=1)\nTesting against Django installed in '/opt/django__django/django' with up to 10 processes\nImporting application lookup\nSkipping setup of unused database(s): default, other.\nSystem check identified no issues (0 silenced).\n \n[django__django__3.1] [django__django-11797] Return Code: 1 \n[django__django__3.1] [django__django-11797] TestsTime: 1.107255458831787 \n[django__django__3.1] [django__django-11797] Test script run successful \n[django__django__3.1] [django__django-11797] Removing coverage \n[django__django__3.1] [django__django-11797] Command: coverage run ./tests/runtests.py --verbosity 2 lookup.tests \n[django__django__3.1] [django__django-11797] Subprocess args: {\"cwd\": \"/opt/django__django\", \"check\": false, \"shell\": false, \"universal_newlines\": true, \"stdout\": -1, \"stderr\": -2, \"timeout\": 300} \n[django__django__3.1] [django__django-11797] Std. Output:\ntest_startswith_lookup (lookup.tests.LookupTests) ... ERROR\n\n======================================================================\nERROR: test_startswith_lookup (lookup.tests.LookupTests)\n----------------------------------------------------------------------\nTraceback (most recent call last):\n  File \"/opt/django__django/tests/lookup/tests.py\", line 24, in test_startswith_lookup\n    sql, params = lookup.as_sql(None, None)\n  File \"/opt/django__django/django/db/models/lookups.py\", line 176, in as_sql\n    lhs_sql, params = self.process_lhs(compiler, connection)\n  File \"/opt/django__django/django/db/models/lookups.py\", line 167, in process_lhs\n    lhs_sql, params = super().process_lhs(compiler, connection, lhs)\n  File \"/opt/django__django/django/db/models/lookups.py\", line 82, in process_lhs\n    return compiler.compile(lhs)\nAttributeError: 'NoneType' object has no attribute 'compile'\n\n----------------------------------------------------------------------\nRan 1 test in 0.001s\n\nFAILED (errors=1)\nTesting against Django installed in '/opt/django__django/django' with up to 10 processes\nImporting application lookup\nSkipping setup of unused database(s): default, other.\nSystem check identified no issues (0 silenced).\n \n[django__django__3.1] [django__django-11797] Return Code: 1 \n[django__django__3.1] [django__django-11797] TestsTime: 1.067699670791626 \n[django__django__3.1] [django__django-11797] Test script run successful \n[django__django__3.1] [django__django-11797] Removing coverage \n[django__django__3.1] [django__django-11797] Command: coverage run ./tests/runtests.py --verbosity 2 lookup.tests \n[django__django__3.1] [django__django-11797] Subprocess args: {\"cwd\": \"/opt/django__django\", \"check\": false, \"shell\": false, \"universal_newlines\": true, \"stdout\": -1, \"stderr\": -2, \"timeout\": 300} \n[django__django__3.1] [django__django-11797] Std. Output:\ntest_endswith_lookup (lookup.tests.LookupTests) ... ERROR\n\n======================================================================\nERROR: test_endswith_lookup (lookup.tests.LookupTests)\n----------------------------------------------------------------------\nTraceback (most recent call last):\n  File \"/opt/django__django/tests/lookup/tests.py\", line 24, in test_endswith_lookup\n    sql, params = lookup.as_sql(None, None)\n  File \"/opt/django__django/django/db/models/lookups.py\", line 176, in as_sql\n    lhs_sql, params = self.process_lhs(compiler, connection)\n  File \"/opt/django__django/django/db/models/lookups.py\", line 167, in process_lhs\n    lhs_sql, params = super().process_lhs(compiler, connection, lhs)\n  File \"/opt/django__django/django/db/models/lookups.py\", line 82, in process_lhs\n    return compiler.compile(lhs)\nAttributeError: 'NoneType' object has no attribute 'compile'\n\n----------------------------------------------------------------------\nRan 1 test in 0.001s\n\nFAILED (errors=1)\nTesting against Django installed in '/opt/django__django/django' with up to 10 processes\nImporting application lookup\nSkipping setup of unused database(s): default, other.\nSystem check identified no issues (0 silenced).\n \n[django__django__3.1] [django__django-11797] Return Code: 1 \n[django__django__3.1] [django__django-11797] TestsTime: 1.1352977752685547 \n[django__django__3.1] [django__django-11797] Test script run successful \n[django__django__3.1] [django__django-11797] Removing coverage \n[django__django__3.1] [django__django-11797] Command: coverage run ./tests/runtests.py --verbosity 2 lookup.tests \n[django__django__3.1] [django__django-11797] Subprocess args: {\"cwd\": \"/opt/django__django\", \"check\": false, \"shell\": false, \"universal_newlines\": true, \"stdout\": -1, \"stderr\": -2, \"timeout\": 300} \n[django__django__3.1] [django__django-11797] Std. Output:\ntest_isnull_lookup (lookup.tests.LookupTests) ... ERROR\n\n======================================================================\nERROR: test_isnull_lookup (lookup.tests.LookupTests)\n----------------------------------------------------------------------\nTraceback (most recent call last):\n  File \"/opt/django__django/tests/lookup/tests.py\", line 24, in test_isnull_lookup\n    sql, params = lookup.as_sql(None, None)\n  File \"/opt/django__django/django/db/models/lookups.py\", line 466, in as_sql\n    sql, params = compiler.compile(self.lhs)\nAttributeError: 'NoneType' object has no attribute 'compile'\n\n----------------------------------------------------------------------\nRan 1 test in 0.001s\n\nFAILED (errors=1)\nTesting against Django installed in '/opt/django__django/django' with up to 10 processes\nImporting application lookup\nSkipping setup of unused database(s): default, other.\nSystem check identified no issues (0 silenced).\n \n[django__django__3.1] [django__django-11797] Return Code: 1 \n[django__django__3.1] [django__django-11797] TestsTime: 1.105273723602295 \n[django__django__3.1] [django__django-11797] Test script run successful \n[django__django__3.1] [django__django-11797] Removing coverage \n[django__django__3.1] [django__django-11797] Command: coverage run ./tests/runtests.py --verbosity 2 lookup.tests \n[django__django__3.1] [django__django-11797] Subprocess args: {\"cwd\": \"/opt/django__django\", \"check\": false, \"shell\": false, \"universal_newlines\": true, \"stdout\": -1, \"stderr\": -2, \"timeout\": 300} \n[django__django__3.1] [django__django-11797] Std. Output:\ntest_regex_lookup (lookup.tests.LookupTests) ... ERROR\n\n======================================================================\nERROR: test_regex_lookup (lookup.tests.LookupTests)\n----------------------------------------------------------------------\nTraceback (most recent call last):\n  File \"/opt/django__django/tests/lookup/tests.py\", line 24, in test_regex_lookup\n    sql, params = lookup.as_sql(None, None)\n  File \"/opt/django__django/django/db/models/lookups.py\", line 479, in as_sql\n    if self.lookup_name in connection.operators:\nAttributeError: 'NoneType' object has no attribute 'operators'\n\n----------------------------------------------------------------------\nRan 1 test in 0.001s\n\nFAILED (errors=1)\nTesting against Django installed in '/opt/django__django/django' with up to 10 processes\nImporting application lookup\nSkipping setup of unused database(s): default, other.\nSystem check identified no issues (0 silenced).\n \n[django__django__3.1] [django__django-11797] Return Code: 1 \n[django__django__3.1] [django__django-11797] TestsTime: 1.065073013305664 \n[django__django__3.1] [django__django-11797] Test script run successful \n[django__django__3.1] [django__django-11797] Removing coverage \n[django__django__3.1] [django__django-11797] Command: coverage run ./tests/runtests.py --verbosity 2 lookup.tests \n[django__django__3.1] [django__django-11797] Subprocess args: {\"cwd\": \"/opt/django__django\", \"check\": false, \"shell\": false, \"universal_newlines\": true, \"stdout\": -1, \"stderr\": -2, \"timeout\": 300} \n[django__django__3.1] [django__django-11797] Std. Output:\ntest_iregex_lookup (lookup.tests.LookupTests) ... ERROR\n\n======================================================================\nERROR: test_iregex_lookup (lookup.tests.LookupTests)\n----------------------------------------------------------------------\nTraceback (most recent call last):\n  File \"/opt/django__django/tests/lookup/tests.py\", line 24, in test_iregex_lookup\n    sql, params = lookup.as_sql(None, None)\n  File \"/opt/django__django/django/db/models/lookups.py\", line 479, in as_sql\n    if self.lookup_name in connection.operators:\nAttributeError: 'NoneType' object has no attribute 'operators'\n\n----------------------------------------------------------------------\nRan 1 test in 0.001s\n\nFAILED (errors=1)\nTesting against Django installed in '/opt/django__django/django' with up to 10 processes\nImporting application lookup\nSkipping setup of unused database(s): default, other.\nSystem check identified no issues (0 silenced).\n \n[django__django__3.1] [django__django-11797] Return Code: 1 \n[django__django__3.1] [django__django-11797] TestsTime: 1.099435806274414 \n[django__django__3.1] [django__django-11797] Test script run successful \n[django__django__3.1] [django__django-11797] Removing coverage \n[django__django__3.1] [django__django-11797] Command: coverage run ./tests/runtests.py --verbosity 2 lookup.tests \n[django__django__3.1] [django__django-11797] Subprocess args: {\"cwd\": \"/opt/django__django\", \"check\": false, \"shell\": false, \"universal_newlines\": true, \"stdout\": -1, \"stderr\": -2, \"timeout\": 300} \n[django__django__3.1] [django__django-11797] Std. Output:\ntest_year_exact_lookup (lookup.tests.LookupTests) ... ERROR\n\n======================================================================\nERROR: test_year_exact_lookup (lookup.tests.LookupTests)\n----------------------------------------------------------------------\nTraceback (most recent call last):\n  File \"/opt/django__django/tests/lookup/tests.py\", line 23, in test_year_exact_lookup\n    lookup = YearExact(self.lhs, 2021)\n  File \"/opt/django__django/django/db/models/lookups.py\", line 22, in __init__\n    self.rhs = self.get_prep_lookup()\n  File \"/opt/django__django/django/db/models/lookups.py\", line 71, in get_prep_lookup\n    if self.prepare_rhs and hasattr(self.lhs.output_field, 'get_prep_value'):\nAttributeError: 'IntegerField' object has no attribute 'output_field'\n\n----------------------------------------------------------------------\nRan 1 test in 0.001s\n\nFAILED (errors=1)\nTesting against Django installed in '/opt/django__django/django' with up to 10 processes\nImporting application lookup\nSkipping setup of unused database(s): default, other.\nSystem check identified no issues (0 silenced).\n \n[django__django__3.1] [django__django-11797] Return Code: 1 \n[django__django__3.1] [django__django-11797] TestsTime: 1.13722825050354 \n[django__django__3.1] [django__django-11797] Test script run successful \n[django__django__3.1] [django__django-11797] Removing coverage \n[django__django__3.1] [django__django-11797] Command: coverage run ./tests/runtests.py --verbosity 2 lookup.tests \n[django__django__3.1] [django__django-11797] Subprocess args: {\"cwd\": \"/opt/django__django\", \"check\": false, \"shell\": false, \"universal_newlines\": true, \"stdout\": -1, \"stderr\": -2, \"timeout\": 300} \n[django__django__3.1] [django__django-11797] Std. Output:\ntest_year_gt_lookup (lookup.tests.LookupTests) ... ERROR\n\n======================================================================\nERROR: test_year_gt_lookup (lookup.tests.LookupTests)\n----------------------------------------------------------------------\nTraceback (most recent call last):\n  File \"/opt/django__django/tests/lookup/tests.py\", line 23, in test_year_gt_lookup\n    lookup = YearGt(self.lhs, 2021)\n  File \"/opt/django__django/django/db/models/lookups.py\", line 22, in __init__\n    self.rhs = self.get_prep_lookup()\n  File \"/opt/django__django/django/db/models/lookups.py\", line 71, in get_prep_lookup\n    if self.prepare_rhs and hasattr(self.lhs.output_field, 'get_prep_value'):\nAttributeError: 'IntegerField' object has no attribute 'output_field'\n\n----------------------------------------------------------------------\nRan 1 test in 0.003s\n\nFAILED (errors=1)\nTesting against Django installed in '/opt/django__django/django' with up to 10 processes\nImporting application lookup\nSkipping setup of unused database(s): default, other.\nSystem check identified no issues (0 silenced).\n \n[django__django__3.1] [django__django-11797] Return Code: 1 \n[django__django__3.1] [django__django-11797] TestsTime: 1.239694356918335 \n[django__django__3.1] [django__django-11797] Test script run successful \n[django__django__3.1] [django__django-11797] Removing coverage \n[django__django__3.1] [django__django-11797] Command: coverage run ./tests/runtests.py --verbosity 2 lookup.tests \n[django__django__3.1] [django__django-11797] Subprocess args: {\"cwd\": \"/opt/django__django\", \"check\": false, \"shell\": false, \"universal_newlines\": true, \"stdout\": -1, \"stderr\": -2, \"timeout\": 300} \n[django__django__3.1] [django__django-11797] Std. Output:\ntest_year_gte_lookup (lookup.tests.LookupTests) ... ERROR\n\n======================================================================\nERROR: test_year_gte_lookup (lookup.tests.LookupTests)\n----------------------------------------------------------------------\nTraceback (most recent call last):\n  File \"/opt/django__django/tests/lookup/tests.py\", line 23, in test_year_gte_lookup\n    lookup = YearGte(self.lhs, 2021)\n  File \"/opt/django__django/django/db/models/lookups.py\", line 22, in __init__\n    self.rhs = self.get_prep_lookup()\n  File \"/opt/django__django/django/db/models/lookups.py\", line 71, in get_prep_lookup\n    if self.prepare_rhs and hasattr(self.lhs.output_field, 'get_prep_value'):\nAttributeError: 'IntegerField' object has no attribute 'output_field'\n\n----------------------------------------------------------------------\nRan 1 test in 0.001s\n\nFAILED (errors=1)\nTesting against Django installed in '/opt/django__django/django' with up to 10 processes\nImporting application lookup\nSkipping setup of unused database(s): default, other.\nSystem check identified no issues (0 silenced).\n \n[django__django__3.1] [django__django-11797] Return Code: 1 \n[django__django__3.1] [django__django-11797] TestsTime: 1.2136003971099854 \n[django__django__3.1] [django__django-11797] Test script run successful \n[django__django__3.1] [django__django-11797] Removing coverage \n[django__django__3.1] [django__django-11797] Command: coverage run ./tests/runtests.py --verbosity 2 lookup.tests \n[django__django__3.1] [django__django-11797] Subprocess args: {\"cwd\": \"/opt/django__django\", \"check\": false, \"shell\": false, \"universal_newlines\": true, \"stdout\": -1, \"stderr\": -2, \"timeout\": 300} \n[django__django__3.1] [django__django-11797] Std. Output:\ntest_year_lt_lookup (lookup.tests.LookupTests) ... ERROR\n\n======================================================================\nERROR: test_year_lt_lookup (lookup.tests.LookupTests)\n----------------------------------------------------------------------\nTraceback (most recent call last):\n  File \"/opt/django__django/tests/lookup/tests.py\", line 23, in test_year_lt_lookup\n    lookup = YearLt(self.lhs, 2021)\n  File \"/opt/django__django/django/db/models/lookups.py\", line 22, in __init__\n    self.rhs = self.get_prep_lookup()\n  File \"/opt/django__django/django/db/models/lookups.py\", line 71, in get_prep_lookup\n    if self.prepare_rhs and hasattr(self.lhs.output_field, 'get_prep_value'):\nAttributeError: 'IntegerField' object has no attribute 'output_field'\n\n----------------------------------------------------------------------\nRan 1 test in 0.001s\n\nFAILED (errors=1)\nTesting against Django installed in '/opt/django__django/django' with up to 10 processes\nImporting application lookup\nSkipping setup of unused database(s): default, other.\nSystem check identified no issues (0 silenced).\n \n[django__django__3.1] [django__django-11797] Return Code: 1 \n[django__django__3.1] [django__django-11797] TestsTime: 1.112016201019287 \n[django__django__3.1] [django__django-11797] Test script run successful \n[django__django__3.1] [django__django-11797] Removing coverage \n[django__django__3.1] [django__django-11797] Command: coverage run ./tests/runtests.py --verbosity 2 lookup.tests \n[django__django__3.1] [django__django-11797] Subprocess args: {\"cwd\": \"/opt/django__django\", \"check\": false, \"shell\": false, \"universal_newlines\": true, \"stdout\": -1, \"stderr\": -2, \"timeout\": 300} \n[django__django__3.1] [django__django-11797] Std. Output:\ntest_year_lte_lookup (lookup.tests.LookupTests) ... ERROR\n\n======================================================================\nERROR: test_year_lte_lookup (lookup.tests.LookupTests)\n----------------------------------------------------------------------\nTraceback (most recent call last):\n  File \"/opt/django__django/tests/lookup/tests.py\", line 23, in test_year_lte_lookup\n    lookup = YearLte(self.lhs, 2021)\n  File \"/opt/django__django/django/db/models/lookups.py\", line 22, in __init__\n    self.rhs = self.get_prep_lookup()\n  File \"/opt/django__django/django/db/models/lookups.py\", line 71, in get_prep_lookup\n    if self.prepare_rhs and hasattr(self.lhs.output_field, 'get_prep_value'):\nAttributeError: 'IntegerField' object has no attribute 'output_field'\n\n----------------------------------------------------------------------\nRan 1 test in 0.001s\n\nFAILED (errors=1)\nTesting against Django installed in '/opt/django__django/django' with up to 10 processes\nImporting application lookup\nSkipping setup of unused database(s): default, other.\nSystem check identified no issues (0 silenced).\n \n[django__django__3.1] [django__django-11797] Return Code: 1 \n[django__django__3.1] [django__django-11797] TestsTime: 1.068903923034668 \n[django__django__3.1] [django__django-11797] Test script run successful \n[django__django__3.1] [django__django-11797] Removing coverage \n[django__django__3.1] [django__django-11797] Command: coverage run ./tests/runtests.py --verbosity 2 lookup.tests \n[django__django__3.1] [django__django-11797] Subprocess args: {\"cwd\": \"/opt/django__django\", \"check\": false, \"shell\": false, \"universal_newlines\": true, \"stdout\": -1, \"stderr\": -2, \"timeout\": 300} \n[django__django__3.1] [django__django-11797] Std. Output:\ntest_batch_process_rhs_with_iterable (lookup.tests.LookupTests) ... ERROR\n\n======================================================================\nERROR: test_batch_process_rhs_with_iterable (lookup.tests.LookupTests)\n----------------------------------------------------------------------\nTraceback (most recent call last):\n  File \"/opt/django__django/tests/lookup/tests.py\", line 24, in test_batch_process_rhs_with_iterable\n    sqls, params = lookup.batch_process_rhs(None, None, rhs=[1, 2, 3])\n  File \"/opt/django__django/django/db/models/lookups.py\", line 244, in batch_process_rhs\n    pre_processed = super().batch_process_rhs(compiler, connection, rhs)\nAttributeError: 'super' object has no attribute 'batch_process_rhs'\n\n----------------------------------------------------------------------\nRan 1 test in 0.002s\n\nFAILED (errors=1)\nTesting against Django installed in '/opt/django__django/django' with up to 10 processes\nImporting application lookup\nSkipping setup of unused database(s): default, other.\nSystem check identified no issues (0 silenced).\n \n[django__django__3.1] [django__django-11797] Return Code: 1 \n[django__django__3.1] [django__django-11797] TestsTime: 1.1901946067810059 \n[django__django__3.1] [django__django-11797] Test script run successful \n[django__django__3.1] [django__django-11797] Removing coverage \n[django__django__3.1] [django__django-11797] Command: coverage run ./tests/runtests.py --verbosity 2 lookup.tests \n[django__django__3.1] [django__django-11797] Subprocess args: {\"cwd\": \"/opt/django__django\", \"check\": false, \"shell\": false, \"universal_newlines\": true, \"stdout\": -1, \"stderr\": -2, \"timeout\": 300} \n[django__django__3.1] [django__django-11797] Std. Output:\ntest_batch_process_rhs_with_non_iterable (lookup.tests.LookupTests) ... ERROR\n\n======================================================================\nERROR: test_batch_process_rhs_with_non_iterable (lookup.tests.LookupTests)\n----------------------------------------------------------------------\nTraceback (most recent call last):\n  File \"/opt/django__django/tests/lookup/tests.py\", line 24, in test_batch_process_rhs_with_non_iterable\n    sqls, params = lookup.batch_process_rhs(None, None, rhs=1)\n  File \"/opt/django__django/django/db/models/lookups.py\", line 244, in batch_process_rhs\n    pre_processed = super().batch_process_rhs(compiler, connection, rhs)\nAttributeError: 'super' object has no attribute 'batch_process_rhs'\n\n----------------------------------------------------------------------\nRan 1 test in 0.001s\n\nFAILED (errors=1)\nTesting against Django installed in '/opt/django__django/django' with up to 10 processes\nImporting application lookup\nSkipping setup of unused database(s): default, other.\nSystem check identified no issues (0 silenced).\n \n[django__django__3.1] [django__django-11797] Return Code: 1 \n[django__django__3.1] [django__django-11797] TestsTime: 1.1643390655517578 \n[django__django__3.1] [django__django-11797] Test script run successful \n[django__django__3.1] [django__django-11797] Removing coverage \n[django__django__3.1] [django__django-11797] Command: coverage run ./tests/runtests.py --verbosity 2 lookup.tests \n[django__django__3.1] [django__django-11797] Subprocess args: {\"cwd\": \"/opt/django__django\", \"check\": false, \"shell\": false, \"universal_newlines\": true, \"stdout\": -1, \"stderr\": -2, \"timeout\": 300} \n[django__django__3.1] [django__django-11797] Std. Output:\ntest_process_rhs_with_query (lookup.tests.LookupTests) ... ERROR\n\n======================================================================\nERROR: test_process_rhs_with_query (lookup.tests.LookupTests)\n----------------------------------------------------------------------\nTraceback (most recent call last):\n  File \"/opt/django__django/tests/lookup/tests.py\", line 23, in test_process_rhs_with_query\n    query = Query()\nTypeError: __init__() missing 1 required positional argument: 'model'\n\n----------------------------------------------------------------------\nRan 1 test in 0.001s\n\nFAILED (errors=1)\nTesting against Django installed in '/opt/django__django/django' with up to 10 processes\nImporting application lookup\nSkipping setup of unused database(s): default, other.\nSystem check identified no issues (0 silenced).\n \n[django__django__3.1] [django__django-11797] Return Code: 1 \n[django__django__3.1] [django__django-11797] TestsTime: 1.3033406734466553 \n[django__django__3.1] [django__django-11797] Test script run successful \n[django__django__3.1] [django__django-11797] Removing coverage \n[django__django__3.1] [django__django-11797] Command: coverage run ./tests/runtests.py --verbosity 2 lookup.tests \n[django__django__3.1] [django__django-11797] Subprocess args: {\"cwd\": \"/opt/django__django\", \"check\": false, \"shell\": false, \"universal_newlines\": true, \"stdout\": -1, \"stderr\": -2, \"timeout\": 300} \n[django__django__3.1] [django__django-11797] Std. Output:\ntest_process_rhs_with_valid_query (lookup.tests.LookupTests) ... ERROR\n\n======================================================================\nERROR: test_process_rhs_with_valid_query (lookup.tests.LookupTests)\n----------------------------------------------------------------------\nTraceback (most recent call last):\n  File \"/opt/django__django/tests/lookup/tests.py\", line 23, in test_process_rhs_with_valid_query\n    query = Query()\nTypeError: __init__() missing 1 required positional argument: 'model'\n\n----------------------------------------------------------------------\nRan 1 test in 0.001s\n\nFAILED (errors=1)\nTesting against Django installed in '/opt/django__django/django' with up to 10 processes\nImporting application lookup\nSkipping setup of unused database(s): default, other.\nSystem check identified no issues (0 silenced).\n \n[django__django__3.1] [django__django-11797] Return Code: 1 \n[django__django__3.1] [django__django-11797] TestsTime: 1.0943727493286133 \n[django__django__3.1] [django__django-11797] Test script run successful \n[django__django__3.1] [django__django-11797] Removing coverage \n[django__django__3.1] [django__django-11797] Command: coverage run ./tests/runtests.py --verbosity 2 lookup.tests \n[django__django__3.1] [django__django-11797] Subprocess args: {\"cwd\": \"/opt/django__django\", \"check\": false, \"shell\": false, \"universal_newlines\": true, \"stdout\": -1, \"stderr\": -2, \"timeout\": 300} \n[django__django__3.1] [django__django-11797] Std. Output:\ntest_process_rhs_with_invalid_query (lookup.tests.LookupTests) ... ERROR\n\n======================================================================\nERROR: test_process_rhs_with_invalid_query (lookup.tests.LookupTests)\n----------------------------------------------------------------------\nTraceback (most recent call last):\n  File \"/opt/django__django/tests/lookup/tests.py\", line 23, in test_process_rhs_with_invalid_query\n    query = Query()\nTypeError: __init__() missing 1 required positional argument: 'model'\n\n----------------------------------------------------------------------\nRan 1 test in 0.001s\n\nFAILED (errors=1)\nTesting against Django installed in '/opt/django__django/django' with up to 10 processes\nImporting application lookup\nSkipping setup of unused database(s): default, other.\nSystem check identified no issues (0 silenced).\n \n[django__django__3.1] [django__django-11797] Return Code: 1 \n[django__django__3.1] [django__django-11797] TestsTime: 1.110266923904419 \n[django__django__3.1] [django__django-11797] Test script run successful \n[django__django__3.1] [django__django-11797] Removing coverage \n[django__django__3.1] [django__django-11797] Command: coverage run ./tests/runtests.py --verbosity 2 lookup.tests \n[django__django__3.1] [django__django-11797] Subprocess args: {\"cwd\": \"/opt/django__django\", \"check\": false, \"shell\": false, \"universal_newlines\": true, \"stdout\": -1, \"stderr\": -2, \"timeout\": 300} \n[django__django__3.1] [django__django-11797] Std. Output:\ntest_get_db_prep_lookup_with_iterable (lookup.tests.LookupTests) ... ERROR\n\n======================================================================\nERROR: test_get_db_prep_lookup_with_iterable (lookup.tests.LookupTests)\n----------------------------------------------------------------------\nTraceback (most recent call last):\n  File \"/opt/django__django/tests/lookup/tests.py\", line 24, in test_get_db_prep_lookup_with_iterable\n    result = lookup.get_db_prep_lookup([1, 2, 3], None)\n  File \"/opt/django__django/django/db/models/lookups.py\", line 196, in get_db_prep_lookup\n    field = getattr(self.lhs.output_field, 'target_field', None)\nAttributeError: 'FieldGetDbPrepValueIterableMixin' object has no attribute 'lhs'\n\n----------------------------------------------------------------------\nRan 1 test in 0.001s\n\nFAILED (errors=1)\nTesting against Django installed in '/opt/django__django/django' with up to 10 processes\nImporting application lookup\nSkipping setup of unused database(s): default, other.\nSystem check identified no issues (0 silenced).\n \n[django__django__3.1] [django__django-11797] Return Code: 1 \n[django__django__3.1] [django__django-11797] TestsTime: 1.185063123703003 \n[django__django__3.1] [django__django-11797] Test script run successful \n[django__django__3.1] [django__django-11797] Removing coverage \n[django__django__3.1] [django__django-11797] Command: coverage run ./tests/runtests.py --verbosity 2 lookup.tests \n[django__django__3.1] [django__django-11797] Subprocess args: {\"cwd\": \"/opt/django__django\", \"check\": false, \"shell\": false, \"universal_newlines\": true, \"stdout\": -1, \"stderr\": -2, \"timeout\": 300} \n[django__django__3.1] [django__django-11797] Std. Output:\ntest_get_db_prep_lookup_with_non_iterable (lookup.tests.LookupTests) ... ERROR\n\n======================================================================\nERROR: test_get_db_prep_lookup_with_non_iterable (lookup.tests.LookupTests)\n----------------------------------------------------------------------\nTraceback (most recent call last):\n  File \"/opt/django__django/tests/lookup/tests.py\", line 24, in test_get_db_prep_lookup_with_non_iterable\n    result = lookup.get_db_prep_lookup(1, None)\n  File \"/opt/django__django/django/db/models/lookups.py\", line 196, in get_db_prep_lookup\n    field = getattr(self.lhs.output_field, 'target_field', None)\nAttributeError: 'FieldGetDbPrepValueMixin' object has no attribute 'lhs'\n\n----------------------------------------------------------------------\nRan 1 test in 0.001s\n\nFAILED (errors=1)\nTesting against Django installed in '/opt/django__django/django' with up to 10 processes\nImporting application lookup\nSkipping setup of unused database(s): default, other.\nSystem check identified no issues (0 silenced).\n \n[django__django__3.1] [django__django-11797] Return Code: 1 \n[django__django__3.1] [django__django-11797] TestsTime: 1.1654858589172363 \n[django__django__3.1] [django__django-11797] Test script run successful \n[django__django__3.1] [django__django-11797] Removing coverage \n[django__django__3.1] [django__django-11797] Command: coverage run ./tests/runtests.py --verbosity 2 lookup.tests \n[django__django__3.1] [django__django-11797] Subprocess args: {\"cwd\": \"/opt/django__django\", \"check\": false, \"shell\": false, \"universal_newlines\": true, \"stdout\": -1, \"stderr\": -2, \"timeout\": 300} \n[django__django__3.1] [django__django-11797] Std. Output:\ntest_exact_lookup_with_invalid_rhs (lookup.tests.LookupTests) ... ERROR\n\n======================================================================\nERROR: test_exact_lookup_with_invalid_rhs (lookup.tests.LookupTests)\n----------------------------------------------------------------------\nTraceback (most recent call last):\n  File \"/opt/django__django/tests/lookup/tests.py\", line 25, in test_exact_lookup_with_invalid_rhs\n    lookup.as_sql(None, None)\n  File \"/opt/django__django/django/db/models/lookups.py\", line 176, in as_sql\n    lhs_sql, params = self.process_lhs(compiler, connection)\n  File \"/opt/django__django/django/db/models/lookups.py\", line 167, in process_lhs\n    lhs_sql, params = super().process_lhs(compiler, connection, lhs)\n  File \"/opt/django__django/django/db/models/lookups.py\", line 82, in process_lhs\n    return compiler.compile(lhs)\nAttributeError: 'NoneType' object has no attribute 'compile'\n\n----------------------------------------------------------------------\nRan 1 test in 0.001s\n\nFAILED (errors=1)\nTesting against Django installed in '/opt/django__django/django' with up to 10 processes\nImporting application lookup\nSkipping setup of unused database(s): default, other.\nSystem check identified no issues (0 silenced).\n \n[django__django__3.1] [django__django-11797] Return Code: 1 \n[django__django__3.1] [django__django-11797] TestsTime: 1.2070746421813965 \n[django__django__3.1] [django__django-11797] Test script run successful \n[django__django__3.1] [django__django-11797] Removing coverage \n[django__django__3.1] [django__django-11797] Command: coverage run ./tests/runtests.py --verbosity 2 lookup.tests \n[django__django__3.1] [django__django-11797] Subprocess args: {\"cwd\": \"/opt/django__django\", \"check\": false, \"shell\": false, \"universal_newlines\": true, \"stdout\": -1, \"stderr\": -2, \"timeout\": 300} \n[django__django__3.1] [django__django-11797] Std. Output:\ntest_in_lookup_with_none_rhs (lookup.tests.LookupTests) ... ERROR\n\n======================================================================\nERROR: test_in_lookup_with_none_rhs (lookup.tests.LookupTests)\n----------------------------------------------------------------------\nTraceback (most recent call last):\n  File \"/opt/django__django/tests/lookup/tests.py\", line 23, in test_in_lookup_with_none_rhs\n    lookup = In(self.lhs, None)\n  File \"/opt/django__django/django/db/models/lookups.py\", line 22, in __init__\n    self.rhs = self.get_prep_lookup()\n  File \"/opt/django__django/django/db/models/lookups.py\", line 217, in get_prep_lookup\n    for rhs_value in self.rhs:\nTypeError: 'NoneType' object is not iterable\n\n----------------------------------------------------------------------\nRan 1 test in 0.001s\n\nFAILED (errors=1)\nTesting against Django installed in '/opt/django__django/django' with up to 10 processes\nImporting application lookup\nSkipping setup of unused database(s): default, other.\nSystem check identified no issues (0 silenced).\n \n[django__django__3.1] [django__django-11797] Return Code: 1 \n[django__django__3.1] [django__django-11797] TestsTime: 1.0672764778137207 \n[django__django__3.1] [django__django-11797] Test script run successful \n[django__django__3.1] [django__django-11797] Removing coverage \n[django__django__3.1] [django__django-11797] Command: coverage run ./tests/runtests.py --verbosity 2 lookup.tests \n[django__django__3.1] [django__django-11797] Subprocess args: {\"cwd\": \"/opt/django__django\", \"check\": false, \"shell\": false, \"universal_newlines\": true, \"stdout\": -1, \"stderr\": -2, \"timeout\": 300} \n[django__django__3.1] [django__django-11797] Std. Output:\ntest_contains_lookup_with_empty_string (lookup.tests.LookupTests) ... ERROR\n\n======================================================================\nERROR: test_contains_lookup_with_empty_string (lookup.tests.LookupTests)\n----------------------------------------------------------------------\nTraceback (most recent call last):\n  File \"/opt/django__django/tests/lookup/tests.py\", line 24, in test_contains_lookup_with_empty_string\n    sql, params = lookup.as_sql(None, None)\n  File \"/opt/django__django/django/db/models/lookups.py\", line 176, in as_sql\n    lhs_sql, params = self.process_lhs(compiler, connection)\n  File \"/opt/django__django/django/db/models/lookups.py\", line 167, in process_lhs\n    lhs_sql, params = super().process_lhs(compiler, connection, lhs)\n  File \"/opt/django__django/django/db/models/lookups.py\", line 82, in process_lhs\n    return compiler.compile(lhs)\nAttributeError: 'NoneType' object has no attribute 'compile'\n\n----------------------------------------------------------------------\nRan 1 test in 0.001s\n\nFAILED (errors=1)\nTesting against Django installed in '/opt/django__django/django' with up to 10 processes\nImporting application lookup\nSkipping setup of unused database(s): default, other.\nSystem check identified no issues (0 silenced).\n \n[django__django__3.1] [django__django-11797] Return Code: 1 \n[django__django__3.1] [django__django-11797] TestsTime: 1.1415612697601318 \n[django__django__3.1] [django__django-11797] Test script run successful \n[django__django__3.1] [django__django-11797] Removing coverage \n[django__django__3.1] [django__django-11797] Command: coverage run ./tests/runtests.py --verbosity 2 lookup.tests \n[django__django__3.1] [django__django-11797] Subprocess args: {\"cwd\": \"/opt/django__django\", \"check\": false, \"shell\": false, \"universal_newlines\": true, \"stdout\": -1, \"stderr\": -2, \"timeout\": 300} \n[django__django__3.1] [django__django-11797] Std. Output:\ntest_startswith_lookup_with_empty_string (lookup.tests.LookupTests) ... ERROR\n\n======================================================================\nERROR: test_startswith_lookup_with_empty_string (lookup.tests.LookupTests)\n----------------------------------------------------------------------\nTraceback (most recent call last):\n  File \"/opt/django__django/tests/lookup/tests.py\", line 24, in test_startswith_lookup_with_empty_string\n    sql, params = lookup.as_sql(None, None)\n  File \"/opt/django__django/django/db/models/lookups.py\", line 176, in as_sql\n    lhs_sql, params = self.process_lhs(compiler, connection)\n  File \"/opt/django__django/django/db/models/lookups.py\", line 167, in process_lhs\n    lhs_sql, params = super().process_lhs(compiler, connection, lhs)\n  File \"/opt/django__django/django/db/models/lookups.py\", line 82, in process_lhs\n    return compiler.compile(lhs)\nAttributeError: 'NoneType' object has no attribute 'compile'\n\n----------------------------------------------------------------------\nRan 1 test in 0.001s\n\nFAILED (errors=1)\nTesting against Django installed in '/opt/django__django/django' with up to 10 processes\nImporting application lookup\nSkipping setup of unused database(s): default, other.\nSystem check identified no issues (0 silenced).\n \n[django__django__3.1] [django__django-11797] Return Code: 1 \n[django__django__3.1] [django__django-11797] TestsTime: 1.197744369506836 \n[django__django__3.1] [django__django-11797] Test script run successful \n[django__django__3.1] [django__django-11797] Removing coverage \n[django__django__3.1] [django__django-11797] Command: coverage run ./tests/runtests.py --verbosity 2 lookup.tests \n[django__django__3.1] [django__django-11797] Subprocess args: {\"cwd\": \"/opt/django__django\", \"check\": false, \"shell\": false, \"universal_newlines\": true, \"stdout\": -1, \"stderr\": -2, \"timeout\": 300} \n[django__django__3.1] [django__django-11797] Std. Output:\ntest_endswith_lookup_with_empty_string (lookup.tests.LookupTests) ... ERROR\n\n======================================================================\nERROR: test_endswith_lookup_with_empty_string (lookup.tests.LookupTests)\n----------------------------------------------------------------------\nTraceback (most recent call last):\n  File \"/opt/django__django/tests/lookup/tests.py\", line 24, in test_endswith_lookup_with_empty_string\n    sql, params = lookup.as_sql(None, None)\n  File \"/opt/django__django/django/db/models/lookups.py\", line 176, in as_sql\n    lhs_sql, params = self.process_lhs(compiler, connection)\n  File \"/opt/django__django/django/db/models/lookups.py\", line 167, in process_lhs\n    lhs_sql, params = super().process_lhs(compiler, connection, lhs)\n  File \"/opt/django__django/django/db/models/lookups.py\", line 82, in process_lhs\n    return compiler.compile(lhs)\nAttributeError: 'NoneType' object has no attribute 'compile'\n\n----------------------------------------------------------------------\nRan 1 test in 0.001s\n\nFAILED (errors=1)\nTesting against Django installed in '/opt/django__django/django' with up to 10 processes\nImporting application lookup\nSkipping setup of unused database(s): default, other.\nSystem check identified no issues (0 silenced).\n \n[django__django__3.1] [django__django-11797] Return Code: 1 \n[django__django__3.1] [django__django-11797] TestsTime: 1.0890190601348877 \n[django__django__3.1] [django__django-11797] Test script run successful \n[django__django__3.1] [django__django-11797] Removing coverage \n[django__django__3.1] [django__django-11797] Command: coverage run ./tests/runtests.py --verbosity 2 lookup.tests \n[django__django__3.1] [django__django-11797] Subprocess args: {\"cwd\": \"/opt/django__django\", \"check\": false, \"shell\": false, \"universal_newlines\": true, \"stdout\": -1, \"stderr\": -2, \"timeout\": 300} \n[django__django__3.1] [django__django-11797] Std. Output:\ntest_regex_lookup_with_invalid_pattern (lookup.tests.LookupTests) ... ERROR\n\n======================================================================\nERROR: test_regex_lookup_with_invalid_pattern (lookup.tests.LookupTests)\n----------------------------------------------------------------------\nTraceback (most recent call last):\n  File \"/opt/django__django/tests/lookup/tests.py\", line 25, in test_regex_lookup_with_invalid_pattern\n    lookup.as_sql(None, None)\n  File \"/opt/django__django/django/db/models/lookups.py\", line 479, in as_sql\n    if self.lookup_name in connection.operators:\nAttributeError: 'NoneType' object has no attribute 'operators'\n\n----------------------------------------------------------------------\nRan 1 test in 0.001s\n\nFAILED (errors=1)\nTesting against Django installed in '/opt/django__django/django' with up to 10 processes\nImporting application lookup\nSkipping setup of unused database(s): default, other.\nSystem check identified no issues (0 silenced).\n \n[django__django__3.1] [django__django-11797] Return Code: 1 \n[django__django__3.1] [django__django-11797] TestsTime: 1.1072654724121094 \n[django__django__3.1] [django__django-11797] Test script run successful \n[django__django__3.1] [django__django-11797] Removing coverage \n[django__django__3.1] [django__django-11797] Command: coverage run ./tests/runtests.py --verbosity 2 lookup.tests \n[django__django__3.1] [django__django-11797] Subprocess args: {\"cwd\": \"/opt/django__django\", \"check\": false, \"shell\": false, \"universal_newlines\": true, \"stdout\": -1, \"stderr\": -2, \"timeout\": 300} \n[django__django__3.1] [django__django-11797] Std. Output:\ntest_iregex_lookup_with_invalid_pattern (lookup.tests.LookupTests) ... ERROR\n\n======================================================================\nERROR: test_iregex_lookup_with_invalid_pattern (lookup.tests.LookupTests)\n----------------------------------------------------------------------\nTraceback (most recent call last):\n  File \"/opt/django__django/tests/lookup/tests.py\", line 25, in test_iregex_lookup_with_invalid_pattern\n    lookup.as_sql(None, None)\n  File \"/opt/django__django/django/db/models/lookups.py\", line 479, in as_sql\n    if self.lookup_name in connection.operators:\nAttributeError: 'NoneType' object has no attribute 'operators'\n\n----------------------------------------------------------------------\nRan 1 test in 0.001s\n\nFAILED (errors=1)\nTesting against Django installed in '/opt/django__django/django' with up to 10 processes\nImporting application lookup\nSkipping setup of unused database(s): default, other.\nSystem check identified no issues (0 silenced).\n \n[django__django__3.1] [django__django-11797] Return Code: 1 \n[django__django__3.1] [django__django-11797] TestsTime: 1.0868606567382812 \n[django__django__3.1] [django__django-11797] Test script run successful \n[django__django__3.1] [django__django-11797] Removing coverage \n[django__django__3.1] [django__django-11797] >>>>> Tests configfull pred\n \n[django__django__3.1] [django__django-11797] Test Script:  coverage run ./tests/runtests.py --verbosity 2 lookup.tests;\n \n[django__django__3.1] [django__django-11797] Command: coverage run ./tests/runtests.py --verbosity 2 lookup.tests \n[django__django__3.1] [django__django-11797] Subprocess args: {\"cwd\": \"/opt/django__django\", \"check\": false, \"shell\": false, \"universal_newlines\": true, \"stdout\": -1, \"stderr\": -2, \"timeout\": 300} \n[django__django__3.1] [django__django-11797] Std. Output:\ntest_in_lookup_with_empty_rhs (lookup.tests.LookupTests) ... ok\n\n----------------------------------------------------------------------\nRan 1 test in 0.001s\n\nOK\nTesting against Django installed in '/opt/django__django/django' with up to 10 processes\nImporting application lookup\nSkipping setup of unused database(s): default, other.\nSystem check identified no issues (0 silenced).\n \n[django__django__3.1] [django__django-11797] Return Code: 0 \n[django__django__3.1] [django__django-11797] TestsTime: 1.2180094718933105 \n[django__django__3.1] [django__django-11797] \n>>>>> All Tests Passed\n \n[django__django__3.1] [django__django-11797] Current Working Directory: /opt/django__django \n[django__django__3.1] [django__django-11797] Command: coverage json -o coverage.json \n[django__django__3.1] [django__django-11797] Subprocess args: {\"cwd\": \"/opt/django__django\", \"check\": false, \"shell\": false, \"universal_newlines\": true, \"stdout\": -1, \"stderr\": -2} \n[django__django__3.1] [django__django-11797] Std. Output:\nWrote JSON report to coverage.json\n \n[django__django__3.1] [django__django-11797] Return Code: 0 \n[django__django__3.1] [django__django-11797] \nCoverageLOG: 44.817927170868344%\n \n[django__django__3.1] [django__django-11797] Running mutation testing \n[django__django__3.1] [django__django-11797] Command: cosmic-ray init mutation.toml mutation.sqlite \n[django__django__3.1] [django__django-11797] Subprocess args: {\"cwd\": \"/opt/django__django\", \"check\": false, \"shell\": false, \"universal_newlines\": true, \"stdout\": -1, \"stderr\": -2, \"timeout\": 300} \n[django__django__3.1] [django__django-11797] Std. Output:\n \n[django__django__3.1] [django__django-11797] Return Code: 0 \n[django__django__3.1] [django__django-11797] Command: cosmic-ray exec mutation.toml mutation.sqlite \n[django__django__3.1] [django__django-11797] Subprocess args: {\"cwd\": \"/opt/django__django\", \"check\": false, \"shell\": false, \"universal_newlines\": true, \"stdout\": -1, \"stderr\": -2, \"timeout\": 3600} \n[django__django__3.1] [django__django-11797] Std. Output:\n \n[django__django__3.1] [django__django-11797] Return Code: 0 \n[django__django__3.1] [django__django-11797] Command: cr-rate mutation.sqlite --estimate --confidence 95.0 \n[django__django__3.1] [django__django-11797] Subprocess args: {\"cwd\": \"/opt/django__django\", \"check\": false, \"shell\": false, \"universal_newlines\": true, \"stdout\": -1, \"stderr\": -2} \n[django__django__3.1] [django__django-11797] Std. Output:\n97.82 97.82 97.82\n \n[django__django__3.1] [django__django-11797] Return Code: 0 \n[django__django__3.1] [django__django-11797] Command: cr-report mutation.sqlite \n[django__django__3.1] [django__django-11797] Subprocess args: {\"cwd\": \"/opt/django__django\", \"check\": false, \"shell\": false, \"universal_newlines\": true, \"stdout\": -1, \"stderr\": -2} \n[django__django__3.1] [django__django-11797] Std. Output:\n[job-id] f2c81ba8a82a4d18b748cdf51b502eef\ndjango/db/models/lookups.py core/ReplaceBinaryOperator_Add_Sub 0\nworker outcome: normal, test outcome: survived\n[job-id] e752d213724e4f8db7a69a3961069133\ndjango/db/models/lookups.py core/ReplaceBinaryOperator_Add_Sub 1\nworker outcome: normal, test outcome: survived\n[job-id] e43be9a36a884f1f8dfc4e01b5e35be9\ndjango/db/models/lookups.py core/ReplaceBinaryOperator_Add_Sub 2\nworker outcome: normal, test outcome: survived\n[job-id] 545acc2005cb45a3a854a5690393dbfb\ndjango/db/models/lookups.py core/ReplaceBinaryOperator_Add_Sub 3\nworker outcome: normal, test outcome: survived\n[job-id] fb8925cfc84a4f84a5ed3270a311319e\ndjango/db/models/lookups.py core/ReplaceBinaryOperator_Add_Sub 4\nworker outcome: normal, test outcome: survived\n[job-id] 44c2ea348db24c96b18d7ca1cb3b16e7\ndjango/db/models/lookups.py core/ReplaceBinaryOperator_Add_Mul 0\nworker outcome: normal, test outcome: survived\n[job-id] 2ea4bad198324656bead86b88167da08\ndjango/db/models/lookups.py core/ReplaceBinaryOperator_Add_Mul 1\nworker outcome: normal, test outcome: survived\n[job-id] 952be62f25b14e4da32ba284fb0ab8a7\ndjango/db/models/lookups.py core/ReplaceBinaryOperator_Add_Mul 2\nworker outcome: normal, test outcome: survived\n[job-id] 33dcee310e624d7189de6993cc03cd35\ndjango/db/models/lookups.py core/ReplaceBinaryOperator_Add_Mul 3\nworker outcome: normal, test outcome: survived\n[job-id] 8bf77412d6de4a5096b1f04980f6755b\ndjango/db/models/lookups.py core/ReplaceBinaryOperator_Add_Mul 4\nworker outcome: normal, test outcome: survived\n[job-id] 0968b731890346aa9e2f4b5f36a92577\ndjango/db/models/lookups.py core/ReplaceBinaryOperator_Add_Div 0\nworker outcome: normal, test outcome: survived\n[job-id] a7839b1088864c13a423e31251c4f86f\ndjango/db/models/lookups.py core/ReplaceBinaryOperator_Add_Div 1\nworker outcome: normal, test outcome: survived\n[job-id] 6a07194956364c309f7daa9f22cbfa72\ndjango/db/models/lookups.py core/ReplaceBinaryOperator_Add_Div 2\nworker outcome: normal, test outcome: survived\n[job-id] 54ee3fedcd0a4838abee149ba2ba5f77\ndjango/db/models/lookups.py core/ReplaceBinaryOperator_Add_Div 3\nworker outcome: normal, test outcome: survived\n[job-id] bc8750ad956344ba9359878e2658bb10\ndjango/db/models/lookups.py core/ReplaceBinaryOperator_Add_Div 4\nworker outcome: normal, test outcome: survived\n[job-id] 51875723c8c24bbc84099728ab1f2e14\ndjango/db/models/lookups.py core/ReplaceBinaryOperator_Add_FloorDiv 0\nworker outcome: normal, test outcome: survived\n[job-id] 9717db4c070a482e93da6d3ff3cce9d1\ndjango/db/models/lookups.py core/ReplaceBinaryOperator_Add_FloorDiv 1\nworker outcome: normal, test outcome: survived\n[job-id] e77156dfee694e858b8707c647f86bda\ndjango/db/models/lookups.py core/ReplaceBinaryOperator_Add_FloorDiv 2\nworker outcome: normal, test outcome: survived\n[job-id] 2163b0145ebc4d65aba92e84f5df02ee\ndjango/db/models/lookups.py core/ReplaceBinaryOperator_Add_FloorDiv 3\nworker outcome: normal, test outcome: survived\n[job-id] 2975c137dbde4afe928f7e81b9ef54f2\ndjango/db/models/lookups.py core/ReplaceBinaryOperator_Add_FloorDiv 4\nworker outcome: normal, test outcome: survived\n[job-id] 6bb582f5b4434df9aeffb064a89e7cde\ndjango/db/models/lookups.py core/ReplaceBinaryOperator_Add_Mod 0\nworker outcome: normal, test outcome: survived\n[job-id] a8515d8642274291969c717cb7353b4a\ndjango/db/models/lookups.py core/ReplaceBinaryOperator_Add_Mod 1\nworker outcome: normal, test outcome: survived\n[job-id] 6a4a4ea8bb4345ddab732edee8dd6437\ndjango/db/models/lookups.py core/ReplaceBinaryOperator_Add_Mod 2\nworker outcome: normal, test outcome: survived\n[job-id] 604adee9b7f743e2bf482e988e0bf087\ndjango/db/models/lookups.py core/ReplaceBinaryOperator_Add_Mod 3\nworker outcome: normal, test outcome: survived\n[job-id] 8e6e54cc65ac470a8a600b84c6cc0a09\ndjango/db/models/lookups.py core/ReplaceBinaryOperator_Add_Mod 4\nworker outcome: normal, test outcome: survived\n[job-id] 4f848141fb044c2dbf5b7a50f5c7e408\ndjango/db/models/lookups.py core/ReplaceBinaryOperator_Add_Pow 0\nworker outcome: normal, test outcome: survived\n[job-id] 675dd7af0562469380abde00abaafda0\ndjango/db/models/lookups.py core/ReplaceBinaryOperator_Add_Pow 1\nworker outcome: normal, test outcome: survived\n[job-id] 44fa4a4c2f3f4f0a88a9a7196cdb69f1\ndjango/db/models/lookups.py core/ReplaceBinaryOperator_Add_Pow 2\nworker outcome: normal, test outcome: survived\n[job-id] 137450d208df4e02bfb21f086e8aebd5\ndjango/db/models/lookups.py core/ReplaceBinaryOperator_Add_Pow 3\nworker outcome: normal, test outcome: survived\n[job-id] 2a80213bebef4a3ab54cb6a91b2cfacf\ndjango/db/models/lookups.py core/ReplaceBinaryOperator_Add_Pow 4\nworker outcome: normal, test outcome: survived\n[job-id] cabb1fec6a214de08d647e7d17b8f75b\ndjango/db/models/lookups.py core/ReplaceBinaryOperator_Add_RShift 0\nworker outcome: normal, test outcome: survived\n[job-id] 5a02f4270cd5422a88a7bf781d051ac3\ndjango/db/models/lookups.py core/ReplaceBinaryOperator_Add_RShift 1\nworker outcome: normal, test outcome: survived\n[job-id] 80d29355424f475889bbd710ec6e07e1\ndjango/db/models/lookups.py core/ReplaceBinaryOperator_Add_RShift 2\nworker outcome: normal, test outcome: survived\n[job-id] 7ab0ea46648d4bde9ea246e9b13ca8e0\ndjango/db/models/lookups.py core/ReplaceBinaryOperator_Add_RShift 3\nworker outcome: normal, test outcome: survived\n[job-id] c74644c48f9d42969a474e4fce5e6974\ndjango/db/models/lookups.py core/ReplaceBinaryOperator_Add_RShift 4\nworker outcome: normal, test outcome: survived\n[job-id] 32996b4682a94fcf8d7cbdc11f808a36\ndjango/db/models/lookups.py core/ReplaceBinaryOperator_Add_LShift 0\nworker outcome: normal, test outcome: survived\n[job-id] 904fcda4c0dc47468c0d5b935b22cd79\ndjango/db/models/lookups.py core/ReplaceBinaryOperator_Add_LShift 1\nworker outcome: normal, test outcome: survived\n[job-id] 987050a3069740a0aad5e00c59cae4df\ndjango/db/models/lookups.py core/ReplaceBinaryOperator_Add_LShift 2\nworker outcome: normal, test outcome: survived\n[job-id] fae18f51efcf4d878e529075dde002c3\ndjango/db/models/lookups.py core/ReplaceBinaryOperator_Add_LShift 3\nworker outcome: normal, test outcome: survived\n[job-id] a0b6da40a98146a58e9db4c477e09646\ndjango/db/models/lookups.py core/ReplaceBinaryOperator_Add_LShift 4\nworker outcome: normal, test outcome: survived\n[job-id] 63c8f9ab2c724d0dbfa23a25913ac1b0\ndjango/db/models/lookups.py core/ReplaceBinaryOperator_Add_BitOr 0\nworker outcome: normal, test outcome: survived\n[job-id] b8dfc2f94cac4f8bbc7242e2f18ee051\ndjango/db/models/lookups.py core/ReplaceBinaryOperator_Add_BitOr 1\nworker outcome: normal, test outcome: survived\n[job-id] 740767a0f5f744a78a27cf155313b615\ndjango/db/models/lookups.py core/ReplaceBinaryOperator_Add_BitOr 2\nworker outcome: normal, test outcome: survived\n[job-id] 6d21040e2f6a41dabac27206175980a8\ndjango/db/models/lookups.py core/ReplaceBinaryOperator_Add_BitOr 3\nworker outcome: normal, test outcome: survived\n[job-id] 4a0e04a37d294bb8a75b2baa002c03ab\ndjango/db/models/lookups.py core/ReplaceBinaryOperator_Add_BitOr 4\nworker outcome: normal, test outcome: survived\n[job-id] 2812b466e6cd4329a0ad39553fc8cffa\ndjango/db/models/lookups.py core/ReplaceBinaryOperator_Add_BitAnd 0\nworker outcome: normal, test outcome: survived\n[job-id] 48bdb485d93c418f8334b5ae4763cd10\ndjango/db/models/lookups.py core/ReplaceBinaryOperator_Add_BitAnd 1\nworker outcome: normal, test outcome: survived\n[job-id] e445fad5008040b2a9e7c2310aab199f\ndjango/db/models/lookups.py core/ReplaceBinaryOperator_Add_BitAnd 2\nworker outcome: normal, test outcome: survived\n[job-id] b0392f74c26e4b9983e135ed4790c46c\ndjango/db/models/lookups.py core/ReplaceBinaryOperator_Add_BitAnd 3\nworker outcome: normal, test outcome: survived\n[job-id] 45f43b1ff6e2419ea5eec426a0cfa54d\ndjango/db/models/lookups.py core/ReplaceBinaryOperator_Add_BitAnd 4\nworker outcome: normal, test outcome: survived\n[job-id] e13eb24970ca42e5839932bfd598eb8b\ndjango/db/models/lookups.py core/ReplaceBinaryOperator_Add_BitXor 0\nworker outcome: normal, test outcome: survived\n[job-id] e3e47abd12594860a27d7b5b544c3d95\ndjango/db/models/lookups.py core/ReplaceBinaryOperator_Add_BitXor 1\nworker outcome: normal, test outcome: survived\n[job-id] eb446fced5eb4c188fee6bbde27dd9b0\ndjango/db/models/lookups.py core/ReplaceBinaryOperator_Add_BitXor 2\nworker outcome: normal, test outcome: survived\n[job-id] 5b1fc4b77511410ea5a24792d20e2e71\ndjango/db/models/lookups.py core/ReplaceBinaryOperator_Add_BitXor 3\nworker outcome: normal, test outcome: survived\n[job-id] 9cbf11e42ee54486b19334cf878b460b\ndjango/db/models/lookups.py core/ReplaceBinaryOperator_Add_BitXor 4\nworker outcome: normal, test outcome: survived\n[job-id] 829420c60db1431895824b35b4b5830e\ndjango/db/models/lookups.py core/ReplaceBinaryOperator_Mul_Add 0\nworker outcome: normal, test outcome: survived\n[job-id] 5b6e95b4e4fe431b8dabb1bfdd960031\ndjango/db/models/lookups.py core/ReplaceBinaryOperator_Mul_Sub 0\nworker outcome: normal, test outcome: survived\n[job-id] a60b0582c7ac4418aca6bfe0e9f4d211\ndjango/db/models/lookups.py core/ReplaceBinaryOperator_Mul_Div 0\nworker outcome: normal, test outcome: survived\n[job-id] 1286dcb224e545739ed18b04665224b1\ndjango/db/models/lookups.py core/ReplaceBinaryOperator_Mul_FloorDiv 0\nworker outcome: normal, test outcome: survived\n[job-id] 45925efd972749ab8063978a5f7ba095\ndjango/db/models/lookups.py core/ReplaceBinaryOperator_Mul_Mod 0\nworker outcome: normal, test outcome: survived\n[job-id] d894b149ae354d97ac2cea5d9427fba0\ndjango/db/models/lookups.py core/ReplaceBinaryOperator_Mul_Pow 0\nworker outcome: normal, test outcome: survived\n[job-id] d4ea745d56ad4f239423b84e3a126124\ndjango/db/models/lookups.py core/ReplaceBinaryOperator_Mul_RShift 0\nworker outcome: normal, test outcome: survived\n[job-id] 9407c9dd57104e5682b516f7b1049f90\ndjango/db/models/lookups.py core/ReplaceBinaryOperator_Mul_LShift 0\nworker outcome: normal, test outcome: survived\n[job-id] 1e3a6f657e3b41fdbb062d042068a079\ndjango/db/models/lookups.py core/ReplaceBinaryOperator_Mul_BitOr 0\nworker outcome: normal, test outcome: survived\n[job-id] 64f13151c62e463baf19780bc0c5ef3a\ndjango/db/models/lookups.py core/ReplaceBinaryOperator_Mul_BitAnd 0\nworker outcome: normal, test outcome: survived\n[job-id] 94a5d53d88c84e7387757664117861d8\ndjango/db/models/lookups.py core/ReplaceBinaryOperator_Mul_BitXor 0\nworker outcome: normal, test outcome: survived\n[job-id] 16e019af51a244da918024796d57d888\ndjango/db/models/lookups.py core/ReplaceBinaryOperator_Mod_Add 0\nworker outcome: normal, test outcome: survived\n[job-id] a22ecaebb65d487ba6c4ec3c4f40ae9f\ndjango/db/models/lookups.py core/ReplaceBinaryOperator_Mod_Add 1\nworker outcome: normal, test outcome: survived\n[job-id] 8858cf623413478492773dec9ed70cf2\ndjango/db/models/lookups.py core/ReplaceBinaryOperator_Mod_Add 2\nworker outcome: normal, test outcome: survived\n[job-id] e851046c60ca4d96ac732c441bfccc3b\ndjango/db/models/lookups.py core/ReplaceBinaryOperator_Mod_Add 3\nworker outcome: normal, test outcome: survived\n[job-id] 7462ec60524440019ba3f003d1a62eee\ndjango/db/models/lookups.py core/ReplaceBinaryOperator_Mod_Add 4\nworker outcome: normal, test outcome: survived\n[job-id] 2e7ab54e0e144f74a9f2275939d94336\ndjango/db/models/lookups.py core/ReplaceBinaryOperator_Mod_Add 5\nworker outcome: normal, test outcome: survived\n[job-id] 574bd1714d954bcc8b164e23504e4195\ndjango/db/models/lookups.py core/ReplaceBinaryOperator_Mod_Add 6\nworker outcome: normal, test outcome: survived\n[job-id] aa21860ad1834d429869af053afad301\ndjango/db/models/lookups.py core/ReplaceBinaryOperator_Mod_Add 7\nworker outcome: normal, test outcome: survived\n[job-id] e5046a0c5747477faaac8b0a05efc5f6\ndjango/db/models/lookups.py core/ReplaceBinaryOperator_Mod_Add 8\nworker outcome: normal, test outcome: survived\n[job-id] 673632f2b1c84fc1b0e92f614487344d\ndjango/db/models/lookups.py core/ReplaceBinaryOperator_Mod_Add 9\nworker outcome: normal, test outcome: survived\n[job-id] fe8303f0fcf54e318192b9676ef96b86\ndjango/db/models/lookups.py core/ReplaceBinaryOperator_Mod_Add 10\nworker outcome: normal, test outcome: survived\n[job-id] 2566b3b073324af4a67e4041fd3c419e\ndjango/db/models/lookups.py core/ReplaceBinaryOperator_Mod_Add 11\nworker outcome: normal, test outcome: survived\n[job-id] 193258a264b242fb96c12b07b21c0122\ndjango/db/models/lookups.py core/ReplaceBinaryOperator_Mod_Add 12\nworker outcome: normal, test outcome: survived\n[job-id] a45151fa6c284eef8387b4a2b3abc15e\ndjango/db/models/lookups.py core/ReplaceBinaryOperator_Mod_Sub 0\nworker outcome: normal, test outcome: survived\n[job-id] 45bb344b9f8d487eb07532a96ee1ec7f\ndjango/db/models/lookups.py core/ReplaceBinaryOperator_Mod_Sub 1\nworker outcome: normal, test outcome: survived\n[job-id] 8c21a216dd35461587f06f99250a53fd\ndjango/db/models/lookups.py core/ReplaceBinaryOperator_Mod_Sub 2\nworker outcome: normal, test outcome: survived\n[job-id] 359302ed87314573ab8bb91b7b0243cd\ndjango/db/models/lookups.py core/ReplaceBinaryOperator_Mod_Sub 3\nworker outcome: normal, test outcome: survived\n[job-id] 2019d19dc1cc43fca2b980cfb9f273ff\ndjango/db/models/lookups.py core/ReplaceBinaryOperator_Mod_Sub 4\nworker outcome: normal, test outcome: survived\n[job-id] 7f0e7bdc778340149228cfe335f76979\ndjango/db/models/lookups.py core/ReplaceBinaryOperator_Mod_Sub 5\nworker outcome: normal, test outcome: survived\n[job-id] 4fb917564c734c02816ef52926be183b\ndjango/db/models/lookups.py core/ReplaceBinaryOperator_Mod_Sub 6\nworker outcome: normal, test outcome: survived\n[job-id] 882457a0c6ff416c9b106866a850a178\ndjango/db/models/lookups.py core/ReplaceBinaryOperator_Mod_Sub 7\nworker outcome: normal, test outcome: survived\n[job-id] 092010e9c52f41c19dbc37a9c4d8e791\ndjango/db/models/lookups.py core/ReplaceBinaryOperator_Mod_Sub 8\nworker outcome: normal, test outcome: survived\n[job-id] 880e095eb3ee4e9d81a13c993d0e43e2\ndjango/db/models/lookups.py core/ReplaceBinaryOperator_Mod_Sub 9\nworker outcome: normal, test outcome: survived\n[job-id] 172626a13fb54308bcd25951ca1e1510\ndjango/db/models/lookups.py core/ReplaceBinaryOperator_Mod_Sub 10\nworker outcome: normal, test outcome: survived\n[job-id] 230fbcd175a24355aed2ca2ce905003d\ndjango/db/models/lookups.py core/ReplaceBinaryOperator_Mod_Sub 11\nworker outcome: normal, test outcome: survived\n[job-id] eba31205a7e14fd8801a7a56cca4d613\ndjango/db/models/lookups.py core/ReplaceBinaryOperator_Mod_Sub 12\nworker outcome: normal, test outcome: survived\n[job-id] 7a3d5a3d265e41129e865973289fc26d\ndjango/db/models/lookups.py core/ReplaceBinaryOperator_Mod_Mul 0\nworker outcome: normal, test outcome: survived\n[job-id] 2c3ecd00297a41a9a056b3b9efa6c9bd\ndjango/db/models/lookups.py core/ReplaceBinaryOperator_Mod_Mul 1\nworker outcome: normal, test outcome: survived\n[job-id] 0d3e7cc879964cf1ad5a10b6f1fd63d8\ndjango/db/models/lookups.py core/ReplaceBinaryOperator_Mod_Mul 2\nworker outcome: normal, test outcome: survived\n[job-id] dcc0f8033654423e9146f1198758f2b8\ndjango/db/models/lookups.py core/ReplaceBinaryOperator_Mod_Mul 3\nworker outcome: normal, test outcome: survived\n[job-id] f1a0ec58385f4a919d62e73329498cc2\ndjango/db/models/lookups.py core/ReplaceBinaryOperator_Mod_Mul 4\nworker outcome: normal, test outcome: survived\n[job-id] 6b0c6893e18043c39611bc7e357159d7\ndjango/db/models/lookups.py core/ReplaceBinaryOperator_Mod_Mul 5\nworker outcome: normal, test outcome: survived\n[job-id] 9498af7cc23d45639d7b11a19fe0d313\ndjango/db/models/lookups.py core/ReplaceBinaryOperator_Mod_Mul 6\nworker outcome: normal, test outcome: survived\n[job-id] 57c67c81c541487ba23774d0de05d1e7\ndjango/db/models/lookups.py core/ReplaceBinaryOperator_Mod_Mul 7\nworker outcome: normal, test outcome: survived\n[job-id] 7d67f9d6578244a2b183d9c82809158c\ndjango/db/models/lookups.py core/ReplaceBinaryOperator_Mod_Mul 8\nworker outcome: normal, test outcome: survived\n[job-id] 0e5f04535c08411e97dd5378955c0bb1\ndjango/db/models/lookups.py core/ReplaceBinaryOperator_Mod_Mul 9\nworker outcome: normal, test outcome: survived\n[job-id] d1c01ddf5e784647bb0a782fd7991f5b\ndjango/db/models/lookups.py core/ReplaceBinaryOperator_Mod_Mul 10\nworker outcome: normal, test outcome: survived\n[job-id] c09905fc5ce74f07b3c9762b3fbcf7f5\ndjango/db/models/lookups.py core/ReplaceBinaryOperator_Mod_Mul 11\nworker outcome: normal, test outcome: survived\n[job-id] 22e46a9ea59e438f986fc7ce68b2f3d3\ndjango/db/models/lookups.py core/ReplaceBinaryOperator_Mod_Mul 12\nworker outcome: normal, test outcome: survived\n[job-id] 3b7e8e96f40249139a22dd711758f3dc\ndjango/db/models/lookups.py core/ReplaceBinaryOperator_Mod_Div 0\nworker outcome: normal, test outcome: survived\n[job-id] b83f088116d446e99522e4e02b699041\ndjango/db/models/lookups.py core/ReplaceBinaryOperator_Mod_Div 1\nworker outcome: normal, test outcome: survived\n[job-id] 9363ec33f2104ed797125f9732f1654f\ndjango/db/models/lookups.py core/ReplaceBinaryOperator_Mod_Div 2\nworker outcome: normal, test outcome: survived\n[job-id] a4b3081ad6a44872a671fc3a659b2235\ndjango/db/models/lookups.py core/ReplaceBinaryOperator_Mod_Div 3\nworker outcome: normal, test outcome: survived\n[job-id] 3b6708d12e5a4c8d886550e4b42f221d\ndjango/db/models/lookups.py core/ReplaceBinaryOperator_Mod_Div 4\nworker outcome: normal, test outcome: survived\n[job-id] 40fa0b337a314dc08f74409d177a8a8f\ndjango/db/models/lookups.py core/ReplaceBinaryOperator_Mod_Div 5\nworker outcome: normal, test outcome: survived\n[job-id] 84f0cfd5fd874dae97017665ec26e460\ndjango/db/models/lookups.py core/ReplaceBinaryOperator_Mod_Div 6\nworker outcome: normal, test outcome: survived\n[job-id] 3b8448a154264e48be43abcc1666117c\ndjango/db/models/lookups.py core/ReplaceBinaryOperator_Mod_Div 7\nworker outcome: normal, test outcome: survived\n[job-id] f9e73245f7274142bdfc13407a312dc2\ndjango/db/models/lookups.py core/ReplaceBinaryOperator_Mod_Div 8\nworker outcome: normal, test outcome: survived\n[job-id] ed8a77efd2ad416f9910e192c40df895\ndjango/db/models/lookups.py core/ReplaceBinaryOperator_Mod_Div 9\nworker outcome: normal, test outcome: survived\n[job-id] 8331b424b2204ef6b6c46f5f0e37db97\ndjango/db/models/lookups.py core/ReplaceBinaryOperator_Mod_Div 10\nworker outcome: normal, test outcome: survived\n[job-id] 8c2fe45e37624755914717afaac188db\ndjango/db/models/lookups.py core/ReplaceBinaryOperator_Mod_Div 11\nworker outcome: normal, test outcome: survived\n[job-id] 4e6b022281d2434e8bdaf69f158ef0da\ndjango/db/models/lookups.py core/ReplaceBinaryOperator_Mod_Div 12\nworker outcome: normal, test outcome: survived\n[job-id] 0ab40dd45a094e2d883e788bae90f132\ndjango/db/models/lookups.py core/ReplaceBinaryOperator_Mod_FloorDiv 0\nworker outcome: normal, test outcome: survived\n[job-id] 6ca20800e47a4d888f7d197a893f5ce0\ndjango/db/models/lookups.py core/ReplaceBinaryOperator_Mod_FloorDiv 1\nworker outcome: normal, test outcome: survived\n[job-id] abbc6fc359eb40b5b273914e20210547\ndjango/db/models/lookups.py core/ReplaceBinaryOperator_Mod_FloorDiv 2\nworker outcome: normal, test outcome: survived\n[job-id] a241ad98bc99418896a81b70ae960e8d\ndjango/db/models/lookups.py core/ReplaceBinaryOperator_Mod_FloorDiv 3\nworker outcome: normal, test outcome: survived\n[job-id] 53a9e72c840e47dea53326ee728525c5\ndjango/db/models/lookups.py core/ReplaceBinaryOperator_Mod_FloorDiv 4\nworker outcome: normal, test outcome: survived\n[job-id] 38355e2e93a346039d8712c6a7b4ba9c\ndjango/db/models/lookups.py core/ReplaceBinaryOperator_Mod_FloorDiv 5\nworker outcome: normal, test outcome: survived\n[job-id] 0ddf97f8258340e5945bc741b5ec21b1\ndjango/db/models/lookups.py core/ReplaceBinaryOperator_Mod_FloorDiv 6\nworker outcome: normal, test outcome: survived\n[job-id] 4571c6b1bc8e493ca8253d78c8e4f789\ndjango/db/models/lookups.py core/ReplaceBinaryOperator_Mod_FloorDiv 7\nworker outcome: normal, test outcome: survived\n[job-id] 82db9ae01dc84da88b1c7cd7801a3f05\ndjango/db/models/lookups.py core/ReplaceBinaryOperator_Mod_FloorDiv 8\nworker outcome: normal, test outcome: survived\n[job-id] 4d026fac8b024cbd8b0f100693b48575\ndjango/db/models/lookups.py core/ReplaceBinaryOperator_Mod_FloorDiv 9\nworker outcome: normal, test outcome: survived\n[job-id] 5ce9636cd8cd436ab111771245f49a38\ndjango/db/models/lookups.py core/ReplaceBinaryOperator_Mod_FloorDiv 10\nworker outcome: normal, test outcome: survived\n[job-id] f19be1b9b51a4f9ab77d516828077b4c\ndjango/db/models/lookups.py core/ReplaceBinaryOperator_Mod_FloorDiv 11\nworker outcome: normal, test outcome: survived\n[job-id] 648cb7a96a174b1aba3929649000f68d\ndjango/db/models/lookups.py core/ReplaceBinaryOperator_Mod_FloorDiv 12\nworker outcome: normal, test outcome: survived\n[job-id] a137a795e73046dc8222094987cfe664\ndjango/db/models/lookups.py core/ReplaceBinaryOperator_Mod_Pow 0\nworker outcome: normal, test outcome: survived\n[job-id] 47436b0e72b348989a9fb2cbc371d6d5\ndjango/db/models/lookups.py core/ReplaceBinaryOperator_Mod_Pow 1\nworker outcome: normal, test outcome: survived\n[job-id] 25484ed9dcac4da583f51c52751f4160\ndjango/db/models/lookups.py core/ReplaceBinaryOperator_Mod_Pow 2\nworker outcome: normal, test outcome: survived\n[job-id] f57286c3044e42a8aace734e6e673c8c\ndjango/db/models/lookups.py core/ReplaceBinaryOperator_Mod_Pow 3\nworker outcome: normal, test outcome: survived\n[job-id] d7b03bbb042647cf897649d8570f0093\ndjango/db/models/lookups.py core/ReplaceBinaryOperator_Mod_Pow 4\nworker outcome: normal, test outcome: survived\n[job-id] 59dfedad5c7a4607ba660a52631a90ff\ndjango/db/models/lookups.py core/ReplaceBinaryOperator_Mod_Pow 5\nworker outcome: normal, test outcome: survived\n[job-id] 1987e189a1754c239b9ceaca1aaa6711\ndjango/db/models/lookups.py core/ReplaceBinaryOperator_Mod_Pow 6\nworker outcome: normal, test outcome: survived\n[job-id] fa11ad6eafb9430b9ed43de0d38869be\ndjango/db/models/lookups.py core/ReplaceBinaryOperator_Mod_Pow 7\nworker outcome: normal, test outcome: survived\n[job-id] f771bd507a2a4a53b1e006aca06ed2b5\ndjango/db/models/lookups.py core/ReplaceBinaryOperator_Mod_Pow 8\nworker outcome: normal, test outcome: survived\n[job-id] 53333e9c830e4b359b8b91fa744a78f8\ndjango/db/models/lookups.py core/ReplaceBinaryOperator_Mod_Pow 9\nworker outcome: normal, test outcome: survived\n[job-id] bac6afa6a8724bed861ec96307488e26\ndjango/db/models/lookups.py core/ReplaceBinaryOperator_Mod_Pow 10\nworker outcome: normal, test outcome: survived\n[job-id] 84e21bcc9d8b44ba9ffdfaf71177b997\ndjango/db/models/lookups.py core/ReplaceBinaryOperator_Mod_Pow 11\nworker outcome: normal, test outcome: survived\n[job-id] 4a46d81f505541bf85eb95d2d6f7003f\ndjango/db/models/lookups.py core/ReplaceBinaryOperator_Mod_Pow 12\nworker outcome: normal, test outcome: survived\n[job-id] d1d3204fb1ff4a5daf727c5c16d18b81\ndjango/db/models/lookups.py core/ReplaceBinaryOperator_Mod_RShift 0\nworker outcome: normal, test outcome: survived\n[job-id] c1a838c47afe4ae9bf7c5803c3dfa886\ndjango/db/models/lookups.py core/ReplaceBinaryOperator_Mod_RShift 1\nworker outcome: normal, test outcome: survived\n[job-id] 9dfedb0c0fa64f28956be8e100db08e2\ndjango/db/models/lookups.py core/ReplaceBinaryOperator_Mod_RShift 2\nworker outcome: normal, test outcome: survived\n[job-id] 69b196f34ab049a0ac602059c67f1e48\ndjango/db/models/lookups.py core/ReplaceBinaryOperator_Mod_RShift 3\nworker outcome: normal, test outcome: survived\n[job-id] e1cee7545c32414db3a72eae19fc2a72\ndjango/db/models/lookups.py core/ReplaceBinaryOperator_Mod_RShift 4\nworker outcome: normal, test outcome: survived\n[job-id] 5680faa18b1f4219a3d9cb61f966b7d7\ndjango/db/models/lookups.py core/ReplaceBinaryOperator_Mod_RShift 5\nworker outcome: normal, test outcome: survived\n[job-id] 757b23e6bee94eb8a77d24b3dd8754bb\ndjango/db/models/lookups.py core/ReplaceBinaryOperator_Mod_RShift 6\nworker outcome: normal, test outcome: survived\n[job-id] 8f3bc8b857984aa2bfdf9612f0ee0b32\ndjango/db/models/lookups.py core/ReplaceBinaryOperator_Mod_RShift 7\nworker outcome: normal, test outcome: survived\n[job-id] 0b977dbaf4404ea9a97fb66b453e9852\ndjango/db/models/lookups.py core/ReplaceBinaryOperator_Mod_RShift 8\nworker outcome: normal, test outcome: survived\n[job-id] 744a936585474214b9a6f3073c06cc76\ndjango/db/models/lookups.py core/ReplaceBinaryOperator_Mod_RShift 9\nworker outcome: normal, test outcome: survived\n[job-id] e9f0cb43f4734a0fbbf74b523299d50b\ndjango/db/models/lookups.py core/ReplaceBinaryOperator_Mod_RShift 10\nworker outcome: normal, test outcome: survived\n[job-id] e525d3a5d2d64db7a8e7e904e601de88\ndjango/db/models/lookups.py core/ReplaceBinaryOperator_Mod_RShift 11\nworker outcome: normal, test outcome: survived\n[job-id] 0d1f409fa3554f40bc18a6f87728f288\ndjango/db/models/lookups.py core/ReplaceBinaryOperator_Mod_RShift 12\nworker outcome: normal, test outcome: survived\n[job-id] 29d8cfcdf5e34a3fa2dd25bc1ed2d197\ndjango/db/models/lookups.py core/ReplaceBinaryOperator_Mod_LShift 0\nworker outcome: normal, test outcome: survived\n[job-id] 511cfda5822b49528a607d0c7e7f9f1e\ndjango/db/models/lookups.py core/ReplaceBinaryOperator_Mod_LShift 1\nworker outcome: normal, test outcome: survived\n[job-id] d50eb17782f94c7abe8c9cd466b1f6f7\ndjango/db/models/lookups.py core/ReplaceBinaryOperator_Mod_LShift 2\nworker outcome: normal, test outcome: survived\n[job-id] d7be6f542e334ac9a9e5140e20a65674\ndjango/db/models/lookups.py core/ReplaceBinaryOperator_Mod_LShift 3\nworker outcome: normal, test outcome: survived\n[job-id] fb947a5a394343e5aacdcc9aced5caa6\ndjango/db/models/lookups.py core/ReplaceBinaryOperator_Mod_LShift 4\nworker outcome: normal, test outcome: survived\n[job-id] 133655f7a5454969b0a5b956f1b49ae9\ndjango/db/models/lookups.py core/ReplaceBinaryOperator_Mod_LShift 5\nworker outcome: normal, test outcome: survived\n[job-id] cdebcb41511d4aac96e6201ab4871ca7\ndjango/db/models/lookups.py core/ReplaceBinaryOperator_Mod_LShift 6\nworker outcome: normal, test outcome: survived\n[job-id] 74ba410504114087b6937af9b7fcde50\ndjango/db/models/lookups.py core/ReplaceBinaryOperator_Mod_LShift 7\nworker outcome: normal, test outcome: survived\n[job-id] 3f9e35a15766447782d75faca1d5c430\ndjango/db/models/lookups.py core/ReplaceBinaryOperator_Mod_LShift 8\nworker outcome: normal, test outcome: survived\n[job-id] 76fcbb17c4c64b2f820cf4e09ed409a6\ndjango/db/models/lookups.py core/ReplaceBinaryOperator_Mod_LShift 9\nworker outcome: normal, test outcome: survived\n[job-id] fde178b7c1eb4c2a86512ce399593295\ndjango/db/models/lookups.py core/ReplaceBinaryOperator_Mod_LShift 10\nworker outcome: normal, test outcome: survived\n[job-id] 83532d9e51a34f7fb936c20fdaa396b3\ndjango/db/models/lookups.py core/ReplaceBinaryOperator_Mod_LShift 11\nworker outcome: normal, test outcome: survived\n[job-id] cf949511080f4206b1ad368edc5188b8\ndjango/db/models/lookups.py core/ReplaceBinaryOperator_Mod_LShift 12\nworker outcome: normal, test outcome: survived\n[job-id] e04fa63d27d64f6a9ec82ddc0ece8b50\ndjango/db/models/lookups.py core/ReplaceBinaryOperator_Mod_BitOr 0\nworker outcome: normal, test outcome: survived\n[job-id] 9e27ab1de725426e9eacdabbed8b21e1\ndjango/db/models/lookups.py core/ReplaceBinaryOperator_Mod_BitOr 1\nworker outcome: normal, test outcome: survived\n[job-id] eb41d507459c49118d930eb78e827085\ndjango/db/models/lookups.py core/ReplaceBinaryOperator_Mod_BitOr 2\nworker outcome: normal, test outcome: survived\n[job-id] 8a559fa0418747beb4d6c0db09f96745\ndjango/db/models/lookups.py core/ReplaceBinaryOperator_Mod_BitOr 3\nworker outcome: normal, test outcome: survived\n[job-id] d926cbc4c244440ab7a238fd7207a365\ndjango/db/models/lookups.py core/ReplaceBinaryOperator_Mod_BitOr 4\nworker outcome: normal, test outcome: survived\n[job-id] 5150733733b54c9da41bde8f2ff6cb99\ndjango/db/models/lookups.py core/ReplaceBinaryOperator_Mod_BitOr 5\nworker outcome: normal, test outcome: survived\n[job-id] b5fa67774f4743e99946c2917bb5fdc3\ndjango/db/models/lookups.py core/ReplaceBinaryOperator_Mod_BitOr 6\nworker outcome: normal, test outcome: survived\n[job-id] d91f23bad5c34827be968462aa018158\ndjango/db/models/lookups.py core/ReplaceBinaryOperator_Mod_BitOr 7\nworker outcome: normal, test outcome: survived\n[job-id] 021f4dfc65f949fb84d9cf73051e604c\ndjango/db/models/lookups.py core/ReplaceBinaryOperator_Mod_BitOr 8\nworker outcome: normal, test outcome: survived\n[job-id] f8dc69ad216148e9a8f0d946c16a687d\ndjango/db/models/lookups.py core/ReplaceBinaryOperator_Mod_BitOr 9\nworker outcome: normal, test outcome: survived\n[job-id] ab2a8baca48347219aac04b4fbecf8fc\ndjango/db/models/lookups.py core/ReplaceBinaryOperator_Mod_BitOr 10\nworker outcome: normal, test outcome: survived\n[job-id] 502e32193d0049609f3d982966bd5bd4\ndjango/db/models/lookups.py core/ReplaceBinaryOperator_Mod_BitOr 11\nworker outcome: normal, test outcome: survived\n[job-id] 82bf82348dc34684bc602ae178114f34\ndjango/db/models/lookups.py core/ReplaceBinaryOperator_Mod_BitOr 12\nworker outcome: normal, test outcome: survived\n[job-id] a577d2e92a5c4a509aca4f22977ca0ad\ndjango/db/models/lookups.py core/ReplaceBinaryOperator_Mod_BitAnd 0\nworker outcome: normal, test outcome: survived\n[job-id] 02f1f96f344a478bbfa67d82b4030c4b\ndjango/db/models/lookups.py core/ReplaceBinaryOperator_Mod_BitAnd 1\nworker outcome: normal, test outcome: survived\n[job-id] 7ba280dd60c9469ea086bac0f55b556e\ndjango/db/models/lookups.py core/ReplaceBinaryOperator_Mod_BitAnd 2\nworker outcome: normal, test outcome: survived\n[job-id] 5b7ea915c245458a84671d27b61e4c24\ndjango/db/models/lookups.py core/ReplaceBinaryOperator_Mod_BitAnd 3\nworker outcome: normal, test outcome: survived\n[job-id] c66e440f5e3a433785dc84d15e5ee493\ndjango/db/models/lookups.py core/ReplaceBinaryOperator_Mod_BitAnd 4\nworker outcome: normal, test outcome: survived\n[job-id] 32ce381315bc47278e873fb8b5fa909d\ndjango/db/models/lookups.py core/ReplaceBinaryOperator_Mod_BitAnd 5\nworker outcome: normal, test outcome: survived\n[job-id] a5c36b04c08a48c28a7de31a2cdb86b8\ndjango/db/models/lookups.py core/ReplaceBinaryOperator_Mod_BitAnd 6\nworker outcome: normal, test outcome: survived\n[job-id] 230a3a3f8b564a218ac90d8909cf2a4e\ndjango/db/models/lookups.py core/ReplaceBinaryOperator_Mod_BitAnd 7\nworker outcome: normal, test outcome: survived\n[job-id] 55bb10cdfa8b4ede85d6b8cae50d5db7\ndjango/db/models/lookups.py core/ReplaceBinaryOperator_Mod_BitAnd 8\nworker outcome: normal, test outcome: survived\n[job-id] 1c0224f4d9ea4dbf831a911130cd0f8a\ndjango/db/models/lookups.py core/ReplaceBinaryOperator_Mod_BitAnd 9\nworker outcome: normal, test outcome: survived\n[job-id] afcd8f50bf4b48eea838249a85b71e02\ndjango/db/models/lookups.py core/ReplaceBinaryOperator_Mod_BitAnd 10\nworker outcome: normal, test outcome: survived\n[job-id] 6b4034862a354872b9e8e9443f1fa027\ndjango/db/models/lookups.py core/ReplaceBinaryOperator_Mod_BitAnd 11\nworker outcome: normal, test outcome: survived\n[job-id] 3af36f8f7baa4d8fa3e2255e777b4031\ndjango/db/models/lookups.py core/ReplaceBinaryOperator_Mod_BitAnd 12\nworker outcome: normal, test outcome: survived\n[job-id] a71dd5762b424a5480d7915ea8db2a9d\ndjango/db/models/lookups.py core/ReplaceBinaryOperator_Mod_BitXor 0\nworker outcome: normal, test outcome: survived\n[job-id] 1774e63ad5eb47deb38831dca246bb0e\ndjango/db/models/lookups.py core/ReplaceBinaryOperator_Mod_BitXor 1\nworker outcome: normal, test outcome: survived\n[job-id] 7c59bb68b3ff49fca2c11dfe09df8deb\ndjango/db/models/lookups.py core/ReplaceBinaryOperator_Mod_BitXor 2\nworker outcome: normal, test outcome: survived\n[job-id] dadb2918666048bb80c93f9dec565d16\ndjango/db/models/lookups.py core/ReplaceBinaryOperator_Mod_BitXor 3\nworker outcome: normal, test outcome: survived\n[job-id] 034a073f50044d2f944a9142dc48bb62\ndjango/db/models/lookups.py core/ReplaceBinaryOperator_Mod_BitXor 4\nworker outcome: normal, test outcome: survived\n[job-id] 8582aba018f242858f782838c7718896\ndjango/db/models/lookups.py core/ReplaceBinaryOperator_Mod_BitXor 5\nworker outcome: normal, test outcome: survived\n[job-id] 7e4e2a76c63b4c7a8916972ffb3ded37\ndjango/db/models/lookups.py core/ReplaceBinaryOperator_Mod_BitXor 6\nworker outcome: normal, test outcome: survived\n[job-id] 43c9e7e9421949a79ad7b480b5181de1\ndjango/db/models/lookups.py core/ReplaceBinaryOperator_Mod_BitXor 7\nworker outcome: normal, test outcome: survived\n[job-id] 96a101e3f9c74d74b61d019d5ba83fe0\ndjango/db/models/lookups.py core/ReplaceBinaryOperator_Mod_BitXor 8\nworker outcome: normal, test outcome: survived\n[job-id] df25d6815cf64af68dc5ca56d1ea2c15\ndjango/db/models/lookups.py core/ReplaceBinaryOperator_Mod_BitXor 9\nworker outcome: normal, test outcome: survived\n[job-id] bf432ba056ab4bdea0943f0396c2076e\ndjango/db/models/lookups.py core/ReplaceBinaryOperator_Mod_BitXor 10\nworker outcome: normal, test outcome: survived\n[job-id] 47719eb1423842cab21f5088bd767999\ndjango/db/models/lookups.py core/ReplaceBinaryOperator_Mod_BitXor 11\nworker outcome: normal, test outcome: survived\n[job-id] 36cf7e0a1e864305926d097389fe6c1c\ndjango/db/models/lookups.py core/ReplaceBinaryOperator_Mod_BitXor 12\nworker outcome: normal, test outcome: survived\n[job-id] e9a2684ec3ed48f7b2e6f514ef5c8e03\ndjango/db/models/lookups.py core/ReplaceComparisonOperator_Eq_NotEq 0\nworker outcome: normal, test outcome: survived\n[job-id] d4ec3309dd584c129d37b4d849fc4512\ndjango/db/models/lookups.py core/ReplaceComparisonOperator_Eq_Lt 0\nworker outcome: normal, test outcome: survived\n[job-id] 5c125e1406d44257be171274b818c425\ndjango/db/models/lookups.py core/ReplaceComparisonOperator_Eq_LtE 0\nworker outcome: normal, test outcome: survived\n[job-id] 187546c0f6e243e7aa68a06bfffea920\ndjango/db/models/lookups.py core/ReplaceComparisonOperator_Eq_Gt 0\nworker outcome: normal, test outcome: survived\n[job-id] 70dde0df92fd46538441f5a0db9d4056\ndjango/db/models/lookups.py core/ReplaceComparisonOperator_Eq_GtE 0\nworker outcome: normal, test outcome: survived\n[job-id] 2658d3d1ecea43029b3dadb00ed08ce7\ndjango/db/models/lookups.py core/ReplaceComparisonOperator_NotEq_Eq 0\nworker outcome: normal, test outcome: survived\n[job-id] bdd68378bc30498890c43829132be185\ndjango/db/models/lookups.py core/ReplaceComparisonOperator_NotEq_Lt 0\nworker outcome: normal, test outcome: survived\n[job-id] f23fdb700acd4fc7b147c41e4a3b05f3\ndjango/db/models/lookups.py core/ReplaceComparisonOperator_NotEq_LtE 0\nworker outcome: normal, test outcome: survived\n[job-id] 45eec62f350542a3979f4d7679200608\ndjango/db/models/lookups.py core/ReplaceComparisonOperator_NotEq_Gt 0\nworker outcome: normal, test outcome: survived\n[job-id] ab7675ad113540359922fd1db3695962\ndjango/db/models/lookups.py core/ReplaceComparisonOperator_NotEq_GtE 0\nworker outcome: normal, test outcome: survived\n[job-id] d9d4d0a5841345609772c49678b7c1ff\ndjango/db/models/lookups.py core/ReplaceComparisonOperator_NotEq_Is 0\nworker outcome: normal, test outcome: survived\n[job-id] 33d0f4244b0940719ad1f1fa6332c5ac\ndjango/db/models/lookups.py core/ReplaceComparisonOperator_NotEq_IsNot 0\nworker outcome: normal, test outcome: survived\n[job-id] feef200bbb7c4b5680af850c08be08fc\ndjango/db/models/lookups.py core/ReplaceComparisonOperator_Gt_Eq 0\nworker outcome: normal, test outcome: survived\n[job-id] ae11357bf1574527a7f81f856be72fb2\ndjango/db/models/lookups.py core/ReplaceComparisonOperator_Gt_Eq 1\nworker outcome: normal, test outcome: survived\n[job-id] 89d2a1e057b04ce1b1d955732008212e\ndjango/db/models/lookups.py core/ReplaceComparisonOperator_Gt_NotEq 0\nworker outcome: normal, test outcome: survived\n[job-id] c5b7743795624f8ea67b374bea0189b6\ndjango/db/models/lookups.py core/ReplaceComparisonOperator_Gt_NotEq 1\nworker outcome: normal, test outcome: survived\n[job-id] 0dd1a4a7d3484d3ca14846f8b5fb941a\ndjango/db/models/lookups.py core/ReplaceComparisonOperator_Gt_Lt 0\nworker outcome: normal, test outcome: survived\n[job-id] de407e6c3a9949e18acf0d3cb43514bf\ndjango/db/models/lookups.py core/ReplaceComparisonOperator_Gt_Lt 1\nworker outcome: normal, test outcome: survived\n[job-id] 5d6ec10a6ea445fa989eb3962d614898\ndjango/db/models/lookups.py core/ReplaceComparisonOperator_Gt_LtE 0\nworker outcome: normal, test outcome: survived\n[job-id] ac91ef510ed14c6faaeefb50c9f847ac\ndjango/db/models/lookups.py core/ReplaceComparisonOperator_Gt_LtE 1\nworker outcome: normal, test outcome: survived\n[job-id] dc6dec2a36264211ad3a8a4bb6d50ca3\ndjango/db/models/lookups.py core/ReplaceComparisonOperator_Gt_GtE 0\nworker outcome: normal, test outcome: survived\n[job-id] 9a740a330c6f40049302012e58d561bd\ndjango/db/models/lookups.py core/ReplaceComparisonOperator_Gt_GtE 1\nworker outcome: normal, test outcome: survived\n[job-id] 1a31a2793b2247d8893bcba2125a0b9a\ndjango/db/models/lookups.py core/ReplaceComparisonOperator_Gt_Is 0\nworker outcome: normal, test outcome: survived\n[job-id] 0a33a4ae76cc44ffb031775026aa7f2a\ndjango/db/models/lookups.py core/ReplaceComparisonOperator_Gt_IsNot 0\nworker outcome: normal, test outcome: survived\n[job-id] ac1f8ef6b55a408992d9a9b1a91eca61\ndjango/db/models/lookups.py core/ReplaceComparisonOperator_Is_IsNot 0\nworker outcome: normal, test outcome: survived\n[job-id] 300ef87257f643c29cf7c623890bead2\ndjango/db/models/lookups.py core/ReplaceComparisonOperator_IsNot_Is 0\nworker outcome: normal, test outcome: killed\n[job-id] 633be14597904b27bd78eab19be93560\ndjango/db/models/lookups.py core/ReplaceUnaryOperator_Delete_Not 0\nworker outcome: normal, test outcome: killed\n[job-id] aca1687636af40f5b77f7b9a8d84ea4c\ndjango/db/models/lookups.py core/ReplaceUnaryOperator_Delete_Not 1\nworker outcome: normal, test outcome: survived\n[job-id] 9b9dd0abac254b818714435b325a6cfa\ndjango/db/models/lookups.py core/ReplaceUnaryOperator_Delete_Not 2\nworker outcome: normal, test outcome: killed\n[job-id] a6e0e6be2e624db5ba8e39f8a9fe07ad\ndjango/db/models/lookups.py core/ReplaceUnaryOperator_Delete_Not 3\nworker outcome: normal, test outcome: survived\n[job-id] 8e6eced9aadd438685e2de8fb044b455\ndjango/db/models/lookups.py core/ReplaceUnaryOperator_Delete_Not 4\nworker outcome: normal, test outcome: survived\n[job-id] 1e0a87af8e2a4057a465f6442602d319\ndjango/db/models/lookups.py core/AddNot 0\nworker outcome: normal, test outcome: killed\n[job-id] 77ef7246faaa4926ba5682a40c0a2d88\ndjango/db/models/lookups.py core/AddNot 1\nworker outcome: normal, test outcome: survived\n[job-id] a7e8dbbbfe0d4746a64fdc2c025d9038\ndjango/db/models/lookups.py core/AddNot 2\nworker outcome: normal, test outcome: survived\n[job-id] 8f829b3cf53f41448fdc6931d57efb03\ndjango/db/models/lookups.py core/AddNot 3\nworker outcome: normal, test outcome: survived\n[job-id] 841a27b100df478aafb06c5107b5b120\ndjango/db/models/lookups.py core/AddNot 4\nworker outcome: normal, test outcome: survived\n[job-id] c417c3e03ac24d839ca966011489d0d8\ndjango/db/models/lookups.py core/AddNot 5\nworker outcome: normal, test outcome: survived\n[job-id] 01b35eaf26fc45839cf19dcc15f6e5f4\ndjango/db/models/lookups.py core/AddNot 6\nworker outcome: normal, test outcome: survived\n[job-id] 832e143d5f434f9487a379ca038357d9\ndjango/db/models/lookups.py core/AddNot 7\nworker outcome: normal, test outcome: survived\n[job-id] 873f2583c974486dba67e4e5e34b5ec5\ndjango/db/models/lookups.py core/AddNot 8\nworker outcome: normal, test outcome: survived\n[job-id] 8aa5c34a889b43f69a9eb778382c5650\ndjango/db/models/lookups.py core/AddNot 9\nworker outcome: normal, test outcome: survived\n[job-id] 84ae257553f34f61bfce6497461eb444\ndjango/db/models/lookups.py core/AddNot 10\nworker outcome: normal, test outcome: survived\n[job-id] 5bf87e1a93474aa5bde52de6eb6798d3\ndjango/db/models/lookups.py core/AddNot 11\nworker outcome: normal, test outcome: survived\n[job-id] d525af5dbfd946ba91f32fbb1f8399a6\ndjango/db/models/lookups.py core/AddNot 12\nworker outcome: normal, test outcome: survived\n[job-id] 9c9a2096779d48af8849e0f781998d56\ndjango/db/models/lookups.py core/AddNot 13\nworker outcome: normal, test outcome: survived\n[job-id] 25e001bf613d420b9f37200eedd1ab8c\ndjango/db/models/lookups.py core/AddNot 14\nworker outcome: normal, test outcome: survived\n[job-id] 0df8f013098f455dbbb015e8e7c2641f\ndjango/db/models/lookups.py core/AddNot 15\nworker outcome: normal, test outcome: survived\n[job-id] 1cb75c0ee3ab4d989106c3a12a94c50d\ndjango/db/models/lookups.py core/AddNot 16\nworker outcome: normal, test outcome: survived\n[job-id] 5a836714a47d457ab0ea3d243cb1d917\ndjango/db/models/lookups.py core/AddNot 17\nworker outcome: normal, test outcome: survived\n[job-id] aae2ac8afdd64bd3b7d690d97b1d2770\ndjango/db/models/lookups.py core/AddNot 18\nworker outcome: normal, test outcome: survived\n[job-id] 9d6ab89e305842b194cc1978a0d0b8fb\ndjango/db/models/lookups.py core/AddNot 19\nworker outcome: normal, test outcome: survived\n[job-id] a4788acaa7bf4d4680038c2306625436\ndjango/db/models/lookups.py core/AddNot 20\nworker outcome: normal, test outcome: survived\n[job-id] 7c31df1ec7fc45c09c975f4bd1dfccc7\ndjango/db/models/lookups.py core/AddNot 21\nworker outcome: normal, test outcome: survived\n[job-id] 8fd201279bbd41bca10f63c8b99c30c5\ndjango/db/models/lookups.py core/AddNot 22\nworker outcome: normal, test outcome: survived\n[job-id] a97ba4e46d62425b852fd5ee06b6466b\ndjango/db/models/lookups.py core/AddNot 23\nworker outcome: normal, test outcome: survived\n[job-id] faee757607d84f709e168c28788814ea\ndjango/db/models/lookups.py core/AddNot 24\nworker outcome: normal, test outcome: survived\n[job-id] 8fa4f8c3ff8640be971eb0328dfcf7c5\ndjango/db/models/lookups.py core/AddNot 25\nworker outcome: normal, test outcome: survived\n[job-id] 8a860eba1f7b43fea67026f5b2a8ca98\ndjango/db/models/lookups.py core/AddNot 26\nworker outcome: normal, test outcome: survived\n[job-id] f8288cc619634e23a54cd3ece90590e5\ndjango/db/models/lookups.py core/AddNot 27\nworker outcome: normal, test outcome: survived\n[job-id] eb6dcf78a43d49489c074707d6e0cc48\ndjango/db/models/lookups.py core/AddNot 28\nworker outcome: normal, test outcome: survived\n[job-id] 1470ec4e989f4d98ad1e8b2a6ea810fd\ndjango/db/models/lookups.py core/AddNot 29\nworker outcome: normal, test outcome: survived\n[job-id] 6f42b6a740c84dc2845587464977c501\ndjango/db/models/lookups.py core/AddNot 30\nworker outcome: normal, test outcome: killed\n[job-id] e13c899c28a649f3a2c0dde0f04ef7b9\ndjango/db/models/lookups.py core/AddNot 31\nworker outcome: normal, test outcome: killed\n[job-id] d821adc5cae94adeb160522e32809dda\ndjango/db/models/lookups.py core/AddNot 32\nworker outcome: normal, test outcome: killed\n[job-id] e5a100bd448f4775911b1a6e4c3eacdb\ndjango/db/models/lookups.py core/AddNot 33\nworker outcome: normal, test outcome: survived\n[job-id] a927747b68e14cfc8160a43969eb1be0\ndjango/db/models/lookups.py core/AddNot 34\nworker outcome: normal, test outcome: survived\n[job-id] 7910f1b45ac146a89465877ee2050aca\ndjango/db/models/lookups.py core/AddNot 35\nworker outcome: normal, test outcome: survived\n[job-id] 278070057b5a403795bd3b72ef59fef9\ndjango/db/models/lookups.py core/AddNot 36\nworker outcome: normal, test outcome: survived\n[job-id] 5bba0f6816f045b4baffb219f8086ce5\ndjango/db/models/lookups.py core/AddNot 37\nworker outcome: normal, test outcome: survived\n[job-id] a10d04480db74dd8a6f90712928bca3f\ndjango/db/models/lookups.py core/AddNot 38\nworker outcome: normal, test outcome: survived\n[job-id] 1a42589c6ced4badb8a87da3ddc485ac\ndjango/db/models/lookups.py core/AddNot 39\nworker outcome: normal, test outcome: survived\n[job-id] 833f3025de13444990cf3873a722aefb\ndjango/db/models/lookups.py core/AddNot 40\nworker outcome: normal, test outcome: survived\n[job-id] 215915d91ce4443cb74b5c178c7d4e80\ndjango/db/models/lookups.py core/AddNot 41\nworker outcome: normal, test outcome: survived\n[job-id] 689f2444bc0d4420ace0e77806613cce\ndjango/db/models/lookups.py core/ReplaceTrueWithFalse 0\nworker outcome: normal, test outcome: survived\n[job-id] 9eb6a16dcef14500bf851dfb651cd89d\ndjango/db/models/lookups.py core/ReplaceTrueWithFalse 1\nworker outcome: normal, test outcome: survived\n[job-id] 55be1f171ebd416492ff5515abc7933f\ndjango/db/models/lookups.py core/ReplaceTrueWithFalse 2\nworker outcome: normal, test outcome: survived\n[job-id] c74055a1462548769d63ba500c9c3548\ndjango/db/models/lookups.py core/ReplaceTrueWithFalse 3\nworker outcome: normal, test outcome: survived\n[job-id] d15aa1a8c25a41b281379a8ba63c45e2\ndjango/db/models/lookups.py core/ReplaceTrueWithFalse 4\nworker outcome: normal, test outcome: survived\n[job-id] 8834703d2750462f8ff0977ac8d6ce0f\ndjango/db/models/lookups.py core/ReplaceTrueWithFalse 5\nworker outcome: normal, test outcome: survived\n[job-id] 41bba636c4074bfeb8f36577efb5e18d\ndjango/db/models/lookups.py core/ReplaceTrueWithFalse 6\nworker outcome: normal, test outcome: survived\n[job-id] 074648ad134b41fd973d35af4711136f\ndjango/db/models/lookups.py core/ReplaceFalseWithTrue 0\nworker outcome: normal, test outcome: survived\n[job-id] 609ec6ad67584dc6a95e9790b1efa4a3\ndjango/db/models/lookups.py core/ReplaceFalseWithTrue 1\nworker outcome: normal, test outcome: survived\n[job-id] b25cdc3b43bc40e3a631104f62a8ddc6\ndjango/db/models/lookups.py core/ReplaceFalseWithTrue 2\nworker outcome: normal, test outcome: survived\n[job-id] 8a6a035263f34b6aa09692a370256252\ndjango/db/models/lookups.py core/ReplaceFalseWithTrue 3\nworker outcome: normal, test outcome: survived\n[job-id] 720b647628354580955cfed3eb4d8d30\ndjango/db/models/lookups.py core/ReplaceFalseWithTrue 4\nworker outcome: normal, test outcome: survived\n[job-id] bd69bb2115204cd7a10eef401b717d6d\ndjango/db/models/lookups.py core/ReplaceFalseWithTrue 5\nworker outcome: normal, test outcome: survived\n[job-id] 401ce5aa3f374f0b9243b1564d222382\ndjango/db/models/lookups.py core/ReplaceFalseWithTrue 6\nworker outcome: normal, test outcome: survived\n[job-id] dd23a103057f47bebed8b9130b61e3b4\ndjango/db/models/lookups.py core/ReplaceFalseWithTrue 7\nworker outcome: normal, test outcome: survived\n[job-id] 5638da22ed77427fa615e272325746bf\ndjango/db/models/lookups.py core/ReplaceFalseWithTrue 8\nworker outcome: normal, test outcome: survived\n[job-id] 40fed929cbdb4a5999264c2670b4734b\ndjango/db/models/lookups.py core/ReplaceFalseWithTrue 9\nworker outcome: normal, test outcome: survived\n[job-id] 09d7284264724d75a5142c7ca2ccbc17\ndjango/db/models/lookups.py core/ReplaceFalseWithTrue 10\nworker outcome: normal, test outcome: survived\n[job-id] 83d98c25d08842d7ae5a094054c60dcf\ndjango/db/models/lookups.py core/ReplaceFalseWithTrue 11\nworker outcome: normal, test outcome: survived\n[job-id] 68773771e7e543f995b6553d24b271f9\ndjango/db/models/lookups.py core/ReplaceAndWithOr 0\nworker outcome: normal, test outcome: survived\n[job-id] 5e44278f1f484dafac4b03790b169f6d\ndjango/db/models/lookups.py core/ReplaceAndWithOr 1\nworker outcome: normal, test outcome: survived\n[job-id] cceff7ef9aff4305b77c59efe51601f3\ndjango/db/models/lookups.py core/ReplaceAndWithOr 2\nworker outcome: normal, test outcome: killed\n[job-id] f9b267869b8647bc931582b73510e947\ndjango/db/models/lookups.py core/ReplaceAndWithOr 3\nworker outcome: normal, test outcome: survived\n[job-id] e9d41f9959004ad0b80a8ea8e019ba41\ndjango/db/models/lookups.py core/ReplaceAndWithOr 4\nworker outcome: normal, test outcome: survived\n[job-id] 908c3d47e9ba4e29be03a237ab6f8425\ndjango/db/models/lookups.py core/ReplaceAndWithOr 5\nworker outcome: normal, test outcome: survived\n[job-id] e24d126419c1407e843bcfa75fe90778\ndjango/db/models/lookups.py core/ReplaceAndWithOr 6\nworker outcome: normal, test outcome: survived\n[job-id] b3b1dbef9dcc489cb6b9204a7bd8ac8d\ndjango/db/models/lookups.py core/ReplaceOrWithAnd 0\nworker outcome: normal, test outcome: survived\n[job-id] 54823bcb5d07447cbaea4628e9750856\ndjango/db/models/lookups.py core/ReplaceOrWithAnd 1\nworker outcome: normal, test outcome: survived\n[job-id] 93c969ced3ee4309924cc823f40d7f31\ndjango/db/models/lookups.py core/ReplaceOrWithAnd 2\nworker outcome: normal, test outcome: survived\n[job-id] b43fd776321d46d4903009ff29fa78b3\ndjango/db/models/lookups.py core/ReplaceOrWithAnd 3\nworker outcome: normal, test outcome: survived\n[job-id] 6533ea7320be47388f15120d8eb0434f\ndjango/db/models/lookups.py core/ReplaceOrWithAnd 4\nworker outcome: normal, test outcome: survived\n[job-id] 41bfea7cf14f45dc9076a4d18b6c11f0\ndjango/db/models/lookups.py core/ReplaceOrWithAnd 5\nworker outcome: normal, test outcome: survived\n[job-id] 7ba30ea2236e4b1d97252d96f8dc8ad5\ndjango/db/models/lookups.py core/ExceptionReplacer 0\nworker outcome: normal, test outcome: survived\n[job-id] 25c866095d824b278d1ae9c40c342afb\ndjango/db/models/lookups.py core/NumberReplacer 0\nworker outcome: normal, test outcome: survived\n[job-id] 1cdc877aa684481f91d60a6f11bc8d9a\ndjango/db/models/lookups.py core/NumberReplacer 1\nworker outcome: normal, test outcome: survived\n[job-id] 0907ac2b83d74617b6bd0ffd1c3c37b9\ndjango/db/models/lookups.py core/NumberReplacer 2\nworker outcome: normal, test outcome: survived\n[job-id] 5b2fda3db6a2497c88e2e612504fba18\ndjango/db/models/lookups.py core/NumberReplacer 3\nworker outcome: normal, test outcome: survived\n[job-id] 18cb2bda6cd74094be561a4e0594b232\ndjango/db/models/lookups.py core/NumberReplacer 4\nworker outcome: normal, test outcome: survived\n[job-id] 4f375cad8de2401b891372f8c006ded8\ndjango/db/models/lookups.py core/NumberReplacer 5\nworker outcome: normal, test outcome: survived\n[job-id] 125e22926fb8488185c214d6f46afa4a\ndjango/db/models/lookups.py core/NumberReplacer 6\nworker outcome: normal, test outcome: survived\n[job-id] 9a48b137066144f6bd423292d3c77610\ndjango/db/models/lookups.py core/NumberReplacer 7\nworker outcome: normal, test outcome: survived\n[job-id] 92b6dcffbe5d48d4aa92ff29e0b463aa\ndjango/db/models/lookups.py core/NumberReplacer 8\nworker outcome: normal, test outcome: survived\n[job-id] 9bd2d17ab87641d79529862312c721b2\ndjango/db/models/lookups.py core/NumberReplacer 9\nworker outcome: normal, test outcome: survived\n[job-id] 259dafed74eb4f1686a8ba3aa749c104\ndjango/db/models/lookups.py core/NumberReplacer 10\nworker outcome: normal, test outcome: survived\n[job-id] 57e9be31d43e4d7bb7ceb1466bed56c2\ndjango/db/models/lookups.py core/NumberReplacer 11\nworker outcome: normal, test outcome: survived\n[job-id] dc46c0f882fb4524ba4e5a334eb32307\ndjango/db/models/lookups.py core/NumberReplacer 12\nworker outcome: normal, test outcome: survived\n[job-id] ccb249b4cc894a75891e72e243746c27\ndjango/db/models/lookups.py core/NumberReplacer 13\nworker outcome: normal, test outcome: survived\n[job-id] 6d01495e72fd45ffbb8a68587497da70\ndjango/db/models/lookups.py core/NumberReplacer 14\nworker outcome: normal, test outcome: survived\n[job-id] fad7fd8be93948dda109a21c272df631\ndjango/db/models/lookups.py core/NumberReplacer 15\nworker outcome: normal, test outcome: survived\n[job-id] 3d2e6974d85a4a2fbe141004d531d235\ndjango/db/models/lookups.py core/NumberReplacer 16\nworker outcome: normal, test outcome: survived\n[job-id] 4b96f1801da643189b15b336605e9292\ndjango/db/models/lookups.py core/NumberReplacer 17\nworker outcome: normal, test outcome: survived\n[job-id] 06f3dcfb180a4043b5b0db7a0b8d6ba0\ndjango/db/models/lookups.py core/NumberReplacer 18\nworker outcome: normal, test outcome: survived\n[job-id] 578f97ccc0ff40ec8ac2b818d087b09d\ndjango/db/models/lookups.py core/NumberReplacer 19\nworker outcome: normal, test outcome: survived\n[job-id] 23e938127aa04ce0a6e3dedb680aed67\ndjango/db/models/lookups.py core/NumberReplacer 20\nworker outcome: normal, test outcome: survived\n[job-id] fd40baff23bb49c89143cb42668c5273\ndjango/db/models/lookups.py core/NumberReplacer 21\nworker outcome: normal, test outcome: survived\n[job-id] 8b5b9d2d55424b388ece8cf6e17c179c\ndjango/db/models/lookups.py core/NumberReplacer 22\nworker outcome: normal, test outcome: survived\n[job-id] 21028bd9aed14961bab3e7a93a9ccd86\ndjango/db/models/lookups.py core/NumberReplacer 23\nworker outcome: normal, test outcome: survived\n[job-id] 4bf1960923164882aa1e10efc2b2cfb1\ndjango/db/models/lookups.py core/RemoveDecorator 0\nworker outcome: normal, test outcome: survived\n[job-id] a78cc35df5d54034982a98572f7f8786\ndjango/db/models/lookups.py core/RemoveDecorator 1\nworker outcome: normal, test outcome: survived\n[job-id] bf75f4de35db47de8cf7a2cc255502a5\ndjango/db/models/lookups.py core/RemoveDecorator 2\nworker outcome: normal, test outcome: survived\n[job-id] a9cd8a5c32f34414be7747d58ffeb04b\ndjango/db/models/lookups.py core/RemoveDecorator 3\nworker outcome: normal, test outcome: survived\n[job-id] 5e8c3b5164dd4442add59dd77b8c5c70\ndjango/db/models/lookups.py core/RemoveDecorator 4\nworker outcome: normal, test outcome: survived\n[job-id] b48713432e2d43589442d4906d51cee2\ndjango/db/models/lookups.py core/RemoveDecorator 5\nworker outcome: normal, test outcome: survived\n[job-id] 8f8989fc54ca466787fea852579c18f8\ndjango/db/models/lookups.py core/RemoveDecorator 6\nworker outcome: normal, test outcome: survived\n[job-id] efb8d7c446ef4c57a9828ac84f450a65\ndjango/db/models/lookups.py core/RemoveDecorator 7\nworker outcome: normal, test outcome: survived\n[job-id] fc5308dcb3a444f591695a5d38edcd18\ndjango/db/models/lookups.py core/RemoveDecorator 8\nworker outcome: normal, test outcome: survived\n[job-id] 9707b324d0ff43428db1fa401533cba1\ndjango/db/models/lookups.py core/RemoveDecorator 9\nworker outcome: normal, test outcome: survived\n[job-id] 0625b256c11d48ec83266042b6a280c5\ndjango/db/models/lookups.py core/RemoveDecorator 10\nworker outcome: normal, test outcome: survived\n[job-id] 057715ea634041e1a2c6fe73e3668ab4\ndjango/db/models/lookups.py core/RemoveDecorator 11\nworker outcome: normal, test outcome: survived\n[job-id] 5a1439e8975f44e390bf8704f00363ba\ndjango/db/models/lookups.py core/RemoveDecorator 12\nworker outcome: normal, test outcome: survived\n[job-id] d03af15b47ee44348039714d0ccb8306\ndjango/db/models/lookups.py core/RemoveDecorator 13\nworker outcome: normal, test outcome: survived\n[job-id] 2a6e271c16494cb98fac869cafb9d44b\ndjango/db/models/lookups.py core/RemoveDecorator 14\nworker outcome: normal, test outcome: survived\n[job-id] 3e300cc219c5453c80cfc218d5ab7c4d\ndjango/db/models/lookups.py core/RemoveDecorator 15\nworker outcome: normal, test outcome: survived\n[job-id] 7a1a285ecc8c416083d760ac1e21ae10\ndjango/db/models/lookups.py core/RemoveDecorator 16\nworker outcome: normal, test outcome: survived\n[job-id] 7e9f664d8f724ef6ab8866377e394ac6\ndjango/db/models/lookups.py core/RemoveDecorator 17\nworker outcome: normal, test outcome: survived\n[job-id] 8ebb137875334e3e91afe5d2f9a2f9c2\ndjango/db/models/lookups.py core/RemoveDecorator 18\nworker outcome: normal, test outcome: survived\n[job-id] d53c139fbd274f1197112bee6262ca64\ndjango/db/models/lookups.py core/RemoveDecorator 19\nworker outcome: normal, test outcome: survived\n[job-id] f78d6dacba1d47dcb7545e8e2f3d12e0\ndjango/db/models/lookups.py core/RemoveDecorator 20\nworker outcome: normal, test outcome: survived\n[job-id] a88377e34e3f43d399fb8adeefc3537f\ndjango/db/models/lookups.py core/RemoveDecorator 21\nworker outcome: normal, test outcome: survived\n[job-id] be519c1e905646018fe5241a4f62a4c5\ndjango/db/models/lookups.py core/RemoveDecorator 22\nworker outcome: normal, test outcome: survived\n[job-id] 7dfbf56975134f2189f4fcf63bff8195\ndjango/db/models/lookups.py core/ZeroIterationForLoop 0\nworker outcome: normal, test outcome: survived\n[job-id] f50af9dfd7ed4d2aae2d9b70e8ab90f6\ndjango/db/models/lookups.py core/ZeroIterationForLoop 1\nworker outcome: normal, test outcome: survived\n[job-id] 3b6700ed902345819f2954e68ce15d1e\ndjango/db/models/lookups.py core/ZeroIterationForLoop 2\nworker outcome: normal, test outcome: survived\n[job-id] f1cb4e563da4408c84af1f0745eade73\ndjango/db/models/lookups.py core/ZeroIterationForLoop 3\nworker outcome: normal, test outcome: survived\n[job-id] 11de1f02cd0448bea8379f698a1bc1d6\ndjango/db/models/lookups.py core/ZeroIterationForLoop 4\nworker outcome: normal, test outcome: survived\ntotal jobs: 367\ncomplete: 367 (100.00%)\nsurviving mutants: 359 (97.82%)\n \n[django__django__3.1] [django__django-11797] Return Code: 0 \n[django__django__3.1] [django__django-11797] \nMutationNum: 367 \n[django__django__3.1] [django__django-11797] \nMutationLOG: 2.180000000000007% \n[django__django__3.1] [django__django-11797] \nMutationUncertainty: 0.0 \n[django__django__3.1] [django__django-11797] Test script run successful \n[django__django__3.1] [django__django-11797] Removing coverage \n[django__django__3.1] [django__django-11797] >>>>> Unfiltered Tests Failed \n",
  "success": true,
  "task_id": "django__django-11797-30",
  "test_error": "Success"
}