{
  "level": "medium",
  "entropy": 0.08110824525708296,
  "avg_logprob": -0.05621995152011167,
  "token_count": 1200,
  "rationale": "Low entropy indicates confident generation. Lint/type checks surfaced 66 blocking issue(s).",
  "static": {
    "syntax_ok": true,
    "syntax_error": null,
    "line_count": 142,
    "function_count": 27,
    "class_count": 1,
    "avg_function_length": 2.888888888888889,
    "max_function_length": 5,
    "todo_count": 0,
    "complexity": 3,
    "linters": {
      "pylint": {
        "available": true,
        "issue_count": 6,
        "exit_code": 2,
        "output": "************* Module attempt_0.test_src\nattempt_0.test_src.py:1:0: E0401: Unable to import 'django.test' (import-error)\nattempt_0.test_src.py:2:0: E0401: Unable to import 'django.db.models' (import-error)\nattempt_0.test_src.py:3:0: E0401: Unable to import 'django.db.models.expressions' (import-error)\nattempt_0.test_src.py:4:0: E0401: Unable to import 'django.core.exceptions' (import-error)\nattempt_0.test_src.py:5:0: E0401: Unable to import 'django.db.models.sql.query' (import-error)\nattempt_0.test_src.py:6:0: E0401: Unable to import 'django.utils.datastructures' (import-error)\nattempt_0.test_src.py:17:17: E0602: Undefined variable 'Exact' (undefined-variable)\nattempt_0.test_src.py:21:17: E0602: Undefined variable 'IExact' (undefined-variable)\nattempt_0.test_src.py:25:17: E0602: Undefined variable 'GreaterThan' (undefined-variable)\nattempt_0.test_src.py:29:17: E0602: Undefined variable 'GreaterThanOrEqual' (undefined-variable)\nattempt_0.test_src.py:33:17: E0602: Undefined variable 'LessThan' (undefined-variable)\nattempt_0.test_src.py:37:17: E0602: Undefined variable 'LessThanOrEqual' (undefined-variable)\nattempt_0.test_src.py:41:17: E0602: Undefined variable 'In' (undefined-variable)\nattempt_0.test_src.py:46:17: E0602: Undefined variable 'In' (undefined-variable)\nattempt_0.test_src.py:51:17: E0602: Undefined variable 'Contains' (undefined-variable)\nattempt_0.test_src.py:56:17: E0602: Undefined variable 'StartsWith' (undefined-variable)\nattempt_0.test_src.py:61:17: E0602: Undefined variable 'EndsWith' (undefined-variable)\nattempt_0.test_src.py:66:17: E0602: Undefined variable 'IsNull' (undefined-variable)\nattempt_0.test_src.py:71:17: E0602: Undefined variable 'Regex' (undefined-variable)\nattempt_0.test_src.py:76:17: E0602: Undefined variable 'IRegex' (undefined-variable)\nattempt_0.test_src.py:81:17: E0602: Undefined variable 'YearExact' (undefined-variable)\nattempt_0.test_src.py:86:17: E0602: Undefined variable 'YearGt' (undefined-variable)\nattempt_0.test_src.py:91:17: E0602: Undefined variable 'YearGte' (undefined-variable)\nattempt_0.test_src.py:96:17: E0602: Undefined variable 'YearLt' (undefined-variable)\nattempt_0.test_src.py:101:17: E0602: Undefined variable 'YearLte' (undefined-variable)\nattempt_0.test_src.py:106:17: E0602: Undefined variable 'FieldGetDbPrepValueIterableMixin' (undefined-variable)\nattempt_0.test_src.py:111:17: E0602: Undefined variable 'FieldGetDbPrepValueIterableMixin' (undefined-variable)\nattempt_0.test_src.py:117:17: E0602: Undefined variable 'Exact' (undefined-variable)\nattempt_0.test_src.py:124:17: E0602: Undefined variable 'Exact' (undefined-variable)\nattempt_0.test_src.py:130:17: E0602: Undefined variable 'Exact' (undefined-variable)\nattempt_0.test_src.py:135:17: E0602: Undefined variable 'FieldGetDbPrepValueIterableMixin' (undefined-variable)\nattempt_0.test_src.py:140:17: E0602: Undefined variable 'FieldGetDbPrepValueMixin' (undefined-variable)\n"
      },
      "mypy": {
        "available": true,
        "issue_count": 60,
        "exit_code": 1,
        "output": "src.py:51: error: Name \"Contains\" is not defined\nattempt_0.test_src.py:55: error: Function is missing a return type annotation\nattempt_0.test_src.py:55: note: Use \"-> None\" if function does not return a value\nattempt_0.test_src.py:56: error: Name \"StartsWith\" is not defined\nattempt_0.test_src.py:60: error: Function is missing a return type annotation\nattempt_0.test_src.py:60: note: Use \"-> None\" if function does not return a value\nattempt_0.test_src.py:61: error: Name \"EndsWith\" is not defined\nattempt_0.test_src.py:65: error: Function is missing a return type annotation\nattempt_0.test_src.py:65: note: Use \"-> None\" if function does not return a value\nattempt_0.test_src.py:66: error: Name \"IsNull\" is not defined\nattempt_0.test_src.py:70: error: Function is missing a return type annotation\nattempt_0.test_src.py:70: note: Use \"-> None\" if function does not return a value\nattempt_0.test_src.py:71: error: Name \"Regex\" is not defined\nattempt_0.test_src.py:75: error: Function is missing a return type annotation\nattempt_0.test_src.py:75: note: Use \"-> None\" if function does not return a value\nattempt_0.test_src.py:76: error: Name \"IRegex\" is not defined\nattempt_0.test_src.py:80: error: Function is missing a return type annotation\nattempt_0.test_src.py:80: note: Use \"-> None\" if function does not return a value\nattempt_0.test_src.py:81: error: Name \"YearExact\" is not defined\nattempt_0.test_src.py:85: error: Function is missing a return type annotation\nattempt_0.test_src.py:85: note: Use \"-> None\" if function does not return a value\nattempt_0.test_src.py:86: error: Name \"YearGt\" is not defined\nattempt_0.test_src.py:90: error: Function is missing a return type annotation\nattempt_0.test_src.py:90: note: Use \"-> None\" if function does not return a value\nattempt_0.test_src.py:91: error: Name \"YearGte\" is not defined\nattempt_0.test_src.py:95: error: Function is missing a return type annotation\nattempt_0.test_src.py:95: note: Use \"-> None\" if function does not return a value\nattempt_0.test_src.py:96: error: Name \"YearLt\" is not defined\nattempt_0.test_src.py:100: error: Function is missing a return type annotation\nattempt_0.test_src.py:100: note: Use \"-> None\" if function does not return a value\nattempt_0.test_src.py:101: error: Name \"YearLte\" is not defined\nattempt_0.test_src.py:105: error: Function is missing a return type annotation\nattempt_0.test_src.py:105: note: Use \"-> None\" if function does not return a value\nattempt_0.test_src.py:106: error: Name \"FieldGetDbPrepValueIterableMixin\" is not defined\nattempt_0.test_src.py:110: error: Function is missing a return type annotation\nattempt_0.test_src.py:110: note: Use \"-> None\" if function does not return a value\nattempt_0.test_src.py:111: error: Name \"FieldGetDbPrepValueIterableMixin\" is not defined\nattempt_0.test_src.py:115: error: Function is missing a return type annotation\nattempt_0.test_src.py:115: note: Use \"-> None\" if function does not return a value\nattempt_0.test_src.py:117: error: Name \"Exact\" is not defined\nattempt_0.test_src.py:121: error: Function is missing a return type annotation\nattempt_0.test_src.py:121: note: Use \"-> None\" if function does not return a value\nattempt_0.test_src.py:124: error: Name \"Exact\" is not defined\nattempt_0.test_src.py:128: error: Function is missing a return type annotation\nattempt_0.test_src.py:128: note: Use \"-> None\" if function does not return a value\nattempt_0.test_src.py:130: error: Name \"Exact\" is not defined\nattempt_0.test_src.py:134: error: Function is missing a return type annotation\nattempt_0.test_src.py:134: note: Use \"-> None\" if function does not return a value\nattempt_0.test_src.py:135: error: Name \"FieldGetDbPrepValueIterableMixin\" is not defined\nattempt_0.test_src.py:139: error: Function is missing a return type annotation\nattempt_0.test_src.py:139: note: Use \"-> None\" if function does not return a value\nattempt_0.test_src.py:140: error: Name \"FieldGetDbPrepValueMixin\" is not defined\nFound 60 errors in 1 file (checked 1 source file)\n"
      }
    }
  },
  "lint": {
    "issues": 66,
    "missing": [],
    "reports": {
      "pylint": {
        "available": true,
        "issue_count": 6,
        "exit_code": 2
      },
      "mypy": {
        "available": true,
        "issue_count": 60,
        "exit_code": 1
      }
    }
  }
}