{
  "code_file": "django/db/models/lookups.py",
  "coverage": -1,
  "coverageDetails": {},
  "executionTime": 0.0,
  "exitCode": -1,
  "instance_id": "django__django-11797",
  "log_path": "/Users/deepaksaipendyala/Documents/Fall25/GAI4SE/Project.nosync/CSC591-GenerativeAIforSE_TestgenEval-runner-rewrite/src/runner/results/c94b38e1-952b-4270-9f0a-231005005362/django__django/3.1/logs/django__django-11797-30.custom-runner.full.eval.log",
  "mutation_num": -1,
  "mutation_score": -1,
  "mutation_uncertainty": -1,
  "repoPath": "/dev/null",
  "status": "failed",
  "stderr": "",
  "stdout": "[django__django__3.1] [django__django-11797] Task Metadata:\n\t- Instance ID: django__django-11797\n\t- Testbed: django__django__3.1\n\t- Evaluation Model: custom-runner\n\t- Python version: Python 3.6.15\n \n[django__django__3.1] [django__django-11797] Command: git config --global --add safe.directory /opt/django__django \n[django__django__3.1] [django__django-11797] Subprocess args: {\"cwd\": \"/opt/django__django\", \"check\": true, \"shell\": false, \"universal_newlines\": true, \"stdout\": -1, \"stderr\": -2} \n[django__django__3.1] [django__django-11797] Std. Output:\n \n[django__django__3.1] [django__django-11797] Return Code: 0 \n[django__django__3.1] [django__django-11797] Command: git -c advice.detachedHead=false checkout 3346b78a8a872286a245d1e77ef4718fc5e6be1a \n[django__django__3.1] [django__django-11797] Subprocess args: {\"cwd\": \"/opt/django__django\", \"check\": true, \"shell\": false, \"universal_newlines\": true, \"stdout\": -1, \"stderr\": -2} \n[django__django__3.1] [django__django-11797] Std. Output:\nPrevious HEAD position was 0668164b4a Fixed E128, E741 flake8 warnings.\nHEAD is now at 3346b78a8a Fixed #30786 -- Used CONVERT_TZ to check if the time zone definitions are installed on MySQL.\n \n[django__django__3.1] [django__django-11797] Return Code: 0 \n[django__django__3.1] [django__django-11797] Command: git diff > /opt/temp_django__django-11797_gold_init.patch \n[django__django__3.1] [django__django-11797] Subprocess args: {\"cwd\": \"/opt/django__django\", \"check\": true, \"shell\": true, \"universal_newlines\": true, \"stdout\": -1, \"stderr\": -2} \n[django__django__3.1] [django__django-11797] Std. Output:\n \n[django__django__3.1] [django__django-11797] Return Code: 0 \n[django__django__3.1] [django__django-11797] Command: git apply -v /opt/temp_django__django-11797_gold.patch \n[django__django__3.1] [django__django-11797] Subprocess args: {\"cwd\": \"/opt/django__django\", \"check\": false, \"shell\": false, \"universal_newlines\": true, \"stdout\": -1, \"stderr\": -2} \n[django__django__3.1] [django__django-11797] Std. Output:\nChecking patch django/db/models/lookups.py...\nApplied patch django/db/models/lookups.py cleanly.\n \n[django__django__3.1] [django__django-11797] Return Code: 0 \n[django__django__3.1] [django__django-11797] Apply patch successful (gold) \n>>>>> Applied Patch (gold)\n[django__django__3.1] [django__django-11797] Command: git diff > /opt/temp_django__django-11797_test_init.patch \n[django__django__3.1] [django__django-11797] Subprocess args: {\"cwd\": \"/opt/django__django\", \"check\": true, \"shell\": true, \"universal_newlines\": true, \"stdout\": -1, \"stderr\": -2} \n[django__django__3.1] [django__django-11797] Std. Output:\n \n[django__django__3.1] [django__django-11797] Return Code: 0 \n[django__django__3.1] [django__django-11797] Command: git restore tests/lookup/tests.py \n[django__django__3.1] [django__django-11797] Subprocess args: {\"cwd\": \"/opt/django__django\", \"check\": true, \"shell\": false, \"universal_newlines\": true, \"stdout\": -1, \"stderr\": -2} \n[django__django__3.1] [django__django-11797] Std. Output:\n \n[django__django__3.1] [django__django-11797] Return Code: 0 \n[django__django__3.1] [django__django-11797] Command: git apply -v /opt/temp_django__django-11797_test.patch \n[django__django__3.1] [django__django-11797] Subprocess args: {\"cwd\": \"/opt/django__django\", \"check\": false, \"shell\": false, \"universal_newlines\": true, \"stdout\": -1, \"stderr\": -2} \n[django__django__3.1] [django__django-11797] Std. Output:\nChecking patch tests/lookup/tests.py...\nApplied patch tests/lookup/tests.py cleanly.\n \n[django__django__3.1] [django__django-11797] Return Code: 0 \n[django__django__3.1] [django__django-11797] Apply patch successful (test) \n>>>>> Applied Patch (test)\n[django__django__3.1] [django__django-11797] Command: coverage run ./tests/runtests.py --verbosity 2 lookup.tests \n[django__django__3.1] [django__django-11797] Subprocess args: {\"cwd\": \"/opt/django__django\", \"check\": false, \"shell\": false, \"universal_newlines\": true, \"stdout\": -1, \"stderr\": -2, \"timeout\": 300} \n[django__django__3.1] [django__django-11797] Std. Output:\ntest_exact_lookup (lookup.tests.LookupTests) ... ERROR\n\n======================================================================\nERROR: test_exact_lookup (lookup.tests.LookupTests)\n----------------------------------------------------------------------\nTraceback (most recent call last):\n  File \"/opt/django__django/tests/lookup/tests.py\", line 19, in test_exact_lookup\n    lookup = Exact(self.lhs, self.rhs)\nNameError: name 'Exact' is not defined\n\n----------------------------------------------------------------------\nRan 1 test in 0.001s\n\nFAILED (errors=1)\nTesting against Django installed in '/opt/django__django/django' with up to 10 processes\nImporting application lookup\nSkipping setup of unused database(s): default, other.\nSystem check identified no issues (0 silenced).\n \n[django__django__3.1] [django__django-11797] Return Code: 1 \n[django__django__3.1] [django__django-11797] TestsTime: 1.4807984828948975 \n[django__django__3.1] [django__django-11797] Test script run successful \n[django__django__3.1] [django__django-11797] Removing coverage \n[django__django__3.1] [django__django-11797] Command: coverage run ./tests/runtests.py --verbosity 2 lookup.tests \n[django__django__3.1] [django__django-11797] Subprocess args: {\"cwd\": \"/opt/django__django\", \"check\": false, \"shell\": false, \"universal_newlines\": true, \"stdout\": -1, \"stderr\": -2, \"timeout\": 300} \n[django__django__3.1] [django__django-11797] Std. Output:\ntest_iexact_lookup (lookup.tests.LookupTests) ... ERROR\n\n======================================================================\nERROR: test_iexact_lookup (lookup.tests.LookupTests)\n----------------------------------------------------------------------\nTraceback (most recent call last):\n  File \"/opt/django__django/tests/lookup/tests.py\", line 19, in test_iexact_lookup\n    lookup = IExact(self.lhs, self.rhs)\nNameError: name 'IExact' is not defined\n\n----------------------------------------------------------------------\nRan 1 test in 0.001s\n\nFAILED (errors=1)\nTesting against Django installed in '/opt/django__django/django' with up to 10 processes\nImporting application lookup\nSkipping setup of unused database(s): default, other.\nSystem check identified no issues (0 silenced).\n \n[django__django__3.1] [django__django-11797] Return Code: 1 \n[django__django__3.1] [django__django-11797] TestsTime: 1.1995677947998047 \n[django__django__3.1] [django__django-11797] Test script run successful \n[django__django__3.1] [django__django-11797] Removing coverage \n[django__django__3.1] [django__django-11797] Command: coverage run ./tests/runtests.py --verbosity 2 lookup.tests \n[django__django__3.1] [django__django-11797] Subprocess args: {\"cwd\": \"/opt/django__django\", \"check\": false, \"shell\": false, \"universal_newlines\": true, \"stdout\": -1, \"stderr\": -2, \"timeout\": 300} \n[django__django__3.1] [django__django-11797] Std. Output:\ntest_greater_than_lookup (lookup.tests.LookupTests) ... ERROR\n\n======================================================================\nERROR: test_greater_than_lookup (lookup.tests.LookupTests)\n----------------------------------------------------------------------\nTraceback (most recent call last):\n  File \"/opt/django__django/tests/lookup/tests.py\", line 19, in test_greater_than_lookup\n    lookup = GreaterThan(self.lhs, self.rhs)\nNameError: name 'GreaterThan' is not defined\n\n----------------------------------------------------------------------\nRan 1 test in 0.001s\n\nFAILED (errors=1)\nTesting against Django installed in '/opt/django__django/django' with up to 10 processes\nImporting application lookup\nSkipping setup of unused database(s): default, other.\nSystem check identified no issues (0 silenced).\n \n[django__django__3.1] [django__django-11797] Return Code: 1 \n[django__django__3.1] [django__django-11797] TestsTime: 1.1763832569122314 \n[django__django__3.1] [django__django-11797] Test script run successful \n[django__django__3.1] [django__django-11797] Removing coverage \n[django__django__3.1] [django__django-11797] Command: coverage run ./tests/runtests.py --verbosity 2 lookup.tests \n[django__django__3.1] [django__django-11797] Subprocess args: {\"cwd\": \"/opt/django__django\", \"check\": false, \"shell\": false, \"universal_newlines\": true, \"stdout\": -1, \"stderr\": -2, \"timeout\": 300} \n[django__django__3.1] [django__django-11797] Std. Output:\ntest_greater_than_or_equal_lookup (lookup.tests.LookupTests) ... ERROR\n\n======================================================================\nERROR: test_greater_than_or_equal_lookup (lookup.tests.LookupTests)\n----------------------------------------------------------------------\nTraceback (most recent call last):\n  File \"/opt/django__django/tests/lookup/tests.py\", line 19, in test_greater_than_or_equal_lookup\n    lookup = GreaterThanOrEqual(self.lhs, self.rhs)\nNameError: name 'GreaterThanOrEqual' is not defined\n\n----------------------------------------------------------------------\nRan 1 test in 0.001s\n\nFAILED (errors=1)\nTesting against Django installed in '/opt/django__django/django' with up to 10 processes\nImporting application lookup\nSkipping setup of unused database(s): default, other.\nSystem check identified no issues (0 silenced).\n \n[django__django__3.1] [django__django-11797] Return Code: 1 \n[django__django__3.1] [django__django-11797] TestsTime: 1.174098253250122 \n[django__django__3.1] [django__django-11797] Test script run successful \n[django__django__3.1] [django__django-11797] Removing coverage \n[django__django__3.1] [django__django-11797] Command: coverage run ./tests/runtests.py --verbosity 2 lookup.tests \n[django__django__3.1] [django__django-11797] Subprocess args: {\"cwd\": \"/opt/django__django\", \"check\": false, \"shell\": false, \"universal_newlines\": true, \"stdout\": -1, \"stderr\": -2, \"timeout\": 300} \n[django__django__3.1] [django__django-11797] Std. Output:\ntest_less_than_lookup (lookup.tests.LookupTests) ... ERROR\n\n======================================================================\nERROR: test_less_than_lookup (lookup.tests.LookupTests)\n----------------------------------------------------------------------\nTraceback (most recent call last):\n  File \"/opt/django__django/tests/lookup/tests.py\", line 19, in test_less_than_lookup\n    lookup = LessThan(self.lhs, self.rhs)\nNameError: name 'LessThan' is not defined\n\n----------------------------------------------------------------------\nRan 1 test in 0.001s\n\nFAILED (errors=1)\nTesting against Django installed in '/opt/django__django/django' with up to 10 processes\nImporting application lookup\nSkipping setup of unused database(s): default, other.\nSystem check identified no issues (0 silenced).\n \n[django__django__3.1] [django__django-11797] Return Code: 1 \n[django__django__3.1] [django__django-11797] TestsTime: 1.1084184646606445 \n[django__django__3.1] [django__django-11797] Test script run successful \n[django__django__3.1] [django__django-11797] Removing coverage \n[django__django__3.1] [django__django-11797] Command: coverage run ./tests/runtests.py --verbosity 2 lookup.tests \n[django__django__3.1] [django__django-11797] Subprocess args: {\"cwd\": \"/opt/django__django\", \"check\": false, \"shell\": false, \"universal_newlines\": true, \"stdout\": -1, \"stderr\": -2, \"timeout\": 300} \n[django__django__3.1] [django__django-11797] Std. Output:\ntest_less_than_or_equal_lookup (lookup.tests.LookupTests) ... ERROR\n\n======================================================================\nERROR: test_less_than_or_equal_lookup (lookup.tests.LookupTests)\n----------------------------------------------------------------------\nTraceback (most recent call last):\n  File \"/opt/django__django/tests/lookup/tests.py\", line 19, in test_less_than_or_equal_lookup\n    lookup = LessThanOrEqual(self.lhs, self.rhs)\nNameError: name 'LessThanOrEqual' is not defined\n\n----------------------------------------------------------------------\nRan 1 test in 0.001s\n\nFAILED (errors=1)\nTesting against Django installed in '/opt/django__django/django' with up to 10 processes\nImporting application lookup\nSkipping setup of unused database(s): default, other.\nSystem check identified no issues (0 silenced).\n \n[django__django__3.1] [django__django-11797] Return Code: 1 \n[django__django__3.1] [django__django-11797] TestsTime: 1.1492555141448975 \n[django__django__3.1] [django__django-11797] Test script run successful \n[django__django__3.1] [django__django-11797] Removing coverage \n[django__django__3.1] [django__django-11797] Command: coverage run ./tests/runtests.py --verbosity 2 lookup.tests \n[django__django__3.1] [django__django-11797] Subprocess args: {\"cwd\": \"/opt/django__django\", \"check\": false, \"shell\": false, \"universal_newlines\": true, \"stdout\": -1, \"stderr\": -2, \"timeout\": 300} \n[django__django__3.1] [django__django-11797] Std. Output:\ntest_in_lookup_with_empty_rhs (lookup.tests.LookupTests) ... ERROR\n\n======================================================================\nERROR: test_in_lookup_with_empty_rhs (lookup.tests.LookupTests)\n----------------------------------------------------------------------\nTraceback (most recent call last):\n  File \"/opt/django__django/tests/lookup/tests.py\", line 19, in test_in_lookup_with_empty_rhs\n    lookup = In(self.lhs, [])\nNameError: name 'In' is not defined\n\n----------------------------------------------------------------------\nRan 1 test in 0.001s\n\nFAILED (errors=1)\nTesting against Django installed in '/opt/django__django/django' with up to 10 processes\nImporting application lookup\nSkipping setup of unused database(s): default, other.\nSystem check identified no issues (0 silenced).\n \n[django__django__3.1] [django__django-11797] Return Code: 1 \n[django__django__3.1] [django__django-11797] TestsTime: 1.0953106880187988 \n[django__django__3.1] [django__django-11797] Test script run successful \n[django__django__3.1] [django__django-11797] Removing coverage \n[django__django__3.1] [django__django-11797] Command: coverage run ./tests/runtests.py --verbosity 2 lookup.tests \n[django__django__3.1] [django__django-11797] Subprocess args: {\"cwd\": \"/opt/django__django\", \"check\": false, \"shell\": false, \"universal_newlines\": true, \"stdout\": -1, \"stderr\": -2, \"timeout\": 300} \n[django__django__3.1] [django__django-11797] Std. Output:\ntest_in_lookup_with_valid_rhs (lookup.tests.LookupTests) ... ERROR\n\n======================================================================\nERROR: test_in_lookup_with_valid_rhs (lookup.tests.LookupTests)\n----------------------------------------------------------------------\nTraceback (most recent call last):\n  File \"/opt/django__django/tests/lookup/tests.py\", line 19, in test_in_lookup_with_valid_rhs\n    lookup = In(self.lhs, [1, 2, 3])\nNameError: name 'In' is not defined\n\n----------------------------------------------------------------------\nRan 1 test in 0.001s\n\nFAILED (errors=1)\nTesting against Django installed in '/opt/django__django/django' with up to 10 processes\nImporting application lookup\nSkipping setup of unused database(s): default, other.\nSystem check identified no issues (0 silenced).\n \n[django__django__3.1] [django__django-11797] Return Code: 1 \n[django__django__3.1] [django__django-11797] TestsTime: 1.076322078704834 \n[django__django__3.1] [django__django-11797] Test script run successful \n[django__django__3.1] [django__django-11797] Removing coverage \n[django__django__3.1] [django__django-11797] Command: coverage run ./tests/runtests.py --verbosity 2 lookup.tests \n[django__django__3.1] [django__django-11797] Subprocess args: {\"cwd\": \"/opt/django__django\", \"check\": false, \"shell\": false, \"universal_newlines\": true, \"stdout\": -1, \"stderr\": -2, \"timeout\": 300} \n[django__django__3.1] [django__django-11797] Std. Output:\ntest_contains_lookup (lookup.tests.LookupTests) ... ERROR\n\n======================================================================\nERROR: test_contains_lookup (lookup.tests.LookupTests)\n----------------------------------------------------------------------\nTraceback (most recent call last):\n  File \"/opt/django__django/tests/lookup/tests.py\", line 19, in test_contains_lookup\n    lookup = Contains(self.lhs, 'test')\nNameError: name 'Contains' is not defined\n\n----------------------------------------------------------------------\nRan 1 test in 0.001s\n\nFAILED (errors=1)\nTesting against Django installed in '/opt/django__django/django' with up to 10 processes\nImporting application lookup\nSkipping setup of unused database(s): default, other.\nSystem check identified no issues (0 silenced).\n \n[django__django__3.1] [django__django-11797] Return Code: 1 \n[django__django__3.1] [django__django-11797] TestsTime: 1.097700834274292 \n[django__django__3.1] [django__django-11797] Test script run successful \n[django__django__3.1] [django__django-11797] Removing coverage \n[django__django__3.1] [django__django-11797] Command: coverage run ./tests/runtests.py --verbosity 2 lookup.tests \n[django__django__3.1] [django__django-11797] Subprocess args: {\"cwd\": \"/opt/django__django\", \"check\": false, \"shell\": false, \"universal_newlines\": true, \"stdout\": -1, \"stderr\": -2, \"timeout\": 300} \n[django__django__3.1] [django__django-11797] Std. Output:\ntest_startswith_lookup (lookup.tests.LookupTests) ... ERROR\n\n======================================================================\nERROR: test_startswith_lookup (lookup.tests.LookupTests)\n----------------------------------------------------------------------\nTraceback (most recent call last):\n  File \"/opt/django__django/tests/lookup/tests.py\", line 19, in test_startswith_lookup\n    lookup = StartsWith(self.lhs, 'test')\nNameError: name 'StartsWith' is not defined\n\n----------------------------------------------------------------------\nRan 1 test in 0.001s\n\nFAILED (errors=1)\nTesting against Django installed in '/opt/django__django/django' with up to 10 processes\nImporting application lookup\nSkipping setup of unused database(s): default, other.\nSystem check identified no issues (0 silenced).\n \n[django__django__3.1] [django__django-11797] Return Code: 1 \n[django__django__3.1] [django__django-11797] TestsTime: 1.104468584060669 \n[django__django__3.1] [django__django-11797] Test script run successful \n[django__django__3.1] [django__django-11797] Removing coverage \n[django__django__3.1] [django__django-11797] Command: coverage run ./tests/runtests.py --verbosity 2 lookup.tests \n[django__django__3.1] [django__django-11797] Subprocess args: {\"cwd\": \"/opt/django__django\", \"check\": false, \"shell\": false, \"universal_newlines\": true, \"stdout\": -1, \"stderr\": -2, \"timeout\": 300} \n[django__django__3.1] [django__django-11797] Std. Output:\ntest_endswith_lookup (lookup.tests.LookupTests) ... ERROR\n\n======================================================================\nERROR: test_endswith_lookup (lookup.tests.LookupTests)\n----------------------------------------------------------------------\nTraceback (most recent call last):\n  File \"/opt/django__django/tests/lookup/tests.py\", line 19, in test_endswith_lookup\n    lookup = EndsWith(self.lhs, 'test')\nNameError: name 'EndsWith' is not defined\n\n----------------------------------------------------------------------\nRan 1 test in 0.001s\n\nFAILED (errors=1)\nTesting against Django installed in '/opt/django__django/django' with up to 10 processes\nImporting application lookup\nSkipping setup of unused database(s): default, other.\nSystem check identified no issues (0 silenced).\n \n[django__django__3.1] [django__django-11797] Return Code: 1 \n[django__django__3.1] [django__django-11797] TestsTime: 1.1380000114440918 \n[django__django__3.1] [django__django-11797] Test script run successful \n[django__django__3.1] [django__django-11797] Removing coverage \n[django__django__3.1] [django__django-11797] Command: coverage run ./tests/runtests.py --verbosity 2 lookup.tests \n[django__django__3.1] [django__django-11797] Subprocess args: {\"cwd\": \"/opt/django__django\", \"check\": false, \"shell\": false, \"universal_newlines\": true, \"stdout\": -1, \"stderr\": -2, \"timeout\": 300} \n[django__django__3.1] [django__django-11797] Std. Output:\ntest_isnull_lookup (lookup.tests.LookupTests) ... ERROR\n\n======================================================================\nERROR: test_isnull_lookup (lookup.tests.LookupTests)\n----------------------------------------------------------------------\nTraceback (most recent call last):\n  File \"/opt/django__django/tests/lookup/tests.py\", line 19, in test_isnull_lookup\n    lookup = IsNull(self.lhs, True)\nNameError: name 'IsNull' is not defined\n\n----------------------------------------------------------------------\nRan 1 test in 0.001s\n\nFAILED (errors=1)\nTesting against Django installed in '/opt/django__django/django' with up to 10 processes\nImporting application lookup\nSkipping setup of unused database(s): default, other.\nSystem check identified no issues (0 silenced).\n \n[django__django__3.1] [django__django-11797] Return Code: 1 \n[django__django__3.1] [django__django-11797] TestsTime: 1.1544508934020996 \n[django__django__3.1] [django__django-11797] Test script run successful \n[django__django__3.1] [django__django-11797] Removing coverage \n[django__django__3.1] [django__django-11797] Command: coverage run ./tests/runtests.py --verbosity 2 lookup.tests \n[django__django__3.1] [django__django-11797] Subprocess args: {\"cwd\": \"/opt/django__django\", \"check\": false, \"shell\": false, \"universal_newlines\": true, \"stdout\": -1, \"stderr\": -2, \"timeout\": 300} \n[django__django__3.1] [django__django-11797] Std. Output:\ntest_regex_lookup (lookup.tests.LookupTests) ... ERROR\n\n======================================================================\nERROR: test_regex_lookup (lookup.tests.LookupTests)\n----------------------------------------------------------------------\nTraceback (most recent call last):\n  File \"/opt/django__django/tests/lookup/tests.py\", line 19, in test_regex_lookup\n    lookup = Regex(self.lhs, r'\\d+')\nNameError: name 'Regex' is not defined\n\n----------------------------------------------------------------------\nRan 1 test in 0.001s\n\nFAILED (errors=1)\nTesting against Django installed in '/opt/django__django/django' with up to 10 processes\nImporting application lookup\nSkipping setup of unused database(s): default, other.\nSystem check identified no issues (0 silenced).\n \n[django__django__3.1] [django__django-11797] Return Code: 1 \n[django__django__3.1] [django__django-11797] TestsTime: 1.1238784790039062 \n[django__django__3.1] [django__django-11797] Test script run successful \n[django__django__3.1] [django__django-11797] Removing coverage \n[django__django__3.1] [django__django-11797] Command: coverage run ./tests/runtests.py --verbosity 2 lookup.tests \n[django__django__3.1] [django__django-11797] Subprocess args: {\"cwd\": \"/opt/django__django\", \"check\": false, \"shell\": false, \"universal_newlines\": true, \"stdout\": -1, \"stderr\": -2, \"timeout\": 300} \n[django__django__3.1] [django__django-11797] Std. Output:\ntest_iregex_lookup (lookup.tests.LookupTests) ... ERROR\n\n======================================================================\nERROR: test_iregex_lookup (lookup.tests.LookupTests)\n----------------------------------------------------------------------\nTraceback (most recent call last):\n  File \"/opt/django__django/tests/lookup/tests.py\", line 19, in test_iregex_lookup\n    lookup = IRegex(self.lhs, r'\\d+')\nNameError: name 'IRegex' is not defined\n\n----------------------------------------------------------------------\nRan 1 test in 0.001s\n\nFAILED (errors=1)\nTesting against Django installed in '/opt/django__django/django' with up to 10 processes\nImporting application lookup\nSkipping setup of unused database(s): default, other.\nSystem check identified no issues (0 silenced).\n \n[django__django__3.1] [django__django-11797] Return Code: 1 \n[django__django__3.1] [django__django-11797] TestsTime: 1.113159418106079 \n[django__django__3.1] [django__django-11797] Test script run successful \n[django__django__3.1] [django__django-11797] Removing coverage \n[django__django__3.1] [django__django-11797] Command: coverage run ./tests/runtests.py --verbosity 2 lookup.tests \n[django__django__3.1] [django__django-11797] Subprocess args: {\"cwd\": \"/opt/django__django\", \"check\": false, \"shell\": false, \"universal_newlines\": true, \"stdout\": -1, \"stderr\": -2, \"timeout\": 300} \n[django__django__3.1] [django__django-11797] Std. Output:\ntest_year_exact_lookup (lookup.tests.LookupTests) ... ERROR\n\n======================================================================\nERROR: test_year_exact_lookup (lookup.tests.LookupTests)\n----------------------------------------------------------------------\nTraceback (most recent call last):\n  File \"/opt/django__django/tests/lookup/tests.py\", line 19, in test_year_exact_lookup\n    lookup = YearExact(self.lhs, 2021)\nNameError: name 'YearExact' is not defined\n\n----------------------------------------------------------------------\nRan 1 test in 0.001s\n\nFAILED (errors=1)\nTesting against Django installed in '/opt/django__django/django' with up to 10 processes\nImporting application lookup\nSkipping setup of unused database(s): default, other.\nSystem check identified no issues (0 silenced).\n \n[django__django__3.1] [django__django-11797] Return Code: 1 \n[django__django__3.1] [django__django-11797] TestsTime: 1.1078288555145264 \n[django__django__3.1] [django__django-11797] Test script run successful \n[django__django__3.1] [django__django-11797] Removing coverage \n[django__django__3.1] [django__django-11797] Command: coverage run ./tests/runtests.py --verbosity 2 lookup.tests \n[django__django__3.1] [django__django-11797] Subprocess args: {\"cwd\": \"/opt/django__django\", \"check\": false, \"shell\": false, \"universal_newlines\": true, \"stdout\": -1, \"stderr\": -2, \"timeout\": 300} \n[django__django__3.1] [django__django-11797] Std. Output:\ntest_year_gt_lookup (lookup.tests.LookupTests) ... ERROR\n\n======================================================================\nERROR: test_year_gt_lookup (lookup.tests.LookupTests)\n----------------------------------------------------------------------\nTraceback (most recent call last):\n  File \"/opt/django__django/tests/lookup/tests.py\", line 19, in test_year_gt_lookup\n    lookup = YearGt(self.lhs, 2021)\nNameError: name 'YearGt' is not defined\n\n----------------------------------------------------------------------\nRan 1 test in 0.001s\n\nFAILED (errors=1)\nTesting against Django installed in '/opt/django__django/django' with up to 10 processes\nImporting application lookup\nSkipping setup of unused database(s): default, other.\nSystem check identified no issues (0 silenced).\n \n[django__django__3.1] [django__django-11797] Return Code: 1 \n[django__django__3.1] [django__django-11797] TestsTime: 1.1198058128356934 \n[django__django__3.1] [django__django-11797] Test script run successful \n[django__django__3.1] [django__django-11797] Removing coverage \n[django__django__3.1] [django__django-11797] Command: coverage run ./tests/runtests.py --verbosity 2 lookup.tests \n[django__django__3.1] [django__django-11797] Subprocess args: {\"cwd\": \"/opt/django__django\", \"check\": false, \"shell\": false, \"universal_newlines\": true, \"stdout\": -1, \"stderr\": -2, \"timeout\": 300} \n[django__django__3.1] [django__django-11797] Std. Output:\ntest_year_gte_lookup (lookup.tests.LookupTests) ... ERROR\n\n======================================================================\nERROR: test_year_gte_lookup (lookup.tests.LookupTests)\n----------------------------------------------------------------------\nTraceback (most recent call last):\n  File \"/opt/django__django/tests/lookup/tests.py\", line 19, in test_year_gte_lookup\n    lookup = YearGte(self.lhs, 2021)\nNameError: name 'YearGte' is not defined\n\n----------------------------------------------------------------------\nRan 1 test in 0.001s\n\nFAILED (errors=1)\nTesting against Django installed in '/opt/django__django/django' with up to 10 processes\nImporting application lookup\nSkipping setup of unused database(s): default, other.\nSystem check identified no issues (0 silenced).\n \n[django__django__3.1] [django__django-11797] Return Code: 1 \n[django__django__3.1] [django__django-11797] TestsTime: 1.1605045795440674 \n[django__django__3.1] [django__django-11797] Test script run successful \n[django__django__3.1] [django__django-11797] Removing coverage \n[django__django__3.1] [django__django-11797] Command: coverage run ./tests/runtests.py --verbosity 2 lookup.tests \n[django__django__3.1] [django__django-11797] Subprocess args: {\"cwd\": \"/opt/django__django\", \"check\": false, \"shell\": false, \"universal_newlines\": true, \"stdout\": -1, \"stderr\": -2, \"timeout\": 300} \n[django__django__3.1] [django__django-11797] Std. Output:\ntest_year_lt_lookup (lookup.tests.LookupTests) ... ERROR\n\n======================================================================\nERROR: test_year_lt_lookup (lookup.tests.LookupTests)\n----------------------------------------------------------------------\nTraceback (most recent call last):\n  File \"/opt/django__django/tests/lookup/tests.py\", line 19, in test_year_lt_lookup\n    lookup = YearLt(self.lhs, 2021)\nNameError: name 'YearLt' is not defined\n\n----------------------------------------------------------------------\nRan 1 test in 0.001s\n\nFAILED (errors=1)\nTesting against Django installed in '/opt/django__django/django' with up to 10 processes\nImporting application lookup\nSkipping setup of unused database(s): default, other.\nSystem check identified no issues (0 silenced).\n \n[django__django__3.1] [django__django-11797] Return Code: 1 \n[django__django__3.1] [django__django-11797] TestsTime: 1.119931697845459 \n[django__django__3.1] [django__django-11797] Test script run successful \n[django__django__3.1] [django__django-11797] Removing coverage \n[django__django__3.1] [django__django-11797] Command: coverage run ./tests/runtests.py --verbosity 2 lookup.tests \n[django__django__3.1] [django__django-11797] Subprocess args: {\"cwd\": \"/opt/django__django\", \"check\": false, \"shell\": false, \"universal_newlines\": true, \"stdout\": -1, \"stderr\": -2, \"timeout\": 300} \n[django__django__3.1] [django__django-11797] Std. Output:\ntest_year_lte_lookup (lookup.tests.LookupTests) ... ERROR\n\n======================================================================\nERROR: test_year_lte_lookup (lookup.tests.LookupTests)\n----------------------------------------------------------------------\nTraceback (most recent call last):\n  File \"/opt/django__django/tests/lookup/tests.py\", line 19, in test_year_lte_lookup\n    lookup = YearLte(self.lhs, 2021)\nNameError: name 'YearLte' is not defined\n\n----------------------------------------------------------------------\nRan 1 test in 0.001s\n\nFAILED (errors=1)\nTesting against Django installed in '/opt/django__django/django' with up to 10 processes\nImporting application lookup\nSkipping setup of unused database(s): default, other.\nSystem check identified no issues (0 silenced).\n \n[django__django__3.1] [django__django-11797] Return Code: 1 \n[django__django__3.1] [django__django-11797] TestsTime: 1.1512770652770996 \n[django__django__3.1] [django__django-11797] Test script run successful \n[django__django__3.1] [django__django-11797] Removing coverage \n[django__django__3.1] [django__django-11797] Command: coverage run ./tests/runtests.py --verbosity 2 lookup.tests \n[django__django__3.1] [django__django-11797] Subprocess args: {\"cwd\": \"/opt/django__django\", \"check\": false, \"shell\": false, \"universal_newlines\": true, \"stdout\": -1, \"stderr\": -2, \"timeout\": 300} \n[django__django__3.1] [django__django-11797] Std. Output:\ntest_batch_process_rhs_with_iterable (lookup.tests.LookupTests) ... ERROR\n\n======================================================================\nERROR: test_batch_process_rhs_with_iterable (lookup.tests.LookupTests)\n----------------------------------------------------------------------\nTraceback (most recent call last):\n  File \"/opt/django__django/tests/lookup/tests.py\", line 19, in test_batch_process_rhs_with_iterable\n    lookup = FieldGetDbPrepValueIterableMixin()\nNameError: name 'FieldGetDbPrepValueIterableMixin' is not defined\n\n----------------------------------------------------------------------\nRan 1 test in 0.001s\n\nFAILED (errors=1)\nTesting against Django installed in '/opt/django__django/django' with up to 10 processes\nImporting application lookup\nSkipping setup of unused database(s): default, other.\nSystem check identified no issues (0 silenced).\n \n[django__django__3.1] [django__django-11797] Return Code: 1 \n[django__django__3.1] [django__django-11797] TestsTime: 1.131791114807129 \n[django__django__3.1] [django__django-11797] Test script run successful \n[django__django__3.1] [django__django-11797] Removing coverage \n[django__django__3.1] [django__django-11797] Command: coverage run ./tests/runtests.py --verbosity 2 lookup.tests \n[django__django__3.1] [django__django-11797] Subprocess args: {\"cwd\": \"/opt/django__django\", \"check\": false, \"shell\": false, \"universal_newlines\": true, \"stdout\": -1, \"stderr\": -2, \"timeout\": 300} \n[django__django__3.1] [django__django-11797] Std. Output:\ntest_batch_process_rhs_with_non_iterable (lookup.tests.LookupTests) ... ERROR\n\n======================================================================\nERROR: test_batch_process_rhs_with_non_iterable (lookup.tests.LookupTests)\n----------------------------------------------------------------------\nTraceback (most recent call last):\n  File \"/opt/django__django/tests/lookup/tests.py\", line 19, in test_batch_process_rhs_with_non_iterable\n    lookup = FieldGetDbPrepValueIterableMixin()\nNameError: name 'FieldGetDbPrepValueIterableMixin' is not defined\n\n----------------------------------------------------------------------\nRan 1 test in 0.001s\n\nFAILED (errors=1)\nTesting against Django installed in '/opt/django__django/django' with up to 10 processes\nImporting application lookup\nSkipping setup of unused database(s): default, other.\nSystem check identified no issues (0 silenced).\n \n[django__django__3.1] [django__django-11797] Return Code: 1 \n[django__django__3.1] [django__django-11797] TestsTime: 1.0811874866485596 \n[django__django__3.1] [django__django-11797] Test script run successful \n[django__django__3.1] [django__django-11797] Removing coverage \n[django__django__3.1] [django__django-11797] Command: coverage run ./tests/runtests.py --verbosity 2 lookup.tests \n[django__django__3.1] [django__django-11797] Subprocess args: {\"cwd\": \"/opt/django__django\", \"check\": false, \"shell\": false, \"universal_newlines\": true, \"stdout\": -1, \"stderr\": -2, \"timeout\": 300} \n[django__django__3.1] [django__django-11797] Std. Output:\ntest_process_rhs_with_query (lookup.tests.LookupTests) ... ERROR\n\n======================================================================\nERROR: test_process_rhs_with_query (lookup.tests.LookupTests)\n----------------------------------------------------------------------\nTraceback (most recent call last):\n  File \"/opt/django__django/tests/lookup/tests.py\", line 19, in test_process_rhs_with_query\n    query = Query()\nTypeError: __init__() missing 1 required positional argument: 'model'\n\n----------------------------------------------------------------------\nRan 1 test in 0.001s\n\nFAILED (errors=1)\nTesting against Django installed in '/opt/django__django/django' with up to 10 processes\nImporting application lookup\nSkipping setup of unused database(s): default, other.\nSystem check identified no issues (0 silenced).\n \n[django__django__3.1] [django__django-11797] Return Code: 1 \n[django__django__3.1] [django__django-11797] TestsTime: 1.1094682216644287 \n[django__django__3.1] [django__django-11797] Test script run successful \n[django__django__3.1] [django__django-11797] Removing coverage \n[django__django__3.1] [django__django-11797] Command: coverage run ./tests/runtests.py --verbosity 2 lookup.tests \n[django__django__3.1] [django__django-11797] Subprocess args: {\"cwd\": \"/opt/django__django\", \"check\": false, \"shell\": false, \"universal_newlines\": true, \"stdout\": -1, \"stderr\": -2, \"timeout\": 300} \n[django__django__3.1] [django__django-11797] Std. Output:\ntest_process_rhs_with_valid_query (lookup.tests.LookupTests) ... ERROR\n\n======================================================================\nERROR: test_process_rhs_with_valid_query (lookup.tests.LookupTests)\n----------------------------------------------------------------------\nTraceback (most recent call last):\n  File \"/opt/django__django/tests/lookup/tests.py\", line 19, in test_process_rhs_with_valid_query\n    query = Query()\nTypeError: __init__() missing 1 required positional argument: 'model'\n\n----------------------------------------------------------------------\nRan 1 test in 0.001s\n\nFAILED (errors=1)\nTesting against Django installed in '/opt/django__django/django' with up to 10 processes\nImporting application lookup\nSkipping setup of unused database(s): default, other.\nSystem check identified no issues (0 silenced).\n \n[django__django__3.1] [django__django-11797] Return Code: 1 \n[django__django__3.1] [django__django-11797] TestsTime: 1.0935766696929932 \n[django__django__3.1] [django__django-11797] Test script run successful \n[django__django__3.1] [django__django-11797] Removing coverage \n[django__django__3.1] [django__django-11797] Command: coverage run ./tests/runtests.py --verbosity 2 lookup.tests \n[django__django__3.1] [django__django-11797] Subprocess args: {\"cwd\": \"/opt/django__django\", \"check\": false, \"shell\": false, \"universal_newlines\": true, \"stdout\": -1, \"stderr\": -2, \"timeout\": 300} \n[django__django__3.1] [django__django-11797] Std. Output:\ntest_process_rhs_with_invalid_query (lookup.tests.LookupTests) ... ERROR\n\n======================================================================\nERROR: test_process_rhs_with_invalid_query (lookup.tests.LookupTests)\n----------------------------------------------------------------------\nTraceback (most recent call last):\n  File \"/opt/django__django/tests/lookup/tests.py\", line 19, in test_process_rhs_with_invalid_query\n    query = Query()\nTypeError: __init__() missing 1 required positional argument: 'model'\n\n----------------------------------------------------------------------\nRan 1 test in 0.001s\n\nFAILED (errors=1)\nTesting against Django installed in '/opt/django__django/django' with up to 10 processes\nImporting application lookup\nSkipping setup of unused database(s): default, other.\nSystem check identified no issues (0 silenced).\n \n[django__django__3.1] [django__django-11797] Return Code: 1 \n[django__django__3.1] [django__django-11797] TestsTime: 1.1118521690368652 \n[django__django__3.1] [django__django-11797] Test script run successful \n[django__django__3.1] [django__django-11797] Removing coverage \n[django__django__3.1] [django__django-11797] Command: coverage run ./tests/runtests.py --verbosity 2 lookup.tests \n[django__django__3.1] [django__django-11797] Subprocess args: {\"cwd\": \"/opt/django__django\", \"check\": false, \"shell\": false, \"universal_newlines\": true, \"stdout\": -1, \"stderr\": -2, \"timeout\": 300} \n[django__django__3.1] [django__django-11797] Std. Output:\ntest_get_db_prep_lookup_with_iterable (lookup.tests.LookupTests) ... ERROR\n\n======================================================================\nERROR: test_get_db_prep_lookup_with_iterable (lookup.tests.LookupTests)\n----------------------------------------------------------------------\nTraceback (most recent call last):\n  File \"/opt/django__django/tests/lookup/tests.py\", line 19, in test_get_db_prep_lookup_with_iterable\n    lookup = FieldGetDbPrepValueIterableMixin()\nNameError: name 'FieldGetDbPrepValueIterableMixin' is not defined\n\n----------------------------------------------------------------------\nRan 1 test in 0.001s\n\nFAILED (errors=1)\nTesting against Django installed in '/opt/django__django/django' with up to 10 processes\nImporting application lookup\nSkipping setup of unused database(s): default, other.\nSystem check identified no issues (0 silenced).\n \n[django__django__3.1] [django__django-11797] Return Code: 1 \n[django__django__3.1] [django__django-11797] TestsTime: 1.2338366508483887 \n[django__django__3.1] [django__django-11797] Test script run successful \n[django__django__3.1] [django__django-11797] Removing coverage \n[django__django__3.1] [django__django-11797] Command: coverage run ./tests/runtests.py --verbosity 2 lookup.tests \n[django__django__3.1] [django__django-11797] Subprocess args: {\"cwd\": \"/opt/django__django\", \"check\": false, \"shell\": false, \"universal_newlines\": true, \"stdout\": -1, \"stderr\": -2, \"timeout\": 300} \n[django__django__3.1] [django__django-11797] Std. Output:\ntest_get_db_prep_lookup_with_non_iterable (lookup.tests.LookupTests) ... ERROR\n\n======================================================================\nERROR: test_get_db_prep_lookup_with_non_iterable (lookup.tests.LookupTests)\n----------------------------------------------------------------------\nTraceback (most recent call last):\n  File \"/opt/django__django/tests/lookup/tests.py\", line 19, in test_get_db_prep_lookup_with_non_iterable\n    lookup = FieldGetDbPrepValueMixin()\nNameError: name 'FieldGetDbPrepValueMixin' is not defined\n\n----------------------------------------------------------------------\nRan 1 test in 0.001s\n\nFAILED (errors=1)\nTesting against Django installed in '/opt/django__django/django' with up to 10 processes\nImporting application lookup\nSkipping setup of unused database(s): default, other.\nSystem check identified no issues (0 silenced).\n \n[django__django__3.1] [django__django-11797] Return Code: 1 \n[django__django__3.1] [django__django-11797] TestsTime: 1.7972545623779297 \n[django__django__3.1] [django__django-11797] Test script run successful \n[django__django__3.1] [django__django-11797] Removing coverage \n[django__django__3.1] [django__django-11797] >>>>> Tests configfull pred\n \n[django__django__3.1] [django__django-11797] Parser found no standalone tests; running prompt verbatim. \n[django__django__3.1] [django__django-11797] Test Script:  coverage run ./tests/runtests.py --verbosity 2 lookup.tests;\n \n[django__django__3.1] [django__django-11797] Command: coverage run ./tests/runtests.py --verbosity 2 lookup.tests \n[django__django__3.1] [django__django-11797] Subprocess args: {\"cwd\": \"/opt/django__django\", \"check\": false, \"shell\": false, \"universal_newlines\": true, \"stdout\": -1, \"stderr\": -2, \"timeout\": 300} \n[django__django__3.1] [django__django-11797] Std. Output:\ntest_batch_process_rhs_with_iterable (lookup.tests.LookupTests) ... ERROR\ntest_batch_process_rhs_with_non_iterable (lookup.tests.LookupTests) ... ERROR\ntest_contains_lookup (lookup.tests.LookupTests) ... ERROR\ntest_endswith_lookup (lookup.tests.LookupTests) ... ERROR\ntest_exact_lookup (lookup.tests.LookupTests) ... ERROR\ntest_get_db_prep_lookup_with_iterable (lookup.tests.LookupTests) ... ERROR\ntest_get_db_prep_lookup_with_non_iterable (lookup.tests.LookupTests) ... ERROR\ntest_greater_than_lookup (lookup.tests.LookupTests) ... ERROR\ntest_greater_than_or_equal_lookup (lookup.tests.LookupTests) ... ERROR\ntest_iexact_lookup (lookup.tests.LookupTests) ... ERROR\ntest_in_lookup_with_empty_rhs (lookup.tests.LookupTests) ... ERROR\ntest_in_lookup_with_valid_rhs (lookup.tests.LookupTests) ... ERROR\ntest_iregex_lookup (lookup.tests.LookupTests) ... ERROR\ntest_isnull_lookup (lookup.tests.LookupTests) ... ERROR\ntest_less_than_lookup (lookup.tests.LookupTests) ... ERROR\ntest_less_than_or_equal_lookup (lookup.tests.LookupTests) ... ERROR\ntest_process_rhs_with_invalid_query (lookup.tests.LookupTests) ... ERROR\ntest_process_rhs_with_query (lookup.tests.LookupTests) ... ERROR\ntest_process_rhs_with_valid_query (lookup.tests.LookupTests) ... ERROR\ntest_regex_lookup (lookup.tests.LookupTests) ... ERROR\ntest_startswith_lookup (lookup.tests.LookupTests) ... ERROR\ntest_year_exact_lookup (lookup.tests.LookupTests) ... ERROR\ntest_year_gt_lookup (lookup.tests.LookupTests) ... ERROR\ntest_year_gte_lookup (lookup.tests.LookupTests) ... ERROR\ntest_year_lt_lookup (lookup.tests.LookupTests) ... ERROR\ntest_year_lte_lookup (lookup.tests.LookupTests) ... ERROR\n\n======================================================================\nERROR: test_batch_process_rhs_with_iterable (lookup.tests.LookupTests)\n----------------------------------------------------------------------\nTraceback (most recent call last):\n  File \"/opt/django__django/tests/lookup/tests.py\", line 106, in test_batch_process_rhs_with_iterable\n    lookup = FieldGetDbPrepValueIterableMixin()\nNameError: name 'FieldGetDbPrepValueIterableMixin' is not defined\n\n======================================================================\nERROR: test_batch_process_rhs_with_non_iterable (lookup.tests.LookupTests)\n----------------------------------------------------------------------\nTraceback (most recent call last):\n  File \"/opt/django__django/tests/lookup/tests.py\", line 111, in test_batch_process_rhs_with_non_iterable\n    lookup = FieldGetDbPrepValueIterableMixin()\nNameError: name 'FieldGetDbPrepValueIterableMixin' is not defined\n\n======================================================================\nERROR: test_contains_lookup (lookup.tests.LookupTests)\n----------------------------------------------------------------------\nTraceback (most recent call last):\n  File \"/opt/django__django/tests/lookup/tests.py\", line 51, in test_contains_lookup\n    lookup = Contains(self.lhs, 'test')\nNameError: name 'Contains' is not defined\n\n======================================================================\nERROR: test_endswith_lookup (lookup.tests.LookupTests)\n----------------------------------------------------------------------\nTraceback (most recent call last):\n  File \"/opt/django__django/tests/lookup/tests.py\", line 61, in test_endswith_lookup\n    lookup = EndsWith(self.lhs, 'test')\nNameError: name 'EndsWith' is not defined\n\n======================================================================\nERROR: test_exact_lookup (lookup.tests.LookupTests)\n----------------------------------------------------------------------\nTraceback (most recent call last):\n  File \"/opt/django__django/tests/lookup/tests.py\", line 17, in test_exact_lookup\n    lookup = Exact(self.lhs, self.rhs)\nNameError: name 'Exact' is not defined\n\n======================================================================\nERROR: test_get_db_prep_lookup_with_iterable (lookup.tests.LookupTests)\n----------------------------------------------------------------------\nTraceback (most recent call last):\n  File \"/opt/django__django/tests/lookup/tests.py\", line 135, in test_get_db_prep_lookup_with_iterable\n    lookup = FieldGetDbPrepValueIterableMixin()\nNameError: name 'FieldGetDbPrepValueIterableMixin' is not defined\n\n======================================================================\nERROR: test_get_db_prep_lookup_with_non_iterable (lookup.tests.LookupTests)\n----------------------------------------------------------------------\nTraceback (most recent call last):\n  File \"/opt/django__django/tests/lookup/tests.py\", line 140, in test_get_db_prep_lookup_with_non_iterable\n    lookup = FieldGetDbPrepValueMixin()\nNameError: name 'FieldGetDbPrepValueMixin' is not defined\n\n======================================================================\nERROR: test_greater_than_lookup (lookup.tests.LookupTests)\n----------------------------------------------------------------------\nTraceback (most recent call last):\n  File \"/opt/django__django/tests/lookup/tests.py\", line 25, in test_greater_than_lookup\n    lookup = GreaterThan(self.lhs, self.rhs)\nNameError: name 'GreaterThan' is not defined\n\n======================================================================\nERROR: test_greater_than_or_equal_lookup (lookup.tests.LookupTests)\n----------------------------------------------------------------------\nTraceback (most recent call last):\n  File \"/opt/django__django/tests/lookup/tests.py\", line 29, in test_greater_than_or_equal_lookup\n    lookup = GreaterThanOrEqual(self.lhs, self.rhs)\nNameError: name 'GreaterThanOrEqual' is not defined\n\n======================================================================\nERROR: test_iexact_lookup (lookup.tests.LookupTests)\n----------------------------------------------------------------------\nTraceback (most recent call last):\n  File \"/opt/django__django/tests/lookup/tests.py\", line 21, in test_iexact_lookup\n    lookup = IExact(self.lhs, self.rhs)\nNameError: name 'IExact' is not defined\n\n======================================================================\nERROR: test_in_lookup_with_empty_rhs (lookup.tests.LookupTests)\n----------------------------------------------------------------------\nTraceback (most recent call last):\n  File \"/opt/django__django/tests/lookup/tests.py\", line 41, in test_in_lookup_with_empty_rhs\n    lookup = In(self.lhs, [])\nNameError: name 'In' is not defined\n\n======================================================================\nERROR: test_in_lookup_with_valid_rhs (lookup.tests.LookupTests)\n----------------------------------------------------------------------\nTraceback (most recent call last):\n  File \"/opt/django__django/tests/lookup/tests.py\", line 46, in test_in_lookup_with_valid_rhs\n    lookup = In(self.lhs, [1, 2, 3])\nNameError: name 'In' is not defined\n\n======================================================================\nERROR: test_iregex_lookup (lookup.tests.LookupTests)\n----------------------------------------------------------------------\nTraceback (most recent call last):\n  File \"/opt/django__django/tests/lookup/tests.py\", line 76, in test_iregex_lookup\n    lookup = IRegex(self.lhs, r'\\d+')\nNameError: name 'IRegex' is not defined\n\n======================================================================\nERROR: test_isnull_lookup (lookup.tests.LookupTests)\n----------------------------------------------------------------------\nTraceback (most recent call last):\n  File \"/opt/django__django/tests/lookup/tests.py\", line 66, in test_isnull_lookup\n    lookup = IsNull(self.lhs, True)\nNameError: name 'IsNull' is not defined\n\n======================================================================\nERROR: test_less_than_lookup (lookup.tests.LookupTests)\n----------------------------------------------------------------------\nTraceback (most recent call last):\n  File \"/opt/django__django/tests/lookup/tests.py\", line 33, in test_less_than_lookup\n    lookup = LessThan(self.lhs, self.rhs)\nNameError: name 'LessThan' is not defined\n\n======================================================================\nERROR: test_less_than_or_equal_lookup (lookup.tests.LookupTests)\n----------------------------------------------------------------------\nTraceback (most recent call last):\n  File \"/opt/django__django/tests/lookup/tests.py\", line 37, in test_less_than_or_equal_lookup\n    lookup = LessThanOrEqual(self.lhs, self.rhs)\nNameError: name 'LessThanOrEqual' is not defined\n\n======================================================================\nERROR: test_process_rhs_with_invalid_query (lookup.tests.LookupTests)\n----------------------------------------------------------------------\nTraceback (most recent call last):\n  File \"/opt/django__django/tests/lookup/tests.py\", line 129, in test_process_rhs_with_invalid_query\n    query = Query()\nTypeError: __init__() missing 1 required positional argument: 'model'\n\n======================================================================\nERROR: test_process_rhs_with_query (lookup.tests.LookupTests)\n----------------------------------------------------------------------\nTraceback (most recent call last):\n  File \"/opt/django__django/tests/lookup/tests.py\", line 116, in test_process_rhs_with_query\n    query = Query()\nTypeError: __init__() missing 1 required positional argument: 'model'\n\n======================================================================\nERROR: test_process_rhs_with_valid_query (lookup.tests.LookupTests)\n----------------------------------------------------------------------\nTraceback (most recent call last):\n  File \"/opt/django__django/tests/lookup/tests.py\", line 122, in test_process_rhs_with_valid_query\n    query = Query()\nTypeError: __init__() missing 1 required positional argument: 'model'\n\n======================================================================\nERROR: test_regex_lookup (lookup.tests.LookupTests)\n----------------------------------------------------------------------\nTraceback (most recent call last):\n  File \"/opt/django__django/tests/lookup/tests.py\", line 71, in test_regex_lookup\n    lookup = Regex(self.lhs, r'\\d+')\nNameError: name 'Regex' is not defined\n\n======================================================================\nERROR: test_startswith_lookup (lookup.tests.LookupTests)\n----------------------------------------------------------------------\nTraceback (most recent call last):\n  File \"/opt/django__django/tests/lookup/tests.py\", line 56, in test_startswith_lookup\n    lookup = StartsWith(self.lhs, 'test')\nNameError: name 'StartsWith' is not defined\n\n======================================================================\nERROR: test_year_exact_lookup (lookup.tests.LookupTests)\n----------------------------------------------------------------------\nTraceback (most recent call last):\n  File \"/opt/django__django/tests/lookup/tests.py\", line 81, in test_year_exact_lookup\n    lookup = YearExact(self.lhs, 2021)\nNameError: name 'YearExact' is not defined\n\n======================================================================\nERROR: test_year_gt_lookup (lookup.tests.LookupTests)\n----------------------------------------------------------------------\nTraceback (most recent call last):\n  File \"/opt/django__django/tests/lookup/tests.py\", line 86, in test_year_gt_lookup\n    lookup = YearGt(self.lhs, 2021)\nNameError: name 'YearGt' is not defined\n\n======================================================================\nERROR: test_year_gte_lookup (lookup.tests.LookupTests)\n----------------------------------------------------------------------\nTraceback (most recent call last):\n  File \"/opt/django__django/tests/lookup/tests.py\", line 91, in test_year_gte_lookup\n    lookup = YearGte(self.lhs, 2021)\nNameError: name 'YearGte' is not defined\n\n======================================================================\nERROR: test_year_lt_lookup (lookup.tests.LookupTests)\n----------------------------------------------------------------------\nTraceback (most recent call last):\n  File \"/opt/django__django/tests/lookup/tests.py\", line 96, in test_year_lt_lookup\n    lookup = YearLt(self.lhs, 2021)\nNameError: name 'YearLt' is not defined\n\n======================================================================\nERROR: test_year_lte_lookup (lookup.tests.LookupTests)\n----------------------------------------------------------------------\nTraceback (most recent call last):\n  File \"/opt/django__django/tests/lookup/tests.py\", line 101, in test_year_lte_lookup\n    lookup = YearLte(self.lhs, 2021)\nNameError: name 'YearLte' is not defined\n\n----------------------------------------------------------------------\nRan 26 tests in 0.003s\n\nFAILED (errors=26)\nTesting against Django installed in '/opt/django__django/django' with up to 10 processes\nImporting application lookup\nSkipping setup of unused database(s): default, other.\nSystem check identified no issues (0 silenced).\n \n[django__django__3.1] [django__django-11797] Return Code: 1 \n[django__django__3.1] [django__django-11797] TestsTime: 1.1608474254608154 \n[django__django__3.1] [django__django-11797] Test command output (stdout/stderr combined): \n[django__django__3.1] [django__django-11797] test_batch_process_rhs_with_iterable (lookup.tests.LookupTests) ... ERROR\ntest_batch_process_rhs_with_non_iterable (lookup.tests.LookupTests) ... ERROR\ntest_contains_lookup (lookup.tests.LookupTests) ... ERROR\ntest_endswith_lookup (lookup.tests.LookupTests) ... ERROR\ntest_exact_lookup (lookup.tests.LookupTests) ... ERROR\ntest_get_db_prep_lookup_with_iterable (lookup.tests.LookupTests) ... ERROR\ntest_get_db_prep_lookup_with_non_iterable (lookup.tests.LookupTests) ... ERROR\ntest_greater_than_lookup (lookup.tests.LookupTests) ... ERROR\ntest_greater_than_or_equal_lookup (lookup.tests.LookupTests) ... ERROR\ntest_iexact_lookup (lookup.tests.LookupTests) ... ERROR\ntest_in_lookup_with_empty_rhs (lookup.tests.LookupTests) ... ERROR\ntest_in_lookup_with_valid_rhs (lookup.tests.LookupTests) ... ERROR\ntest_iregex_lookup (lookup.tests.LookupTests) ... ERROR\ntest_isnull_lookup (lookup.tests.LookupTests) ... ERROR\ntest_less_than_lookup (lookup.tests.LookupTests) ... ERROR\ntest_less_than_or_equal_lookup (lookup.tests.LookupTests) ... ERROR\ntest_process_rhs_with_invalid_query (lookup.tests.LookupTests) ... ERROR\ntest_process_rhs_with_query (lookup.tests.LookupTests) ... ERROR\ntest_process_rhs_with_valid_query (lookup.tests.LookupTests) ... ERROR\ntest_regex_lookup (lookup.tests.LookupTests) ... ERROR\ntest_startswith_lookup (lookup.tests.LookupTests) ... ERROR\ntest_year_exact_lookup (lookup.tests.LookupTests) ... ERROR\ntest_year_gt_lookup (lookup.tests.LookupTests) ... ERROR\ntest_year_gte_lookup (lookup.tests.LookupTests) ... ERROR\ntest_year_lt_lookup (lookup.tests.LookupTests) ... ERROR\ntest_year_lte_lookup (lookup.tests.LookupTests) ... ERROR\n\n======================================================================\nERROR: test_batch_process_rhs_with_iterable (lookup.tests.LookupTests)\n----------------------------------------------------------------------\nTraceback (most recent call last):\n  File \"/opt/django__django/tests/lookup/tests.py\", line 106, in test_batch_process_rhs_with_iterable\n    lookup = FieldGetDbPrepValueIterableMixin()\nNameError: name 'FieldGetDbPrepValueIterableMixin' is not defined\n\n======================================================================\nERROR: test_batch_process_rhs_with_non_iterable (lookup.tests.LookupTests)\n----------------------------------------------------------------------\nTraceback (most recent call last):\n  File \"/opt/django__django/tests/lookup/tests.py\", line 111, in test_batch_process_rhs_with_non_iterable\n    lookup = FieldGetDbPrepValueIterableMixin()\nNameError: name 'FieldGetDbPrepValueIterableMixin' is not defined\n\n======================================================================\nERROR: test_contains_lookup (lookup.tests.LookupTests)\n----------------------------------------------------------------------\nTraceback (most recent call last):\n  File \"/opt/django__django/tests/lookup/tests.py\", line 51, in test_contains_lookup\n    lookup = Contains(self.lhs, 'test')\nNameError: name 'Contains' is not defined\n\n======================================================================\nERROR: test_endswith_lookup (lookup.tests.LookupTests)\n----------------------------------------------------------------------\nTraceback (most recent call last):\n  File \"/opt/django__django/tests/lookup/tests.py\", line 61, in test_endswith_lookup\n    lookup = EndsWith(self.lhs, 'test')\nNameError: name 'EndsWith' is not defined\n\n======================================================================\nERROR: test_exact_lookup (lookup.tests.LookupTests)\n----------------------------------------------------------------------\nTraceback (most recent call last):\n  File \"/opt/django__django/tests/lookup/tests.py\", line 17, in test_exact_lookup\n    lookup = Exact(self.lhs, self.rhs)\nNameError: name 'Exact' is not defined\n\n======================================================================\nERROR: test_get_db_prep_lookup_with_iterable (lookup.tests.LookupTests)\n----------------------------------------------------------------------\nTraceback (most recent call last):\n  File \"/opt/django__django/tests/lookup/tests.py\", line 135, in test_get_db_prep_lookup_with_iterable\n    lookup = FieldGetDbPrepValueIterableMixin()\nNameError: name 'FieldGetDbPrepValueIterableMixin' is not defined\n\n======================================================================\nERROR: test_get_db_prep_lookup_with_non_iterable (lookup.tests.LookupTests)\n----------------------------------------------------------------------\nTraceback (most recent call last):\n  File \"/opt/django__django/tests/lookup/tests.py\", line 140, in test_get_db_prep_lookup_with_non_iterable\n    lookup = FieldGetDbPrepValueMixin()\nNameError: name 'FieldGetDbPrepValueMixin' is not defined\n\n======================================================================\nERROR: test_greater_than_lookup (lookup.tests.LookupTests)\n----------------------------------------------------------------------\nTraceback (most recent call last):\n  File \"/opt/django__django/tests/lookup/tests.py\", line 25, in test_greater_than_lookup\n    lookup = GreaterThan(self.lhs, self.rhs)\nNameError: name 'GreaterThan' is not defined\n\n======================================================================\nERROR: test_greater_than_or_equal_lookup (lookup.tests.LookupTests)\n----------------------------------------------------------------------\nTraceback (most recent call last):\n  File \"/opt/django__django/tests/lookup/tests.py\", line 29, in test_greater_than_or_equal_lookup\n    lookup = GreaterThanOrEqual(self.lhs, self.rhs)\nNameError: name 'GreaterThanOrEqual' is not defined\n\n======================================================================\nERROR: test_iexact_lookup (lookup.tests.LookupTests)\n----------------------------------------------------------------------\nTraceback (most recent call last):\n  File \"/opt/django__django/tests/lookup/tests.py\", line 21, in test_iexact_lookup\n    lookup = IExact(self.lhs, self.rhs)\nNameError: name 'IExact' is not defined\n\n======================================================================\nERROR: test_in_lookup_with_empty_rhs (lookup.tests.LookupTests)\n----------------------------------------------------------------------\nTraceback (most recent call last):\n  File \"/opt/django__django/tests/lookup/tests.py\", line 41, in test_in_lookup_with_empty_rhs\n    lookup = In(self.lhs, [])\nNameError: name 'In' is not defined\n\n======================================================================\nERROR: test_in_lookup_with_valid_rhs (lookup.tests.LookupTests)\n----------------------------------------------------------------------\nTraceback (most recent call last):\n  File \"/opt/django__django/tests/lookup/tests.py\", line 46, in test_in_lookup_with_valid_rhs\n    lookup = In(self.lhs, [1, 2, 3])\nNameError: name 'In' is not defined\n\n======================================================================\nERROR: test_iregex_lookup (lookup.tests.LookupTests)\n----------------------------------------------------------------------\nTraceback (most recent call last):\n  File \"/opt/django__django/tests/lookup/tests.py\", line 76, in test_iregex_lookup\n    lookup = IRegex(self.lhs, r'\\d+')\nNameError: name 'IRegex' is not defined\n\n======================================================================\nERROR: test_isnull_lookup (lookup.tests.LookupTests)\n----------------------------------------------------------------------\nTraceback (most recent call last):\n  File \"/opt/django__django/tests/lookup/tests.py\", line 66, in test_isnull_lookup\n    lookup = IsNull(self.lhs, True)\nNameError: name 'IsNull' is not defined\n\n======================================================================\nERROR: test_less_than_lookup (lookup.tests.LookupTests)\n----------------------------------------------------------------------\nTraceback (most recent call last):\n  File \"/opt/django__django/tests/lookup/tests.py\", line 33, in test_less_than_lookup\n    lookup = LessThan(self.lhs, self.rhs)\nNameError: name 'LessThan' is not defined\n\n======================================================================\nERROR: test_less_than_or_equal_lookup (lookup.tests.LookupTests)\n----------------------------------------------------------------------\nTraceback (most recent call last):\n  File \"/opt/django__django/tests/lookup/tests.py\", line 37, in test_less_than_or_equal_lookup\n    lookup = LessThanOrEqual(self.lhs, self.rhs)\nNameError: name 'LessThanOrEqual' is not defined\n\n======================================================================\nERROR: test_process_rhs_with_invalid_query (lookup.tests.LookupTests)\n----------------------------------------------------------------------\nTraceback (most recent call last):\n  File \"/opt/django__django/tests/lookup/tests.py\", line 129, in test_process_rhs_with_invalid_query\n    query = Query()\nTypeError: __init__() missing 1 required positional argument: 'model'\n\n======================================================================\nERROR: test_process_rhs_with_query (lookup.tests.LookupTests)\n----------------------------------------------------------------------\nTraceback (most recent call last):\n  File \"/opt/django__django/tests/lookup/tests.py\", line 116, in test_process_rhs_with_query\n    query = Query()\nTypeError: __init__() missing 1 required positional argument: 'model'\n\n======================================================================\nERROR: test_process_rhs_with_valid_query (lookup.tests.LookupTests)\n----------------------------------------------------------------------\nTraceback (most recent call last):\n  File \"/opt/django__django/tests/lookup/tests.py\", line 122, in test_process_rhs_with_valid_query\n    query = Query()\nTypeError: __init__() missing 1 required positional argument: 'model'\n\n======================================================================\nERROR: test_regex_lookup (lookup.tests.LookupTests)\n----------------------------------------------------------------------\nTraceback (most recent call last):\n  File \"/opt/django__django/tests/lookup/tests.py\", line 71, in test_regex_lookup\n    lookup = Regex(self.lhs, r'\\d+')\nNameError: name 'Regex' is not defined\n\n======================================================================\nERROR: test_startswith_lookup (lookup.tests.LookupTests)\n----------------------------------------------------------------------\nTraceback (most recent call last):\n  File \"/opt/django__django/tests/lookup/tests.py\", line 56, in test_startswith_lookup\n    lookup = StartsWith(self.lhs, 'test')\nNameError: name 'StartsWith' is not defined\n\n======================================================================\nERROR: test_year_exact_lookup (lookup.tests.LookupTests)\n----------------------------------------------------------------------\nTraceback (most recent call last):\n  File \"/opt/django__django/tests/lookup/tests.py\", line 81, in test_year_exact_lookup\n    lookup = YearExact(self.lhs, 2021)\nNameError: name 'YearExact' is not defined\n\n======================================================================\nERROR: test_year_gt_lookup (lookup.tests.LookupTests)\n----------------------------------------------------------------------\nTraceback (most recent call last):\n  File \"/opt/django__django/tests/lookup/tests.py\", line 86, in test_year_gt_lookup\n    lookup = YearGt(self.lhs, 2021)\nNameError: name 'YearGt' is not defined\n\n======================================================================\nERROR: test_year_gte_lookup (lookup.tests.LookupTests)\n----------------------------------------------------------------------\nTraceback (most recent call last):\n  File \"/opt/django__django/tests/lookup/tests.py\", line 91, in test_year_gte_lookup\n    lookup = YearGte(self.lhs, 2021)\nNameError: name 'YearGte' is not defined\n\n======================================================================\nERROR: test_year_lt_lookup (lookup.tests.LookupTests)\n----------------------------------------------------------------------\nTraceback (most recent call last):\n  File \"/opt/django__django/tests/lookup/tests.py\", line 96, in test_year_lt_lookup\n    lookup = YearLt(self.lhs, 2021)\nNameError: name 'YearLt' is not defined\n\n======================================================================\nERROR: test_year_lte_lookup (lookup.tests.LookupTests)\n----------------------------------------------------------------------\nTraceback (most recent call last):\n  File \"/opt/django__django/tests/lookup/tests.py\", line 101, in test_year_lte_lookup\n    lookup = YearLte(self.lhs, 2021)\nNameError: name 'YearLte' is not defined\n\n----------------------------------------------------------------------\nRan 26 tests in 0.003s\n\nFAILED (errors=26)\nTesting against Django installed in '/opt/django__django/django' with up to 10 processes\nImporting application lookup\nSkipping setup of unused database(s): default, other.\nSystem check identified no issues (0 silenced). \n[django__django__3.1] [django__django-11797] \n>>>>> Some Tests Failed\n \n[django__django__3.1] [django__django-11797] Test script run successful \n[django__django__3.1] [django__django-11797] Removing coverage \n[django__django__3.1] [django__django-11797] >>>>> Unfiltered Tests Failed \n",
  "success": false,
  "task_id": "django__django-11797-30",
  "test_error": "NameError"
}