{
  "code_file": "django/views/static.py",
  "coverage": 90.47619047619048,
  "coverageDetails": {},
  "executionTime": 0.0,
  "exitCode": -1,
  "instance_id": "django__django-15498",
  "log_path": "/Users/deepaksaipendyala/Documents/Fall25/GAI4SE/Project.nosync/CSC591-GenerativeAIforSE_TestgenEval-runner-rewrite/src/runner/results/8190c133-4c62-44c9-8bad-003c36afdb07/django__django/4.1/logs/django__django-15498-90.custom-runner.full.eval.log",
  "mutation_num": 69.0,
  "mutation_score": 66.67,
  "mutation_uncertainty": 0.0,
  "repoPath": "/dev/null",
  "status": "success",
  "stderr": "",
  "stdout": "[django__django__4.1] [django__django-15498] Task Metadata:\n\t- Instance ID: django__django-15498\n\t- Testbed: django__django__4.1\n\t- Evaluation Model: custom-runner\n\t- Python version: Python 3.9.19\n \n[django__django__4.1] [django__django-15498] Command: git config --global --add safe.directory /opt/django__django \n[django__django__4.1] [django__django-15498] Subprocess args: {\"cwd\": \"/opt/django__django\", \"check\": true, \"shell\": false, \"universal_newlines\": true, \"stdout\": -1, \"stderr\": -2} \n[django__django__4.1] [django__django-15498] Std. Output:\n \n[django__django__4.1] [django__django-15498] Return Code: 0 \n[django__django__4.1] [django__django-15498] Command: git -c advice.detachedHead=false checkout d90e34c61b27fba2527834806639eebbcfab9631 \n[django__django__4.1] [django__django-15498] Subprocess args: {\"cwd\": \"/opt/django__django\", \"check\": true, \"shell\": false, \"universal_newlines\": true, \"stdout\": -1, \"stderr\": -2} \n[django__django__4.1] [django__django-15498] Std. Output:\nPrevious HEAD position was 647480166b Refs #33685 -- Doc'd that using PostgreSQL's service names for testing purposes is not supported.\nHEAD is now at d90e34c61b Fixed #33561 -- Allowed synchronization of user attributes in RemoteUserBackend.\n \n[django__django__4.1] [django__django-15498] Return Code: 0 \n[django__django__4.1] [django__django-15498] Command: git diff > /opt/temp_django__django-15498_gold_init.patch \n[django__django__4.1] [django__django-15498] Subprocess args: {\"cwd\": \"/opt/django__django\", \"check\": true, \"shell\": true, \"universal_newlines\": true, \"stdout\": -1, \"stderr\": -2} \n[django__django__4.1] [django__django-15498] Std. Output:\n \n[django__django__4.1] [django__django-15498] Return Code: 0 \n[django__django__4.1] [django__django-15498] Command: git apply -v /opt/temp_django__django-15498_gold.patch \n[django__django__4.1] [django__django-15498] Subprocess args: {\"cwd\": \"/opt/django__django\", \"check\": false, \"shell\": false, \"universal_newlines\": true, \"stdout\": -1, \"stderr\": -2} \n[django__django__4.1] [django__django-15498] Std. Output:\nChecking patch django/views/static.py...\nApplied patch django/views/static.py cleanly.\n \n[django__django__4.1] [django__django-15498] Return Code: 0 \n[django__django__4.1] [django__django-15498] Apply patch successful (gold) \n>>>>> Applied Patch (gold)\n[django__django__4.1] [django__django-15498] Command: git diff > /opt/temp_django__django-15498_test_init.patch \n[django__django__4.1] [django__django-15498] Subprocess args: {\"cwd\": \"/opt/django__django\", \"check\": true, \"shell\": true, \"universal_newlines\": true, \"stdout\": -1, \"stderr\": -2} \n[django__django__4.1] [django__django-15498] Std. Output:\n \n[django__django__4.1] [django__django-15498] Return Code: 0 \n[django__django__4.1] [django__django-15498] Command: git restore tests/view_tests/tests/test_static.py \n[django__django__4.1] [django__django-15498] Subprocess args: {\"cwd\": \"/opt/django__django\", \"check\": true, \"shell\": false, \"universal_newlines\": true, \"stdout\": -1, \"stderr\": -2} \n[django__django__4.1] [django__django-15498] Std. Output:\n \n[django__django__4.1] [django__django-15498] Return Code: 0 \n[django__django__4.1] [django__django-15498] Command: git apply -v /opt/temp_django__django-15498_test.patch \n[django__django__4.1] [django__django-15498] Subprocess args: {\"cwd\": \"/opt/django__django\", \"check\": false, \"shell\": false, \"universal_newlines\": true, \"stdout\": -1, \"stderr\": -2} \n[django__django__4.1] [django__django-15498] Std. Output:\nChecking patch tests/view_tests/tests/test_static.py...\nApplied patch tests/view_tests/tests/test_static.py cleanly.\n \n[django__django__4.1] [django__django-15498] Return Code: 0 \n[django__django__4.1] [django__django-15498] Apply patch successful (test) \n>>>>> Applied Patch (test)\n[django__django__4.1] [django__django-15498] Command: coverage run ./tests/runtests.py --verbosity 2 view_tests.tests.test_static \n[django__django__4.1] [django__django-15498] Subprocess args: {\"cwd\": \"/opt/django__django\", \"check\": false, \"shell\": false, \"universal_newlines\": true, \"stdout\": -1, \"stderr\": -2, \"timeout\": 300} \n[django__django__4.1] [django__django-15498] Std. Output:\ntest_serve_valid_file (view_tests.tests.test_static.StaticFileServeTests) ... ERROR\n\n======================================================================\nERROR: test_serve_valid_file (view_tests.tests.test_static.StaticFileServeTests)\n----------------------------------------------------------------------\nTraceback (most recent call last):\n  File \"/opt/django__django/tests/view_tests/tests/test_static.py\", line 28, in test_serve_valid_file\n    response = serve(request, \"test_file.txt\", document_root=self.document_root)\n  File \"/opt/django__django/django/views/static.py\", line 44, in serve\n    if not was_modified_since(\n  File \"/opt/django__django/django/views/static.py\", line 131, in was_modified_since\n    matches = re.match(r\"^([^;]+)(; length=([0-9]+))?$\", header, re.IGNORECASE)\n  File \"/opt/pyenv/versions/3.9.19/lib/python3.9/re.py\", line 191, in match\n    return _compile(pattern, flags).match(string)\nTypeError: expected string or bytes-like object\n\n----------------------------------------------------------------------\nRan 1 test in 0.002s\n\nFAILED (errors=1)\nTesting against Django installed in '/opt/django__django/django' with up to 10 processes\nImporting application view_tests\nFound 1 test(s).\nSkipping setup of unused database(s): default, other.\nSystem check identified no issues (0 silenced).\n \n[django__django__4.1] [django__django-15498] Return Code: 1 \n[django__django__4.1] [django__django-15498] TestsTime: 1.5012688636779785 \n[django__django__4.1] [django__django-15498] Test script run successful \n[django__django__4.1] [django__django-15498] Removing coverage \n[django__django__4.1] [django__django-15498] Command: coverage run ./tests/runtests.py --verbosity 2 view_tests.tests.test_static \n[django__django__4.1] [django__django-15498] Subprocess args: {\"cwd\": \"/opt/django__django\", \"check\": false, \"shell\": false, \"universal_newlines\": true, \"stdout\": -1, \"stderr\": -2, \"timeout\": 300} \n[django__django__4.1] [django__django-15498] Std. Output:\ntest_serve_missing_file (view_tests.tests.test_static.StaticFileServeTests) ... ok\n\n----------------------------------------------------------------------\nRan 1 test in 0.001s\n\nOK\nTesting against Django installed in '/opt/django__django/django' with up to 10 processes\nImporting application view_tests\nFound 1 test(s).\nSkipping setup of unused database(s): default, other.\nSystem check identified no issues (0 silenced).\n \n[django__django__4.1] [django__django-15498] Return Code: 0 \n[django__django__4.1] [django__django-15498] TestsTime: 1.0048904418945312 \n[django__django__4.1] [django__django-15498] Test script run successful \n[django__django__4.1] [django__django-15498] Removing coverage \n[django__django__4.1] [django__django-15498] Command: coverage run ./tests/runtests.py --verbosity 2 view_tests.tests.test_static \n[django__django__4.1] [django__django-15498] Subprocess args: {\"cwd\": \"/opt/django__django\", \"check\": false, \"shell\": false, \"universal_newlines\": true, \"stdout\": -1, \"stderr\": -2, \"timeout\": 300} \n[django__django__4.1] [django__django-15498] Std. Output:\ntest_serve_directory_with_show_indexes (view_tests.tests.test_static.StaticFileServeTests) ... ok\n\n----------------------------------------------------------------------\nRan 1 test in 0.008s\n\nOK\nTesting against Django installed in '/opt/django__django/django' with up to 10 processes\nImporting application view_tests\nFound 1 test(s).\nSkipping setup of unused database(s): default, other.\nSystem check identified no issues (0 silenced).\n \n[django__django__4.1] [django__django-15498] Return Code: 0 \n[django__django__4.1] [django__django-15498] TestsTime: 1.0035836696624756 \n[django__django__4.1] [django__django-15498] Test script run successful \n[django__django__4.1] [django__django-15498] Removing coverage \n[django__django__4.1] [django__django-15498] Command: coverage run ./tests/runtests.py --verbosity 2 view_tests.tests.test_static \n[django__django__4.1] [django__django-15498] Subprocess args: {\"cwd\": \"/opt/django__django\", \"check\": false, \"shell\": false, \"universal_newlines\": true, \"stdout\": -1, \"stderr\": -2, \"timeout\": 300} \n[django__django__4.1] [django__django-15498] Std. Output:\ntest_serve_directory_without_show_indexes (view_tests.tests.test_static.StaticFileServeTests) ... ok\n\n----------------------------------------------------------------------\nRan 1 test in 0.001s\n\nOK\nTesting against Django installed in '/opt/django__django/django' with up to 10 processes\nImporting application view_tests\nFound 1 test(s).\nSkipping setup of unused database(s): default, other.\nSystem check identified no issues (0 silenced).\n \n[django__django__4.1] [django__django-15498] Return Code: 0 \n[django__django__4.1] [django__django-15498] TestsTime: 0.9906058311462402 \n[django__django__4.1] [django__django-15498] Test script run successful \n[django__django__4.1] [django__django-15498] Removing coverage \n[django__django__4.1] [django__django-15498] Command: coverage run ./tests/runtests.py --verbosity 2 view_tests.tests.test_static \n[django__django__4.1] [django__django-15498] Subprocess args: {\"cwd\": \"/opt/django__django\", \"check\": false, \"shell\": false, \"universal_newlines\": true, \"stdout\": -1, \"stderr\": -2, \"timeout\": 300} \n[django__django__4.1] [django__django-15498] Std. Output:\ntest_serve_if_modified_since (view_tests.tests.test_static.StaticFileServeTests) ... ok\n\n----------------------------------------------------------------------\nRan 1 test in 0.007s\n\nOK\nTesting against Django installed in '/opt/django__django/django' with up to 10 processes\nImporting application view_tests\nFound 1 test(s).\nSkipping setup of unused database(s): default, other.\nSystem check identified no issues (0 silenced).\nException ignored in: <_io.FileIO name='/tmp/django_w711hf95/tmpwy4qwugb/test_file.txt' mode='rb' closefd=True>\nResourceWarning: unclosed file <_io.FileIO name='/tmp/django_w711hf95/tmpwy4qwugb/test_file.txt' mode='rb' closefd=True>\nException ignored in: <_io.FileIO name='/tmp/django_w711hf95/tmpwy4qwugb/test_file.txt' mode='rb' closefd=True>\nResourceWarning: unclosed file <_io.FileIO name='/tmp/django_w711hf95/tmpwy4qwugb/test_file.txt' mode='rb' closefd=True>\n \n[django__django__4.1] [django__django-15498] Return Code: 0 \n[django__django__4.1] [django__django-15498] TestsTime: 1.036863088607788 \n[django__django__4.1] [django__django-15498] Test script run successful \n[django__django__4.1] [django__django-15498] Removing coverage \n[django__django__4.1] [django__django-15498] Command: coverage run ./tests/runtests.py --verbosity 2 view_tests.tests.test_static \n[django__django__4.1] [django__django-15498] Subprocess args: {\"cwd\": \"/opt/django__django\", \"check\": false, \"shell\": false, \"universal_newlines\": true, \"stdout\": -1, \"stderr\": -2, \"timeout\": 300} \n[django__django__4.1] [django__django-15498] Std. Output:\ntest_directory_index (view_tests.tests.test_static.StaticFileServeTests) ... ok\n\n----------------------------------------------------------------------\nRan 1 test in 0.005s\n\nOK\nTesting against Django installed in '/opt/django__django/django' with up to 10 processes\nImporting application view_tests\nFound 1 test(s).\nSkipping setup of unused database(s): default, other.\nSystem check identified no issues (0 silenced).\n \n[django__django__4.1] [django__django-15498] Return Code: 0 \n[django__django__4.1] [django__django-15498] TestsTime: 1.0146663188934326 \n[django__django__4.1] [django__django-15498] Test script run successful \n[django__django__4.1] [django__django-15498] Removing coverage \n[django__django__4.1] [django__django-15498] Command: coverage run ./tests/runtests.py --verbosity 2 view_tests.tests.test_static \n[django__django__4.1] [django__django-15498] Subprocess args: {\"cwd\": \"/opt/django__django\", \"check\": false, \"shell\": false, \"universal_newlines\": true, \"stdout\": -1, \"stderr\": -2, \"timeout\": 300} \n[django__django__4.1] [django__django-15498] Std. Output:\ntest_was_modified_since_true (view_tests.tests.test_static.StaticFileServeTests) ... ok\n\n----------------------------------------------------------------------\nRan 1 test in 0.001s\n\nOK\nTesting against Django installed in '/opt/django__django/django' with up to 10 processes\nImporting application view_tests\nFound 1 test(s).\nSkipping setup of unused database(s): default, other.\nSystem check identified no issues (0 silenced).\n \n[django__django__4.1] [django__django-15498] Return Code: 0 \n[django__django__4.1] [django__django-15498] TestsTime: 1.0235702991485596 \n[django__django__4.1] [django__django-15498] Test script run successful \n[django__django__4.1] [django__django-15498] Removing coverage \n[django__django__4.1] [django__django-15498] Command: coverage run ./tests/runtests.py --verbosity 2 view_tests.tests.test_static \n[django__django__4.1] [django__django-15498] Subprocess args: {\"cwd\": \"/opt/django__django\", \"check\": false, \"shell\": false, \"universal_newlines\": true, \"stdout\": -1, \"stderr\": -2, \"timeout\": 300} \n[django__django__4.1] [django__django-15498] Std. Output:\ntest_was_modified_since_invalid_header (view_tests.tests.test_static.StaticFileServeTests) ... ok\n\n----------------------------------------------------------------------\nRan 1 test in 0.002s\n\nOK\nTesting against Django installed in '/opt/django__django/django' with up to 10 processes\nImporting application view_tests\nFound 1 test(s).\nSkipping setup of unused database(s): default, other.\nSystem check identified no issues (0 silenced).\n \n[django__django__4.1] [django__django-15498] Return Code: 0 \n[django__django__4.1] [django__django-15498] TestsTime: 1.0249569416046143 \n[django__django__4.1] [django__django-15498] Test script run successful \n[django__django__4.1] [django__django-15498] Removing coverage \n[django__django__4.1] [django__django-15498] Command: coverage run ./tests/runtests.py --verbosity 2 view_tests.tests.test_static \n[django__django__4.1] [django__django-15498] Subprocess args: {\"cwd\": \"/opt/django__django\", \"check\": false, \"shell\": false, \"universal_newlines\": true, \"stdout\": -1, \"stderr\": -2, \"timeout\": 300} \n[django__django__4.1] [django__django-15498] Std. Output:\ntest_was_modified_since_valid (view_tests.tests.test_static.StaticFileServeTests) ... FAIL\n\n======================================================================\nFAIL: test_was_modified_since_valid (view_tests.tests.test_static.StaticFileServeTests)\n----------------------------------------------------------------------\nTraceback (most recent call last):\n  File \"/opt/django__django/tests/view_tests/tests/test_static.py\", line 29, in test_was_modified_since_valid\n    self.assertFalse(was_modified_since(header, mtime, self.file_path.stat().st_size))\nAssertionError: True is not false\n\n----------------------------------------------------------------------\nRan 1 test in 0.002s\n\nFAILED (failures=1)\nTesting against Django installed in '/opt/django__django/django' with up to 10 processes\nImporting application view_tests\nFound 1 test(s).\nSkipping setup of unused database(s): default, other.\nSystem check identified no issues (0 silenced).\n \n[django__django__4.1] [django__django-15498] Return Code: 1 \n[django__django__4.1] [django__django-15498] TestsTime: 1.005152940750122 \n[django__django__4.1] [django__django-15498] Test script run successful \n[django__django__4.1] [django__django-15498] Removing coverage \n[django__django__4.1] [django__django-15498] Command: coverage run ./tests/runtests.py --verbosity 2 view_tests.tests.test_static \n[django__django__4.1] [django__django-15498] Subprocess args: {\"cwd\": \"/opt/django__django\", \"check\": false, \"shell\": false, \"universal_newlines\": true, \"stdout\": -1, \"stderr\": -2, \"timeout\": 300} \n[django__django__4.1] [django__django-15498] Std. Output:\ntest_was_modified_since_size_mismatch (view_tests.tests.test_static.StaticFileServeTests) ... ok\n\n----------------------------------------------------------------------\nRan 1 test in 0.002s\n\nOK\nTesting against Django installed in '/opt/django__django/django' with up to 10 processes\nImporting application view_tests\nFound 1 test(s).\nSkipping setup of unused database(s): default, other.\nSystem check identified no issues (0 silenced).\n \n[django__django__4.1] [django__django-15498] Return Code: 0 \n[django__django__4.1] [django__django-15498] TestsTime: 1.0585598945617676 \n[django__django__4.1] [django__django-15498] Test script run successful \n[django__django__4.1] [django__django-15498] Removing coverage \n[django__django__4.1] [django__django-15498] >>>>> Tests configfull pred\n \n[django__django__4.1] [django__django-15498] Test Script:  coverage run ./tests/runtests.py --verbosity 2 view_tests.tests.test_static;\n \n[django__django__4.1] [django__django-15498] Command: coverage run ./tests/runtests.py --verbosity 2 view_tests.tests.test_static \n[django__django__4.1] [django__django-15498] Subprocess args: {\"cwd\": \"/opt/django__django\", \"check\": false, \"shell\": false, \"universal_newlines\": true, \"stdout\": -1, \"stderr\": -2, \"timeout\": 300} \n[django__django__4.1] [django__django-15498] Std. Output:\ntest_directory_index (view_tests.tests.test_static.StaticFileServeTests) ... ok\ntest_serve_directory_with_show_indexes (view_tests.tests.test_static.StaticFileServeTests) ... ok\ntest_serve_directory_without_show_indexes (view_tests.tests.test_static.StaticFileServeTests) ... ok\ntest_serve_if_modified_since (view_tests.tests.test_static.StaticFileServeTests) ... ok\ntest_serve_missing_file (view_tests.tests.test_static.StaticFileServeTests) ... ok\ntest_was_modified_since_invalid_header (view_tests.tests.test_static.StaticFileServeTests) ... ok\ntest_was_modified_since_size_mismatch (view_tests.tests.test_static.StaticFileServeTests) ... ok\ntest_was_modified_since_true (view_tests.tests.test_static.StaticFileServeTests) ... ok\n\n----------------------------------------------------------------------\nRan 8 tests in 0.015s\n\nOK\nTesting against Django installed in '/opt/django__django/django' with up to 10 processes\nImporting application view_tests\nFound 8 test(s).\nSkipping setup of unused database(s): default, other.\nSystem check identified no issues (0 silenced).\nException ignored in: <_io.FileIO name='/tmp/django_h3ztfijm/tmpdt6eamrj/test_file.txt' mode='rb' closefd=True>\nResourceWarning: unclosed file <_io.FileIO name='/tmp/django_h3ztfijm/tmpdt6eamrj/test_file.txt' mode='rb' closefd=True>\nException ignored in: <_io.FileIO name='/tmp/django_h3ztfijm/tmpdt6eamrj/test_file.txt' mode='rb' closefd=True>\nResourceWarning: unclosed file <_io.FileIO name='/tmp/django_h3ztfijm/tmpdt6eamrj/test_file.txt' mode='rb' closefd=True>\n \n[django__django__4.1] [django__django-15498] Return Code: 0 \n[django__django__4.1] [django__django-15498] TestsTime: 1.013024091720581 \n[django__django__4.1] [django__django-15498] \n>>>>> All Tests Passed\n \n[django__django__4.1] [django__django-15498] Current Working Directory: /opt/django__django \n[django__django__4.1] [django__django-15498] Command: coverage json -o coverage.json \n[django__django__4.1] [django__django-15498] Subprocess args: {\"cwd\": \"/opt/django__django\", \"check\": false, \"shell\": false, \"universal_newlines\": true, \"stdout\": -1, \"stderr\": -2} \n[django__django__4.1] [django__django-15498] Std. Output:\nWrote JSON report to coverage.json\n \n[django__django__4.1] [django__django-15498] Return Code: 0 \n[django__django__4.1] [django__django-15498] \nCoverageLOG: 90.47619047619048%\n \n[django__django__4.1] [django__django-15498] Running mutation testing \n[django__django__4.1] [django__django-15498] Command: cosmic-ray init mutation.toml mutation.sqlite \n[django__django__4.1] [django__django-15498] Subprocess args: {\"cwd\": \"/opt/django__django\", \"check\": false, \"shell\": false, \"universal_newlines\": true, \"stdout\": -1, \"stderr\": -2, \"timeout\": 300} \n[django__django__4.1] [django__django-15498] Std. Output:\n \n[django__django__4.1] [django__django-15498] Return Code: 0 \n[django__django__4.1] [django__django-15498] Command: cosmic-ray exec mutation.toml mutation.sqlite \n[django__django__4.1] [django__django-15498] Subprocess args: {\"cwd\": \"/opt/django__django\", \"check\": false, \"shell\": false, \"universal_newlines\": true, \"stdout\": -1, \"stderr\": -2, \"timeout\": 3600} \n[django__django__4.1] [django__django-15498] Std. Output:\n \n[django__django__4.1] [django__django-15498] Return Code: 0 \n[django__django__4.1] [django__django-15498] Command: cr-rate mutation.sqlite --estimate --confidence 95.0 \n[django__django__4.1] [django__django-15498] Subprocess args: {\"cwd\": \"/opt/django__django\", \"check\": false, \"shell\": false, \"universal_newlines\": true, \"stdout\": -1, \"stderr\": -2} \n[django__django__4.1] [django__django-15498] Std. Output:\n33.33 33.33 33.33\n \n[django__django__4.1] [django__django-15498] Return Code: 0 \n[django__django__4.1] [django__django-15498] Command: cr-report mutation.sqlite \n[django__django__4.1] [django__django-15498] Subprocess args: {\"cwd\": \"/opt/django__django\", \"check\": false, \"shell\": false, \"universal_newlines\": true, \"stdout\": -1, \"stderr\": -2} \n[django__django__4.1] [django__django-15498] Std. Output:\n[job-id] 3954f162b9ce45fa95582f0034c502d2\ndjango/views/static.py core/ReplaceBinaryOperator_Add_Sub 0\nworker outcome: normal, test outcome: killed\n[job-id] 6392229434bb48518b81d1b1ffb2625a\ndjango/views/static.py core/ReplaceBinaryOperator_Add_Mul 0\nworker outcome: normal, test outcome: killed\n[job-id] 8b7fab117eec4700b0cd585dfc1b3a1b\ndjango/views/static.py core/ReplaceBinaryOperator_Add_Div 0\nworker outcome: normal, test outcome: killed\n[job-id] 50b0133d340444ab9149f42406062319\ndjango/views/static.py core/ReplaceBinaryOperator_Add_FloorDiv 0\nworker outcome: normal, test outcome: killed\n[job-id] 99456ef9967c471482b2094cf6f5afed\ndjango/views/static.py core/ReplaceBinaryOperator_Add_Mod 0\nworker outcome: normal, test outcome: killed\n[job-id] c564c1c087a04c7abd49f6a6ceecced1\ndjango/views/static.py core/ReplaceBinaryOperator_Add_Pow 0\nworker outcome: normal, test outcome: killed\n[job-id] 3bdd22287b5d45e3a13e5e493f9d1493\ndjango/views/static.py core/ReplaceBinaryOperator_Add_RShift 0\nworker outcome: normal, test outcome: killed\n[job-id] d6afaf07f215413d84c5fc6f3f9acdf2\ndjango/views/static.py core/ReplaceBinaryOperator_Add_LShift 0\nworker outcome: normal, test outcome: killed\n[job-id] 1e650afe914c48a595363157a8c8b072\ndjango/views/static.py core/ReplaceBinaryOperator_Add_BitOr 0\nworker outcome: normal, test outcome: killed\n[job-id] 8bda1bc9c5ef46f7bac7369eb291ac5a\ndjango/views/static.py core/ReplaceBinaryOperator_Add_BitAnd 0\nworker outcome: normal, test outcome: killed\n[job-id] 724d01e27a344765b63afd7dd3a56625\ndjango/views/static.py core/ReplaceBinaryOperator_Add_BitXor 0\nworker outcome: normal, test outcome: killed\n[job-id] aa9cfaa511e949b9ae53c2ed738ce401\ndjango/views/static.py core/ReplaceBinaryOperator_Mod_Add 0\nworker outcome: normal, test outcome: killed\n[job-id] 216f8c07773b4330b166f3c225b62b14\ndjango/views/static.py core/ReplaceBinaryOperator_Mod_Sub 0\nworker outcome: normal, test outcome: killed\n[job-id] 55fab2936f8944969153aa19a2dd8805\ndjango/views/static.py core/ReplaceBinaryOperator_Mod_Mul 0\nworker outcome: normal, test outcome: killed\n[job-id] ac89e6c9d7d14d2bb6123cccf9ce4b20\ndjango/views/static.py core/ReplaceBinaryOperator_Mod_Div 0\nworker outcome: normal, test outcome: killed\n[job-id] 7fe00cdac08146599b19366d39ca2b9a\ndjango/views/static.py core/ReplaceBinaryOperator_Mod_FloorDiv 0\nworker outcome: normal, test outcome: killed\n[job-id] a4b8e210f92745fc93c0ef4f74e2c8db\ndjango/views/static.py core/ReplaceBinaryOperator_Mod_Pow 0\nworker outcome: normal, test outcome: killed\n[job-id] 7226e9f235e444959b7c44e0050db051\ndjango/views/static.py core/ReplaceBinaryOperator_Mod_RShift 0\nworker outcome: normal, test outcome: killed\n[job-id] dc1587c22fb8429bad9a4a5cfde0c40b\ndjango/views/static.py core/ReplaceBinaryOperator_Mod_LShift 0\nworker outcome: normal, test outcome: killed\n[job-id] bdf93671bcac491198cf3bca1a419f2b\ndjango/views/static.py core/ReplaceBinaryOperator_Mod_BitOr 0\nworker outcome: normal, test outcome: killed\n[job-id] 7108cc9b448741b8868a63f8dfb077f4\ndjango/views/static.py core/ReplaceBinaryOperator_Mod_BitAnd 0\nworker outcome: normal, test outcome: killed\n[job-id] 6de1565ab4e446da9a53438a53da7ad1\ndjango/views/static.py core/ReplaceBinaryOperator_Mod_BitXor 0\nworker outcome: normal, test outcome: killed\n[job-id] 8e17869d6a38428497ff23ae6e5a0b80\ndjango/views/static.py core/ReplaceComparisonOperator_NotEq_Eq 0\nworker outcome: normal, test outcome: survived\n[job-id] 458ec1f9180b4e4aacd8afeced3e097e\ndjango/views/static.py core/ReplaceComparisonOperator_NotEq_Lt 0\nworker outcome: normal, test outcome: survived\n[job-id] 9808c78bd210484392640cde3bad36da\ndjango/views/static.py core/ReplaceComparisonOperator_NotEq_LtE 0\nworker outcome: normal, test outcome: survived\n[job-id] b1ac473386884fe29c7d0ae216c5f2e5\ndjango/views/static.py core/ReplaceComparisonOperator_NotEq_Gt 0\nworker outcome: normal, test outcome: survived\n[job-id] 307859ec89a74c8b89d4195b9f8bd3c7\ndjango/views/static.py core/ReplaceComparisonOperator_NotEq_GtE 0\nworker outcome: normal, test outcome: survived\n[job-id] c45d51588d8a40b395aa8b2bf324ab33\ndjango/views/static.py core/ReplaceComparisonOperator_NotEq_Is 0\nworker outcome: normal, test outcome: survived\n[job-id] d7147a2b72224f8a8eff28be3b09732b\ndjango/views/static.py core/ReplaceComparisonOperator_NotEq_IsNot 0\nworker outcome: normal, test outcome: survived\n[job-id] 9477561f91784d31a5b4e62203e41185\ndjango/views/static.py core/ReplaceComparisonOperator_Gt_Eq 0\nworker outcome: normal, test outcome: killed\n[job-id] 1b9e5887a3864a12a8f67b8b1602d2c3\ndjango/views/static.py core/ReplaceComparisonOperator_Gt_NotEq 0\nworker outcome: normal, test outcome: survived\n[job-id] a755878cbc6244738941c192ffd7543e\ndjango/views/static.py core/ReplaceComparisonOperator_Gt_Lt 0\nworker outcome: normal, test outcome: killed\n[job-id] d6d8c94198bd412f95597915a50a3b03\ndjango/views/static.py core/ReplaceComparisonOperator_Gt_LtE 0\nworker outcome: normal, test outcome: killed\n[job-id] 0604ce1eea9d4a5882cd52a8dc04f298\ndjango/views/static.py core/ReplaceComparisonOperator_Gt_GtE 0\nworker outcome: normal, test outcome: survived\n[job-id] 24844865141e41c1b5cf793288d7f2b3\ndjango/views/static.py core/ReplaceComparisonOperator_Gt_Is 0\nworker outcome: normal, test outcome: killed\n[job-id] ab9c647da07547c7bd36d19769118abb\ndjango/views/static.py core/ReplaceComparisonOperator_Gt_IsNot 0\nworker outcome: normal, test outcome: survived\n[job-id] 0cce947b000b466989c15c36813e9c20\ndjango/views/static.py core/ReplaceComparisonOperator_Is_IsNot 0\nworker outcome: normal, test outcome: killed\n[job-id] 78815db36e33475d98e2e59a15c1bda8\ndjango/views/static.py core/ReplaceComparisonOperator_Is_IsNot 1\nworker outcome: normal, test outcome: survived\n[job-id] 3ee59a64e57b4eada28356c0fb2b1c27\ndjango/views/static.py core/ReplaceUnaryOperator_Delete_Not 0\nworker outcome: normal, test outcome: killed\n[job-id] dab52f4c63004e8aa23f263ea0c4f1fc\ndjango/views/static.py core/ReplaceUnaryOperator_Delete_Not 1\nworker outcome: normal, test outcome: killed\n[job-id] 3adcf4b5d2f34f0abe27aeac78b3193d\ndjango/views/static.py core/ReplaceUnaryOperator_Delete_Not 2\nworker outcome: normal, test outcome: killed\n[job-id] e6e5cb5de62345eeafdff57e2e964f33\ndjango/views/static.py core/AddNot 0\nworker outcome: normal, test outcome: killed\n[job-id] 0ff778f6a04f44a8a4cc00c139e41b2e\ndjango/views/static.py core/AddNot 1\nworker outcome: normal, test outcome: killed\n[job-id] 7f64624e6593463b80c63682a1f0136d\ndjango/views/static.py core/AddNot 2\nworker outcome: normal, test outcome: killed\n[job-id] f0f9b6462c8e408f91afbdf1325c690f\ndjango/views/static.py core/AddNot 3\nworker outcome: normal, test outcome: killed\n[job-id] 13de3dfadb594811b50fb9d2bb26ac1e\ndjango/views/static.py core/AddNot 4\nworker outcome: normal, test outcome: survived\n[job-id] ec3d08a6149f43229613b100f2c055cc\ndjango/views/static.py core/AddNot 5\nworker outcome: normal, test outcome: killed\n[job-id] c9c6ffd07f2e4b4ab979e5410867dafe\ndjango/views/static.py core/AddNot 6\nworker outcome: normal, test outcome: survived\n[job-id] 5ecf6929cace4e419ac5087f1d613735\ndjango/views/static.py core/AddNot 7\nworker outcome: normal, test outcome: killed\n[job-id] 834bf62356224491a6ecb14c0c59e012\ndjango/views/static.py core/AddNot 8\nworker outcome: normal, test outcome: survived\n[job-id] eea494c446674e6298aa086ec68b98bf\ndjango/views/static.py core/AddNot 9\nworker outcome: normal, test outcome: killed\n[job-id] 97646e6731a641bc9d9813d0ff8c95ee\ndjango/views/static.py core/AddNot 10\nworker outcome: normal, test outcome: killed\n[job-id] 5b3db6d2fe5a48e1a3ceb7835b229dce\ndjango/views/static.py core/ReplaceTrueWithFalse 0\nworker outcome: normal, test outcome: killed\n[job-id] 50d7f74fe6a84ccc80365ab0e15e2758\ndjango/views/static.py core/ReplaceFalseWithTrue 0\nworker outcome: normal, test outcome: survived\n[job-id] a09302494cc14d5c8f444d4063417c89\ndjango/views/static.py core/ReplaceFalseWithTrue 1\nworker outcome: normal, test outcome: survived\n[job-id] 12d3e7e871ee43ed96e570540c8de1da\ndjango/views/static.py core/ReplaceAndWithOr 0\nworker outcome: normal, test outcome: killed\n[job-id] b0314b7ae7f54b06a64fd517d7142acb\ndjango/views/static.py core/ReplaceOrWithAnd 0\nworker outcome: normal, test outcome: survived\n[job-id] 0ca54f5a307642738d4e2aadb913898d\ndjango/views/static.py core/ExceptionReplacer 0\nworker outcome: normal, test outcome: killed\n[job-id] c96e805826684b4ca0d43db354ed7cae\ndjango/views/static.py core/ExceptionReplacer 1\nworker outcome: normal, test outcome: killed\n[job-id] 988eac7a3c7d48f58f7698aea755e817\ndjango/views/static.py core/ExceptionReplacer 2\nworker outcome: normal, test outcome: killed\n[job-id] bc8113ba872d4c338a92cf777d959929\ndjango/views/static.py core/NumberReplacer 0\nworker outcome: normal, test outcome: survived\n[job-id] 887b35ae5e524f058fc3e6a51e4e3d20\ndjango/views/static.py core/NumberReplacer 1\nworker outcome: normal, test outcome: survived\n[job-id] 5de2b343fa064f9fb083cc21aa8b711f\ndjango/views/static.py core/NumberReplacer 2\nworker outcome: normal, test outcome: survived\n[job-id] 52e3b937567e40c1a6a75c2a013c1afb\ndjango/views/static.py core/NumberReplacer 3\nworker outcome: normal, test outcome: survived\n[job-id] cc88cbcde0fc42519ed67186f0ac2902\ndjango/views/static.py core/NumberReplacer 4\nworker outcome: normal, test outcome: killed\n[job-id] f0fc9a10696b4a14a368bfc3cbad49b9\ndjango/views/static.py core/NumberReplacer 5\nworker outcome: normal, test outcome: survived\n[job-id] fb9a0e0e955f4de6962c19bfdb0e1193\ndjango/views/static.py core/NumberReplacer 6\nworker outcome: normal, test outcome: killed\n[job-id] 36168e39bd02434fbe5d583220b73ddd\ndjango/views/static.py core/NumberReplacer 7\nworker outcome: normal, test outcome: survived\n[job-id] 113127daa99342b091394fb791225e89\ndjango/views/static.py core/ZeroIterationForLoop 0\nworker outcome: normal, test outcome: killed\ntotal jobs: 69\ncomplete: 69 (100.00%)\nsurviving mutants: 23 (33.33%)\n \n[django__django__4.1] [django__django-15498] Return Code: 0 \n[django__django__4.1] [django__django-15498] \nMutationNum: 69 \n[django__django__4.1] [django__django-15498] \nMutationLOG: 66.67% \n[django__django__4.1] [django__django-15498] \nMutationUncertainty: 0.0 \n[django__django__4.1] [django__django-15498] Test script run successful \n[django__django__4.1] [django__django-15498] Removing coverage \n[django__django__4.1] [django__django-15498] >>>>> Unfiltered Tests Failed \n",
  "success": true,
  "task_id": "django__django-15498-90",
  "test_error": "Success"
}