{
  "syntax_ok": true,
  "syntax_error": null,
  "line_count": 101,
  "function_count": 14,
  "class_count": 1,
  "avg_function_length": 4.642857142857143,
  "max_function_length": 8,
  "todo_count": 0,
  "complexity": 2,
  "linters": {
    "pylint": {
      "available": true,
      "issue_count": 4,
      "exit_code": 2,
      "output": "************* Module attempt_2.test_src\nattempt_2.test_src.py:4:0: E0401: Unable to import 'django.test' (import-error)\nattempt_2.test_src.py:5:0: E0401: Unable to import 'django.http' (import-error)\nattempt_2.test_src.py:6:0: E0401: Unable to import 'django.views.debug' (import-error)\nattempt_2.test_src.py:59:8: E0401: Unable to import 'django.http' (import-error)\n"
    },
    "mypy": {
      "available": true,
      "issue_count": 29,
      "exit_code": 1,
      "output": "attempt_2.test_src.py:4: error: Cannot find implementation or library stub for module named \"django.test\"\nattempt_2.test_src.py:5: error: Cannot find implementation or library stub for module named \"django.http\"\nattempt_2.test_src.py:6: error: Cannot find implementation or library stub for module named \"django.views.debug\"\nattempt_2.test_src.py:6: note: See https://mypy.readthedocs.io/en/stable/running_mypy.html#missing-imports\nattempt_2.test_src.py:8: error: Class cannot subclass \"SimpleTestCase\" (has type \"Any\")\nattempt_2.test_src.py:10: error: Function is missing a return type annotation\nattempt_2.test_src.py:10: note: Use \"-> None\" if function does not return a value\nattempt_2.test_src.py:14: error: Function is missing a return type annotation\nattempt_2.test_src.py:14: note: Use \"-> None\" if function does not return a value\nattempt_2.test_src.py:17: error: Function is missing a return type annotation\nattempt_2.test_src.py:17: note: Use \"-> None\" if function does not return a value\nattempt_2.test_src.py:20: error: Call to untyped function \"create_mock_request\" in typed context\nattempt_2.test_src.py:26: error: Function is missing a return type annotation\nattempt_2.test_src.py:26: note: Use \"-> None\" if function does not return a value\nattempt_2.test_src.py:27: error: Call to untyped function \"create_mock_request\" in typed context\nattempt_2.test_src.py:33: error: Function is missing a return type annotation\nattempt_2.test_src.py:33: note: Use \"-> None\" if function does not return a value\nattempt_2.test_src.py:36: error: Call to untyped function \"create_mock_request\" in typed context\nattempt_2.test_src.py:42: error: Function is missing a return type annotation\nattempt_2.test_src.py:42: note: Use \"-> None\" if function does not return a value\nattempt_2.test_src.py:43: error: Call to untyped function \"create_mock_request\" in typed context\nattempt_2.test_src.py:48: error: Function is missing a return type annotation\nattempt_2.test_src.py:48: note: Use \"-> None\" if function does not return a value\nattempt_2.test_src.py:49: error: Call to untyped function \"create_mock_request\" in typed context\nattempt_2.test_src.py:54: error: Function is missing a return type annotation\nattempt_2.test_src.py:54: note: Use \"-> None\" if function does not return a value\nattempt_2.test_src.py:56: error: Call to untyped function \"create_mock_request\" in typed context\nattempt_2.test_src.py:58: error: Function is missing a type annotation\nattempt_2.test_src.py:65: error: Function is missing a return type annotation\nattempt_2.test_src.py:65: note: Use \"-> None\" if function does not return a value\nattempt_2.test_src.py:67: error: Call to untyped function \"create_mock_request\" in typed context\nattempt_2.test_src.py:72: error: Function is missing a return type annotation\nattempt_2.test_src.py:72: note: Use \"-> None\" if function does not return a value\nattempt_2.test_src.py:74: error: Call to untyped function \"create_mock_request\" in typed context\nattempt_2.test_src.py:79: error: Function is missing a return type annotation\nattempt_2.test_src.py:79: note: Use \"-> None\" if function does not return a value\nattempt_2.test_src.py:81: error: Call to untyped function \"create_mock_request\" in typed context\nattempt_2.test_src.py:86: error: Function is missing a return type annotation\nattempt_2.test_src.py:86: note: Use \"-> None\" if function does not return a value\nattempt_2.test_src.py:88: error: Call to untyped function \"create_mock_request\" in typed context\nattempt_2.test_src.py:93: error: Function is missing a return type annotation\nattempt_2.test_src.py:93: note: Use \"-> None\" if function does not return a value\nattempt_2.test_src.py:96: error: Call to untyped function \"create_mock_request\" in typed context\nFound 29 errors in 1 file (checked 1 source file)\n"
    }
  }
}