{
  "syntax_ok": true,
  "syntax_error": null,
  "line_count": 64,
  "function_count": 10,
  "class_count": 1,
  "avg_function_length": 3.6,
  "max_function_length": 6,
  "todo_count": 0,
  "complexity": 1,
  "linters": {
    "pylint": {
      "available": true,
      "issue_count": 4,
      "exit_code": 2,
      "output": "************* Module attempt_1.test_src\nattempt_1.test_src.py:4:0: E0401: Unable to import 'django.test' (import-error)\nattempt_1.test_src.py:5:0: E0401: Unable to import 'django.http' (import-error)\nattempt_1.test_src.py:6:0: E0401: Unable to import 'django.views.debug' (import-error)\nattempt_1.test_src.py:54:8: E0401: Unable to import 'django.http' (import-error)\n"
    },
    "mypy": {
      "available": true,
      "issue_count": 21,
      "exit_code": 1,
      "output": "attempt_1.test_src.py:4: error: Cannot find implementation or library stub for module named \"django.test\"\nattempt_1.test_src.py:5: error: Cannot find implementation or library stub for module named \"django.http\"\nattempt_1.test_src.py:6: error: Cannot find implementation or library stub for module named \"django.views.debug\"\nattempt_1.test_src.py:6: note: See https://mypy.readthedocs.io/en/stable/running_mypy.html#missing-imports\nattempt_1.test_src.py:8: error: Class cannot subclass \"SimpleTestCase\" (has type \"Any\")\nattempt_1.test_src.py:10: error: Function is missing a return type annotation\nattempt_1.test_src.py:10: note: Use \"-> None\" if function does not return a value\nattempt_1.test_src.py:14: error: Function is missing a return type annotation\nattempt_1.test_src.py:14: note: Use \"-> None\" if function does not return a value\nattempt_1.test_src.py:17: error: Function is missing a return type annotation\nattempt_1.test_src.py:17: note: Use \"-> None\" if function does not return a value\nattempt_1.test_src.py:20: error: Call to untyped function \"create_mock_request\" in typed context\nattempt_1.test_src.py:25: error: Function is missing a return type annotation\nattempt_1.test_src.py:25: note: Use \"-> None\" if function does not return a value\nattempt_1.test_src.py:26: error: Call to untyped function \"create_mock_request\" in typed context\nattempt_1.test_src.py:31: error: Function is missing a return type annotation\nattempt_1.test_src.py:31: note: Use \"-> None\" if function does not return a value\nattempt_1.test_src.py:34: error: Call to untyped function \"create_mock_request\" in typed context\nattempt_1.test_src.py:39: error: Function is missing a return type annotation\nattempt_1.test_src.py:39: note: Use \"-> None\" if function does not return a value\nattempt_1.test_src.py:40: error: Call to untyped function \"create_mock_request\" in typed context\nattempt_1.test_src.py:44: error: Function is missing a return type annotation\nattempt_1.test_src.py:44: note: Use \"-> None\" if function does not return a value\nattempt_1.test_src.py:45: error: Call to untyped function \"create_mock_request\" in typed context\nattempt_1.test_src.py:49: error: Function is missing a return type annotation\nattempt_1.test_src.py:49: note: Use \"-> None\" if function does not return a value\nattempt_1.test_src.py:51: error: Call to untyped function \"create_mock_request\" in typed context\nattempt_1.test_src.py:53: error: Function is missing a type annotation\nattempt_1.test_src.py:60: error: Function is missing a return type annotation\nattempt_1.test_src.py:60: note: Use \"-> None\" if function does not return a value\nattempt_1.test_src.py:62: error: Call to untyped function \"create_mock_request\" in typed context\nFound 21 errors in 1 file (checked 1 source file)\n"
    }
  }
}